


ARM Macro Assembler    Page 1 


    1 00000000         ;/******************************************************
                       ********************//**
    2 00000000         ; * @file     startup_LPC17xx.s
    3 00000000         ; * @brief    CMSIS Cortex-M3 Core Device Startup File f
                       or
    4 00000000         ; *           NXP LPC17xx Device Series
    5 00000000         ; * @version  V1.10
    6 00000000         ; * @date     06. April 2011
    7 00000000         ; *
    8 00000000         ; * @note
    9 00000000         ; * Copyright (C) 2009-2011 ARM Limited. All rights rese
                       rved.
   10 00000000         ; *
   11 00000000         ; * @par
   12 00000000         ; * ARM Limited (ARM) is supplying this software for use
                        with Cortex-M
   13 00000000         ; * processor based microcontrollers.  This file can be 
                       freely distributed
   14 00000000         ; * within development tools that are supporting such AR
                       M based processors.
   15 00000000         ; *
   16 00000000         ; * @par
   17 00000000         ; * THIS SOFTWARE IS PROVIDED "AS IS".  NO WARRANTIES, W
                       HETHER EXPRESS, IMPLIED
   18 00000000         ; * OR STATUTORY, INCLUDING, BUT NOT LIMITED TO, IMPLIED
                        WARRANTIES OF
   19 00000000         ; * MERCHANTABILITY AND FITNESS FOR A PARTICULAR PURPOSE
                        APPLY TO THIS SOFTWARE.
   20 00000000         ; * ARM SHALL NOT, IN ANY CIRCUMSTANCES, BE LIABLE FOR S
                       PECIAL, INCIDENTAL, OR
   21 00000000         ; * CONSEQUENTIAL DAMAGES, FOR ANY REASON WHATSOEVER.
   22 00000000         ; *
   23 00000000         ; ******************************************************
                       ************************/
   24 00000000         
   25 00000000         ; *------- <<< Use Configuration Wizard in Context Menu 
                       >>> ------------------
   26 00000000         
   27 00000000         ; <h> Stack Configuration
   28 00000000         ;   <o> Stack Size (in Bytes) <0x0-0xFFFFFFFF:8>
   29 00000000         ; </h>
   30 00000000         
   31 00000000 00000200 
                       Stack_Size
                               EQU              0x00000200
   32 00000000         
   33 00000000                 AREA             STACK, NOINIT, READWRITE, ALIGN
=3
   34 00000000         Stack_Mem
                               SPACE            Stack_Size
   35 00000200         __initial_sp
   36 00000200         
   37 00000200         
   38 00000200         ; <h> Heap Configuration
   39 00000200         ;   <o>  Heap Size (in Bytes) <0x0-0xFFFFFFFF:8>
   40 00000200         ; </h>
   41 00000200         
   42 00000200 00000000 
                       Heap_Size



ARM Macro Assembler    Page 2 


                               EQU              0x00000000
   43 00000200         
   44 00000200                 AREA             HEAP, NOINIT, READWRITE, ALIGN=
3
   45 00000000         __heap_base
   46 00000000         Heap_Mem
                               SPACE            Heap_Size
   47 00000000         __heap_limit
   48 00000000         
   49 00000000         
   50 00000000                 PRESERVE8
   51 00000000                 THUMB
   52 00000000         
   53 00000000         
   54 00000000         ; Vector Table Mapped to Address 0 at Reset
   55 00000000         
   56 00000000                 AREA             RESET, DATA, READONLY
   57 00000000                 EXPORT           __Vectors
   58 00000000         
   59 00000000 00000000 
                       __Vectors
                               DCD              __initial_sp ; Top of Stack
   60 00000004 00000000        DCD              Reset_Handler ; Reset Handler
   61 00000008 00000000        DCD              NMI_Handler ; NMI Handler
   62 0000000C 00000000        DCD              HardFault_Handler ; Hard Fault 
                                                            Handler
   63 00000010 00000000        DCD              MemManage_Handler 
                                                            ; MPU Fault Handler
                                                            
   64 00000014 00000000        DCD              BusFault_Handler 
                                                            ; Bus Fault Handler
                                                            
   65 00000018 00000000        DCD              UsageFault_Handler ; Usage Faul
                                                            t Handler
   66 0000001C 00000000        DCD              0           ; Reserved
   67 00000020 00000000        DCD              0           ; Reserved
   68 00000024 00000000        DCD              0           ; Reserved
   69 00000028 00000000        DCD              0           ; Reserved
   70 0000002C 00000000        DCD              SVC_Handler ; SVCall Handler
   71 00000030 00000000        DCD              DebugMon_Handler ; Debug Monito
                                                            r Handler
   72 00000034 00000000        DCD              0           ; Reserved
   73 00000038 00000000        DCD              PendSV_Handler ; PendSV Handler
                                                            
   74 0000003C 00000000        DCD              SysTick_Handler 
                                                            ; SysTick Handler
   75 00000040         
   76 00000040         ; External Interrupts
   77 00000040 00000000        DCD              WDT_IRQHandler ; 16: Watchdog T
                                                            imer
   78 00000044 00000000        DCD              TIMER0_IRQHandler ; 17: Timer0
   79 00000048 00000000        DCD              TIMER1_IRQHandler ; 18: Timer1
   80 0000004C 00000000        DCD              TIMER2_IRQHandler ; 19: Timer2
   81 00000050 00000000        DCD              TIMER3_IRQHandler ; 20: Timer3
   82 00000054 00000000        DCD              UART0_IRQHandler ; 21: UART0
   83 00000058 00000000        DCD              UART1_IRQHandler ; 22: UART1
   84 0000005C 00000000        DCD              UART2_IRQHandler ; 23: UART2
   85 00000060 00000000        DCD              UART3_IRQHandler ; 24: UART3
   86 00000064 00000000        DCD              PWM1_IRQHandler ; 25: PWM1



ARM Macro Assembler    Page 3 


   87 00000068 00000000        DCD              I2C0_IRQHandler ; 26: I2C0
   88 0000006C 00000000        DCD              I2C1_IRQHandler ; 27: I2C1
   89 00000070 00000000        DCD              I2C2_IRQHandler ; 28: I2C2
   90 00000074 00000000        DCD              SPI_IRQHandler ; 29: SPI
   91 00000078 00000000        DCD              SSP0_IRQHandler ; 30: SSP0
   92 0000007C 00000000        DCD              SSP1_IRQHandler ; 31: SSP1
   93 00000080 00000000        DCD              PLL0_IRQHandler ; 32: PLL0 Lock
                                                             (Main PLL)
   94 00000084 00000000        DCD              RTC_IRQHandler ; 33: Real Time 
                                                            Clock
   95 00000088 00000000        DCD              EINT0_IRQHandler ; 34: External
                                                             Interrupt 0
   96 0000008C 00000000        DCD              EINT1_IRQHandler ; 35: External
                                                             Interrupt 1
   97 00000090 00000000        DCD              EINT2_IRQHandler ; 36: External
                                                             Interrupt 2
   98 00000094 00000000        DCD              EINT3_IRQHandler ; 37: External
                                                             Interrupt 3
   99 00000098 00000000        DCD              ADC_IRQHandler 
                                                            ; 38: A/D Converter
                                                            
  100 0000009C 00000000        DCD              BOD_IRQHandler ; 39: Brown-Out 
                                                            Detect
  101 000000A0 00000000        DCD              USB_IRQHandler ; 40: USB
  102 000000A4 00000000        DCD              CAN_IRQHandler ; 41: CAN
  103 000000A8 00000000        DCD              DMA_IRQHandler ; 42: General Pu
                                                            rpose DMA
  104 000000AC 00000000        DCD              I2S_IRQHandler ; 43: I2S
  105 000000B0 00000000        DCD              ENET_IRQHandler ; 44: Ethernet
  106 000000B4 00000000        DCD              RIT_IRQHandler ; 45: Repetitive
                                                             Interrupt Timer
  107 000000B8 00000000        DCD              MCPWM_IRQHandler ; 46: Motor Co
                                                            ntrol PWM
  108 000000BC 00000000        DCD              QEI_IRQHandler ; 47: Quadrature
                                                             Encoder Interface
  109 000000C0 00000000        DCD              PLL1_IRQHandler ; 48: PLL1 Lock
                                                             (USB PLL)
  110 000000C4 00000000        DCD              USBActivity_IRQHandler ; 49: US
                                                            B Activity interrup
                                                            t to wakeup
  111 000000C8 00000000        DCD              CANActivity_IRQHandler ; 50: CA
                                                            N Activity interrup
                                                            t to wakeup
  112 000000CC         
  113 000000CC         
  114 000000CC                 IF               :LNOT::DEF:NO_CRP
  115 000000CC                 AREA             |.ARM.__at_0x02FC|, CODE, READO
NLY
  116 00000000 FFFFFFFF 
                       CRP_Key DCD              0xFFFFFFFF
  117 00000004                 ENDIF
  118 00000004         
  119 00000004         
  120 00000004                 AREA             |.text|, CODE, READONLY
  121 00000000         
  122 00000000         
  123 00000000         ; Reset Handler
  124 00000000        4 
                       index   rn               r4



ARM Macro Assembler    Page 4 


  125 00000000        0 
                       inouput rn               r0
  126 00000000        1 
                       inouput2
                               rn               r1
  127 00000000        5 
                       temp1   rn               r5
  128 00000000        6 
                       temp2   rn               r6
  129 00000000        7 
                       radic   rn               r7
  130 00000000        B 
                       previousindex
                               rn               r11
  131 00000000        7 
                       temp3   rn               r7
  132 00000000        8 
                       temp4   rn               r8
  133 00000000         
  134 00000000        9 
                       temp5   rn               r9
  135 00000000        A 
                       temp6   rn               r10
  136 00000000         Reset_Handler
                               PROC
  137 00000000                 EXPORT           Reset_Handler             [WEAK
]
  138 00000000         
  139 00000000         ; item 1
  140 00000000 F04F 001B       MOV              r0, #27
  141 00000004         ;MOV r0, #7
  142 00000004 F7FF FFFE       BL               radical
  143 00000008         
  144 00000008         ; remove comments to solve item 2
  145 00000008 F04F 0018       MOV              r0, #24
  146 0000000C F04F 0111       MOV              r1, #17
  147 00000010 F7FF FFFE       BL               coprime2
  148 00000014         
  149 00000014         ; remove comments to solve item 3
  150 00000014         ;IMPORT  SystemInit
  151 00000014         ;IMPORT  __main
  152 00000014         ;LDR     R0, =SystemInit
  153 00000014         ;BLX     R0
  154 00000014         ;LDR     R0, =__main
  155 00000014         ;BX      R0
  156 00000014 E7FE    stop    B                stop
  157 00000016                 ENDP
  158 00000016         
  159 00000016         radical proc
  160 00000016 E92D 5FF0       push             {r4-r12,lr}
  161 0000001A F04F 0402       mov              index,#2
  162 0000001E F04F 0701       mov              radic,#1
  163 00000022         loop1
  164 00000022 FBB0 F5F4       udiv             temp1, inouput,index
  165 00000026 FB05 F604       mul              temp2,temp1,index
  166 0000002A 4286            cmp              temp2,inouput ; r0,r6
  167 0000002C BF18 3401       addne            index,#1
  168 00000030 4286            cmp              temp2,inouput ; r0,r6
  169 00000032 D000            beq              areequal



ARM Macro Assembler    Page 5 


  170 00000034 E006            b                notequal
  171 00000036         areequal
  172 00000036 4628            mov              inouput,temp1
  173 00000038 45A3            cmp              previousindex,index
  174 0000003A D003            beq              notmjulti
  175 0000003C BF1C FB07 
              F704             mulne            radic,index
  176 00000042 46A3            movne            previousindex,index
  177 00000044         notmjulti
  178 00000044         notequal
  179 00000044 4284            cmp              index,inouput ; r4,r0
  180 00000046 D1EC            bne              loop1
  181 00000048 2D01            cmp              temp1,#1
  182 0000004A BF08 FB07 
              F700             muleq            radic,inouput
  183 00000050 4638            mov              inouput,radic
  184 00000052 E8BD 9FF0       pop              {r4-r12,pc}
  185 00000056                 endp
  186 00000056         
  187 00000056         coprime proc
  188 00000056 E92D 5FF0       push             {r4-r12,lr}
  189 0000005A         
  190 0000005A         
  191 0000005A F7FF FFFE       BL               radical
  192 0000005E 4605            mov              temp1,inouput
  193 00000060         
  194 00000060 4608            mov              inouput,inouput2
  195 00000062 F7FF FFFE       BL               radical
  196 00000066 4606            mov              temp2,inouput
  197 00000068         
  198 00000068         
  199 00000068 42B5            cmp              temp1,temp2
  200 0000006A BFCC FBB5 
              F7F6             udivgt           temp3,temp1,temp2
  201 00000070 FBB6 F7F5       udivle           temp3,temp2,temp1
  202 00000074         
  203 00000074 FB07 F906       mul              temp5,temp3,temp2
  204 00000078         ;mul temp6,temp2,temp2
  205 00000078         
  206 00000078         
  207 00000078         ;cmp temp5,temp1
  208 00000078         ;beq notcoprim
  209 00000078         
  210 00000078         ;cmp temp6,temp2
  211 00000078         ;beq notcoprim
  212 00000078         
  213 00000078 2F01            cmp              temp3,#1
  214 0000007A DC03            bgt              notcoprim
  215 0000007C F1B8 0F01       cmp              temp4,#1
  216 00000080 DC00            bgt              notcoprim
  217 00000082         
  218 00000082         ; tst inouput,#1
  219 00000082         ; tstne inouput2,#1
  220 00000082         ; ; so both are even
  221 00000082         ; beq notcoprim
  222 00000082         ; 
  223 00000082         ; tst inouput,#1
  224 00000082         ; tstne inouput2,#1
  225 00000082         ; ; so both are even



ARM Macro Assembler    Page 6 


  226 00000082         ; beq notcoprim
  227 00000082 E002            b                iscoprim
  228 00000084         
  229 00000084 F04F 0000 
                       notcoprim
                               mov              inouput,#0
  230 00000088 E001            b                endcoprim
  231 0000008A F04F 0001 
                       iscoprim
                               mov              inouput,#1
  232 0000008E         endcoprim
  233 0000008E E8BD 9FF0       pop              {r4-r12,pc}
  234 00000092                 endp
  235 00000092         
  236 00000092         coprime2
                               proc
  237 00000092 E92D 5FF0       push             {r4-r12,lr}
  238 00000096         
  239 00000096         ; if (u is even AND v is even) 
  240 00000096         ;  return 0;
  241 00000096 F010 0F01       TST              r0, #1
  242 0000009A D105            bne              bothnoteven
  243 0000009C F011 0F01       tst              r1, #1
  244 000000A0 D102            bne              bothnoteven
  245 000000A2 F04F 0001       mov              r0,#1
  246 000000A6 E013            b                u_isodd
  247 000000A8         bothnoteven
  248 000000A8         
  249 000000A8         loop_ueven
  250 000000A8 F010 0F01       TST              r0, #1
  251 000000AC D102            bne              loop_vdevide
  252 000000AE EA4F 0050       lsr              r0,#1       ;u 
  253 000000B2 E7F9            b                loop_ueven
  254 000000B4         
  255 000000B4         
  256 000000B4         loop_vdevide
  257 000000B4 F011 0F01       TST              r1, #1
  258 000000B8 D102            bne              v_isodd
  259 000000BA EA4F 0151       lsr              r1,#1       ;v    
  260 000000BE E7F9            b                loop_vdevide
  261 000000C0         v_isodd
  262 000000C0 4288            cmp              r0,r1
  263 000000C2 BFC3            ITTTE            gt
  264 000000C4 4048            eorgt            r0,r0,r1
  265 000000C6 4041            eorgt            r1,r1,r0
  266 000000C8 4048            eorgt            r0,r0,r1
  267 000000CA 1A09            suble            r1,r1,r0
  268 000000CC 2900            cmp              r1,#0
  269 000000CE D1F1            bne              loop_vdevide
  270 000000D0         
  271 000000D0         
  272 000000D0         u_isodd
  273 000000D0 2801            cmp              r0,#1
  274 000000D2 BF0C            ITE              eq
  275 000000D4 2001            moveq            r0,#1
  276 000000D6 2000            movne            r0,#0
  277 000000D8         
  278 000000D8 E8BD 9FF0       pop              {r4-r12,pc}
  279 000000DC                 endp



ARM Macro Assembler    Page 7 


  280 000000DC         
  281 000000DC         ; Dummy Exception Handlers (infinite loops which can be 
                       modified)
  282 000000DC         
  283 000000DC         NMI_Handler
                               PROC
  284 000000DC                 EXPORT           NMI_Handler               [WEAK
]
  285 000000DC E7FE            B                .
  286 000000DE                 ENDP
  288 000000DE         HardFault_Handler
                               PROC
  289 000000DE                 EXPORT           HardFault_Handler         [WEAK
]
  290 000000DE E7FE            B                .
  291 000000E0                 ENDP
  293 000000E0         MemManage_Handler
                               PROC
  294 000000E0                 EXPORT           MemManage_Handler         [WEAK
]
  295 000000E0 E7FE            B                .
  296 000000E2                 ENDP
  298 000000E2         BusFault_Handler
                               PROC
  299 000000E2                 EXPORT           BusFault_Handler          [WEAK
]
  300 000000E2 E7FE            B                .
  301 000000E4                 ENDP
  303 000000E4         UsageFault_Handler
                               PROC
  304 000000E4                 EXPORT           UsageFault_Handler        [WEAK
]
  305 000000E4 E7FE            B                .
  306 000000E6                 ENDP
  307 000000E6         SVC_Handler
                               PROC
  308 000000E6                 EXPORT           SVC_Handler               [WEAK
]
  309 000000E6 E7FE            B                .
  310 000000E8                 ENDP
  312 000000E8         DebugMon_Handler
                               PROC
  313 000000E8                 EXPORT           DebugMon_Handler          [WEAK
]
  314 000000E8 E7FE            B                .
  315 000000EA                 ENDP
  316 000000EA         PendSV_Handler
                               PROC
  317 000000EA                 EXPORT           PendSV_Handler            [WEAK
]
  318 000000EA E7FE            B                .
  319 000000EC                 ENDP
  320 000000EC         SysTick_Handler
                               PROC
  321 000000EC                 EXPORT           SysTick_Handler           [WEAK
]
  322 000000EC E7FE            B                .
  323 000000EE                 ENDP
  324 000000EE         



ARM Macro Assembler    Page 8 


  325 000000EE         Default_Handler
                               PROC
  326 000000EE         
  327 000000EE                 EXPORT           WDT_IRQHandler            [WEAK
]
  328 000000EE                 EXPORT           TIMER0_IRQHandler         [WEAK
]
  329 000000EE                 EXPORT           TIMER1_IRQHandler         [WEAK
]
  330 000000EE                 EXPORT           TIMER2_IRQHandler         [WEAK
]
  331 000000EE                 EXPORT           TIMER3_IRQHandler         [WEAK
]
  332 000000EE                 EXPORT           UART0_IRQHandler          [WEAK
]
  333 000000EE                 EXPORT           UART1_IRQHandler          [WEAK
]
  334 000000EE                 EXPORT           UART2_IRQHandler          [WEAK
]
  335 000000EE                 EXPORT           UART3_IRQHandler          [WEAK
]
  336 000000EE                 EXPORT           PWM1_IRQHandler           [WEAK
]
  337 000000EE                 EXPORT           I2C0_IRQHandler           [WEAK
]
  338 000000EE                 EXPORT           I2C1_IRQHandler           [WEAK
]
  339 000000EE                 EXPORT           I2C2_IRQHandler           [WEAK
]
  340 000000EE                 EXPORT           SPI_IRQHandler            [WEAK
]
  341 000000EE                 EXPORT           SSP0_IRQHandler           [WEAK
]
  342 000000EE                 EXPORT           SSP1_IRQHandler           [WEAK
]
  343 000000EE                 EXPORT           PLL0_IRQHandler           [WEAK
]
  344 000000EE                 EXPORT           RTC_IRQHandler            [WEAK
]
  345 000000EE                 EXPORT           EINT0_IRQHandler          [WEAK
]
  346 000000EE                 EXPORT           EINT1_IRQHandler          [WEAK
]
  347 000000EE                 EXPORT           EINT2_IRQHandler          [WEAK
]
  348 000000EE                 EXPORT           EINT3_IRQHandler          [WEAK
]
  349 000000EE                 EXPORT           ADC_IRQHandler            [WEAK
]
  350 000000EE                 EXPORT           BOD_IRQHandler            [WEAK
]
  351 000000EE                 EXPORT           USB_IRQHandler            [WEAK
]
  352 000000EE                 EXPORT           CAN_IRQHandler            [WEAK
]
  353 000000EE                 EXPORT           DMA_IRQHandler            [WEAK
]
  354 000000EE                 EXPORT           I2S_IRQHandler            [WEAK
]



ARM Macro Assembler    Page 9 


  355 000000EE                 EXPORT           ENET_IRQHandler           [WEAK
]
  356 000000EE                 EXPORT           RIT_IRQHandler            [WEAK
]
  357 000000EE                 EXPORT           MCPWM_IRQHandler          [WEAK
]
  358 000000EE                 EXPORT           QEI_IRQHandler            [WEAK
]
  359 000000EE                 EXPORT           PLL1_IRQHandler           [WEAK
]
  360 000000EE                 EXPORT           USBActivity_IRQHandler    [WEAK
]
  361 000000EE                 EXPORT           CANActivity_IRQHandler    [WEAK
]
  362 000000EE         
  363 000000EE         WDT_IRQHandler
  364 000000EE         TIMER0_IRQHandler
  365 000000EE         TIMER1_IRQHandler
  366 000000EE         TIMER2_IRQHandler
  367 000000EE         TIMER3_IRQHandler
  368 000000EE         UART0_IRQHandler
  369 000000EE         UART1_IRQHandler
  370 000000EE         UART2_IRQHandler
  371 000000EE         UART3_IRQHandler
  372 000000EE         PWM1_IRQHandler
  373 000000EE         I2C0_IRQHandler
  374 000000EE         I2C1_IRQHandler
  375 000000EE         I2C2_IRQHandler
  376 000000EE         SPI_IRQHandler
  377 000000EE         SSP0_IRQHandler
  378 000000EE         SSP1_IRQHandler
  379 000000EE         PLL0_IRQHandler
  380 000000EE         RTC_IRQHandler
  381 000000EE         EINT0_IRQHandler
  382 000000EE         EINT1_IRQHandler
  383 000000EE         EINT2_IRQHandler
  384 000000EE         EINT3_IRQHandler
  385 000000EE         ADC_IRQHandler
  386 000000EE         BOD_IRQHandler
  387 000000EE         USB_IRQHandler
  388 000000EE         CAN_IRQHandler
  389 000000EE         DMA_IRQHandler
  390 000000EE         I2S_IRQHandler
  391 000000EE         ENET_IRQHandler
  392 000000EE         RIT_IRQHandler
  393 000000EE         MCPWM_IRQHandler
  394 000000EE         QEI_IRQHandler
  395 000000EE         PLL1_IRQHandler
  396 000000EE         USBActivity_IRQHandler
  397 000000EE         CANActivity_IRQHandler
  398 000000EE         
  399 000000EE E7FE            B                .
  400 000000F0         
  401 000000F0                 ENDP
  402 000000F0         
  403 000000F0         
  404 000000F0                 ALIGN
  405 000000F0         
  406 000000F0         



ARM Macro Assembler    Page 10 


  407 000000F0         ; User Initial Stack & Heap
  408 000000F0         
  409 000000F0                 IF               :DEF:__MICROLIB
  416 000000F0         
  417 000000F0                 IMPORT           __use_two_region_memory
  418 000000F0                 EXPORT           __user_initial_stackheap
  419 000000F0         __user_initial_stackheap
  420 000000F0         
  421 000000F0 4802            LDR              R0, =  Heap_Mem
  422 000000F2 4903            LDR              R1, =(Stack_Mem + Stack_Size)
  423 000000F4 4A01            LDR              R2, = (Heap_Mem +  Heap_Size)
  424 000000F6 4B03            LDR              R3, = Stack_Mem
  425 000000F8 4770            BX               LR
  426 000000FA         
  427 000000FA 00 00           ALIGN
  428 000000FC         
  429 000000FC                 ENDIF
  430 000000FC         
  431 000000FC         
  432 000000FC                 END
              00000000 
              00000200 
              00000000 
Command Line: --debug --xref --diag_suppress=9931 --cpu=Cortex-M3 --apcs=interw
ork --depend=.\objects\startup_lpc17xx.d -o.\objects\startup_lpc17xx.o -I.\RTE\
Device\LPC1768 -I.\RTE\_Target_1 -IC:\Users\Behi\AppData\Local\Arm\Packs\ARM\CM
SIS\5.6.0\CMSIS\Core\Include -IC:\Users\Behi\AppData\Local\Arm\Packs\Keil\LPC17
00_DFP\2.6.0\Device\Include --predefine="__EVAL SETA 1" --predefine="__UVISION_
VERSION SETA 529" --predefine="_RTE_ SETA 1" --predefine="LPC175x_6x SETA 1" --
list=.\listings\startup_lpc17xx.lst RTE\Device\LPC1768\startup_LPC17xx.s



ARM Macro Assembler    Page 1 Alphabetic symbol ordering
Relocatable symbols

STACK 00000000

Symbol: STACK
   Definitions
      At line 33 in file RTE\Device\LPC1768\startup_LPC17xx.s
   Uses
      None
Comment: STACK unused
Stack_Mem 00000000

Symbol: Stack_Mem
   Definitions
      At line 34 in file RTE\Device\LPC1768\startup_LPC17xx.s
   Uses
      At line 422 in file RTE\Device\LPC1768\startup_LPC17xx.s
      At line 424 in file RTE\Device\LPC1768\startup_LPC17xx.s

__initial_sp 00000200

Symbol: __initial_sp
   Definitions
      At line 35 in file RTE\Device\LPC1768\startup_LPC17xx.s
   Uses
      At line 59 in file RTE\Device\LPC1768\startup_LPC17xx.s
Comment: __initial_sp used once
3 symbols



ARM Macro Assembler    Page 1 Alphabetic symbol ordering
Relocatable symbols

HEAP 00000000

Symbol: HEAP
   Definitions
      At line 44 in file RTE\Device\LPC1768\startup_LPC17xx.s
   Uses
      None
Comment: HEAP unused
Heap_Mem 00000000

Symbol: Heap_Mem
   Definitions
      At line 46 in file RTE\Device\LPC1768\startup_LPC17xx.s
   Uses
      At line 421 in file RTE\Device\LPC1768\startup_LPC17xx.s
      At line 423 in file RTE\Device\LPC1768\startup_LPC17xx.s

__heap_base 00000000

Symbol: __heap_base
   Definitions
      At line 45 in file RTE\Device\LPC1768\startup_LPC17xx.s
   Uses
      None
Comment: __heap_base unused
__heap_limit 00000000

Symbol: __heap_limit
   Definitions
      At line 47 in file RTE\Device\LPC1768\startup_LPC17xx.s
   Uses
      None
Comment: __heap_limit unused
4 symbols



ARM Macro Assembler    Page 1 Alphabetic symbol ordering
Relocatable symbols

RESET 00000000

Symbol: RESET
   Definitions
      At line 56 in file RTE\Device\LPC1768\startup_LPC17xx.s
   Uses
      None
Comment: RESET unused
__Vectors 00000000

Symbol: __Vectors
   Definitions
      At line 59 in file RTE\Device\LPC1768\startup_LPC17xx.s
   Uses
      At line 57 in file RTE\Device\LPC1768\startup_LPC17xx.s
Comment: __Vectors used once
2 symbols



ARM Macro Assembler    Page 1 Alphabetic symbol ordering
Relocatable symbols

.ARM.__at_0x02FC 00000000

Symbol: .ARM.__at_0x02FC
   Definitions
      At line 115 in file RTE\Device\LPC1768\startup_LPC17xx.s
   Uses
      None
Comment: .ARM.__at_0x02FC unused
CRP_Key 00000000

Symbol: CRP_Key
   Definitions
      At line 116 in file RTE\Device\LPC1768\startup_LPC17xx.s
   Uses
      None
Comment: CRP_Key unused
2 symbols



ARM Macro Assembler    Page 1 Alphabetic symbol ordering
Relocatable symbols

.text 00000000

Symbol: .text
   Definitions
      At line 120 in file RTE\Device\LPC1768\startup_LPC17xx.s
   Uses
      None
Comment: .text unused
ADC_IRQHandler 000000EE

Symbol: ADC_IRQHandler
   Definitions
      At line 385 in file RTE\Device\LPC1768\startup_LPC17xx.s
   Uses
      At line 99 in file RTE\Device\LPC1768\startup_LPC17xx.s
      At line 349 in file RTE\Device\LPC1768\startup_LPC17xx.s

BOD_IRQHandler 000000EE

Symbol: BOD_IRQHandler
   Definitions
      At line 386 in file RTE\Device\LPC1768\startup_LPC17xx.s
   Uses
      At line 100 in file RTE\Device\LPC1768\startup_LPC17xx.s
      At line 350 in file RTE\Device\LPC1768\startup_LPC17xx.s

BusFault_Handler 000000E2

Symbol: BusFault_Handler
   Definitions
      At line 298 in file RTE\Device\LPC1768\startup_LPC17xx.s
   Uses
      At line 64 in file RTE\Device\LPC1768\startup_LPC17xx.s
      At line 299 in file RTE\Device\LPC1768\startup_LPC17xx.s

CANActivity_IRQHandler 000000EE

Symbol: CANActivity_IRQHandler
   Definitions
      At line 397 in file RTE\Device\LPC1768\startup_LPC17xx.s
   Uses
      At line 111 in file RTE\Device\LPC1768\startup_LPC17xx.s
      At line 361 in file RTE\Device\LPC1768\startup_LPC17xx.s

CAN_IRQHandler 000000EE

Symbol: CAN_IRQHandler
   Definitions
      At line 388 in file RTE\Device\LPC1768\startup_LPC17xx.s
   Uses
      At line 102 in file RTE\Device\LPC1768\startup_LPC17xx.s
      At line 352 in file RTE\Device\LPC1768\startup_LPC17xx.s

DMA_IRQHandler 000000EE

Symbol: DMA_IRQHandler
   Definitions
      At line 389 in file RTE\Device\LPC1768\startup_LPC17xx.s
   Uses



ARM Macro Assembler    Page 2 Alphabetic symbol ordering
Relocatable symbols

      At line 103 in file RTE\Device\LPC1768\startup_LPC17xx.s
      At line 353 in file RTE\Device\LPC1768\startup_LPC17xx.s

DebugMon_Handler 000000E8

Symbol: DebugMon_Handler
   Definitions
      At line 312 in file RTE\Device\LPC1768\startup_LPC17xx.s
   Uses
      At line 71 in file RTE\Device\LPC1768\startup_LPC17xx.s
      At line 313 in file RTE\Device\LPC1768\startup_LPC17xx.s

Default_Handler 000000EE

Symbol: Default_Handler
   Definitions
      At line 325 in file RTE\Device\LPC1768\startup_LPC17xx.s
   Uses
      None
Comment: Default_Handler unused
EINT0_IRQHandler 000000EE

Symbol: EINT0_IRQHandler
   Definitions
      At line 381 in file RTE\Device\LPC1768\startup_LPC17xx.s
   Uses
      At line 95 in file RTE\Device\LPC1768\startup_LPC17xx.s
      At line 345 in file RTE\Device\LPC1768\startup_LPC17xx.s

EINT1_IRQHandler 000000EE

Symbol: EINT1_IRQHandler
   Definitions
      At line 382 in file RTE\Device\LPC1768\startup_LPC17xx.s
   Uses
      At line 96 in file RTE\Device\LPC1768\startup_LPC17xx.s
      At line 346 in file RTE\Device\LPC1768\startup_LPC17xx.s

EINT2_IRQHandler 000000EE

Symbol: EINT2_IRQHandler
   Definitions
      At line 383 in file RTE\Device\LPC1768\startup_LPC17xx.s
   Uses
      At line 97 in file RTE\Device\LPC1768\startup_LPC17xx.s
      At line 347 in file RTE\Device\LPC1768\startup_LPC17xx.s

EINT3_IRQHandler 000000EE

Symbol: EINT3_IRQHandler
   Definitions
      At line 384 in file RTE\Device\LPC1768\startup_LPC17xx.s
   Uses
      At line 98 in file RTE\Device\LPC1768\startup_LPC17xx.s
      At line 348 in file RTE\Device\LPC1768\startup_LPC17xx.s

ENET_IRQHandler 000000EE

Symbol: ENET_IRQHandler



ARM Macro Assembler    Page 3 Alphabetic symbol ordering
Relocatable symbols

   Definitions
      At line 391 in file RTE\Device\LPC1768\startup_LPC17xx.s
   Uses
      At line 105 in file RTE\Device\LPC1768\startup_LPC17xx.s
      At line 355 in file RTE\Device\LPC1768\startup_LPC17xx.s

HardFault_Handler 000000DE

Symbol: HardFault_Handler
   Definitions
      At line 288 in file RTE\Device\LPC1768\startup_LPC17xx.s
   Uses
      At line 62 in file RTE\Device\LPC1768\startup_LPC17xx.s
      At line 289 in file RTE\Device\LPC1768\startup_LPC17xx.s

I2C0_IRQHandler 000000EE

Symbol: I2C0_IRQHandler
   Definitions
      At line 373 in file RTE\Device\LPC1768\startup_LPC17xx.s
   Uses
      At line 87 in file RTE\Device\LPC1768\startup_LPC17xx.s
      At line 337 in file RTE\Device\LPC1768\startup_LPC17xx.s

I2C1_IRQHandler 000000EE

Symbol: I2C1_IRQHandler
   Definitions
      At line 374 in file RTE\Device\LPC1768\startup_LPC17xx.s
   Uses
      At line 88 in file RTE\Device\LPC1768\startup_LPC17xx.s
      At line 338 in file RTE\Device\LPC1768\startup_LPC17xx.s

I2C2_IRQHandler 000000EE

Symbol: I2C2_IRQHandler
   Definitions
      At line 375 in file RTE\Device\LPC1768\startup_LPC17xx.s
   Uses
      At line 89 in file RTE\Device\LPC1768\startup_LPC17xx.s
      At line 339 in file RTE\Device\LPC1768\startup_LPC17xx.s

I2S_IRQHandler 000000EE

Symbol: I2S_IRQHandler
   Definitions
      At line 390 in file RTE\Device\LPC1768\startup_LPC17xx.s
   Uses
      At line 104 in file RTE\Device\LPC1768\startup_LPC17xx.s
      At line 354 in file RTE\Device\LPC1768\startup_LPC17xx.s

MCPWM_IRQHandler 000000EE

Symbol: MCPWM_IRQHandler
   Definitions
      At line 393 in file RTE\Device\LPC1768\startup_LPC17xx.s
   Uses
      At line 107 in file RTE\Device\LPC1768\startup_LPC17xx.s
      At line 357 in file RTE\Device\LPC1768\startup_LPC17xx.s



ARM Macro Assembler    Page 4 Alphabetic symbol ordering
Relocatable symbols


MemManage_Handler 000000E0

Symbol: MemManage_Handler
   Definitions
      At line 293 in file RTE\Device\LPC1768\startup_LPC17xx.s
   Uses
      At line 63 in file RTE\Device\LPC1768\startup_LPC17xx.s
      At line 294 in file RTE\Device\LPC1768\startup_LPC17xx.s

NMI_Handler 000000DC

Symbol: NMI_Handler
   Definitions
      At line 283 in file RTE\Device\LPC1768\startup_LPC17xx.s
   Uses
      At line 61 in file RTE\Device\LPC1768\startup_LPC17xx.s
      At line 284 in file RTE\Device\LPC1768\startup_LPC17xx.s

PLL0_IRQHandler 000000EE

Symbol: PLL0_IRQHandler
   Definitions
      At line 379 in file RTE\Device\LPC1768\startup_LPC17xx.s
   Uses
      At line 93 in file RTE\Device\LPC1768\startup_LPC17xx.s
      At line 343 in file RTE\Device\LPC1768\startup_LPC17xx.s

PLL1_IRQHandler 000000EE

Symbol: PLL1_IRQHandler
   Definitions
      At line 395 in file RTE\Device\LPC1768\startup_LPC17xx.s
   Uses
      At line 109 in file RTE\Device\LPC1768\startup_LPC17xx.s
      At line 359 in file RTE\Device\LPC1768\startup_LPC17xx.s

PWM1_IRQHandler 000000EE

Symbol: PWM1_IRQHandler
   Definitions
      At line 372 in file RTE\Device\LPC1768\startup_LPC17xx.s
   Uses
      At line 86 in file RTE\Device\LPC1768\startup_LPC17xx.s
      At line 336 in file RTE\Device\LPC1768\startup_LPC17xx.s

PendSV_Handler 000000EA

Symbol: PendSV_Handler
   Definitions
      At line 316 in file RTE\Device\LPC1768\startup_LPC17xx.s
   Uses
      At line 73 in file RTE\Device\LPC1768\startup_LPC17xx.s
      At line 317 in file RTE\Device\LPC1768\startup_LPC17xx.s

QEI_IRQHandler 000000EE

Symbol: QEI_IRQHandler
   Definitions



ARM Macro Assembler    Page 5 Alphabetic symbol ordering
Relocatable symbols

      At line 394 in file RTE\Device\LPC1768\startup_LPC17xx.s
   Uses
      At line 108 in file RTE\Device\LPC1768\startup_LPC17xx.s
      At line 358 in file RTE\Device\LPC1768\startup_LPC17xx.s

RIT_IRQHandler 000000EE

Symbol: RIT_IRQHandler
   Definitions
      At line 392 in file RTE\Device\LPC1768\startup_LPC17xx.s
   Uses
      At line 106 in file RTE\Device\LPC1768\startup_LPC17xx.s
      At line 356 in file RTE\Device\LPC1768\startup_LPC17xx.s

RTC_IRQHandler 000000EE

Symbol: RTC_IRQHandler
   Definitions
      At line 380 in file RTE\Device\LPC1768\startup_LPC17xx.s
   Uses
      At line 94 in file RTE\Device\LPC1768\startup_LPC17xx.s
      At line 344 in file RTE\Device\LPC1768\startup_LPC17xx.s

Reset_Handler 00000000

Symbol: Reset_Handler
   Definitions
      At line 136 in file RTE\Device\LPC1768\startup_LPC17xx.s
   Uses
      At line 60 in file RTE\Device\LPC1768\startup_LPC17xx.s
      At line 137 in file RTE\Device\LPC1768\startup_LPC17xx.s

SPI_IRQHandler 000000EE

Symbol: SPI_IRQHandler
   Definitions
      At line 376 in file RTE\Device\LPC1768\startup_LPC17xx.s
   Uses
      At line 90 in file RTE\Device\LPC1768\startup_LPC17xx.s
      At line 340 in file RTE\Device\LPC1768\startup_LPC17xx.s

SSP0_IRQHandler 000000EE

Symbol: SSP0_IRQHandler
   Definitions
      At line 377 in file RTE\Device\LPC1768\startup_LPC17xx.s
   Uses
      At line 91 in file RTE\Device\LPC1768\startup_LPC17xx.s
      At line 341 in file RTE\Device\LPC1768\startup_LPC17xx.s

SSP1_IRQHandler 000000EE

Symbol: SSP1_IRQHandler
   Definitions
      At line 378 in file RTE\Device\LPC1768\startup_LPC17xx.s
   Uses
      At line 92 in file RTE\Device\LPC1768\startup_LPC17xx.s
      At line 342 in file RTE\Device\LPC1768\startup_LPC17xx.s




ARM Macro Assembler    Page 6 Alphabetic symbol ordering
Relocatable symbols

SVC_Handler 000000E6

Symbol: SVC_Handler
   Definitions
      At line 307 in file RTE\Device\LPC1768\startup_LPC17xx.s
   Uses
      At line 70 in file RTE\Device\LPC1768\startup_LPC17xx.s
      At line 308 in file RTE\Device\LPC1768\startup_LPC17xx.s

SysTick_Handler 000000EC

Symbol: SysTick_Handler
   Definitions
      At line 320 in file RTE\Device\LPC1768\startup_LPC17xx.s
   Uses
      At line 74 in file RTE\Device\LPC1768\startup_LPC17xx.s
      At line 321 in file RTE\Device\LPC1768\startup_LPC17xx.s

TIMER0_IRQHandler 000000EE

Symbol: TIMER0_IRQHandler
   Definitions
      At line 364 in file RTE\Device\LPC1768\startup_LPC17xx.s
   Uses
      At line 78 in file RTE\Device\LPC1768\startup_LPC17xx.s
      At line 328 in file RTE\Device\LPC1768\startup_LPC17xx.s

TIMER1_IRQHandler 000000EE

Symbol: TIMER1_IRQHandler
   Definitions
      At line 365 in file RTE\Device\LPC1768\startup_LPC17xx.s
   Uses
      At line 79 in file RTE\Device\LPC1768\startup_LPC17xx.s
      At line 329 in file RTE\Device\LPC1768\startup_LPC17xx.s

TIMER2_IRQHandler 000000EE

Symbol: TIMER2_IRQHandler
   Definitions
      At line 366 in file RTE\Device\LPC1768\startup_LPC17xx.s
   Uses
      At line 80 in file RTE\Device\LPC1768\startup_LPC17xx.s
      At line 330 in file RTE\Device\LPC1768\startup_LPC17xx.s

TIMER3_IRQHandler 000000EE

Symbol: TIMER3_IRQHandler
   Definitions
      At line 367 in file RTE\Device\LPC1768\startup_LPC17xx.s
   Uses
      At line 81 in file RTE\Device\LPC1768\startup_LPC17xx.s
      At line 331 in file RTE\Device\LPC1768\startup_LPC17xx.s

UART0_IRQHandler 000000EE

Symbol: UART0_IRQHandler
   Definitions
      At line 368 in file RTE\Device\LPC1768\startup_LPC17xx.s



ARM Macro Assembler    Page 7 Alphabetic symbol ordering
Relocatable symbols

   Uses
      At line 82 in file RTE\Device\LPC1768\startup_LPC17xx.s
      At line 332 in file RTE\Device\LPC1768\startup_LPC17xx.s

UART1_IRQHandler 000000EE

Symbol: UART1_IRQHandler
   Definitions
      At line 369 in file RTE\Device\LPC1768\startup_LPC17xx.s
   Uses
      At line 83 in file RTE\Device\LPC1768\startup_LPC17xx.s
      At line 333 in file RTE\Device\LPC1768\startup_LPC17xx.s

UART2_IRQHandler 000000EE

Symbol: UART2_IRQHandler
   Definitions
      At line 370 in file RTE\Device\LPC1768\startup_LPC17xx.s
   Uses
      At line 84 in file RTE\Device\LPC1768\startup_LPC17xx.s
      At line 334 in file RTE\Device\LPC1768\startup_LPC17xx.s

UART3_IRQHandler 000000EE

Symbol: UART3_IRQHandler
   Definitions
      At line 371 in file RTE\Device\LPC1768\startup_LPC17xx.s
   Uses
      At line 85 in file RTE\Device\LPC1768\startup_LPC17xx.s
      At line 335 in file RTE\Device\LPC1768\startup_LPC17xx.s

USBActivity_IRQHandler 000000EE

Symbol: USBActivity_IRQHandler
   Definitions
      At line 396 in file RTE\Device\LPC1768\startup_LPC17xx.s
   Uses
      At line 110 in file RTE\Device\LPC1768\startup_LPC17xx.s
      At line 360 in file RTE\Device\LPC1768\startup_LPC17xx.s

USB_IRQHandler 000000EE

Symbol: USB_IRQHandler
   Definitions
      At line 387 in file RTE\Device\LPC1768\startup_LPC17xx.s
   Uses
      At line 101 in file RTE\Device\LPC1768\startup_LPC17xx.s
      At line 351 in file RTE\Device\LPC1768\startup_LPC17xx.s

UsageFault_Handler 000000E4

Symbol: UsageFault_Handler
   Definitions
      At line 303 in file RTE\Device\LPC1768\startup_LPC17xx.s
   Uses
      At line 65 in file RTE\Device\LPC1768\startup_LPC17xx.s
      At line 304 in file RTE\Device\LPC1768\startup_LPC17xx.s

WDT_IRQHandler 000000EE



ARM Macro Assembler    Page 8 Alphabetic symbol ordering
Relocatable symbols


Symbol: WDT_IRQHandler
   Definitions
      At line 363 in file RTE\Device\LPC1768\startup_LPC17xx.s
   Uses
      At line 77 in file RTE\Device\LPC1768\startup_LPC17xx.s
      At line 327 in file RTE\Device\LPC1768\startup_LPC17xx.s

__user_initial_stackheap 000000F0

Symbol: __user_initial_stackheap
   Definitions
      At line 419 in file RTE\Device\LPC1768\startup_LPC17xx.s
   Uses
      At line 418 in file RTE\Device\LPC1768\startup_LPC17xx.s
Comment: __user_initial_stackheap used once
areequal 00000036

Symbol: areequal
   Definitions
      At line 171 in file RTE\Device\LPC1768\startup_LPC17xx.s
   Uses
      At line 169 in file RTE\Device\LPC1768\startup_LPC17xx.s
Comment: areequal used once
bothnoteven 000000A8

Symbol: bothnoteven
   Definitions
      At line 247 in file RTE\Device\LPC1768\startup_LPC17xx.s
   Uses
      At line 242 in file RTE\Device\LPC1768\startup_LPC17xx.s
      At line 244 in file RTE\Device\LPC1768\startup_LPC17xx.s

coprime 00000056

Symbol: coprime
   Definitions
      At line 187 in file RTE\Device\LPC1768\startup_LPC17xx.s
   Uses
      None
Comment: coprime unused
coprime2 00000092

Symbol: coprime2
   Definitions
      At line 236 in file RTE\Device\LPC1768\startup_LPC17xx.s
   Uses
      At line 147 in file RTE\Device\LPC1768\startup_LPC17xx.s
Comment: coprime2 used once
endcoprim 0000008E

Symbol: endcoprim
   Definitions
      At line 232 in file RTE\Device\LPC1768\startup_LPC17xx.s
   Uses
      At line 230 in file RTE\Device\LPC1768\startup_LPC17xx.s
Comment: endcoprim used once
iscoprim 0000008A




ARM Macro Assembler    Page 9 Alphabetic symbol ordering
Relocatable symbols

Symbol: iscoprim
   Definitions
      At line 231 in file RTE\Device\LPC1768\startup_LPC17xx.s
   Uses
      At line 227 in file RTE\Device\LPC1768\startup_LPC17xx.s
Comment: iscoprim used once
loop1 00000022

Symbol: loop1
   Definitions
      At line 163 in file RTE\Device\LPC1768\startup_LPC17xx.s
   Uses
      At line 180 in file RTE\Device\LPC1768\startup_LPC17xx.s
Comment: loop1 used once
loop_ueven 000000A8

Symbol: loop_ueven
   Definitions
      At line 249 in file RTE\Device\LPC1768\startup_LPC17xx.s
   Uses
      At line 253 in file RTE\Device\LPC1768\startup_LPC17xx.s
Comment: loop_ueven used once
loop_vdevide 000000B4

Symbol: loop_vdevide
   Definitions
      At line 256 in file RTE\Device\LPC1768\startup_LPC17xx.s
   Uses
      At line 251 in file RTE\Device\LPC1768\startup_LPC17xx.s
      At line 260 in file RTE\Device\LPC1768\startup_LPC17xx.s
      At line 269 in file RTE\Device\LPC1768\startup_LPC17xx.s

notcoprim 00000084

Symbol: notcoprim
   Definitions
      At line 229 in file RTE\Device\LPC1768\startup_LPC17xx.s
   Uses
      At line 214 in file RTE\Device\LPC1768\startup_LPC17xx.s
      At line 216 in file RTE\Device\LPC1768\startup_LPC17xx.s

notequal 00000044

Symbol: notequal
   Definitions
      At line 178 in file RTE\Device\LPC1768\startup_LPC17xx.s
   Uses
      At line 170 in file RTE\Device\LPC1768\startup_LPC17xx.s
Comment: notequal used once
notmjulti 00000044

Symbol: notmjulti
   Definitions
      At line 177 in file RTE\Device\LPC1768\startup_LPC17xx.s
   Uses
      At line 174 in file RTE\Device\LPC1768\startup_LPC17xx.s
Comment: notmjulti used once
radical 00000016




ARM Macro Assembler    Page 10 Alphabetic symbol ordering
Relocatable symbols

Symbol: radical
   Definitions
      At line 159 in file RTE\Device\LPC1768\startup_LPC17xx.s
   Uses
      At line 142 in file RTE\Device\LPC1768\startup_LPC17xx.s
      At line 191 in file RTE\Device\LPC1768\startup_LPC17xx.s
      At line 195 in file RTE\Device\LPC1768\startup_LPC17xx.s

stop 00000014

Symbol: stop
   Definitions
      At line 156 in file RTE\Device\LPC1768\startup_LPC17xx.s
   Uses
      At line 156 in file RTE\Device\LPC1768\startup_LPC17xx.s
Comment: stop used once
u_isodd 000000D0

Symbol: u_isodd
   Definitions
      At line 272 in file RTE\Device\LPC1768\startup_LPC17xx.s
   Uses
      At line 246 in file RTE\Device\LPC1768\startup_LPC17xx.s
Comment: u_isodd used once
v_isodd 000000C0

Symbol: v_isodd
   Definitions
      At line 261 in file RTE\Device\LPC1768\startup_LPC17xx.s
   Uses
      At line 258 in file RTE\Device\LPC1768\startup_LPC17xx.s
Comment: v_isodd used once
64 symbols



ARM Macro Assembler    Page 1 Alphabetic symbol ordering
Absolute symbols

Heap_Size 00000000

Symbol: Heap_Size
   Definitions
      At line 42 in file RTE\Device\LPC1768\startup_LPC17xx.s
   Uses
      At line 46 in file RTE\Device\LPC1768\startup_LPC17xx.s
      At line 423 in file RTE\Device\LPC1768\startup_LPC17xx.s

Stack_Size 00000200

Symbol: Stack_Size
   Definitions
      At line 31 in file RTE\Device\LPC1768\startup_LPC17xx.s
   Uses
      At line 34 in file RTE\Device\LPC1768\startup_LPC17xx.s
      At line 422 in file RTE\Device\LPC1768\startup_LPC17xx.s

2 symbols



ARM Macro Assembler    Page 1 Alphabetic symbol ordering
External symbols

__use_two_region_memory 00000000

Symbol: __use_two_region_memory
   Definitions
      At line 417 in file RTE\Device\LPC1768\startup_LPC17xx.s
   Uses
      None
Comment: __use_two_region_memory unused
1 symbol
429 symbols in table
