


ARM Macro Assembler    Page 1 


    1 00000000         ;/******************************************************
                       ********************//**
    2 00000000         ; * @file     startup_LPC17xx.s
    3 00000000         ; * @brief    CMSIS Cortex-M3 Core Device Startup File f
                       or
    4 00000000         ; *           NXP LPC17xx Device Series
    5 00000000         ; * @version  V1.10
    6 00000000         ; * @date     06. April 2011
    7 00000000         ; *
    8 00000000         ; * @note
    9 00000000         ; * Copyright (C) 2009-2011 ARM Limited. All rights rese
                       rved.
   10 00000000         ; *
   11 00000000         ; * @par
   12 00000000         ; * ARM Limited (ARM) is supplying this software for use
                        with Cortex-M
   13 00000000         ; * processor based microcontrollers.  This file can be 
                       freely distributed
   14 00000000         ; * within development tools that are supporting such AR
                       M based processors.
   15 00000000         ; *
   16 00000000         ; * @par
   17 00000000         ; * THIS SOFTWARE IS PROVIDED "AS IS".  NO WARRANTIES, W
                       HETHER EXPRESS, IMPLIED
   18 00000000         ; * OR STATUTORY, INCLUDING, BUT NOT LIMITED TO, IMPLIED
                        WARRANTIES OF
   19 00000000         ; * MERCHANTABILITY AND FITNESS FOR A PARTICULAR PURPOSE
                        APPLY TO THIS SOFTWARE.
   20 00000000         ; * ARM SHALL NOT, IN ANY CIRCUMSTANCES, BE LIABLE FOR S
                       PECIAL, INCIDENTAL, OR
   21 00000000         ; * CONSEQUENTIAL DAMAGES, FOR ANY REASON WHATSOEVER.
   22 00000000         ; *
   23 00000000         ; ******************************************************
                       ************************/
   24 00000000         
   25 00000000         ; *------- <<< Use Configuration Wizard in Context Menu 
                       >>> ------------------
   26 00000000         
   27 00000000         ; <h> Stack Configuration
   28 00000000         ;   <o> Stack Size (in Bytes) <0x0-0xFFFFFFFF:8>
   29 00000000         ; </h>
   30 00000000         
   31 00000000 00000200 
                       Stack_Size
                               EQU              0x00000200
   32 00000000         
   33 00000000                 AREA             STACK, NOINIT, READWRITE, ALIGN
=3
   34 00000000         Stack_Mem
                               SPACE            Stack_Size
   35 00000200         __initial_sp
   36 00000200         
   37 00000200         
   38 00000200         ; <h> Heap Configuration
   39 00000200         ;   <o>  Heap Size (in Bytes) <0x0-0xFFFFFFFF:8>
   40 00000200         ; </h>
   41 00000200         
   42 00000200 00000000 
                       Heap_Size



ARM Macro Assembler    Page 2 


                               EQU              0x00000000
   43 00000200         
   44 00000200                 AREA             HEAP, NOINIT, READWRITE, ALIGN=
3
   45 00000000         __heap_base
   46 00000000         Heap_Mem
                               SPACE            Heap_Size
   47 00000000         __heap_limit
   48 00000000                 area             mydata,DATA,READWRITE
   49 00000000 00 00 00 
              00 00 00 
              00 00 00 
              00 00 00 
              00 00 00 
              00 00 00 
              00 00 00 
              00 00 00 
              00 00    Fibonacci
                               SPACE            26
   50 0000001A         
   51 0000001A         
   52 0000001A                 PRESERVE8
   53 0000001A                 THUMB
   54 0000001A         
   55 0000001A         
   56 0000001A         ; Vector Table Mapped to Address 0 at Reset
   57 0000001A         
   58 0000001A                 AREA             RESET, DATA, READONLY
   59 00000000                 EXPORT           __Vectors
   60 00000000         
   61 00000000 00000000 
                       __Vectors
                               DCD              __initial_sp ; Top of Stack
   62 00000004 00000000        DCD              Reset_Handler ; Reset Handler
   63 00000008 00000000        DCD              NMI_Handler ; NMI Handler
   64 0000000C 00000000        DCD              HardFault_Handler ; Hard Fault 
                                                            Handler
   65 00000010 00000000        DCD              MemManage_Handler 
                                                            ; MPU Fault Handler
                                                            
   66 00000014 00000000        DCD              BusFault_Handler 
                                                            ; Bus Fault Handler
                                                            
   67 00000018 00000000        DCD              UsageFault_Handler ; Usage Faul
                                                            t Handler
   68 0000001C 00000000        DCD              0           ; Reserved
   69 00000020 00000000        DCD              0           ; Reserved
   70 00000024 00000000        DCD              0           ; Reserved
   71 00000028 00000000        DCD              0           ; Reserved
   72 0000002C 00000000        DCD              SVC_Handler ; SVCall Handler
   73 00000030 00000000        DCD              DebugMon_Handler ; Debug Monito
                                                            r Handler
   74 00000034 00000000        DCD              0           ; Reserved
   75 00000038 00000000        DCD              PendSV_Handler ; PendSV Handler
                                                            
   76 0000003C 00000000        DCD              SysTick_Handler 
                                                            ; SysTick Handler
   77 00000040         
   78 00000040         ; External Interrupts



ARM Macro Assembler    Page 3 


   79 00000040 00000000        DCD              WDT_IRQHandler ; 16: Watchdog T
                                                            imer
   80 00000044 00000000        DCD              TIMER0_IRQHandler ; 17: Timer0
   81 00000048 00000000        DCD              TIMER1_IRQHandler ; 18: Timer1
   82 0000004C 00000000        DCD              TIMER2_IRQHandler ; 19: Timer2
   83 00000050 00000000        DCD              TIMER3_IRQHandler ; 20: Timer3
   84 00000054 00000000        DCD              UART0_IRQHandler ; 21: UART0
   85 00000058 00000000        DCD              UART1_IRQHandler ; 22: UART1
   86 0000005C 00000000        DCD              UART2_IRQHandler ; 23: UART2
   87 00000060 00000000        DCD              UART3_IRQHandler ; 24: UART3
   88 00000064 00000000        DCD              PWM1_IRQHandler ; 25: PWM1
   89 00000068 00000000        DCD              I2C0_IRQHandler ; 26: I2C0
   90 0000006C 00000000        DCD              I2C1_IRQHandler ; 27: I2C1
   91 00000070 00000000        DCD              I2C2_IRQHandler ; 28: I2C2
   92 00000074 00000000        DCD              SPI_IRQHandler ; 29: SPI
   93 00000078 00000000        DCD              SSP0_IRQHandler ; 30: SSP0
   94 0000007C 00000000        DCD              SSP1_IRQHandler ; 31: SSP1
   95 00000080 00000000        DCD              PLL0_IRQHandler ; 32: PLL0 Lock
                                                             (Main PLL)
   96 00000084 00000000        DCD              RTC_IRQHandler ; 33: Real Time 
                                                            Clock
   97 00000088 00000000        DCD              EINT0_IRQHandler ; 34: External
                                                             Interrupt 0
   98 0000008C 00000000        DCD              EINT1_IRQHandler ; 35: External
                                                             Interrupt 1
   99 00000090 00000000        DCD              EINT2_IRQHandler ; 36: External
                                                             Interrupt 2
  100 00000094 00000000        DCD              EINT3_IRQHandler ; 37: External
                                                             Interrupt 3
  101 00000098 00000000        DCD              ADC_IRQHandler 
                                                            ; 38: A/D Converter
                                                            
  102 0000009C 00000000        DCD              BOD_IRQHandler ; 39: Brown-Out 
                                                            Detect
  103 000000A0 00000000        DCD              USB_IRQHandler ; 40: USB
  104 000000A4 00000000        DCD              CAN_IRQHandler ; 41: CAN
  105 000000A8 00000000        DCD              DMA_IRQHandler ; 42: General Pu
                                                            rpose DMA
  106 000000AC 00000000        DCD              I2S_IRQHandler ; 43: I2S
  107 000000B0 00000000        DCD              ENET_IRQHandler ; 44: Ethernet
  108 000000B4 00000000        DCD              RIT_IRQHandler ; 45: Repetitive
                                                             Interrupt Timer
  109 000000B8 00000000        DCD              MCPWM_IRQHandler ; 46: Motor Co
                                                            ntrol PWM
  110 000000BC 00000000        DCD              QEI_IRQHandler ; 47: Quadrature
                                                             Encoder Interface
  111 000000C0 00000000        DCD              PLL1_IRQHandler ; 48: PLL1 Lock
                                                             (USB PLL)
  112 000000C4 00000000        DCD              USBActivity_IRQHandler ; 49: US
                                                            B Activity interrup
                                                            t to wakeup
  113 000000C8 00000000        DCD              CANActivity_IRQHandler ; 50: CA
                                                            N Activity interrup
                                                            t to wakeup
  114 000000CC         
  115 000000CC         
  116 000000CC                 IF               :LNOT::DEF:NO_CRP
  117 000000CC                 AREA             |.ARM.__at_0x02FC|, CODE, READO
NLY



ARM Macro Assembler    Page 4 


  118 00000000 FFFFFFFF 
                       CRP_Key DCD              0xFFFFFFFF
  119 00000004                 ENDIF
  120 00000004         
  121 00000004         
  122 00000004                 AREA             |.text|, CODE, READONLY
  123 00000000 00 00 00 
              00 00 00 
              00 00 00 
              00 00 00 
              00 00 00 
              00 00 00 
              00 00 00 
              00 00 00 myConstants
                               DCW              0,0,0,0,0,0,0,0,0,0,0,0
  124 00000018         
  125 00000018         ; Reset Handler
  126 00000018         
  127 00000018         Reset_Handler
                               PROC
  128 00000018                 EXPORT           Reset_Handler             [WEAK
]
  129 00000018         
  130 00000018        1 
                       single_value
                               RN               R1
  131 00000018        2 
                       double_value
                               RN               R2
  132 00000018        3 
                       triple_value
                               RN               R3
  133 00000018        4 
                       quadruple_value
                               RN               R4
  134 00000018        5 
                       quintuple_value
                               RN               R5
  135 00000018         
  136 00000018 F85F 101C       LDR              single_value, myConstants
  137 0000001C         
  138 0000001C EA4F 0241       MOV              double_value, single_value, LSL
 #1
  139 00000020         
  140 00000020 EB02 0001       ADD              r0,double_value,single_value
  141 00000024 4603            MOV              triple_value,r0
  142 00000026         
  143 00000026 EA4F 0442       MOV              quadruple_value, double_value, 
LSL #1
  144 0000002A         
  145 0000002A EB04 0001       ADD              r0,quadruple_value,single_value
  146 0000002E 4605            MOV              quintuple_value,r0
  147 00000030         
  148 00000030         
  149 00000030 F04F 0001       mov              r0,#01      ;  first two fibona
                                                            cci numbers
  150 00000034 F04F 0101       mov              r1,#01
  151 00000038 F04F 040A       mov              r4,#10      ;No of fibonacci nu
                                                            mbers to generate



ARM Macro Assembler    Page 5 


  152 0000003C 4A11            ldr              r2,=myConstants ;address to sto
                                                            re fibonacci number
                                                            s
  153 0000003E 4408    back    add              r0,r1       ;adding the previou
                                                            s two numbers
  154 00000040 6010            str              r0,[r2]     ; storing the numbe
                                                            r in a memory
  155 00000042 F102 0204       add              r2,#04      ;incrementing the a
                                                            ddress
  156 00000046 4603            mov              r3,r0
  157 00000048 4608            mov              r0,r1
  158 0000004A 4619            mov              r1,r3
  159 0000004C F1A4 0401       sub              r4,#01      ;decrementing the c
                                                            ounter
  160 00000050 2C00            cmp              r4,#00      ;comparing the coun
                                                            ter to zero
  161 00000052 D1F4            bne              back
  162 00000054         
  163 00000054         
  164 00000054         
  165 00000054 F85F 1057       LDR              single_value, myConstants+1
  166 00000058 F85F 205A       LDR              double_value, myConstants+2
  167 0000005C EB01 0002       add              r0,single_value,double_value
  168 00000060         
  169 00000060         
  170 00000060         
  171 00000060 E7FE    stop    B                stop
  172 00000062                 ENDP
  173 00000062         
  174 00000062         
  175 00000062         ; Dummy Exception Handlers (infinite loops which can be 
                       modified)
  176 00000062         
  177 00000062         NMI_Handler
                               PROC
  178 00000062                 EXPORT           NMI_Handler               [WEAK
]
  179 00000062 E7FE            B                .
  180 00000064                 ENDP
  182 00000064         HardFault_Handler
                               PROC
  183 00000064                 EXPORT           HardFault_Handler         [WEAK
]
  184 00000064 E7FE            B                .
  185 00000066                 ENDP
  187 00000066         MemManage_Handler
                               PROC
  188 00000066                 EXPORT           MemManage_Handler         [WEAK
]
  189 00000066 E7FE            B                .
  190 00000068                 ENDP
  192 00000068         BusFault_Handler
                               PROC
  193 00000068                 EXPORT           BusFault_Handler          [WEAK
]
  194 00000068 E7FE            B                .
  195 0000006A                 ENDP
  197 0000006A         UsageFault_Handler
                               PROC



ARM Macro Assembler    Page 6 


  198 0000006A                 EXPORT           UsageFault_Handler        [WEAK
]
  199 0000006A E7FE            B                .
  200 0000006C                 ENDP
  201 0000006C         SVC_Handler
                               PROC
  202 0000006C                 EXPORT           SVC_Handler               [WEAK
]
  203 0000006C E7FE            B                .
  204 0000006E                 ENDP
  206 0000006E         DebugMon_Handler
                               PROC
  207 0000006E                 EXPORT           DebugMon_Handler          [WEAK
]
  208 0000006E E7FE            B                .
  209 00000070                 ENDP
  210 00000070         PendSV_Handler
                               PROC
  211 00000070                 EXPORT           PendSV_Handler            [WEAK
]
  212 00000070 E7FE            B                .
  213 00000072                 ENDP
  214 00000072         SysTick_Handler
                               PROC
  215 00000072                 EXPORT           SysTick_Handler           [WEAK
]
  216 00000072 E7FE            B                .
  217 00000074                 ENDP
  218 00000074         
  219 00000074         Default_Handler
                               PROC
  220 00000074         
  221 00000074                 EXPORT           WDT_IRQHandler            [WEAK
]
  222 00000074                 EXPORT           TIMER0_IRQHandler         [WEAK
]
  223 00000074                 EXPORT           TIMER1_IRQHandler         [WEAK
]
  224 00000074                 EXPORT           TIMER2_IRQHandler         [WEAK
]
  225 00000074                 EXPORT           TIMER3_IRQHandler         [WEAK
]
  226 00000074                 EXPORT           UART0_IRQHandler          [WEAK
]
  227 00000074                 EXPORT           UART1_IRQHandler          [WEAK
]
  228 00000074                 EXPORT           UART2_IRQHandler          [WEAK
]
  229 00000074                 EXPORT           UART3_IRQHandler          [WEAK
]
  230 00000074                 EXPORT           PWM1_IRQHandler           [WEAK
]
  231 00000074                 EXPORT           I2C0_IRQHandler           [WEAK
]
  232 00000074                 EXPORT           I2C1_IRQHandler           [WEAK
]
  233 00000074                 EXPORT           I2C2_IRQHandler           [WEAK
]
  234 00000074                 EXPORT           SPI_IRQHandler            [WEAK



ARM Macro Assembler    Page 7 


]
  235 00000074                 EXPORT           SSP0_IRQHandler           [WEAK
]
  236 00000074                 EXPORT           SSP1_IRQHandler           [WEAK
]
  237 00000074                 EXPORT           PLL0_IRQHandler           [WEAK
]
  238 00000074                 EXPORT           RTC_IRQHandler            [WEAK
]
  239 00000074                 EXPORT           EINT0_IRQHandler          [WEAK
]
  240 00000074                 EXPORT           EINT1_IRQHandler          [WEAK
]
  241 00000074                 EXPORT           EINT2_IRQHandler          [WEAK
]
  242 00000074                 EXPORT           EINT3_IRQHandler          [WEAK
]
  243 00000074                 EXPORT           ADC_IRQHandler            [WEAK
]
  244 00000074                 EXPORT           BOD_IRQHandler            [WEAK
]
  245 00000074                 EXPORT           USB_IRQHandler            [WEAK
]
  246 00000074                 EXPORT           CAN_IRQHandler            [WEAK
]
  247 00000074                 EXPORT           DMA_IRQHandler            [WEAK
]
  248 00000074                 EXPORT           I2S_IRQHandler            [WEAK
]
  249 00000074                 EXPORT           ENET_IRQHandler           [WEAK
]
  250 00000074                 EXPORT           RIT_IRQHandler            [WEAK
]
  251 00000074                 EXPORT           MCPWM_IRQHandler          [WEAK
]
  252 00000074                 EXPORT           QEI_IRQHandler            [WEAK
]
  253 00000074                 EXPORT           PLL1_IRQHandler           [WEAK
]
  254 00000074                 EXPORT           USBActivity_IRQHandler    [WEAK
]
  255 00000074                 EXPORT           CANActivity_IRQHandler    [WEAK
]
  256 00000074         
  257 00000074         WDT_IRQHandler
  258 00000074         TIMER0_IRQHandler
  259 00000074         TIMER1_IRQHandler
  260 00000074         TIMER2_IRQHandler
  261 00000074         TIMER3_IRQHandler
  262 00000074         UART0_IRQHandler
  263 00000074         UART1_IRQHandler
  264 00000074         UART2_IRQHandler
  265 00000074         UART3_IRQHandler
  266 00000074         PWM1_IRQHandler
  267 00000074         I2C0_IRQHandler
  268 00000074         I2C1_IRQHandler
  269 00000074         I2C2_IRQHandler
  270 00000074         SPI_IRQHandler
  271 00000074         SSP0_IRQHandler



ARM Macro Assembler    Page 8 


  272 00000074         SSP1_IRQHandler
  273 00000074         PLL0_IRQHandler
  274 00000074         RTC_IRQHandler
  275 00000074         EINT0_IRQHandler
  276 00000074         EINT1_IRQHandler
  277 00000074         EINT2_IRQHandler
  278 00000074         EINT3_IRQHandler
  279 00000074         ADC_IRQHandler
  280 00000074         BOD_IRQHandler
  281 00000074         USB_IRQHandler
  282 00000074         CAN_IRQHandler
  283 00000074         DMA_IRQHandler
  284 00000074         I2S_IRQHandler
  285 00000074         ENET_IRQHandler
  286 00000074         RIT_IRQHandler
  287 00000074         MCPWM_IRQHandler
  288 00000074         QEI_IRQHandler
  289 00000074         PLL1_IRQHandler
  290 00000074         USBActivity_IRQHandler
  291 00000074         CANActivity_IRQHandler
  292 00000074         
  293 00000074 E7FE            B                .
  294 00000076         
  295 00000076                 ENDP
  296 00000076         
  297 00000076         
  298 00000076 00 00           ALIGN
  299 00000078         
  300 00000078         
  301 00000078         ; User Initial Stack & Heap
  302 00000078         
  303 00000078                 IF               :DEF:__MICROLIB
  310 00000078         
  311 00000078                 IMPORT           __use_two_region_memory
  312 00000078                 EXPORT           __user_initial_stackheap
  313 00000078         __user_initial_stackheap
  314 00000078         
  315 00000078 4803            LDR              R0, =  Heap_Mem
  316 0000007A 4904            LDR              R1, =(Stack_Mem + Stack_Size)
  317 0000007C 4A02            LDR              R2, = (Heap_Mem +  Heap_Size)
  318 0000007E 4B04            LDR              R3, = Stack_Mem
  319 00000080 4770            BX               LR
  320 00000082         
  321 00000082 00 00           ALIGN
  322 00000084         
  323 00000084                 ENDIF
  324 00000084         
  325 00000084         
  326 00000084                 END
              00000000 
              00000000 
              00000200 
              00000000 
Command Line: --debug --xref --diag_suppress=9931 --cpu=Cortex-M3 --apcs=interw
ork --depend=.\objects\startup_lpc17xx.d -o.\objects\startup_lpc17xx.o -I.\RTE\
Device\LPC1768 -I.\RTE\_Target_1 -IC:\Keil_v5\ARM\PACK\ARM\CMSIS\5.5.1\CMSIS\Co
re\Include -IC:\Keil_v5\ARM\PACK\Keil\LPC1700_DFP\2.6.0\Device\Include --predef
ine="__EVAL SETA 1" --predefine="__UVISION_VERSION SETA 528" --predefine="_RTE_
 SETA 1" --predefine="LPC175x_6x SETA 1" --list=.\listings\startup_lpc17xx.lst 



ARM Macro Assembler    Page 9 


RTE\Device\LPC1768\startup_LPC17xx.s



ARM Macro Assembler    Page 1 Alphabetic symbol ordering
Relocatable symbols

STACK 00000000

Symbol: STACK
   Definitions
      At line 33 in file RTE\Device\LPC1768\startup_LPC17xx.s
   Uses
      None
Comment: STACK unused
Stack_Mem 00000000

Symbol: Stack_Mem
   Definitions
      At line 34 in file RTE\Device\LPC1768\startup_LPC17xx.s
   Uses
      At line 316 in file RTE\Device\LPC1768\startup_LPC17xx.s
      At line 318 in file RTE\Device\LPC1768\startup_LPC17xx.s

__initial_sp 00000200

Symbol: __initial_sp
   Definitions
      At line 35 in file RTE\Device\LPC1768\startup_LPC17xx.s
   Uses
      At line 61 in file RTE\Device\LPC1768\startup_LPC17xx.s
Comment: __initial_sp used once
3 symbols



ARM Macro Assembler    Page 1 Alphabetic symbol ordering
Relocatable symbols

HEAP 00000000

Symbol: HEAP
   Definitions
      At line 44 in file RTE\Device\LPC1768\startup_LPC17xx.s
   Uses
      None
Comment: HEAP unused
Heap_Mem 00000000

Symbol: Heap_Mem
   Definitions
      At line 46 in file RTE\Device\LPC1768\startup_LPC17xx.s
   Uses
      At line 315 in file RTE\Device\LPC1768\startup_LPC17xx.s
      At line 317 in file RTE\Device\LPC1768\startup_LPC17xx.s

__heap_base 00000000

Symbol: __heap_base
   Definitions
      At line 45 in file RTE\Device\LPC1768\startup_LPC17xx.s
   Uses
      None
Comment: __heap_base unused
__heap_limit 00000000

Symbol: __heap_limit
   Definitions
      At line 47 in file RTE\Device\LPC1768\startup_LPC17xx.s
   Uses
      None
Comment: __heap_limit unused
4 symbols



ARM Macro Assembler    Page 1 Alphabetic symbol ordering
Relocatable symbols

Fibonacci 00000000

Symbol: Fibonacci
   Definitions
      At line 49 in file RTE\Device\LPC1768\startup_LPC17xx.s
   Uses
      None
Comment: Fibonacci unused
mydata 00000000

Symbol: mydata
   Definitions
      At line 48 in file RTE\Device\LPC1768\startup_LPC17xx.s
   Uses
      None
Comment: mydata unused
2 symbols



ARM Macro Assembler    Page 1 Alphabetic symbol ordering
Relocatable symbols

RESET 00000000

Symbol: RESET
   Definitions
      At line 58 in file RTE\Device\LPC1768\startup_LPC17xx.s
   Uses
      None
Comment: RESET unused
__Vectors 00000000

Symbol: __Vectors
   Definitions
      At line 61 in file RTE\Device\LPC1768\startup_LPC17xx.s
   Uses
      At line 59 in file RTE\Device\LPC1768\startup_LPC17xx.s
Comment: __Vectors used once
2 symbols



ARM Macro Assembler    Page 1 Alphabetic symbol ordering
Relocatable symbols

.ARM.__at_0x02FC 00000000

Symbol: .ARM.__at_0x02FC
   Definitions
      At line 117 in file RTE\Device\LPC1768\startup_LPC17xx.s
   Uses
      None
Comment: .ARM.__at_0x02FC unused
CRP_Key 00000000

Symbol: CRP_Key
   Definitions
      At line 118 in file RTE\Device\LPC1768\startup_LPC17xx.s
   Uses
      None
Comment: CRP_Key unused
2 symbols



ARM Macro Assembler    Page 1 Alphabetic symbol ordering
Relocatable symbols

.text 00000000

Symbol: .text
   Definitions
      At line 122 in file RTE\Device\LPC1768\startup_LPC17xx.s
   Uses
      None
Comment: .text unused
ADC_IRQHandler 00000074

Symbol: ADC_IRQHandler
   Definitions
      At line 279 in file RTE\Device\LPC1768\startup_LPC17xx.s
   Uses
      At line 101 in file RTE\Device\LPC1768\startup_LPC17xx.s
      At line 243 in file RTE\Device\LPC1768\startup_LPC17xx.s

BOD_IRQHandler 00000074

Symbol: BOD_IRQHandler
   Definitions
      At line 280 in file RTE\Device\LPC1768\startup_LPC17xx.s
   Uses
      At line 102 in file RTE\Device\LPC1768\startup_LPC17xx.s
      At line 244 in file RTE\Device\LPC1768\startup_LPC17xx.s

BusFault_Handler 00000068

Symbol: BusFault_Handler
   Definitions
      At line 192 in file RTE\Device\LPC1768\startup_LPC17xx.s
   Uses
      At line 66 in file RTE\Device\LPC1768\startup_LPC17xx.s
      At line 193 in file RTE\Device\LPC1768\startup_LPC17xx.s

CANActivity_IRQHandler 00000074

Symbol: CANActivity_IRQHandler
   Definitions
      At line 291 in file RTE\Device\LPC1768\startup_LPC17xx.s
   Uses
      At line 113 in file RTE\Device\LPC1768\startup_LPC17xx.s
      At line 255 in file RTE\Device\LPC1768\startup_LPC17xx.s

CAN_IRQHandler 00000074

Symbol: CAN_IRQHandler
   Definitions
      At line 282 in file RTE\Device\LPC1768\startup_LPC17xx.s
   Uses
      At line 104 in file RTE\Device\LPC1768\startup_LPC17xx.s
      At line 246 in file RTE\Device\LPC1768\startup_LPC17xx.s

DMA_IRQHandler 00000074

Symbol: DMA_IRQHandler
   Definitions
      At line 283 in file RTE\Device\LPC1768\startup_LPC17xx.s
   Uses



ARM Macro Assembler    Page 2 Alphabetic symbol ordering
Relocatable symbols

      At line 105 in file RTE\Device\LPC1768\startup_LPC17xx.s
      At line 247 in file RTE\Device\LPC1768\startup_LPC17xx.s

DebugMon_Handler 0000006E

Symbol: DebugMon_Handler
   Definitions
      At line 206 in file RTE\Device\LPC1768\startup_LPC17xx.s
   Uses
      At line 73 in file RTE\Device\LPC1768\startup_LPC17xx.s
      At line 207 in file RTE\Device\LPC1768\startup_LPC17xx.s

Default_Handler 00000074

Symbol: Default_Handler
   Definitions
      At line 219 in file RTE\Device\LPC1768\startup_LPC17xx.s
   Uses
      None
Comment: Default_Handler unused
EINT0_IRQHandler 00000074

Symbol: EINT0_IRQHandler
   Definitions
      At line 275 in file RTE\Device\LPC1768\startup_LPC17xx.s
   Uses
      At line 97 in file RTE\Device\LPC1768\startup_LPC17xx.s
      At line 239 in file RTE\Device\LPC1768\startup_LPC17xx.s

EINT1_IRQHandler 00000074

Symbol: EINT1_IRQHandler
   Definitions
      At line 276 in file RTE\Device\LPC1768\startup_LPC17xx.s
   Uses
      At line 98 in file RTE\Device\LPC1768\startup_LPC17xx.s
      At line 240 in file RTE\Device\LPC1768\startup_LPC17xx.s

EINT2_IRQHandler 00000074

Symbol: EINT2_IRQHandler
   Definitions
      At line 277 in file RTE\Device\LPC1768\startup_LPC17xx.s
   Uses
      At line 99 in file RTE\Device\LPC1768\startup_LPC17xx.s
      At line 241 in file RTE\Device\LPC1768\startup_LPC17xx.s

EINT3_IRQHandler 00000074

Symbol: EINT3_IRQHandler
   Definitions
      At line 278 in file RTE\Device\LPC1768\startup_LPC17xx.s
   Uses
      At line 100 in file RTE\Device\LPC1768\startup_LPC17xx.s
      At line 242 in file RTE\Device\LPC1768\startup_LPC17xx.s

ENET_IRQHandler 00000074

Symbol: ENET_IRQHandler



ARM Macro Assembler    Page 3 Alphabetic symbol ordering
Relocatable symbols

   Definitions
      At line 285 in file RTE\Device\LPC1768\startup_LPC17xx.s
   Uses
      At line 107 in file RTE\Device\LPC1768\startup_LPC17xx.s
      At line 249 in file RTE\Device\LPC1768\startup_LPC17xx.s

HardFault_Handler 00000064

Symbol: HardFault_Handler
   Definitions
      At line 182 in file RTE\Device\LPC1768\startup_LPC17xx.s
   Uses
      At line 64 in file RTE\Device\LPC1768\startup_LPC17xx.s
      At line 183 in file RTE\Device\LPC1768\startup_LPC17xx.s

I2C0_IRQHandler 00000074

Symbol: I2C0_IRQHandler
   Definitions
      At line 267 in file RTE\Device\LPC1768\startup_LPC17xx.s
   Uses
      At line 89 in file RTE\Device\LPC1768\startup_LPC17xx.s
      At line 231 in file RTE\Device\LPC1768\startup_LPC17xx.s

I2C1_IRQHandler 00000074

Symbol: I2C1_IRQHandler
   Definitions
      At line 268 in file RTE\Device\LPC1768\startup_LPC17xx.s
   Uses
      At line 90 in file RTE\Device\LPC1768\startup_LPC17xx.s
      At line 232 in file RTE\Device\LPC1768\startup_LPC17xx.s

I2C2_IRQHandler 00000074

Symbol: I2C2_IRQHandler
   Definitions
      At line 269 in file RTE\Device\LPC1768\startup_LPC17xx.s
   Uses
      At line 91 in file RTE\Device\LPC1768\startup_LPC17xx.s
      At line 233 in file RTE\Device\LPC1768\startup_LPC17xx.s

I2S_IRQHandler 00000074

Symbol: I2S_IRQHandler
   Definitions
      At line 284 in file RTE\Device\LPC1768\startup_LPC17xx.s
   Uses
      At line 106 in file RTE\Device\LPC1768\startup_LPC17xx.s
      At line 248 in file RTE\Device\LPC1768\startup_LPC17xx.s

MCPWM_IRQHandler 00000074

Symbol: MCPWM_IRQHandler
   Definitions
      At line 287 in file RTE\Device\LPC1768\startup_LPC17xx.s
   Uses
      At line 109 in file RTE\Device\LPC1768\startup_LPC17xx.s
      At line 251 in file RTE\Device\LPC1768\startup_LPC17xx.s



ARM Macro Assembler    Page 4 Alphabetic symbol ordering
Relocatable symbols


MemManage_Handler 00000066

Symbol: MemManage_Handler
   Definitions
      At line 187 in file RTE\Device\LPC1768\startup_LPC17xx.s
   Uses
      At line 65 in file RTE\Device\LPC1768\startup_LPC17xx.s
      At line 188 in file RTE\Device\LPC1768\startup_LPC17xx.s

NMI_Handler 00000062

Symbol: NMI_Handler
   Definitions
      At line 177 in file RTE\Device\LPC1768\startup_LPC17xx.s
   Uses
      At line 63 in file RTE\Device\LPC1768\startup_LPC17xx.s
      At line 178 in file RTE\Device\LPC1768\startup_LPC17xx.s

PLL0_IRQHandler 00000074

Symbol: PLL0_IRQHandler
   Definitions
      At line 273 in file RTE\Device\LPC1768\startup_LPC17xx.s
   Uses
      At line 95 in file RTE\Device\LPC1768\startup_LPC17xx.s
      At line 237 in file RTE\Device\LPC1768\startup_LPC17xx.s

PLL1_IRQHandler 00000074

Symbol: PLL1_IRQHandler
   Definitions
      At line 289 in file RTE\Device\LPC1768\startup_LPC17xx.s
   Uses
      At line 111 in file RTE\Device\LPC1768\startup_LPC17xx.s
      At line 253 in file RTE\Device\LPC1768\startup_LPC17xx.s

PWM1_IRQHandler 00000074

Symbol: PWM1_IRQHandler
   Definitions
      At line 266 in file RTE\Device\LPC1768\startup_LPC17xx.s
   Uses
      At line 88 in file RTE\Device\LPC1768\startup_LPC17xx.s
      At line 230 in file RTE\Device\LPC1768\startup_LPC17xx.s

PendSV_Handler 00000070

Symbol: PendSV_Handler
   Definitions
      At line 210 in file RTE\Device\LPC1768\startup_LPC17xx.s
   Uses
      At line 75 in file RTE\Device\LPC1768\startup_LPC17xx.s
      At line 211 in file RTE\Device\LPC1768\startup_LPC17xx.s

QEI_IRQHandler 00000074

Symbol: QEI_IRQHandler
   Definitions



ARM Macro Assembler    Page 5 Alphabetic symbol ordering
Relocatable symbols

      At line 288 in file RTE\Device\LPC1768\startup_LPC17xx.s
   Uses
      At line 110 in file RTE\Device\LPC1768\startup_LPC17xx.s
      At line 252 in file RTE\Device\LPC1768\startup_LPC17xx.s

RIT_IRQHandler 00000074

Symbol: RIT_IRQHandler
   Definitions
      At line 286 in file RTE\Device\LPC1768\startup_LPC17xx.s
   Uses
      At line 108 in file RTE\Device\LPC1768\startup_LPC17xx.s
      At line 250 in file RTE\Device\LPC1768\startup_LPC17xx.s

RTC_IRQHandler 00000074

Symbol: RTC_IRQHandler
   Definitions
      At line 274 in file RTE\Device\LPC1768\startup_LPC17xx.s
   Uses
      At line 96 in file RTE\Device\LPC1768\startup_LPC17xx.s
      At line 238 in file RTE\Device\LPC1768\startup_LPC17xx.s

Reset_Handler 00000018

Symbol: Reset_Handler
   Definitions
      At line 127 in file RTE\Device\LPC1768\startup_LPC17xx.s
   Uses
      At line 62 in file RTE\Device\LPC1768\startup_LPC17xx.s
      At line 128 in file RTE\Device\LPC1768\startup_LPC17xx.s

SPI_IRQHandler 00000074

Symbol: SPI_IRQHandler
   Definitions
      At line 270 in file RTE\Device\LPC1768\startup_LPC17xx.s
   Uses
      At line 92 in file RTE\Device\LPC1768\startup_LPC17xx.s
      At line 234 in file RTE\Device\LPC1768\startup_LPC17xx.s

SSP0_IRQHandler 00000074

Symbol: SSP0_IRQHandler
   Definitions
      At line 271 in file RTE\Device\LPC1768\startup_LPC17xx.s
   Uses
      At line 93 in file RTE\Device\LPC1768\startup_LPC17xx.s
      At line 235 in file RTE\Device\LPC1768\startup_LPC17xx.s

SSP1_IRQHandler 00000074

Symbol: SSP1_IRQHandler
   Definitions
      At line 272 in file RTE\Device\LPC1768\startup_LPC17xx.s
   Uses
      At line 94 in file RTE\Device\LPC1768\startup_LPC17xx.s
      At line 236 in file RTE\Device\LPC1768\startup_LPC17xx.s




ARM Macro Assembler    Page 6 Alphabetic symbol ordering
Relocatable symbols

SVC_Handler 0000006C

Symbol: SVC_Handler
   Definitions
      At line 201 in file RTE\Device\LPC1768\startup_LPC17xx.s
   Uses
      At line 72 in file RTE\Device\LPC1768\startup_LPC17xx.s
      At line 202 in file RTE\Device\LPC1768\startup_LPC17xx.s

SysTick_Handler 00000072

Symbol: SysTick_Handler
   Definitions
      At line 214 in file RTE\Device\LPC1768\startup_LPC17xx.s
   Uses
      At line 76 in file RTE\Device\LPC1768\startup_LPC17xx.s
      At line 215 in file RTE\Device\LPC1768\startup_LPC17xx.s

TIMER0_IRQHandler 00000074

Symbol: TIMER0_IRQHandler
   Definitions
      At line 258 in file RTE\Device\LPC1768\startup_LPC17xx.s
   Uses
      At line 80 in file RTE\Device\LPC1768\startup_LPC17xx.s
      At line 222 in file RTE\Device\LPC1768\startup_LPC17xx.s

TIMER1_IRQHandler 00000074

Symbol: TIMER1_IRQHandler
   Definitions
      At line 259 in file RTE\Device\LPC1768\startup_LPC17xx.s
   Uses
      At line 81 in file RTE\Device\LPC1768\startup_LPC17xx.s
      At line 223 in file RTE\Device\LPC1768\startup_LPC17xx.s

TIMER2_IRQHandler 00000074

Symbol: TIMER2_IRQHandler
   Definitions
      At line 260 in file RTE\Device\LPC1768\startup_LPC17xx.s
   Uses
      At line 82 in file RTE\Device\LPC1768\startup_LPC17xx.s
      At line 224 in file RTE\Device\LPC1768\startup_LPC17xx.s

TIMER3_IRQHandler 00000074

Symbol: TIMER3_IRQHandler
   Definitions
      At line 261 in file RTE\Device\LPC1768\startup_LPC17xx.s
   Uses
      At line 83 in file RTE\Device\LPC1768\startup_LPC17xx.s
      At line 225 in file RTE\Device\LPC1768\startup_LPC17xx.s

UART0_IRQHandler 00000074

Symbol: UART0_IRQHandler
   Definitions
      At line 262 in file RTE\Device\LPC1768\startup_LPC17xx.s



ARM Macro Assembler    Page 7 Alphabetic symbol ordering
Relocatable symbols

   Uses
      At line 84 in file RTE\Device\LPC1768\startup_LPC17xx.s
      At line 226 in file RTE\Device\LPC1768\startup_LPC17xx.s

UART1_IRQHandler 00000074

Symbol: UART1_IRQHandler
   Definitions
      At line 263 in file RTE\Device\LPC1768\startup_LPC17xx.s
   Uses
      At line 85 in file RTE\Device\LPC1768\startup_LPC17xx.s
      At line 227 in file RTE\Device\LPC1768\startup_LPC17xx.s

UART2_IRQHandler 00000074

Symbol: UART2_IRQHandler
   Definitions
      At line 264 in file RTE\Device\LPC1768\startup_LPC17xx.s
   Uses
      At line 86 in file RTE\Device\LPC1768\startup_LPC17xx.s
      At line 228 in file RTE\Device\LPC1768\startup_LPC17xx.s

UART3_IRQHandler 00000074

Symbol: UART3_IRQHandler
   Definitions
      At line 265 in file RTE\Device\LPC1768\startup_LPC17xx.s
   Uses
      At line 87 in file RTE\Device\LPC1768\startup_LPC17xx.s
      At line 229 in file RTE\Device\LPC1768\startup_LPC17xx.s

USBActivity_IRQHandler 00000074

Symbol: USBActivity_IRQHandler
   Definitions
      At line 290 in file RTE\Device\LPC1768\startup_LPC17xx.s
   Uses
      At line 112 in file RTE\Device\LPC1768\startup_LPC17xx.s
      At line 254 in file RTE\Device\LPC1768\startup_LPC17xx.s

USB_IRQHandler 00000074

Symbol: USB_IRQHandler
   Definitions
      At line 281 in file RTE\Device\LPC1768\startup_LPC17xx.s
   Uses
      At line 103 in file RTE\Device\LPC1768\startup_LPC17xx.s
      At line 245 in file RTE\Device\LPC1768\startup_LPC17xx.s

UsageFault_Handler 0000006A

Symbol: UsageFault_Handler
   Definitions
      At line 197 in file RTE\Device\LPC1768\startup_LPC17xx.s
   Uses
      At line 67 in file RTE\Device\LPC1768\startup_LPC17xx.s
      At line 198 in file RTE\Device\LPC1768\startup_LPC17xx.s

WDT_IRQHandler 00000074



ARM Macro Assembler    Page 8 Alphabetic symbol ordering
Relocatable symbols


Symbol: WDT_IRQHandler
   Definitions
      At line 257 in file RTE\Device\LPC1768\startup_LPC17xx.s
   Uses
      At line 79 in file RTE\Device\LPC1768\startup_LPC17xx.s
      At line 221 in file RTE\Device\LPC1768\startup_LPC17xx.s

__user_initial_stackheap 00000078

Symbol: __user_initial_stackheap
   Definitions
      At line 313 in file RTE\Device\LPC1768\startup_LPC17xx.s
   Uses
      At line 312 in file RTE\Device\LPC1768\startup_LPC17xx.s
Comment: __user_initial_stackheap used once
back 0000003E

Symbol: back
   Definitions
      At line 153 in file RTE\Device\LPC1768\startup_LPC17xx.s
   Uses
      At line 161 in file RTE\Device\LPC1768\startup_LPC17xx.s
Comment: back used once
myConstants 00000000

Symbol: myConstants
   Definitions
      At line 123 in file RTE\Device\LPC1768\startup_LPC17xx.s
   Uses
      At line 136 in file RTE\Device\LPC1768\startup_LPC17xx.s
      At line 152 in file RTE\Device\LPC1768\startup_LPC17xx.s
      At line 165 in file RTE\Device\LPC1768\startup_LPC17xx.s
      At line 166 in file RTE\Device\LPC1768\startup_LPC17xx.s

stop 00000060

Symbol: stop
   Definitions
      At line 171 in file RTE\Device\LPC1768\startup_LPC17xx.s
   Uses
      At line 171 in file RTE\Device\LPC1768\startup_LPC17xx.s
Comment: stop used once
51 symbols



ARM Macro Assembler    Page 1 Alphabetic symbol ordering
Absolute symbols

Heap_Size 00000000

Symbol: Heap_Size
   Definitions
      At line 42 in file RTE\Device\LPC1768\startup_LPC17xx.s
   Uses
      At line 46 in file RTE\Device\LPC1768\startup_LPC17xx.s
      At line 317 in file RTE\Device\LPC1768\startup_LPC17xx.s

Stack_Size 00000200

Symbol: Stack_Size
   Definitions
      At line 31 in file RTE\Device\LPC1768\startup_LPC17xx.s
   Uses
      At line 34 in file RTE\Device\LPC1768\startup_LPC17xx.s
      At line 316 in file RTE\Device\LPC1768\startup_LPC17xx.s

2 symbols



ARM Macro Assembler    Page 1 Alphabetic symbol ordering
External symbols

__use_two_region_memory 00000000

Symbol: __use_two_region_memory
   Definitions
      At line 311 in file RTE\Device\LPC1768\startup_LPC17xx.s
   Uses
      None
Comment: __use_two_region_memory unused
1 symbol
412 symbols in table
