


ARM Macro Assembler    Page 1 


    1 00000000         ;/******************************************************
                       ********************//**
    2 00000000         ; * @file     startup_LPC17xx.s
    3 00000000         ; * @brief    CMSIS Cortex-M3 Core Device Startup File f
                       or
    4 00000000         ; *           NXP LPC17xx Device Series
    5 00000000         ; * @version  V1.10
    6 00000000         ; * @date     06. April 2011
    7 00000000         ; *
    8 00000000         ; * @note
    9 00000000         ; * Copyright (C) 2009-2011 ARM Limited. All rights rese
                       rved.
   10 00000000         ; *
   11 00000000         ; * @par
   12 00000000         ; * ARM Limited (ARM) is supplying this software for use
                        with Cortex-M
   13 00000000         ; * processor based microcontrollers.  This file can be 
                       freely distributed
   14 00000000         ; * within development tools that are supporting such AR
                       M based processors.
   15 00000000         ; *
   16 00000000         ; * @par
   17 00000000         ; * THIS SOFTWARE IS PROVIDED "AS IS".  NO WARRANTIES, W
                       HETHER EXPRESS, IMPLIED
   18 00000000         ; * OR STATUTORY, INCLUDING, BUT NOT LIMITED TO, IMPLIED
                        WARRANTIES OF
   19 00000000         ; * MERCHANTABILITY AND FITNESS FOR A PARTICULAR PURPOSE
                        APPLY TO THIS SOFTWARE.
   20 00000000         ; * ARM SHALL NOT, IN ANY CIRCUMSTANCES, BE LIABLE FOR S
                       PECIAL, INCIDENTAL, OR
   21 00000000         ; * CONSEQUENTIAL DAMAGES, FOR ANY REASON WHATSOEVER.
   22 00000000         ; *
   23 00000000         ; ******************************************************
                       ************************/
   24 00000000         
   25 00000000         ; *------- <<< Use Configuration Wizard in Context Menu 
                       >>> ------------------
   26 00000000         
   27 00000000         ; <h> Stack Configuration
   28 00000000         ;   <o> Stack Size (in Bytes) <0x0-0xFFFFFFFF:8>
   29 00000000         ; </h>
   30 00000000         
   31 00000000 00000200 
                       Stack_Size
                               EQU              0x00000200
   32 00000000         
   33 00000000                 AREA             STACK, NOINIT, READWRITE, ALIGN
=3
   34 00000000         Stack_Mem
                               SPACE            Stack_Size
   35 00000200         __initial_sp
   36 00000200         
   37 00000200         
   38 00000200         ; <h> Heap Configuration
   39 00000200         ;   <o>  Heap Size (in Bytes) <0x0-0xFFFFFFFF:8>
   40 00000200         ; </h>
   41 00000200 0000001E 
                       m       EQU              0x0000001e
   42 00000200 00000004 



ARM Macro Assembler    Page 2 


                       n       EQU              0x00000004
   43 00000200 00000000 
                       Heap_Size
                               EQU              0x00000000
   44 00000200         
   45 00000200                 AREA             HEAP, NOINIT, READWRITE, ALIGN=
3
   46 00000000         __heap_base
   47 00000000         Heap_Mem
                               SPACE            Heap_Size
   48 00000000         __heap_limit
   49 00000000         
   50 00000000         
   51 00000000                 PRESERVE8
   52 00000000                 THUMB
   53 00000000         
   54 00000000         
   55 00000000         ; Vector Table Mapped to Address 0 at Reset
   56 00000000         
   57 00000000                 AREA             RESET, DATA, READONLY
   58 00000000                 EXPORT           __Vectors
   59 00000000         
   60 00000000 00000000 
                       __Vectors
                               DCD              __initial_sp ; Top of Stack
   61 00000004 00000000        DCD              Reset_Handler ; Reset Handler
   62 00000008 00000000        DCD              NMI_Handler ; NMI Handler
   63 0000000C 00000000        DCD              HardFault_Handler ; Hard Fault 
                                                            Handler
   64 00000010 00000000        DCD              MemManage_Handler 
                                                            ; MPU Fault Handler
                                                            
   65 00000014 00000000        DCD              BusFault_Handler 
                                                            ; Bus Fault Handler
                                                            
   66 00000018 00000000        DCD              UsageFault_Handler ; Usage Faul
                                                            t Handler
   67 0000001C 00000000        DCD              0           ; Reserved
   68 00000020 00000000        DCD              0           ; Reserved
   69 00000024 00000000        DCD              0           ; Reserved
   70 00000028 00000000        DCD              0           ; Reserved
   71 0000002C 00000000        DCD              SVC_Handler ; SVCall Handler
   72 00000030 00000000        DCD              DebugMon_Handler ; Debug Monito
                                                            r Handler
   73 00000034 00000000        DCD              0           ; Reserved
   74 00000038 00000000        DCD              PendSV_Handler ; PendSV Handler
                                                            
   75 0000003C 00000000        DCD              SysTick_Handler 
                                                            ; SysTick Handler
   76 00000040         
   77 00000040         ; External Interrupts
   78 00000040 00000000        DCD              WDT_IRQHandler ; 16: Watchdog T
                                                            imer
   79 00000044 00000000        DCD              TIMER0_IRQHandler ; 17: Timer0
   80 00000048 00000000        DCD              TIMER1_IRQHandler ; 18: Timer1
   81 0000004C 00000000        DCD              TIMER2_IRQHandler ; 19: Timer2
   82 00000050 00000000        DCD              TIMER3_IRQHandler ; 20: Timer3
   83 00000054 00000000        DCD              UART0_IRQHandler ; 21: UART0
   84 00000058 00000000        DCD              UART1_IRQHandler ; 22: UART1



ARM Macro Assembler    Page 3 


   85 0000005C 00000000        DCD              UART2_IRQHandler ; 23: UART2
   86 00000060 00000000        DCD              UART3_IRQHandler ; 24: UART3
   87 00000064 00000000        DCD              PWM1_IRQHandler ; 25: PWM1
   88 00000068 00000000        DCD              I2C0_IRQHandler ; 26: I2C0
   89 0000006C 00000000        DCD              I2C1_IRQHandler ; 27: I2C1
   90 00000070 00000000        DCD              I2C2_IRQHandler ; 28: I2C2
   91 00000074 00000000        DCD              SPI_IRQHandler ; 29: SPI
   92 00000078 00000000        DCD              SSP0_IRQHandler ; 30: SSP0
   93 0000007C 00000000        DCD              SSP1_IRQHandler ; 31: SSP1
   94 00000080 00000000        DCD              PLL0_IRQHandler ; 32: PLL0 Lock
                                                             (Main PLL)
   95 00000084 00000000        DCD              RTC_IRQHandler ; 33: Real Time 
                                                            Clock
   96 00000088 00000000        DCD              EINT0_IRQHandler ; 34: External
                                                             Interrupt 0
   97 0000008C 00000000        DCD              EINT1_IRQHandler ; 35: External
                                                             Interrupt 1
   98 00000090 00000000        DCD              EINT2_IRQHandler ; 36: External
                                                             Interrupt 2
   99 00000094 00000000        DCD              EINT3_IRQHandler ; 37: External
                                                             Interrupt 3
  100 00000098 00000000        DCD              ADC_IRQHandler 
                                                            ; 38: A/D Converter
                                                            
  101 0000009C 00000000        DCD              BOD_IRQHandler ; 39: Brown-Out 
                                                            Detect
  102 000000A0 00000000        DCD              USB_IRQHandler ; 40: USB
  103 000000A4 00000000        DCD              CAN_IRQHandler ; 41: CAN
  104 000000A8 00000000        DCD              DMA_IRQHandler ; 42: General Pu
                                                            rpose DMA
  105 000000AC 00000000        DCD              I2S_IRQHandler ; 43: I2S
  106 000000B0 00000000        DCD              ENET_IRQHandler ; 44: Ethernet
  107 000000B4 00000000        DCD              RIT_IRQHandler ; 45: Repetitive
                                                             Interrupt Timer
  108 000000B8 00000000        DCD              MCPWM_IRQHandler ; 46: Motor Co
                                                            ntrol PWM
  109 000000BC 00000000        DCD              QEI_IRQHandler ; 47: Quadrature
                                                             Encoder Interface
  110 000000C0 00000000        DCD              PLL1_IRQHandler ; 48: PLL1 Lock
                                                             (USB PLL)
  111 000000C4 00000000        DCD              USBActivity_IRQHandler ; 49: US
                                                            B Activity interrup
                                                            t to wakeup
  112 000000C8 00000000        DCD              CANActivity_IRQHandler ; 50: CA
                                                            N Activity interrup
                                                            t to wakeup
  113 000000CC         
  114 000000CC         
  115 000000CC                 IF               :LNOT::DEF:NO_CRP
  116 000000CC                 AREA             |.ARM.__at_0x02FC|, CODE, READO
NLY
  117 00000000 FFFFFFFF 
                       CRP_Key DCD              0xFFFFFFFF
  118 00000004                 ENDIF
  119 00000004         
  120 00000004                 AREA             inputData, DATA, READONLY
  121 00000000 00000004 
              00000014 
              00000006 



ARM Macro Assembler    Page 4 


              0000000F 
              00000007 
              0000000A 
              0000000A 
              00000005 
              00000010 
              00000008 Price_list
                               DCD              0x004, 20, 0x006, 15, 0x007, 10
, 0x00A, 5, 0x010, 8
  122 00000028 00000012 
              00000007 
              00000016 
              00000016 
              00000017 
              00000011 
              00000018 
              00000026 
              0000001A 
              00000016         DCD              0x012, 7, 0x016, 22, 0x017, 17,
 0x018, 38, 0x01A, 22
  123 00000050 0000001B 
              00000022 
              0000001E 
              0000000B 
              00000022 
              00000003 
              00000023 
              00000009 
              00000025 
              00000028         DCD              0x01B, 34, 0x01E, 11, 0x022, 3,
 0x023, 9, 0x025, 40
  124 00000078 00000027 
              0000000C 
              00000028 
              0000000B 
              0000002C 
              0000002D 
              0000002D 
              0000000A 
              00000031 
              00000028         DCD              0x027, 12, 0x028, 11, 0x02C, 45
, 0x02D, 10, 0x031, 40
  125 000000A0 00000033 
              0000002D 
              00000035 
              00000009 
              00000036 
              0000000B 
              00000039 
              0000000C 
              0000003C 
              00000013         DCD              0x033, 45, 0x035, 9, 0x036, 11,
 0x039, 12, 0x03C, 19
  126 000000C8 0000003E 
              00000001 
              00000041 
              00000014 
              00000042 
              0000001E 



ARM Macro Assembler    Page 5 


              00000045 
              0000000C 
              00000047 
              00000007         DCD              0x03E, 1, 0x041, 20, 0x042, 30,
 0x045, 12, 0x047, 7
  127 000000F0         
  128 000000F0 00000022 
              00000004 
              00000006 
              00000001 
              0000003E 
              0000000A 
              00000017 
              00000002 Item_list
                               DCD              0x022, 4, 0x006, 1, 0x03E, 10, 
0x017, 2 
                                                            ; total cost is 71 
                                                            (0x47)
  129 00000110         
  130 00000110         
  131 00000110                 AREA             |.text|, CODE, READONLY
  132 00000000         
  133 00000000         
  134 00000000         ; Reset Handler
  135 00000000         
  136 00000000         Reset_Handler
                               PROC
  137 00000000                 EXPORT           Reset_Handler             [WEAK
]
  138 00000000         
  139 00000000         ; item 1
  140 00000000 4828            LDR              r0, =Price_list
  141 00000002 4929            LDR              r1, =Item_list
  142 00000004 F7FF FFFE       BL               sequentialSearch
  143 00000008         
  144 00000008         ; remove comments to solve item 2
  145 00000008 4826            LDR              r0, =Price_list
  146 0000000A 4927            LDR              r1, =Item_list
  147 0000000C F7FF FFFE       BL               binarySearch
  148 00000010         
  149 00000010         
  150 00000010         
  151 00000010         ; remove comments to solve item 3
  152 00000010         ;IMPORT  SystemInit
  153 00000010         ;IMPORT  __main
  154 00000010         ;LDR     R0, =SystemInit
  155 00000010         ;BLX     R0
  156 00000010         ;LDR     R0, =__main
  157 00000010         ;BX      R0
  158 00000010 E7FE    stop    B                stop
  159 00000012         
  160 00000012         
  161 00000012                 ENDP
  162 00000012         sequentialSearch
                               PROC
  163 00000012 E92D 5FF0       push             {r4-r12,lr}
  164 00000016         
  165 00000016 F04F 0A00       mov              r10,#0      ;counter
  166 0000001A F04F 0B00       mov              r11,#0      ;counter



ARM Macro Assembler    Page 6 


  167 0000001E F04F 0800       mov              r8,#0
  168 00000022 F04F 0900 
                       sumloop mov              r9,#0
  169 00000026         looplbl
  170 00000026         
  171 00000026 F851 5008       ldr              r5,[r1,r8]
  172 0000002A         looplbl2
  173 0000002A F850 6009       ldr              r6,[r0,r9]
  174 0000002E F109 0908       add              r9,#8
  175 00000032 F10B 0B01       add              r11,#1
  176 00000036 F1BB 0F1E       cmp              r11,#m
  177 0000003A D01B            beq              finishloop
  178 0000003C 42B5            cmp              r5,r6
  179 0000003E D1F4            bne              looplbl2
  180 00000040 E003            b                founditem
  181 00000042 E7F2            b                looplbl2
  182 00000044 F108 0808       add              r8,#8
  183 00000048 E7ED            b                looplbl
  184 0000004A         founditem
  185 0000004A F04F 0B00       mov              r11,#0
  186 0000004E F1A9 0904       sub              r9,#4
  187 00000052 F108 0804       add              r8,#4
  188 00000056 F850 5009       ldr              r5,[r0,r9]
  189 0000005A F851 6008       ldr              r6,[r1,r8]
  190 0000005E F108 0804       add              r8,#4
  191 00000062 FB05 F506       mul              r5,r5,r6
  192 00000066 44AC            add              r12,r5
  193 00000068         
  194 00000068 F10A 0A01       add              r10,#1
  195 0000006C F1BA 0F04       cmp              r10,#n
  196 00000070 F7FF FFD7       bl               sumloop
  197 00000074         finishloop
  198 00000074 4660            mov              r0,r12
  199 00000076 E8BD 9FF0       pop              {r4-r12,pc}
  200 0000007A                 ENDP
  201 0000007A         
  202 0000007A         binarySearch
                               PROC
  203 0000007A E92D 43F0       push             {r4-r9,lr}
  204 0000007E         
  205 0000007E         
  206 0000007E E8BD 83F0       pop              {r4-r9,pc}
  207 00000082                 ENDP
  208 00000082         
  209 00000082         ; Dummy Exception Handlers (infinite loops which can be 
                       modified)
  210 00000082         
  211 00000082         NMI_Handler
                               PROC
  212 00000082                 EXPORT           NMI_Handler               [WEAK
]
  213 00000082 E7FE            B                .
  214 00000084                 ENDP
  216 00000084         HardFault_Handler
                               PROC
  217 00000084                 EXPORT           HardFault_Handler         [WEAK
]
  218 00000084 E7FE            B                .
  219 00000086                 ENDP



ARM Macro Assembler    Page 7 


  221 00000086         MemManage_Handler
                               PROC
  222 00000086                 EXPORT           MemManage_Handler         [WEAK
]
  223 00000086 E7FE            B                .
  224 00000088                 ENDP
  226 00000088         BusFault_Handler
                               PROC
  227 00000088                 EXPORT           BusFault_Handler          [WEAK
]
  228 00000088 E7FE            B                .
  229 0000008A                 ENDP
  231 0000008A         UsageFault_Handler
                               PROC
  232 0000008A                 EXPORT           UsageFault_Handler        [WEAK
]
  233 0000008A E7FE            B                .
  234 0000008C                 ENDP
  235 0000008C         SVC_Handler
                               PROC
  236 0000008C                 EXPORT           SVC_Handler               [WEAK
]
  237 0000008C E7FE            B                .
  238 0000008E                 ENDP
  240 0000008E         DebugMon_Handler
                               PROC
  241 0000008E                 EXPORT           DebugMon_Handler          [WEAK
]
  242 0000008E E7FE            B                .
  243 00000090                 ENDP
  244 00000090         PendSV_Handler
                               PROC
  245 00000090                 EXPORT           PendSV_Handler            [WEAK
]
  246 00000090 E7FE            B                .
  247 00000092                 ENDP
  248 00000092         SysTick_Handler
                               PROC
  249 00000092                 EXPORT           SysTick_Handler           [WEAK
]
  250 00000092 E7FE            B                .
  251 00000094                 ENDP
  252 00000094         
  253 00000094         Default_Handler
                               PROC
  254 00000094         
  255 00000094                 EXPORT           WDT_IRQHandler            [WEAK
]
  256 00000094                 EXPORT           TIMER0_IRQHandler         [WEAK
]
  257 00000094                 EXPORT           TIMER1_IRQHandler         [WEAK
]
  258 00000094                 EXPORT           TIMER2_IRQHandler         [WEAK
]
  259 00000094                 EXPORT           TIMER3_IRQHandler         [WEAK
]
  260 00000094                 EXPORT           UART0_IRQHandler          [WEAK
]
  261 00000094                 EXPORT           UART1_IRQHandler          [WEAK



ARM Macro Assembler    Page 8 


]
  262 00000094                 EXPORT           UART2_IRQHandler          [WEAK
]
  263 00000094                 EXPORT           UART3_IRQHandler          [WEAK
]
  264 00000094                 EXPORT           PWM1_IRQHandler           [WEAK
]
  265 00000094                 EXPORT           I2C0_IRQHandler           [WEAK
]
  266 00000094                 EXPORT           I2C1_IRQHandler           [WEAK
]
  267 00000094                 EXPORT           I2C2_IRQHandler           [WEAK
]
  268 00000094                 EXPORT           SPI_IRQHandler            [WEAK
]
  269 00000094                 EXPORT           SSP0_IRQHandler           [WEAK
]
  270 00000094                 EXPORT           SSP1_IRQHandler           [WEAK
]
  271 00000094                 EXPORT           PLL0_IRQHandler           [WEAK
]
  272 00000094                 EXPORT           RTC_IRQHandler            [WEAK
]
  273 00000094                 EXPORT           EINT0_IRQHandler          [WEAK
]
  274 00000094                 EXPORT           EINT1_IRQHandler          [WEAK
]
  275 00000094                 EXPORT           EINT2_IRQHandler          [WEAK
]
  276 00000094                 EXPORT           EINT3_IRQHandler          [WEAK
]
  277 00000094                 EXPORT           ADC_IRQHandler            [WEAK
]
  278 00000094                 EXPORT           BOD_IRQHandler            [WEAK
]
  279 00000094                 EXPORT           USB_IRQHandler            [WEAK
]
  280 00000094                 EXPORT           CAN_IRQHandler            [WEAK
]
  281 00000094                 EXPORT           DMA_IRQHandler            [WEAK
]
  282 00000094                 EXPORT           I2S_IRQHandler            [WEAK
]
  283 00000094                 EXPORT           ENET_IRQHandler           [WEAK
]
  284 00000094                 EXPORT           RIT_IRQHandler            [WEAK
]
  285 00000094                 EXPORT           MCPWM_IRQHandler          [WEAK
]
  286 00000094                 EXPORT           QEI_IRQHandler            [WEAK
]
  287 00000094                 EXPORT           PLL1_IRQHandler           [WEAK
]
  288 00000094                 EXPORT           USBActivity_IRQHandler    [WEAK
]
  289 00000094                 EXPORT           CANActivity_IRQHandler    [WEAK
]
  290 00000094         
  291 00000094         WDT_IRQHandler



ARM Macro Assembler    Page 9 


  292 00000094         TIMER0_IRQHandler
  293 00000094         TIMER1_IRQHandler
  294 00000094         TIMER2_IRQHandler
  295 00000094         TIMER3_IRQHandler
  296 00000094         UART0_IRQHandler
  297 00000094         UART1_IRQHandler
  298 00000094         UART2_IRQHandler
  299 00000094         UART3_IRQHandler
  300 00000094         PWM1_IRQHandler
  301 00000094         I2C0_IRQHandler
  302 00000094         I2C1_IRQHandler
  303 00000094         I2C2_IRQHandler
  304 00000094         SPI_IRQHandler
  305 00000094         SSP0_IRQHandler
  306 00000094         SSP1_IRQHandler
  307 00000094         PLL0_IRQHandler
  308 00000094         RTC_IRQHandler
  309 00000094         EINT0_IRQHandler
  310 00000094         EINT1_IRQHandler
  311 00000094         EINT2_IRQHandler
  312 00000094         EINT3_IRQHandler
  313 00000094         ADC_IRQHandler
  314 00000094         BOD_IRQHandler
  315 00000094         USB_IRQHandler
  316 00000094         CAN_IRQHandler
  317 00000094         DMA_IRQHandler
  318 00000094         I2S_IRQHandler
  319 00000094         ENET_IRQHandler
  320 00000094         RIT_IRQHandler
  321 00000094         MCPWM_IRQHandler
  322 00000094         QEI_IRQHandler
  323 00000094         PLL1_IRQHandler
  324 00000094         USBActivity_IRQHandler
  325 00000094         CANActivity_IRQHandler
  326 00000094         
  327 00000094 E7FE            B                .
  328 00000096         
  329 00000096                 ENDP
  330 00000096         
  331 00000096         
  332 00000096 00 00           ALIGN
  333 00000098         
  334 00000098         
  335 00000098         ; User Initial Stack & Heap
  336 00000098         
  337 00000098                 IF               :DEF:__MICROLIB
  344 00000098         
  345 00000098                 IMPORT           __use_two_region_memory
  346 00000098                 EXPORT           __user_initial_stackheap
  347 00000098         __user_initial_stackheap
  348 00000098         
  349 00000098 4804            LDR              R0, =  Heap_Mem
  350 0000009A 4905            LDR              R1, =(Stack_Mem + Stack_Size)
  351 0000009C 4A03            LDR              R2, = (Heap_Mem +  Heap_Size)
  352 0000009E 4B05            LDR              R3, = Stack_Mem
  353 000000A0 4770            BX               LR
  354 000000A2         
  355 000000A2 00 00           ALIGN
  356 000000A4         



ARM Macro Assembler    Page 10 


  357 000000A4                 ENDIF
  358 000000A4         
  359 000000A4         
  360 000000A4                 END
              00000000 
              00000000 
              00000000 
              00000200 
              00000000 
Command Line: --debug --xref --diag_suppress=9931 --cpu=Cortex-M3 --apcs=interw
ork --depend=.\objects\startup_lpc17xx.d -o.\objects\startup_lpc17xx.o -I.\RTE\
Device\LPC1768 -I.\RTE\_Target_1 -IC:\Keil_v5\ARM\PACK\ARM\CMSIS\5.5.1\CMSIS\Co
re\Include -IC:\Keil_v5\ARM\PACK\Keil\LPC1700_DFP\2.6.0\Device\Include --predef
ine="__EVAL SETA 1" --predefine="__UVISION_VERSION SETA 528" --predefine="_RTE_
 SETA 1" --predefine="LPC175x_6x SETA 1" --list=.\listings\startup_lpc17xx.lst 
RTE\Device\LPC1768\startup_LPC17xx.s



ARM Macro Assembler    Page 1 Alphabetic symbol ordering
Relocatable symbols

STACK 00000000

Symbol: STACK
   Definitions
      At line 33 in file RTE\Device\LPC1768\startup_LPC17xx.s
   Uses
      None
Comment: STACK unused
Stack_Mem 00000000

Symbol: Stack_Mem
   Definitions
      At line 34 in file RTE\Device\LPC1768\startup_LPC17xx.s
   Uses
      At line 350 in file RTE\Device\LPC1768\startup_LPC17xx.s
      At line 352 in file RTE\Device\LPC1768\startup_LPC17xx.s

__initial_sp 00000200

Symbol: __initial_sp
   Definitions
      At line 35 in file RTE\Device\LPC1768\startup_LPC17xx.s
   Uses
      At line 60 in file RTE\Device\LPC1768\startup_LPC17xx.s
Comment: __initial_sp used once
3 symbols



ARM Macro Assembler    Page 1 Alphabetic symbol ordering
Relocatable symbols

HEAP 00000000

Symbol: HEAP
   Definitions
      At line 45 in file RTE\Device\LPC1768\startup_LPC17xx.s
   Uses
      None
Comment: HEAP unused
Heap_Mem 00000000

Symbol: Heap_Mem
   Definitions
      At line 47 in file RTE\Device\LPC1768\startup_LPC17xx.s
   Uses
      At line 349 in file RTE\Device\LPC1768\startup_LPC17xx.s
      At line 351 in file RTE\Device\LPC1768\startup_LPC17xx.s

__heap_base 00000000

Symbol: __heap_base
   Definitions
      At line 46 in file RTE\Device\LPC1768\startup_LPC17xx.s
   Uses
      None
Comment: __heap_base unused
__heap_limit 00000000

Symbol: __heap_limit
   Definitions
      At line 48 in file RTE\Device\LPC1768\startup_LPC17xx.s
   Uses
      None
Comment: __heap_limit unused
4 symbols



ARM Macro Assembler    Page 1 Alphabetic symbol ordering
Relocatable symbols

RESET 00000000

Symbol: RESET
   Definitions
      At line 57 in file RTE\Device\LPC1768\startup_LPC17xx.s
   Uses
      None
Comment: RESET unused
__Vectors 00000000

Symbol: __Vectors
   Definitions
      At line 60 in file RTE\Device\LPC1768\startup_LPC17xx.s
   Uses
      At line 58 in file RTE\Device\LPC1768\startup_LPC17xx.s
Comment: __Vectors used once
2 symbols



ARM Macro Assembler    Page 1 Alphabetic symbol ordering
Relocatable symbols

.ARM.__at_0x02FC 00000000

Symbol: .ARM.__at_0x02FC
   Definitions
      At line 116 in file RTE\Device\LPC1768\startup_LPC17xx.s
   Uses
      None
Comment: .ARM.__at_0x02FC unused
CRP_Key 00000000

Symbol: CRP_Key
   Definitions
      At line 117 in file RTE\Device\LPC1768\startup_LPC17xx.s
   Uses
      None
Comment: CRP_Key unused
2 symbols



ARM Macro Assembler    Page 1 Alphabetic symbol ordering
Relocatable symbols

Item_list 000000F0

Symbol: Item_list
   Definitions
      At line 128 in file RTE\Device\LPC1768\startup_LPC17xx.s
   Uses
      At line 141 in file RTE\Device\LPC1768\startup_LPC17xx.s
      At line 146 in file RTE\Device\LPC1768\startup_LPC17xx.s

Price_list 00000000

Symbol: Price_list
   Definitions
      At line 121 in file RTE\Device\LPC1768\startup_LPC17xx.s
   Uses
      At line 140 in file RTE\Device\LPC1768\startup_LPC17xx.s
      At line 145 in file RTE\Device\LPC1768\startup_LPC17xx.s

inputData 00000000

Symbol: inputData
   Definitions
      At line 120 in file RTE\Device\LPC1768\startup_LPC17xx.s
   Uses
      None
Comment: inputData unused
3 symbols



ARM Macro Assembler    Page 1 Alphabetic symbol ordering
Relocatable symbols

.text 00000000

Symbol: .text
   Definitions
      At line 131 in file RTE\Device\LPC1768\startup_LPC17xx.s
   Uses
      None
Comment: .text unused
ADC_IRQHandler 00000094

Symbol: ADC_IRQHandler
   Definitions
      At line 313 in file RTE\Device\LPC1768\startup_LPC17xx.s
   Uses
      At line 100 in file RTE\Device\LPC1768\startup_LPC17xx.s
      At line 277 in file RTE\Device\LPC1768\startup_LPC17xx.s

BOD_IRQHandler 00000094

Symbol: BOD_IRQHandler
   Definitions
      At line 314 in file RTE\Device\LPC1768\startup_LPC17xx.s
   Uses
      At line 101 in file RTE\Device\LPC1768\startup_LPC17xx.s
      At line 278 in file RTE\Device\LPC1768\startup_LPC17xx.s

BusFault_Handler 00000088

Symbol: BusFault_Handler
   Definitions
      At line 226 in file RTE\Device\LPC1768\startup_LPC17xx.s
   Uses
      At line 65 in file RTE\Device\LPC1768\startup_LPC17xx.s
      At line 227 in file RTE\Device\LPC1768\startup_LPC17xx.s

CANActivity_IRQHandler 00000094

Symbol: CANActivity_IRQHandler
   Definitions
      At line 325 in file RTE\Device\LPC1768\startup_LPC17xx.s
   Uses
      At line 112 in file RTE\Device\LPC1768\startup_LPC17xx.s
      At line 289 in file RTE\Device\LPC1768\startup_LPC17xx.s

CAN_IRQHandler 00000094

Symbol: CAN_IRQHandler
   Definitions
      At line 316 in file RTE\Device\LPC1768\startup_LPC17xx.s
   Uses
      At line 103 in file RTE\Device\LPC1768\startup_LPC17xx.s
      At line 280 in file RTE\Device\LPC1768\startup_LPC17xx.s

DMA_IRQHandler 00000094

Symbol: DMA_IRQHandler
   Definitions
      At line 317 in file RTE\Device\LPC1768\startup_LPC17xx.s
   Uses



ARM Macro Assembler    Page 2 Alphabetic symbol ordering
Relocatable symbols

      At line 104 in file RTE\Device\LPC1768\startup_LPC17xx.s
      At line 281 in file RTE\Device\LPC1768\startup_LPC17xx.s

DebugMon_Handler 0000008E

Symbol: DebugMon_Handler
   Definitions
      At line 240 in file RTE\Device\LPC1768\startup_LPC17xx.s
   Uses
      At line 72 in file RTE\Device\LPC1768\startup_LPC17xx.s
      At line 241 in file RTE\Device\LPC1768\startup_LPC17xx.s

Default_Handler 00000094

Symbol: Default_Handler
   Definitions
      At line 253 in file RTE\Device\LPC1768\startup_LPC17xx.s
   Uses
      None
Comment: Default_Handler unused
EINT0_IRQHandler 00000094

Symbol: EINT0_IRQHandler
   Definitions
      At line 309 in file RTE\Device\LPC1768\startup_LPC17xx.s
   Uses
      At line 96 in file RTE\Device\LPC1768\startup_LPC17xx.s
      At line 273 in file RTE\Device\LPC1768\startup_LPC17xx.s

EINT1_IRQHandler 00000094

Symbol: EINT1_IRQHandler
   Definitions
      At line 310 in file RTE\Device\LPC1768\startup_LPC17xx.s
   Uses
      At line 97 in file RTE\Device\LPC1768\startup_LPC17xx.s
      At line 274 in file RTE\Device\LPC1768\startup_LPC17xx.s

EINT2_IRQHandler 00000094

Symbol: EINT2_IRQHandler
   Definitions
      At line 311 in file RTE\Device\LPC1768\startup_LPC17xx.s
   Uses
      At line 98 in file RTE\Device\LPC1768\startup_LPC17xx.s
      At line 275 in file RTE\Device\LPC1768\startup_LPC17xx.s

EINT3_IRQHandler 00000094

Symbol: EINT3_IRQHandler
   Definitions
      At line 312 in file RTE\Device\LPC1768\startup_LPC17xx.s
   Uses
      At line 99 in file RTE\Device\LPC1768\startup_LPC17xx.s
      At line 276 in file RTE\Device\LPC1768\startup_LPC17xx.s

ENET_IRQHandler 00000094

Symbol: ENET_IRQHandler



ARM Macro Assembler    Page 3 Alphabetic symbol ordering
Relocatable symbols

   Definitions
      At line 319 in file RTE\Device\LPC1768\startup_LPC17xx.s
   Uses
      At line 106 in file RTE\Device\LPC1768\startup_LPC17xx.s
      At line 283 in file RTE\Device\LPC1768\startup_LPC17xx.s

HardFault_Handler 00000084

Symbol: HardFault_Handler
   Definitions
      At line 216 in file RTE\Device\LPC1768\startup_LPC17xx.s
   Uses
      At line 63 in file RTE\Device\LPC1768\startup_LPC17xx.s
      At line 217 in file RTE\Device\LPC1768\startup_LPC17xx.s

I2C0_IRQHandler 00000094

Symbol: I2C0_IRQHandler
   Definitions
      At line 301 in file RTE\Device\LPC1768\startup_LPC17xx.s
   Uses
      At line 88 in file RTE\Device\LPC1768\startup_LPC17xx.s
      At line 265 in file RTE\Device\LPC1768\startup_LPC17xx.s

I2C1_IRQHandler 00000094

Symbol: I2C1_IRQHandler
   Definitions
      At line 302 in file RTE\Device\LPC1768\startup_LPC17xx.s
   Uses
      At line 89 in file RTE\Device\LPC1768\startup_LPC17xx.s
      At line 266 in file RTE\Device\LPC1768\startup_LPC17xx.s

I2C2_IRQHandler 00000094

Symbol: I2C2_IRQHandler
   Definitions
      At line 303 in file RTE\Device\LPC1768\startup_LPC17xx.s
   Uses
      At line 90 in file RTE\Device\LPC1768\startup_LPC17xx.s
      At line 267 in file RTE\Device\LPC1768\startup_LPC17xx.s

I2S_IRQHandler 00000094

Symbol: I2S_IRQHandler
   Definitions
      At line 318 in file RTE\Device\LPC1768\startup_LPC17xx.s
   Uses
      At line 105 in file RTE\Device\LPC1768\startup_LPC17xx.s
      At line 282 in file RTE\Device\LPC1768\startup_LPC17xx.s

MCPWM_IRQHandler 00000094

Symbol: MCPWM_IRQHandler
   Definitions
      At line 321 in file RTE\Device\LPC1768\startup_LPC17xx.s
   Uses
      At line 108 in file RTE\Device\LPC1768\startup_LPC17xx.s
      At line 285 in file RTE\Device\LPC1768\startup_LPC17xx.s



ARM Macro Assembler    Page 4 Alphabetic symbol ordering
Relocatable symbols


MemManage_Handler 00000086

Symbol: MemManage_Handler
   Definitions
      At line 221 in file RTE\Device\LPC1768\startup_LPC17xx.s
   Uses
      At line 64 in file RTE\Device\LPC1768\startup_LPC17xx.s
      At line 222 in file RTE\Device\LPC1768\startup_LPC17xx.s

NMI_Handler 00000082

Symbol: NMI_Handler
   Definitions
      At line 211 in file RTE\Device\LPC1768\startup_LPC17xx.s
   Uses
      At line 62 in file RTE\Device\LPC1768\startup_LPC17xx.s
      At line 212 in file RTE\Device\LPC1768\startup_LPC17xx.s

PLL0_IRQHandler 00000094

Symbol: PLL0_IRQHandler
   Definitions
      At line 307 in file RTE\Device\LPC1768\startup_LPC17xx.s
   Uses
      At line 94 in file RTE\Device\LPC1768\startup_LPC17xx.s
      At line 271 in file RTE\Device\LPC1768\startup_LPC17xx.s

PLL1_IRQHandler 00000094

Symbol: PLL1_IRQHandler
   Definitions
      At line 323 in file RTE\Device\LPC1768\startup_LPC17xx.s
   Uses
      At line 110 in file RTE\Device\LPC1768\startup_LPC17xx.s
      At line 287 in file RTE\Device\LPC1768\startup_LPC17xx.s

PWM1_IRQHandler 00000094

Symbol: PWM1_IRQHandler
   Definitions
      At line 300 in file RTE\Device\LPC1768\startup_LPC17xx.s
   Uses
      At line 87 in file RTE\Device\LPC1768\startup_LPC17xx.s
      At line 264 in file RTE\Device\LPC1768\startup_LPC17xx.s

PendSV_Handler 00000090

Symbol: PendSV_Handler
   Definitions
      At line 244 in file RTE\Device\LPC1768\startup_LPC17xx.s
   Uses
      At line 74 in file RTE\Device\LPC1768\startup_LPC17xx.s
      At line 245 in file RTE\Device\LPC1768\startup_LPC17xx.s

QEI_IRQHandler 00000094

Symbol: QEI_IRQHandler
   Definitions



ARM Macro Assembler    Page 5 Alphabetic symbol ordering
Relocatable symbols

      At line 322 in file RTE\Device\LPC1768\startup_LPC17xx.s
   Uses
      At line 109 in file RTE\Device\LPC1768\startup_LPC17xx.s
      At line 286 in file RTE\Device\LPC1768\startup_LPC17xx.s

RIT_IRQHandler 00000094

Symbol: RIT_IRQHandler
   Definitions
      At line 320 in file RTE\Device\LPC1768\startup_LPC17xx.s
   Uses
      At line 107 in file RTE\Device\LPC1768\startup_LPC17xx.s
      At line 284 in file RTE\Device\LPC1768\startup_LPC17xx.s

RTC_IRQHandler 00000094

Symbol: RTC_IRQHandler
   Definitions
      At line 308 in file RTE\Device\LPC1768\startup_LPC17xx.s
   Uses
      At line 95 in file RTE\Device\LPC1768\startup_LPC17xx.s
      At line 272 in file RTE\Device\LPC1768\startup_LPC17xx.s

Reset_Handler 00000000

Symbol: Reset_Handler
   Definitions
      At line 136 in file RTE\Device\LPC1768\startup_LPC17xx.s
   Uses
      At line 61 in file RTE\Device\LPC1768\startup_LPC17xx.s
      At line 137 in file RTE\Device\LPC1768\startup_LPC17xx.s

SPI_IRQHandler 00000094

Symbol: SPI_IRQHandler
   Definitions
      At line 304 in file RTE\Device\LPC1768\startup_LPC17xx.s
   Uses
      At line 91 in file RTE\Device\LPC1768\startup_LPC17xx.s
      At line 268 in file RTE\Device\LPC1768\startup_LPC17xx.s

SSP0_IRQHandler 00000094

Symbol: SSP0_IRQHandler
   Definitions
      At line 305 in file RTE\Device\LPC1768\startup_LPC17xx.s
   Uses
      At line 92 in file RTE\Device\LPC1768\startup_LPC17xx.s
      At line 269 in file RTE\Device\LPC1768\startup_LPC17xx.s

SSP1_IRQHandler 00000094

Symbol: SSP1_IRQHandler
   Definitions
      At line 306 in file RTE\Device\LPC1768\startup_LPC17xx.s
   Uses
      At line 93 in file RTE\Device\LPC1768\startup_LPC17xx.s
      At line 270 in file RTE\Device\LPC1768\startup_LPC17xx.s




ARM Macro Assembler    Page 6 Alphabetic symbol ordering
Relocatable symbols

SVC_Handler 0000008C

Symbol: SVC_Handler
   Definitions
      At line 235 in file RTE\Device\LPC1768\startup_LPC17xx.s
   Uses
      At line 71 in file RTE\Device\LPC1768\startup_LPC17xx.s
      At line 236 in file RTE\Device\LPC1768\startup_LPC17xx.s

SysTick_Handler 00000092

Symbol: SysTick_Handler
   Definitions
      At line 248 in file RTE\Device\LPC1768\startup_LPC17xx.s
   Uses
      At line 75 in file RTE\Device\LPC1768\startup_LPC17xx.s
      At line 249 in file RTE\Device\LPC1768\startup_LPC17xx.s

TIMER0_IRQHandler 00000094

Symbol: TIMER0_IRQHandler
   Definitions
      At line 292 in file RTE\Device\LPC1768\startup_LPC17xx.s
   Uses
      At line 79 in file RTE\Device\LPC1768\startup_LPC17xx.s
      At line 256 in file RTE\Device\LPC1768\startup_LPC17xx.s

TIMER1_IRQHandler 00000094

Symbol: TIMER1_IRQHandler
   Definitions
      At line 293 in file RTE\Device\LPC1768\startup_LPC17xx.s
   Uses
      At line 80 in file RTE\Device\LPC1768\startup_LPC17xx.s
      At line 257 in file RTE\Device\LPC1768\startup_LPC17xx.s

TIMER2_IRQHandler 00000094

Symbol: TIMER2_IRQHandler
   Definitions
      At line 294 in file RTE\Device\LPC1768\startup_LPC17xx.s
   Uses
      At line 81 in file RTE\Device\LPC1768\startup_LPC17xx.s
      At line 258 in file RTE\Device\LPC1768\startup_LPC17xx.s

TIMER3_IRQHandler 00000094

Symbol: TIMER3_IRQHandler
   Definitions
      At line 295 in file RTE\Device\LPC1768\startup_LPC17xx.s
   Uses
      At line 82 in file RTE\Device\LPC1768\startup_LPC17xx.s
      At line 259 in file RTE\Device\LPC1768\startup_LPC17xx.s

UART0_IRQHandler 00000094

Symbol: UART0_IRQHandler
   Definitions
      At line 296 in file RTE\Device\LPC1768\startup_LPC17xx.s



ARM Macro Assembler    Page 7 Alphabetic symbol ordering
Relocatable symbols

   Uses
      At line 83 in file RTE\Device\LPC1768\startup_LPC17xx.s
      At line 260 in file RTE\Device\LPC1768\startup_LPC17xx.s

UART1_IRQHandler 00000094

Symbol: UART1_IRQHandler
   Definitions
      At line 297 in file RTE\Device\LPC1768\startup_LPC17xx.s
   Uses
      At line 84 in file RTE\Device\LPC1768\startup_LPC17xx.s
      At line 261 in file RTE\Device\LPC1768\startup_LPC17xx.s

UART2_IRQHandler 00000094

Symbol: UART2_IRQHandler
   Definitions
      At line 298 in file RTE\Device\LPC1768\startup_LPC17xx.s
   Uses
      At line 85 in file RTE\Device\LPC1768\startup_LPC17xx.s
      At line 262 in file RTE\Device\LPC1768\startup_LPC17xx.s

UART3_IRQHandler 00000094

Symbol: UART3_IRQHandler
   Definitions
      At line 299 in file RTE\Device\LPC1768\startup_LPC17xx.s
   Uses
      At line 86 in file RTE\Device\LPC1768\startup_LPC17xx.s
      At line 263 in file RTE\Device\LPC1768\startup_LPC17xx.s

USBActivity_IRQHandler 00000094

Symbol: USBActivity_IRQHandler
   Definitions
      At line 324 in file RTE\Device\LPC1768\startup_LPC17xx.s
   Uses
      At line 111 in file RTE\Device\LPC1768\startup_LPC17xx.s
      At line 288 in file RTE\Device\LPC1768\startup_LPC17xx.s

USB_IRQHandler 00000094

Symbol: USB_IRQHandler
   Definitions
      At line 315 in file RTE\Device\LPC1768\startup_LPC17xx.s
   Uses
      At line 102 in file RTE\Device\LPC1768\startup_LPC17xx.s
      At line 279 in file RTE\Device\LPC1768\startup_LPC17xx.s

UsageFault_Handler 0000008A

Symbol: UsageFault_Handler
   Definitions
      At line 231 in file RTE\Device\LPC1768\startup_LPC17xx.s
   Uses
      At line 66 in file RTE\Device\LPC1768\startup_LPC17xx.s
      At line 232 in file RTE\Device\LPC1768\startup_LPC17xx.s

WDT_IRQHandler 00000094



ARM Macro Assembler    Page 8 Alphabetic symbol ordering
Relocatable symbols


Symbol: WDT_IRQHandler
   Definitions
      At line 291 in file RTE\Device\LPC1768\startup_LPC17xx.s
   Uses
      At line 78 in file RTE\Device\LPC1768\startup_LPC17xx.s
      At line 255 in file RTE\Device\LPC1768\startup_LPC17xx.s

__user_initial_stackheap 00000098

Symbol: __user_initial_stackheap
   Definitions
      At line 347 in file RTE\Device\LPC1768\startup_LPC17xx.s
   Uses
      At line 346 in file RTE\Device\LPC1768\startup_LPC17xx.s
Comment: __user_initial_stackheap used once
binarySearch 0000007A

Symbol: binarySearch
   Definitions
      At line 202 in file RTE\Device\LPC1768\startup_LPC17xx.s
   Uses
      At line 147 in file RTE\Device\LPC1768\startup_LPC17xx.s
Comment: binarySearch used once
finishloop 00000074

Symbol: finishloop
   Definitions
      At line 197 in file RTE\Device\LPC1768\startup_LPC17xx.s
   Uses
      At line 177 in file RTE\Device\LPC1768\startup_LPC17xx.s
Comment: finishloop used once
founditem 0000004A

Symbol: founditem
   Definitions
      At line 184 in file RTE\Device\LPC1768\startup_LPC17xx.s
   Uses
      At line 180 in file RTE\Device\LPC1768\startup_LPC17xx.s
Comment: founditem used once
looplbl 00000026

Symbol: looplbl
   Definitions
      At line 169 in file RTE\Device\LPC1768\startup_LPC17xx.s
   Uses
      At line 183 in file RTE\Device\LPC1768\startup_LPC17xx.s
Comment: looplbl used once
looplbl2 0000002A

Symbol: looplbl2
   Definitions
      At line 172 in file RTE\Device\LPC1768\startup_LPC17xx.s
   Uses
      At line 179 in file RTE\Device\LPC1768\startup_LPC17xx.s
      At line 181 in file RTE\Device\LPC1768\startup_LPC17xx.s

sequentialSearch 00000012




ARM Macro Assembler    Page 9 Alphabetic symbol ordering
Relocatable symbols

Symbol: sequentialSearch
   Definitions
      At line 162 in file RTE\Device\LPC1768\startup_LPC17xx.s
   Uses
      At line 142 in file RTE\Device\LPC1768\startup_LPC17xx.s
Comment: sequentialSearch used once
stop 00000010

Symbol: stop
   Definitions
      At line 158 in file RTE\Device\LPC1768\startup_LPC17xx.s
   Uses
      At line 158 in file RTE\Device\LPC1768\startup_LPC17xx.s
Comment: stop used once
sumloop 00000022

Symbol: sumloop
   Definitions
      At line 168 in file RTE\Device\LPC1768\startup_LPC17xx.s
   Uses
      At line 196 in file RTE\Device\LPC1768\startup_LPC17xx.s
Comment: sumloop used once
56 symbols



ARM Macro Assembler    Page 1 Alphabetic symbol ordering
Absolute symbols

Heap_Size 00000000

Symbol: Heap_Size
   Definitions
      At line 43 in file RTE\Device\LPC1768\startup_LPC17xx.s
   Uses
      At line 47 in file RTE\Device\LPC1768\startup_LPC17xx.s
      At line 351 in file RTE\Device\LPC1768\startup_LPC17xx.s

Stack_Size 00000200

Symbol: Stack_Size
   Definitions
      At line 31 in file RTE\Device\LPC1768\startup_LPC17xx.s
   Uses
      At line 34 in file RTE\Device\LPC1768\startup_LPC17xx.s
      At line 350 in file RTE\Device\LPC1768\startup_LPC17xx.s

m 0000001E

Symbol: m
   Definitions
      At line 41 in file RTE\Device\LPC1768\startup_LPC17xx.s
   Uses
      At line 176 in file RTE\Device\LPC1768\startup_LPC17xx.s
Comment: m used once
n 00000004

Symbol: n
   Definitions
      At line 42 in file RTE\Device\LPC1768\startup_LPC17xx.s
   Uses
      At line 195 in file RTE\Device\LPC1768\startup_LPC17xx.s
Comment: n used once
4 symbols



ARM Macro Assembler    Page 1 Alphabetic symbol ordering
External symbols

__use_two_region_memory 00000000

Symbol: __use_two_region_memory
   Definitions
      At line 345 in file RTE\Device\LPC1768\startup_LPC17xx.s
   Uses
      None
Comment: __use_two_region_memory unused
1 symbol
415 symbols in table
