


ARM Macro Assembler    Page 1 


    1 00000000         ;/******************************************************
                       ********************//**
    2 00000000         ; * @file     startup_LPC17xx.s
    3 00000000         ; * @brief    CMSIS Cortex-M3 Core Device Startup File f
                       or
    4 00000000         ; *           NXP LPC17xx Device Series
    5 00000000         ; * @version  V1.10
    6 00000000         ; * @date     06. April 2011
    7 00000000         ; *
    8 00000000         ; * @note
    9 00000000         ; * Copyright (C) 2009-2011 ARM Limited. All rights rese
                       rved.
   10 00000000         ; *
   11 00000000         ; * @par
   12 00000000         ; * ARM Limited (ARM) is supplying this software for use
                        with Cortex-M
   13 00000000         ; * processor based microcontrollers.  This file can be 
                       freely distributed
   14 00000000         ; * within development tools that are supporting such AR
                       M based processors.
   15 00000000         ; *
   16 00000000         ; * @par
   17 00000000         ; * THIS SOFTWARE IS PROVIDED "AS IS".  NO WARRANTIES, W
                       HETHER EXPRESS, IMPLIED
   18 00000000         ; * OR STATUTORY, INCLUDING, BUT NOT LIMITED TO, IMPLIED
                        WARRANTIES OF
   19 00000000         ; * MERCHANTABILITY AND FITNESS FOR A PARTICULAR PURPOSE
                        APPLY TO THIS SOFTWARE.
   20 00000000         ; * ARM SHALL NOT, IN ANY CIRCUMSTANCES, BE LIABLE FOR S
                       PECIAL, INCIDENTAL, OR
   21 00000000         ; * CONSEQUENTIAL DAMAGES, FOR ANY REASON WHATSOEVER.
   22 00000000         ; *
   23 00000000         ; ******************************************************
                       ************************/
   24 00000000         
   25 00000000         ; *------- <<< Use Configuration Wizard in Context Menu 
                       >>> ------------------
   26 00000000         
   27 00000000         ; <h> Stack Configuration
   28 00000000         ;   <o> Stack Size (in Bytes) <0x0-0xFFFFFFFF:8>
   29 00000000         ; </h>
   30 00000000         
   31 00000000 00000200 
                       Stack_Size
                               EQU              0x00000200
   32 00000000         
   33 00000000                 AREA             STACK, NOINIT, READWRITE, ALIGN
=3
   34 00000000         Stack_Mem
                               SPACE            Stack_Size
   35 00000200         __initial_sp
   36 00000200         
   37 00000200         
   38 00000200         ; <h> Heap Configuration
   39 00000200         ;   <o>  Heap Size (in Bytes) <0x0-0xFFFFFFFF:8>
   40 00000200         ; </h>
   41 00000200         
   42 00000200 00000000 
                       Heap_Size



ARM Macro Assembler    Page 2 


                               EQU              0x00000000
   43 00000200         
   44 00000200                 AREA             HEAP, NOINIT, READWRITE, ALIGN=
3
   45 00000000         __heap_base
   46 00000000         Heap_Mem
                               SPACE            Heap_Size
   47 00000000         __heap_limit
   48 00000000         
   49 00000000         
   50 00000000                 PRESERVE8
   51 00000000                 THUMB
   52 00000000         
   53 00000000         
   54 00000000         ; Vector Table Mapped to Address 0 at Reset
   55 00000000         
   56 00000000                 AREA             RESET, DATA, READONLY
   57 00000000                 EXPORT           __Vectors
   58 00000000         
   59 00000000 00000000 
                       __Vectors
                               DCD              __initial_sp ; Top of Stack
   60 00000004 00000000        DCD              Reset_Handler ; Reset Handler
   61 00000008 00000000        DCD              NMI_Handler ; NMI Handler
   62 0000000C 00000000        DCD              HardFault_Handler ; Hard Fault 
                                                            Handler
   63 00000010 00000000        DCD              MemManage_Handler 
                                                            ; MPU Fault Handler
                                                            
   64 00000014 00000000        DCD              BusFault_Handler 
                                                            ; Bus Fault Handler
                                                            
   65 00000018 00000000        DCD              UsageFault_Handler ; Usage Faul
                                                            t Handler
   66 0000001C 00000000        DCD              0           ; Reserved
   67 00000020 00000000        DCD              0           ; Reserved
   68 00000024 00000000        DCD              0           ; Reserved
   69 00000028 00000000        DCD              0           ; Reserved
   70 0000002C 00000000        DCD              SVC_Handler ; SVCall Handler
   71 00000030 00000000        DCD              DebugMon_Handler ; Debug Monito
                                                            r Handler
   72 00000034 00000000        DCD              0           ; Reserved
   73 00000038 00000000        DCD              PendSV_Handler ; PendSV Handler
                                                            
   74 0000003C 00000000        DCD              SysTick_Handler 
                                                            ; SysTick Handler
   75 00000040         
   76 00000040         ; External Interrupts
   77 00000040 00000000        DCD              WDT_IRQHandler ; 16: Watchdog T
                                                            imer
   78 00000044 00000000        DCD              TIMER0_IRQHandler ; 17: Timer0
   79 00000048 00000000        DCD              TIMER1_IRQHandler ; 18: Timer1
   80 0000004C 00000000        DCD              TIMER2_IRQHandler ; 19: Timer2
   81 00000050 00000000        DCD              TIMER3_IRQHandler ; 20: Timer3
   82 00000054 00000000        DCD              UART0_IRQHandler ; 21: UART0
   83 00000058 00000000        DCD              UART1_IRQHandler ; 22: UART1
   84 0000005C 00000000        DCD              UART2_IRQHandler ; 23: UART2
   85 00000060 00000000        DCD              UART3_IRQHandler ; 24: UART3
   86 00000064 00000000        DCD              PWM1_IRQHandler ; 25: PWM1



ARM Macro Assembler    Page 3 


   87 00000068 00000000        DCD              I2C0_IRQHandler ; 26: I2C0
   88 0000006C 00000000        DCD              I2C1_IRQHandler ; 27: I2C1
   89 00000070 00000000        DCD              I2C2_IRQHandler ; 28: I2C2
   90 00000074 00000000        DCD              SPI_IRQHandler ; 29: SPI
   91 00000078 00000000        DCD              SSP0_IRQHandler ; 30: SSP0
   92 0000007C 00000000        DCD              SSP1_IRQHandler ; 31: SSP1
   93 00000080 00000000        DCD              PLL0_IRQHandler ; 32: PLL0 Lock
                                                             (Main PLL)
   94 00000084 00000000        DCD              RTC_IRQHandler ; 33: Real Time 
                                                            Clock
   95 00000088 00000000        DCD              EINT0_IRQHandler ; 34: External
                                                             Interrupt 0
   96 0000008C 00000000        DCD              EINT1_IRQHandler ; 35: External
                                                             Interrupt 1
   97 00000090 00000000        DCD              EINT2_IRQHandler ; 36: External
                                                             Interrupt 2
   98 00000094 00000000        DCD              EINT3_IRQHandler ; 37: External
                                                             Interrupt 3
   99 00000098 00000000        DCD              ADC_IRQHandler 
                                                            ; 38: A/D Converter
                                                            
  100 0000009C 00000000        DCD              BOD_IRQHandler ; 39: Brown-Out 
                                                            Detect
  101 000000A0 00000000        DCD              USB_IRQHandler ; 40: USB
  102 000000A4 00000000        DCD              CAN_IRQHandler ; 41: CAN
  103 000000A8 00000000        DCD              DMA_IRQHandler ; 42: General Pu
                                                            rpose DMA
  104 000000AC 00000000        DCD              I2S_IRQHandler ; 43: I2S
  105 000000B0 00000000        DCD              ENET_IRQHandler ; 44: Ethernet
  106 000000B4 00000000        DCD              RIT_IRQHandler ; 45: Repetitive
                                                             Interrupt Timer
  107 000000B8 00000000        DCD              MCPWM_IRQHandler ; 46: Motor Co
                                                            ntrol PWM
  108 000000BC 00000000        DCD              QEI_IRQHandler ; 47: Quadrature
                                                             Encoder Interface
  109 000000C0 00000000        DCD              PLL1_IRQHandler ; 48: PLL1 Lock
                                                             (USB PLL)
  110 000000C4 00000000        DCD              USBActivity_IRQHandler ; 49: US
                                                            B Activity interrup
                                                            t to wakeup
  111 000000C8 00000000        DCD              CANActivity_IRQHandler ; 50: CA
                                                            N Activity interrup
                                                            t to wakeup
  112 000000CC         
  113 000000CC         
  114 000000CC                 IF               :LNOT::DEF:NO_CRP
  115 000000CC                 AREA             |.ARM.__at_0x02FC|, CODE, READO
NLY
  116 00000000 FFFFFFFF 
                       CRP_Key DCD              0xFFFFFFFF
  117 00000004                 ENDIF
  118 00000004         
  119 00000004         
  120 00000004                 AREA             |.text|, CODE, READONLY
  121 00000000         
  122 00000000         
  123 00000000         ; Reset Handler
  124 00000000         
  125 00000000         Reset_Handler



ARM Macro Assembler    Page 4 


                               PROC
  126 00000000                 EXPORT           Reset_Handler             [WEAK
]
  127 00000000                 import           main
  128 00000000 F8DF B054       LDR              R11, =main
  129 00000004 47D8            BLX              R11
  130 00000006         
  131 00000006 E7FE    stop    b                stop
  132 00000008         
  133 00000008         uaddproc
                               proc
  134 00000008                 EXPORT           uaddproc
  135 00000008 E92D 4FF0       STMFD            sp!, {r4-r11,lr} ; Push work re
                                                            gisters and lr
  136 0000000C         
  137 0000000C F04F 0704       mov              r7,#4       ; number of loops t
                                                            o move mask
  138 00000010         
  139 00000010 F04F 08FF       ldr              r8,=0x000000ff ; initial mask
  140 00000014         loop
  141 00000014 EA00 0308       AND              R3,r0,r8    ; mask the right pa
                                                            rt of first number
  142 00000018 EA01 0408       AND              R4,r1,r8    ; mask the right pa
                                                            rt of second number
                                                            
  143 0000001C EB03 0504       add              R5,R3,R4    ; add masked parts
  144 00000020 EA05 0508       and              R5,R5,r8    ; to remove carry t
                                                            o prevent adding to
                                                             result
  145 00000024 442E            add              r6,r5,r6    ; add sumed parts t
                                                            o the result 
  146 00000026         
  147 00000026 EA4F 2808       lsl              r8,#8       ; shift mask to get
                                                             the next part
  148 0000002A F1A7 0701       sub              r7,#1       ; count down to fin
                                                            ish the loop
  149 0000002E 2F00            cmp              r7,#0       ; check for the loo
                                                            p counter
  150 00000030 D1F0            bne              loop
  151 00000032 4630            mov              r0,r6
  152 00000034         
  153 00000034         
  154 00000034 E8BD 8FF0       LDMFD            sp!, {r4-r11,pc} ; Pop work reg
                                                            isters and pc
  155 00000038                 endp
  156 00000038         
  157 00000038                 ENDP
  158 00000038         
  159 00000038         
  160 00000038         ; Dummy Exception Handlers (infinite loops which can be 
                       modified)
  161 00000038         
  162 00000038         NMI_Handler
                               PROC
  163 00000038                 EXPORT           NMI_Handler               [WEAK
]
  164 00000038 E7FE            B                .
  165 0000003A                 ENDP
  167 0000003A         HardFault_Handler



ARM Macro Assembler    Page 5 


                               PROC
  168 0000003A                 EXPORT           HardFault_Handler         [WEAK
]
  169 0000003A E7FE            B                .
  170 0000003C                 ENDP
  172 0000003C         MemManage_Handler
                               PROC
  173 0000003C                 EXPORT           MemManage_Handler         [WEAK
]
  174 0000003C E7FE            B                .
  175 0000003E                 ENDP
  177 0000003E         BusFault_Handler
                               PROC
  178 0000003E                 EXPORT           BusFault_Handler          [WEAK
]
  179 0000003E E7FE            B                .
  180 00000040                 ENDP
  182 00000040         UsageFault_Handler
                               PROC
  183 00000040                 EXPORT           UsageFault_Handler        [WEAK
]
  184 00000040 E7FE            B                .
  185 00000042                 ENDP
  186 00000042         SVC_Handler
                               PROC
  187 00000042                 EXPORT           SVC_Handler               [WEAK
]
  188 00000042 E7FE            B                .
  189 00000044                 ENDP
  191 00000044         DebugMon_Handler
                               PROC
  192 00000044                 EXPORT           DebugMon_Handler          [WEAK
]
  193 00000044 E7FE            B                .
  194 00000046                 ENDP
  195 00000046         PendSV_Handler
                               PROC
  196 00000046                 EXPORT           PendSV_Handler            [WEAK
]
  197 00000046 E7FE            B                .
  198 00000048                 ENDP
  199 00000048         SysTick_Handler
                               PROC
  200 00000048                 EXPORT           SysTick_Handler           [WEAK
]
  201 00000048 E7FE            B                .
  202 0000004A                 ENDP
  203 0000004A         
  204 0000004A         Default_Handler
                               PROC
  205 0000004A         
  206 0000004A                 EXPORT           WDT_IRQHandler            [WEAK
]
  207 0000004A                 EXPORT           TIMER0_IRQHandler         [WEAK
]
  208 0000004A                 EXPORT           TIMER1_IRQHandler         [WEAK
]
  209 0000004A                 EXPORT           TIMER2_IRQHandler         [WEAK
]



ARM Macro Assembler    Page 6 


  210 0000004A                 EXPORT           TIMER3_IRQHandler         [WEAK
]
  211 0000004A                 EXPORT           UART0_IRQHandler          [WEAK
]
  212 0000004A                 EXPORT           UART1_IRQHandler          [WEAK
]
  213 0000004A                 EXPORT           UART2_IRQHandler          [WEAK
]
  214 0000004A                 EXPORT           UART3_IRQHandler          [WEAK
]
  215 0000004A                 EXPORT           PWM1_IRQHandler           [WEAK
]
  216 0000004A                 EXPORT           I2C0_IRQHandler           [WEAK
]
  217 0000004A                 EXPORT           I2C1_IRQHandler           [WEAK
]
  218 0000004A                 EXPORT           I2C2_IRQHandler           [WEAK
]
  219 0000004A                 EXPORT           SPI_IRQHandler            [WEAK
]
  220 0000004A                 EXPORT           SSP0_IRQHandler           [WEAK
]
  221 0000004A                 EXPORT           SSP1_IRQHandler           [WEAK
]
  222 0000004A                 EXPORT           PLL0_IRQHandler           [WEAK
]
  223 0000004A                 EXPORT           RTC_IRQHandler            [WEAK
]
  224 0000004A                 EXPORT           EINT0_IRQHandler          [WEAK
]
  225 0000004A                 EXPORT           EINT1_IRQHandler          [WEAK
]
  226 0000004A                 EXPORT           EINT2_IRQHandler          [WEAK
]
  227 0000004A                 EXPORT           EINT3_IRQHandler          [WEAK
]
  228 0000004A                 EXPORT           ADC_IRQHandler            [WEAK
]
  229 0000004A                 EXPORT           BOD_IRQHandler            [WEAK
]
  230 0000004A                 EXPORT           USB_IRQHandler            [WEAK
]
  231 0000004A                 EXPORT           CAN_IRQHandler            [WEAK
]
  232 0000004A                 EXPORT           DMA_IRQHandler            [WEAK
]
  233 0000004A                 EXPORT           I2S_IRQHandler            [WEAK
]
  234 0000004A                 EXPORT           ENET_IRQHandler           [WEAK
]
  235 0000004A                 EXPORT           RIT_IRQHandler            [WEAK
]
  236 0000004A                 EXPORT           MCPWM_IRQHandler          [WEAK
]
  237 0000004A                 EXPORT           QEI_IRQHandler            [WEAK
]
  238 0000004A                 EXPORT           PLL1_IRQHandler           [WEAK
]
  239 0000004A                 EXPORT           USBActivity_IRQHandler    [WEAK



ARM Macro Assembler    Page 7 


]
  240 0000004A                 EXPORT           CANActivity_IRQHandler    [WEAK
]
  241 0000004A         
  242 0000004A         WDT_IRQHandler
  243 0000004A         TIMER0_IRQHandler
  244 0000004A         TIMER1_IRQHandler
  245 0000004A         TIMER2_IRQHandler
  246 0000004A         TIMER3_IRQHandler
  247 0000004A         UART0_IRQHandler
  248 0000004A         UART1_IRQHandler
  249 0000004A         UART2_IRQHandler
  250 0000004A         UART3_IRQHandler
  251 0000004A         PWM1_IRQHandler
  252 0000004A         I2C0_IRQHandler
  253 0000004A         I2C1_IRQHandler
  254 0000004A         I2C2_IRQHandler
  255 0000004A         SPI_IRQHandler
  256 0000004A         SSP0_IRQHandler
  257 0000004A         SSP1_IRQHandler
  258 0000004A         PLL0_IRQHandler
  259 0000004A         RTC_IRQHandler
  260 0000004A         EINT0_IRQHandler
  261 0000004A         EINT1_IRQHandler
  262 0000004A         EINT2_IRQHandler
  263 0000004A         EINT3_IRQHandler
  264 0000004A         ADC_IRQHandler
  265 0000004A         BOD_IRQHandler
  266 0000004A         USB_IRQHandler
  267 0000004A         CAN_IRQHandler
  268 0000004A         DMA_IRQHandler
  269 0000004A         I2S_IRQHandler
  270 0000004A         ENET_IRQHandler
  271 0000004A         RIT_IRQHandler
  272 0000004A         MCPWM_IRQHandler
  273 0000004A         QEI_IRQHandler
  274 0000004A         PLL1_IRQHandler
  275 0000004A         USBActivity_IRQHandler
  276 0000004A         CANActivity_IRQHandler
  277 0000004A         
  278 0000004A E7FE            B                .
  279 0000004C         
  280 0000004C                 ENDP
  281 0000004C         
  282 0000004C         
  283 0000004C                 ALIGN
  284 0000004C         
  285 0000004C         
  286 0000004C         ; User Initial Stack & Heap
  287 0000004C         
  288 0000004C                 IF               :DEF:__MICROLIB
  295 0000004C         
  296 0000004C                 IMPORT           __use_two_region_memory
  297 0000004C                 EXPORT           __user_initial_stackheap
  298 0000004C         __user_initial_stackheap
  299 0000004C         
  300 0000004C 4803            LDR              R0, =  Heap_Mem
  301 0000004E 4904            LDR              R1, =(Stack_Mem + Stack_Size)
  302 00000050 4A02            LDR              R2, = (Heap_Mem +  Heap_Size)



ARM Macro Assembler    Page 8 


  303 00000052 4B04            LDR              R3, = Stack_Mem
  304 00000054 4770            BX               LR
  305 00000056         
  306 00000056 00 00           ALIGN
  307 00000058         
  308 00000058                 ENDIF
  309 00000058         
  310 00000058         
  311 00000058                 END
              00000000 
              00000000 
              00000200 
              00000000 
Command Line: --debug --xref --diag_suppress=9931 --cpu=Cortex-M3 --apcs=interw
ork --depend=.\objects\startup_lpc17xx.d -o.\objects\startup_lpc17xx.o -I.\RTE\
Device\LPC1768 -I.\RTE\_Target_1 -IC:\Keil_v5\ARM\PACK\ARM\CMSIS\5.5.1\CMSIS\Co
re\Include -IC:\Keil_v5\ARM\PACK\Keil\LPC1700_DFP\2.6.0\Device\Include --predef
ine="__EVAL SETA 1" --predefine="__UVISION_VERSION SETA 528" --predefine="_RTE_
 SETA 1" --predefine="LPC175x_6x SETA 1" --list=.\listings\startup_lpc17xx.lst 
RTE\Device\LPC1768\startup_LPC17xx.s



ARM Macro Assembler    Page 1 Alphabetic symbol ordering
Relocatable symbols

STACK 00000000

Symbol: STACK
   Definitions
      At line 33 in file RTE\Device\LPC1768\startup_LPC17xx.s
   Uses
      None
Comment: STACK unused
Stack_Mem 00000000

Symbol: Stack_Mem
   Definitions
      At line 34 in file RTE\Device\LPC1768\startup_LPC17xx.s
   Uses
      At line 301 in file RTE\Device\LPC1768\startup_LPC17xx.s
      At line 303 in file RTE\Device\LPC1768\startup_LPC17xx.s

__initial_sp 00000200

Symbol: __initial_sp
   Definitions
      At line 35 in file RTE\Device\LPC1768\startup_LPC17xx.s
   Uses
      At line 59 in file RTE\Device\LPC1768\startup_LPC17xx.s
Comment: __initial_sp used once
3 symbols



ARM Macro Assembler    Page 1 Alphabetic symbol ordering
Relocatable symbols

HEAP 00000000

Symbol: HEAP
   Definitions
      At line 44 in file RTE\Device\LPC1768\startup_LPC17xx.s
   Uses
      None
Comment: HEAP unused
Heap_Mem 00000000

Symbol: Heap_Mem
   Definitions
      At line 46 in file RTE\Device\LPC1768\startup_LPC17xx.s
   Uses
      At line 300 in file RTE\Device\LPC1768\startup_LPC17xx.s
      At line 302 in file RTE\Device\LPC1768\startup_LPC17xx.s

__heap_base 00000000

Symbol: __heap_base
   Definitions
      At line 45 in file RTE\Device\LPC1768\startup_LPC17xx.s
   Uses
      None
Comment: __heap_base unused
__heap_limit 00000000

Symbol: __heap_limit
   Definitions
      At line 47 in file RTE\Device\LPC1768\startup_LPC17xx.s
   Uses
      None
Comment: __heap_limit unused
4 symbols



ARM Macro Assembler    Page 1 Alphabetic symbol ordering
Relocatable symbols

RESET 00000000

Symbol: RESET
   Definitions
      At line 56 in file RTE\Device\LPC1768\startup_LPC17xx.s
   Uses
      None
Comment: RESET unused
__Vectors 00000000

Symbol: __Vectors
   Definitions
      At line 59 in file RTE\Device\LPC1768\startup_LPC17xx.s
   Uses
      At line 57 in file RTE\Device\LPC1768\startup_LPC17xx.s
Comment: __Vectors used once
2 symbols



ARM Macro Assembler    Page 1 Alphabetic symbol ordering
Relocatable symbols

.ARM.__at_0x02FC 00000000

Symbol: .ARM.__at_0x02FC
   Definitions
      At line 115 in file RTE\Device\LPC1768\startup_LPC17xx.s
   Uses
      None
Comment: .ARM.__at_0x02FC unused
CRP_Key 00000000

Symbol: CRP_Key
   Definitions
      At line 116 in file RTE\Device\LPC1768\startup_LPC17xx.s
   Uses
      None
Comment: CRP_Key unused
2 symbols



ARM Macro Assembler    Page 1 Alphabetic symbol ordering
Relocatable symbols

.text 00000000

Symbol: .text
   Definitions
      At line 120 in file RTE\Device\LPC1768\startup_LPC17xx.s
   Uses
      None
Comment: .text unused
ADC_IRQHandler 0000004A

Symbol: ADC_IRQHandler
   Definitions
      At line 264 in file RTE\Device\LPC1768\startup_LPC17xx.s
   Uses
      At line 99 in file RTE\Device\LPC1768\startup_LPC17xx.s
      At line 228 in file RTE\Device\LPC1768\startup_LPC17xx.s

BOD_IRQHandler 0000004A

Symbol: BOD_IRQHandler
   Definitions
      At line 265 in file RTE\Device\LPC1768\startup_LPC17xx.s
   Uses
      At line 100 in file RTE\Device\LPC1768\startup_LPC17xx.s
      At line 229 in file RTE\Device\LPC1768\startup_LPC17xx.s

BusFault_Handler 0000003E

Symbol: BusFault_Handler
   Definitions
      At line 177 in file RTE\Device\LPC1768\startup_LPC17xx.s
   Uses
      At line 64 in file RTE\Device\LPC1768\startup_LPC17xx.s
      At line 178 in file RTE\Device\LPC1768\startup_LPC17xx.s

CANActivity_IRQHandler 0000004A

Symbol: CANActivity_IRQHandler
   Definitions
      At line 276 in file RTE\Device\LPC1768\startup_LPC17xx.s
   Uses
      At line 111 in file RTE\Device\LPC1768\startup_LPC17xx.s
      At line 240 in file RTE\Device\LPC1768\startup_LPC17xx.s

CAN_IRQHandler 0000004A

Symbol: CAN_IRQHandler
   Definitions
      At line 267 in file RTE\Device\LPC1768\startup_LPC17xx.s
   Uses
      At line 102 in file RTE\Device\LPC1768\startup_LPC17xx.s
      At line 231 in file RTE\Device\LPC1768\startup_LPC17xx.s

DMA_IRQHandler 0000004A

Symbol: DMA_IRQHandler
   Definitions
      At line 268 in file RTE\Device\LPC1768\startup_LPC17xx.s
   Uses



ARM Macro Assembler    Page 2 Alphabetic symbol ordering
Relocatable symbols

      At line 103 in file RTE\Device\LPC1768\startup_LPC17xx.s
      At line 232 in file RTE\Device\LPC1768\startup_LPC17xx.s

DebugMon_Handler 00000044

Symbol: DebugMon_Handler
   Definitions
      At line 191 in file RTE\Device\LPC1768\startup_LPC17xx.s
   Uses
      At line 71 in file RTE\Device\LPC1768\startup_LPC17xx.s
      At line 192 in file RTE\Device\LPC1768\startup_LPC17xx.s

Default_Handler 0000004A

Symbol: Default_Handler
   Definitions
      At line 204 in file RTE\Device\LPC1768\startup_LPC17xx.s
   Uses
      None
Comment: Default_Handler unused
EINT0_IRQHandler 0000004A

Symbol: EINT0_IRQHandler
   Definitions
      At line 260 in file RTE\Device\LPC1768\startup_LPC17xx.s
   Uses
      At line 95 in file RTE\Device\LPC1768\startup_LPC17xx.s
      At line 224 in file RTE\Device\LPC1768\startup_LPC17xx.s

EINT1_IRQHandler 0000004A

Symbol: EINT1_IRQHandler
   Definitions
      At line 261 in file RTE\Device\LPC1768\startup_LPC17xx.s
   Uses
      At line 96 in file RTE\Device\LPC1768\startup_LPC17xx.s
      At line 225 in file RTE\Device\LPC1768\startup_LPC17xx.s

EINT2_IRQHandler 0000004A

Symbol: EINT2_IRQHandler
   Definitions
      At line 262 in file RTE\Device\LPC1768\startup_LPC17xx.s
   Uses
      At line 97 in file RTE\Device\LPC1768\startup_LPC17xx.s
      At line 226 in file RTE\Device\LPC1768\startup_LPC17xx.s

EINT3_IRQHandler 0000004A

Symbol: EINT3_IRQHandler
   Definitions
      At line 263 in file RTE\Device\LPC1768\startup_LPC17xx.s
   Uses
      At line 98 in file RTE\Device\LPC1768\startup_LPC17xx.s
      At line 227 in file RTE\Device\LPC1768\startup_LPC17xx.s

ENET_IRQHandler 0000004A

Symbol: ENET_IRQHandler



ARM Macro Assembler    Page 3 Alphabetic symbol ordering
Relocatable symbols

   Definitions
      At line 270 in file RTE\Device\LPC1768\startup_LPC17xx.s
   Uses
      At line 105 in file RTE\Device\LPC1768\startup_LPC17xx.s
      At line 234 in file RTE\Device\LPC1768\startup_LPC17xx.s

HardFault_Handler 0000003A

Symbol: HardFault_Handler
   Definitions
      At line 167 in file RTE\Device\LPC1768\startup_LPC17xx.s
   Uses
      At line 62 in file RTE\Device\LPC1768\startup_LPC17xx.s
      At line 168 in file RTE\Device\LPC1768\startup_LPC17xx.s

I2C0_IRQHandler 0000004A

Symbol: I2C0_IRQHandler
   Definitions
      At line 252 in file RTE\Device\LPC1768\startup_LPC17xx.s
   Uses
      At line 87 in file RTE\Device\LPC1768\startup_LPC17xx.s
      At line 216 in file RTE\Device\LPC1768\startup_LPC17xx.s

I2C1_IRQHandler 0000004A

Symbol: I2C1_IRQHandler
   Definitions
      At line 253 in file RTE\Device\LPC1768\startup_LPC17xx.s
   Uses
      At line 88 in file RTE\Device\LPC1768\startup_LPC17xx.s
      At line 217 in file RTE\Device\LPC1768\startup_LPC17xx.s

I2C2_IRQHandler 0000004A

Symbol: I2C2_IRQHandler
   Definitions
      At line 254 in file RTE\Device\LPC1768\startup_LPC17xx.s
   Uses
      At line 89 in file RTE\Device\LPC1768\startup_LPC17xx.s
      At line 218 in file RTE\Device\LPC1768\startup_LPC17xx.s

I2S_IRQHandler 0000004A

Symbol: I2S_IRQHandler
   Definitions
      At line 269 in file RTE\Device\LPC1768\startup_LPC17xx.s
   Uses
      At line 104 in file RTE\Device\LPC1768\startup_LPC17xx.s
      At line 233 in file RTE\Device\LPC1768\startup_LPC17xx.s

MCPWM_IRQHandler 0000004A

Symbol: MCPWM_IRQHandler
   Definitions
      At line 272 in file RTE\Device\LPC1768\startup_LPC17xx.s
   Uses
      At line 107 in file RTE\Device\LPC1768\startup_LPC17xx.s
      At line 236 in file RTE\Device\LPC1768\startup_LPC17xx.s



ARM Macro Assembler    Page 4 Alphabetic symbol ordering
Relocatable symbols


MemManage_Handler 0000003C

Symbol: MemManage_Handler
   Definitions
      At line 172 in file RTE\Device\LPC1768\startup_LPC17xx.s
   Uses
      At line 63 in file RTE\Device\LPC1768\startup_LPC17xx.s
      At line 173 in file RTE\Device\LPC1768\startup_LPC17xx.s

NMI_Handler 00000038

Symbol: NMI_Handler
   Definitions
      At line 162 in file RTE\Device\LPC1768\startup_LPC17xx.s
   Uses
      At line 61 in file RTE\Device\LPC1768\startup_LPC17xx.s
      At line 163 in file RTE\Device\LPC1768\startup_LPC17xx.s

PLL0_IRQHandler 0000004A

Symbol: PLL0_IRQHandler
   Definitions
      At line 258 in file RTE\Device\LPC1768\startup_LPC17xx.s
   Uses
      At line 93 in file RTE\Device\LPC1768\startup_LPC17xx.s
      At line 222 in file RTE\Device\LPC1768\startup_LPC17xx.s

PLL1_IRQHandler 0000004A

Symbol: PLL1_IRQHandler
   Definitions
      At line 274 in file RTE\Device\LPC1768\startup_LPC17xx.s
   Uses
      At line 109 in file RTE\Device\LPC1768\startup_LPC17xx.s
      At line 238 in file RTE\Device\LPC1768\startup_LPC17xx.s

PWM1_IRQHandler 0000004A

Symbol: PWM1_IRQHandler
   Definitions
      At line 251 in file RTE\Device\LPC1768\startup_LPC17xx.s
   Uses
      At line 86 in file RTE\Device\LPC1768\startup_LPC17xx.s
      At line 215 in file RTE\Device\LPC1768\startup_LPC17xx.s

PendSV_Handler 00000046

Symbol: PendSV_Handler
   Definitions
      At line 195 in file RTE\Device\LPC1768\startup_LPC17xx.s
   Uses
      At line 73 in file RTE\Device\LPC1768\startup_LPC17xx.s
      At line 196 in file RTE\Device\LPC1768\startup_LPC17xx.s

QEI_IRQHandler 0000004A

Symbol: QEI_IRQHandler
   Definitions



ARM Macro Assembler    Page 5 Alphabetic symbol ordering
Relocatable symbols

      At line 273 in file RTE\Device\LPC1768\startup_LPC17xx.s
   Uses
      At line 108 in file RTE\Device\LPC1768\startup_LPC17xx.s
      At line 237 in file RTE\Device\LPC1768\startup_LPC17xx.s

RIT_IRQHandler 0000004A

Symbol: RIT_IRQHandler
   Definitions
      At line 271 in file RTE\Device\LPC1768\startup_LPC17xx.s
   Uses
      At line 106 in file RTE\Device\LPC1768\startup_LPC17xx.s
      At line 235 in file RTE\Device\LPC1768\startup_LPC17xx.s

RTC_IRQHandler 0000004A

Symbol: RTC_IRQHandler
   Definitions
      At line 259 in file RTE\Device\LPC1768\startup_LPC17xx.s
   Uses
      At line 94 in file RTE\Device\LPC1768\startup_LPC17xx.s
      At line 223 in file RTE\Device\LPC1768\startup_LPC17xx.s

Reset_Handler 00000000

Symbol: Reset_Handler
   Definitions
      At line 125 in file RTE\Device\LPC1768\startup_LPC17xx.s
   Uses
      At line 60 in file RTE\Device\LPC1768\startup_LPC17xx.s
      At line 126 in file RTE\Device\LPC1768\startup_LPC17xx.s

SPI_IRQHandler 0000004A

Symbol: SPI_IRQHandler
   Definitions
      At line 255 in file RTE\Device\LPC1768\startup_LPC17xx.s
   Uses
      At line 90 in file RTE\Device\LPC1768\startup_LPC17xx.s
      At line 219 in file RTE\Device\LPC1768\startup_LPC17xx.s

SSP0_IRQHandler 0000004A

Symbol: SSP0_IRQHandler
   Definitions
      At line 256 in file RTE\Device\LPC1768\startup_LPC17xx.s
   Uses
      At line 91 in file RTE\Device\LPC1768\startup_LPC17xx.s
      At line 220 in file RTE\Device\LPC1768\startup_LPC17xx.s

SSP1_IRQHandler 0000004A

Symbol: SSP1_IRQHandler
   Definitions
      At line 257 in file RTE\Device\LPC1768\startup_LPC17xx.s
   Uses
      At line 92 in file RTE\Device\LPC1768\startup_LPC17xx.s
      At line 221 in file RTE\Device\LPC1768\startup_LPC17xx.s




ARM Macro Assembler    Page 6 Alphabetic symbol ordering
Relocatable symbols

SVC_Handler 00000042

Symbol: SVC_Handler
   Definitions
      At line 186 in file RTE\Device\LPC1768\startup_LPC17xx.s
   Uses
      At line 70 in file RTE\Device\LPC1768\startup_LPC17xx.s
      At line 187 in file RTE\Device\LPC1768\startup_LPC17xx.s

SysTick_Handler 00000048

Symbol: SysTick_Handler
   Definitions
      At line 199 in file RTE\Device\LPC1768\startup_LPC17xx.s
   Uses
      At line 74 in file RTE\Device\LPC1768\startup_LPC17xx.s
      At line 200 in file RTE\Device\LPC1768\startup_LPC17xx.s

TIMER0_IRQHandler 0000004A

Symbol: TIMER0_IRQHandler
   Definitions
      At line 243 in file RTE\Device\LPC1768\startup_LPC17xx.s
   Uses
      At line 78 in file RTE\Device\LPC1768\startup_LPC17xx.s
      At line 207 in file RTE\Device\LPC1768\startup_LPC17xx.s

TIMER1_IRQHandler 0000004A

Symbol: TIMER1_IRQHandler
   Definitions
      At line 244 in file RTE\Device\LPC1768\startup_LPC17xx.s
   Uses
      At line 79 in file RTE\Device\LPC1768\startup_LPC17xx.s
      At line 208 in file RTE\Device\LPC1768\startup_LPC17xx.s

TIMER2_IRQHandler 0000004A

Symbol: TIMER2_IRQHandler
   Definitions
      At line 245 in file RTE\Device\LPC1768\startup_LPC17xx.s
   Uses
      At line 80 in file RTE\Device\LPC1768\startup_LPC17xx.s
      At line 209 in file RTE\Device\LPC1768\startup_LPC17xx.s

TIMER3_IRQHandler 0000004A

Symbol: TIMER3_IRQHandler
   Definitions
      At line 246 in file RTE\Device\LPC1768\startup_LPC17xx.s
   Uses
      At line 81 in file RTE\Device\LPC1768\startup_LPC17xx.s
      At line 210 in file RTE\Device\LPC1768\startup_LPC17xx.s

UART0_IRQHandler 0000004A

Symbol: UART0_IRQHandler
   Definitions
      At line 247 in file RTE\Device\LPC1768\startup_LPC17xx.s



ARM Macro Assembler    Page 7 Alphabetic symbol ordering
Relocatable symbols

   Uses
      At line 82 in file RTE\Device\LPC1768\startup_LPC17xx.s
      At line 211 in file RTE\Device\LPC1768\startup_LPC17xx.s

UART1_IRQHandler 0000004A

Symbol: UART1_IRQHandler
   Definitions
      At line 248 in file RTE\Device\LPC1768\startup_LPC17xx.s
   Uses
      At line 83 in file RTE\Device\LPC1768\startup_LPC17xx.s
      At line 212 in file RTE\Device\LPC1768\startup_LPC17xx.s

UART2_IRQHandler 0000004A

Symbol: UART2_IRQHandler
   Definitions
      At line 249 in file RTE\Device\LPC1768\startup_LPC17xx.s
   Uses
      At line 84 in file RTE\Device\LPC1768\startup_LPC17xx.s
      At line 213 in file RTE\Device\LPC1768\startup_LPC17xx.s

UART3_IRQHandler 0000004A

Symbol: UART3_IRQHandler
   Definitions
      At line 250 in file RTE\Device\LPC1768\startup_LPC17xx.s
   Uses
      At line 85 in file RTE\Device\LPC1768\startup_LPC17xx.s
      At line 214 in file RTE\Device\LPC1768\startup_LPC17xx.s

USBActivity_IRQHandler 0000004A

Symbol: USBActivity_IRQHandler
   Definitions
      At line 275 in file RTE\Device\LPC1768\startup_LPC17xx.s
   Uses
      At line 110 in file RTE\Device\LPC1768\startup_LPC17xx.s
      At line 239 in file RTE\Device\LPC1768\startup_LPC17xx.s

USB_IRQHandler 0000004A

Symbol: USB_IRQHandler
   Definitions
      At line 266 in file RTE\Device\LPC1768\startup_LPC17xx.s
   Uses
      At line 101 in file RTE\Device\LPC1768\startup_LPC17xx.s
      At line 230 in file RTE\Device\LPC1768\startup_LPC17xx.s

UsageFault_Handler 00000040

Symbol: UsageFault_Handler
   Definitions
      At line 182 in file RTE\Device\LPC1768\startup_LPC17xx.s
   Uses
      At line 65 in file RTE\Device\LPC1768\startup_LPC17xx.s
      At line 183 in file RTE\Device\LPC1768\startup_LPC17xx.s

WDT_IRQHandler 0000004A



ARM Macro Assembler    Page 8 Alphabetic symbol ordering
Relocatable symbols


Symbol: WDT_IRQHandler
   Definitions
      At line 242 in file RTE\Device\LPC1768\startup_LPC17xx.s
   Uses
      At line 77 in file RTE\Device\LPC1768\startup_LPC17xx.s
      At line 206 in file RTE\Device\LPC1768\startup_LPC17xx.s

__user_initial_stackheap 0000004C

Symbol: __user_initial_stackheap
   Definitions
      At line 298 in file RTE\Device\LPC1768\startup_LPC17xx.s
   Uses
      At line 297 in file RTE\Device\LPC1768\startup_LPC17xx.s
Comment: __user_initial_stackheap used once
loop 00000014

Symbol: loop
   Definitions
      At line 140 in file RTE\Device\LPC1768\startup_LPC17xx.s
   Uses
      At line 150 in file RTE\Device\LPC1768\startup_LPC17xx.s
Comment: loop used once
stop 00000006

Symbol: stop
   Definitions
      At line 131 in file RTE\Device\LPC1768\startup_LPC17xx.s
   Uses
      At line 131 in file RTE\Device\LPC1768\startup_LPC17xx.s
Comment: stop used once
uaddproc 00000008

Symbol: uaddproc
   Definitions
      At line 133 in file RTE\Device\LPC1768\startup_LPC17xx.s
   Uses
      At line 134 in file RTE\Device\LPC1768\startup_LPC17xx.s
Comment: uaddproc used once
51 symbols



ARM Macro Assembler    Page 1 Alphabetic symbol ordering
Absolute symbols

Heap_Size 00000000

Symbol: Heap_Size
   Definitions
      At line 42 in file RTE\Device\LPC1768\startup_LPC17xx.s
   Uses
      At line 46 in file RTE\Device\LPC1768\startup_LPC17xx.s
      At line 302 in file RTE\Device\LPC1768\startup_LPC17xx.s

Stack_Size 00000200

Symbol: Stack_Size
   Definitions
      At line 31 in file RTE\Device\LPC1768\startup_LPC17xx.s
   Uses
      At line 34 in file RTE\Device\LPC1768\startup_LPC17xx.s
      At line 301 in file RTE\Device\LPC1768\startup_LPC17xx.s

2 symbols



ARM Macro Assembler    Page 1 Alphabetic symbol ordering
External symbols

__use_two_region_memory 00000000

Symbol: __use_two_region_memory
   Definitions
      At line 296 in file RTE\Device\LPC1768\startup_LPC17xx.s
   Uses
      None
Comment: __use_two_region_memory unused
main 00000000

Symbol: main
   Definitions
      At line 127 in file RTE\Device\LPC1768\startup_LPC17xx.s
   Uses
      At line 128 in file RTE\Device\LPC1768\startup_LPC17xx.s
Comment: main used once
2 symbols
406 symbols in table
