


ARM Macro Assembler    Page 1 


    1 00000000         ;/******************************************************
                       ********************//**
    2 00000000         ; * @file     startup_LPC17xx.s
    3 00000000         ; * @brief    CMSIS Cortex-M3 Core Device Startup File f
                       or
    4 00000000         ; *           NXP LPC17xx Device Series
    5 00000000         ; * @version  V1.10
    6 00000000         ; * @date     06. April 2011
    7 00000000         ; *
    8 00000000         ; * @note
    9 00000000         ; * Copyright (C) 2009-2011 ARM Limited. All rights rese
                       rved.
   10 00000000         ; *
   11 00000000         ; * @par
   12 00000000         ; * ARM Limited (ARM) is supplying this software for use
                        with Cortex-M
   13 00000000         ; * processor based microcontrollers.  This file can be 
                       freely distributed
   14 00000000         ; * within development tools that are supporting such AR
                       M based processors.
   15 00000000         ; *
   16 00000000         ; * @par
   17 00000000         ; * THIS SOFTWARE IS PROVIDED "AS IS".  NO WARRANTIES, W
                       HETHER EXPRESS, IMPLIED
   18 00000000         ; * OR STATUTORY, INCLUDING, BUT NOT LIMITED TO, IMPLIED
                        WARRANTIES OF
   19 00000000         ; * MERCHANTABILITY AND FITNESS FOR A PARTICULAR PURPOSE
                        APPLY TO THIS SOFTWARE.
   20 00000000         ; * ARM SHALL NOT, IN ANY CIRCUMSTANCES, BE LIABLE FOR S
                       PECIAL, INCIDENTAL, OR
   21 00000000         ; * CONSEQUENTIAL DAMAGES, FOR ANY REASON WHATSOEVER.
   22 00000000         ; *
   23 00000000         ; ******************************************************
                       ************************/
   24 00000000         
   25 00000000         ; *------- <<< Use Configuration Wizard in Context Menu 
                       >>> ------------------
   26 00000000         
   27 00000000         ; <h> Stack Configuration
   28 00000000         ;   <o> Stack Size (in Bytes) <0x0-0xFFFFFFFF:8>
   29 00000000         ; </h>
   30 00000000         
   31 00000000 00000200 
                       Stack_Size
                               EQU              0x00000200
   32 00000000         
   33 00000000                 AREA             STACK, NOINIT, READWRITE, ALIGN
=3
   34 00000000         Stack_Mem
                               SPACE            Stack_Size
   35 00000200         __initial_sp
   36 00000200         
   37 00000200         
   38 00000200         ; <h> Heap Configuration
   39 00000200         ;   <o>  Heap Size (in Bytes) <0x0-0xFFFFFFFF:8>
   40 00000200         ; </h>
   41 00000200         
   42 00000200 00000000 
                       Heap_Size



ARM Macro Assembler    Page 2 


                               EQU              0x00000000
   43 00000200         
   44 00000200                 AREA             HEAP, NOINIT, READWRITE, ALIGN=
3
   45 00000000         __heap_base
   46 00000000         Heap_Mem
                               SPACE            Heap_Size
   47 00000000         __heap_limit
   48 00000000         
   49 00000000                 area             mySpace1 , DATA,READWRITE
   50 00000000 00000000 
                       mySpace dcd              0x00000000
   51 00000004                 PRESERVE8
   52 00000004                 THUMB
   53 00000004         
   54 00000004         
   55 00000004         ; Vector Table Mapped to Address 0 at Reset
   56 00000004         
   57 00000004                 AREA             RESET, DATA, READONLY
   58 00000000                 EXPORT           __Vectors
   59 00000000         
   60 00000000 00000000 
                       __Vectors
                               DCD              __initial_sp ; Top of Stack
   61 00000004 00000000        DCD              Reset_Handler ; Reset Handler
   62 00000008 00000000        DCD              NMI_Handler ; NMI Handler
   63 0000000C 00000000        DCD              HardFault_Handler ; Hard Fault 
                                                            Handler
   64 00000010 00000000        DCD              MemManage_Handler 
                                                            ; MPU Fault Handler
                                                            
   65 00000014 00000000        DCD              BusFault_Handler 
                                                            ; Bus Fault Handler
                                                            
   66 00000018 00000000        DCD              UsageFault_Handler ; Usage Faul
                                                            t Handler
   67 0000001C 00000000        DCD              0           ; Reserved
   68 00000020 00000000        DCD              0           ; Reserved
   69 00000024 00000000        DCD              0           ; Reserved
   70 00000028 00000000        DCD              0           ; Reserved
   71 0000002C 00000000        DCD              SVC_Handler ; SVCall Handler
   72 00000030 00000000        DCD              DebugMon_Handler ; Debug Monito
                                                            r Handler
   73 00000034 00000000        DCD              0           ; Reserved
   74 00000038 00000000        DCD              PendSV_Handler ; PendSV Handler
                                                            
   75 0000003C 00000000        DCD              SysTick_Handler 
                                                            ; SysTick Handler
   76 00000040         
   77 00000040         ; External Interrupts
   78 00000040 00000000        DCD              WDT_IRQHandler ; 16: Watchdog T
                                                            imer
   79 00000044 00000000        DCD              TIMER0_IRQHandler ; 17: Timer0
   80 00000048 00000000        DCD              TIMER1_IRQHandler ; 18: Timer1
   81 0000004C 00000000        DCD              TIMER2_IRQHandler ; 19: Timer2
   82 00000050 00000000        DCD              TIMER3_IRQHandler ; 20: Timer3
   83 00000054 00000000        DCD              UART0_IRQHandler ; 21: UART0
   84 00000058 00000000        DCD              UART1_IRQHandler ; 22: UART1
   85 0000005C 00000000        DCD              UART2_IRQHandler ; 23: UART2



ARM Macro Assembler    Page 3 


   86 00000060 00000000        DCD              UART3_IRQHandler ; 24: UART3
   87 00000064 00000000        DCD              PWM1_IRQHandler ; 25: PWM1
   88 00000068 00000000        DCD              I2C0_IRQHandler ; 26: I2C0
   89 0000006C 00000000        DCD              I2C1_IRQHandler ; 27: I2C1
   90 00000070 00000000        DCD              I2C2_IRQHandler ; 28: I2C2
   91 00000074 00000000        DCD              SPI_IRQHandler ; 29: SPI
   92 00000078 00000000        DCD              SSP0_IRQHandler ; 30: SSP0
   93 0000007C 00000000        DCD              SSP1_IRQHandler ; 31: SSP1
   94 00000080 00000000        DCD              PLL0_IRQHandler ; 32: PLL0 Lock
                                                             (Main PLL)
   95 00000084 00000000        DCD              RTC_IRQHandler ; 33: Real Time 
                                                            Clock
   96 00000088 00000000        DCD              EINT0_IRQHandler ; 34: External
                                                             Interrupt 0
   97 0000008C 00000000        DCD              EINT1_IRQHandler ; 35: External
                                                             Interrupt 1
   98 00000090 00000000        DCD              EINT2_IRQHandler ; 36: External
                                                             Interrupt 2
   99 00000094 00000000        DCD              EINT3_IRQHandler ; 37: External
                                                             Interrupt 3
  100 00000098 00000000        DCD              ADC_IRQHandler 
                                                            ; 38: A/D Converter
                                                            
  101 0000009C 00000000        DCD              BOD_IRQHandler ; 39: Brown-Out 
                                                            Detect
  102 000000A0 00000000        DCD              USB_IRQHandler ; 40: USB
  103 000000A4 00000000        DCD              CAN_IRQHandler ; 41: CAN
  104 000000A8 00000000        DCD              DMA_IRQHandler ; 42: General Pu
                                                            rpose DMA
  105 000000AC 00000000        DCD              I2S_IRQHandler ; 43: I2S
  106 000000B0 00000000        DCD              ENET_IRQHandler ; 44: Ethernet
  107 000000B4 00000000        DCD              RIT_IRQHandler ; 45: Repetitive
                                                             Interrupt Timer
  108 000000B8 00000000        DCD              MCPWM_IRQHandler ; 46: Motor Co
                                                            ntrol PWM
  109 000000BC 00000000        DCD              QEI_IRQHandler ; 47: Quadrature
                                                             Encoder Interface
  110 000000C0 00000000        DCD              PLL1_IRQHandler ; 48: PLL1 Lock
                                                             (USB PLL)
  111 000000C4 00000000        DCD              USBActivity_IRQHandler ; 49: US
                                                            B Activity interrup
                                                            t to wakeup
  112 000000C8 00000000        DCD              CANActivity_IRQHandler ; 50: CA
                                                            N Activity interrup
                                                            t to wakeup
  113 000000CC         
  114 000000CC         
  115 000000CC                 IF               :LNOT::DEF:NO_CRP
  116 000000CC                 AREA             |.ARM.__at_0x02FC|, CODE, READO
NLY
  117 00000000 FFFFFFFF 
                       CRP_Key DCD              0xFFFFFFFF
  118 00000004                 ENDIF
  119 00000004         
  120 00000004         
  121 00000004                 AREA             |.text|, CODE, READONLY
  122 00000000         
  123 00000000         
  124 00000000         ; Reset Handler



ARM Macro Assembler    Page 4 


  125 00000000         
  126 00000000         Reset_Handler
                               PROC
  127 00000000                 EXPORT           Reset_Handler             [WEAK
]
  128 00000000         
  129 00000000         
  130 00000000         ; Calling by Refrence
  131 00000000 4826            ldr              r0,=0x7A30458D
  132 00000002 4927            ldr              r1,=0xC3159EAA
  133 00000004 4B27            ldr              r3,=mySpace
  134 00000006 E883 0003       STMIA            r3, {r0, r1} ; saving input val
                                                            ues in memory
  135 0000000A F04F 0000       ldr              r0,=0x00000000 ; unset r0 to se
                                                            e the effect
  136 0000000E F04F 0100       ldr              r1,=0x00000000 ; unset r1 to se
                                                            e the effect
  137 00000012 F7FF FFFE       BL               myUSAD8R    ; Jump to procedure
                                                            
  138 00000016 681A            LDR              r2, [r3]    ;
  139 00000018         
  140 00000018         
  141 00000018 E7FE    stop    b                stop
  142 0000001A         
  143 0000001A         ENDP
  144 0000001A         
  145 0000001A         
  146 0000001A         myUSAD8R
                               proc
  147 0000001A         
  148 0000001A E893 0003       LDMIA            r3, {r0, r1}
  149 0000001E E92D 47E0       PUSH             {R5,r6,r7,r8,r9,r10,LR}
  150 00000022         
  151 00000022 F04F 0704       mov              r7,#4       ;counter for loop o
                                                            f mask
  152 00000026 F04F 0900       mov              r9,#0       ;number of shifts f
                                                            or mask
  153 0000002A F04F 08FF       ldr              r8,=0x000000ff ; mask
  154 0000002E         
  155 0000002E         loop
  156 0000002E         
  157 0000002E EA00 0A08       AND              R10,r0,r8   ;mask r1 to r3
  158 00000032 EA01 0408       AND              R4,r1,r8    ;mask r2 to r4
  159 00000036 FA2A FA09       lsr              R10,r9      ; shift the result 
                                                            of mask of r3 to th
                                                            e first place of re
                                                            gister r3
  160 0000003A FA24 F409       lsr              R4,r9       ; shift the result 
                                                            of mask of r4 to th
                                                            e first place of re
                                                            gister r4
  161 0000003E         
  162 0000003E 45A2            cmp              r10,r4      ; compare input 1 i
                                                            s greater than inpu
                                                            t 2 or not
  163 00000040 D202            bcs              biggerfirst
  164 00000042 EBA4 050A       sub              R5,R4,R10   ; sub if input 2 is
                                                             bigger
  165 00000046 E001            b                continuesub



ARM Macro Assembler    Page 5 


  166 00000048 EBAA 0504 
                       biggerfirst
                               sub              R5,R10,R4   ; sub if input 1 is
                                                             bigger
  167 0000004C         continuesub
  168 0000004C         
  169 0000004C 442E            ADD              R6,R5       ; add the result of
                                                             this part to previ
                                                            ous parts ; final r
                                                            esult
  170 0000004E EA4F 2808       lsl              r8,#8       ;shift mask to get 
                                                            next part
  171 00000052 F109 0908       add              r9,#8       ; add number of shi
                                                            fts needed to bring
                                                             parts to the first
                                                             place of register
  172 00000056 F1A7 0701       sub              r7,#1       ; count down loop
  173 0000005A 2F00            cmp              r7,#0       ; check loop condit
                                                            ion to exit or not
  174 0000005C D1E7            bne              loop
  175 0000005E         
  176 0000005E 601E            STR              r6, [r3]
  177 00000060         
  178 00000060 E8BD 87E0       pop              {R5,r6,r7,r8,r9,r10,PC}
  179 00000064 4770            bx               lr
  180 00000066                 endp
  181 00000066         
  182 00000066         
  183 00000066         
  184 00000066         
  185 00000066         
  186 00000066         ; Dummy Exception Handlers (infinite loops which can be 
                       modified)
  187 00000066         
  188 00000066         NMI_Handler
                               PROC
  189 00000066                 EXPORT           NMI_Handler               [WEAK
]
  190 00000066 E7FE            B                .
  191 00000068                 ENDP
  193 00000068         HardFault_Handler
                               PROC
  194 00000068                 EXPORT           HardFault_Handler         [WEAK
]
  195 00000068 E7FE            B                .
  196 0000006A                 ENDP
  198 0000006A         MemManage_Handler
                               PROC
  199 0000006A                 EXPORT           MemManage_Handler         [WEAK
]
  200 0000006A E7FE            B                .
  201 0000006C                 ENDP
  203 0000006C         BusFault_Handler
                               PROC
  204 0000006C                 EXPORT           BusFault_Handler          [WEAK
]
  205 0000006C E7FE            B                .
  206 0000006E                 ENDP
  208 0000006E         UsageFault_Handler



ARM Macro Assembler    Page 6 


                               PROC
  209 0000006E                 EXPORT           UsageFault_Handler        [WEAK
]
  210 0000006E E7FE            B                .
  211 00000070                 ENDP
  212 00000070         SVC_Handler
                               PROC
  213 00000070                 EXPORT           SVC_Handler               [WEAK
]
  214 00000070         
  215 00000070         ;Test bit 2 of EXC_RETURN in LR
  216 00000070 F01E 0F04       TST              LR, #0x4
  217 00000074 BF0C            ITE              EQ
  218 00000076 F3EF 8008       MRSEQ            r0, MSP
  219 0000007A F3EF 8009       MRSNE            r0, PSP
  220 0000007E         ;get stacked PC from stack
  221 0000007E 6981            LDR              r1, [r0, #24]
  222 00000080         ;get immediate from instruction
  223 00000080 F811 0C02       LDRB             r0, [r1, #-2]
  224 00000084         
  225 00000084 E7FE            B                .
  226 00000086                 ENDP
  228 00000086         DebugMon_Handler
                               PROC
  229 00000086                 EXPORT           DebugMon_Handler          [WEAK
]
  230 00000086 E7FE            B                .
  231 00000088                 ENDP
  232 00000088         PendSV_Handler
                               PROC
  233 00000088                 EXPORT           PendSV_Handler            [WEAK
]
  234 00000088 E7FE            B                .
  235 0000008A                 ENDP
  236 0000008A         SysTick_Handler
                               PROC
  237 0000008A                 EXPORT           SysTick_Handler           [WEAK
]
  238 0000008A E7FE            B                .
  239 0000008C                 ENDP
  240 0000008C         
  241 0000008C         Default_Handler
                               PROC
  242 0000008C         
  243 0000008C                 EXPORT           WDT_IRQHandler            [WEAK
]
  244 0000008C                 EXPORT           TIMER0_IRQHandler         [WEAK
]
  245 0000008C                 EXPORT           TIMER1_IRQHandler         [WEAK
]
  246 0000008C                 EXPORT           TIMER2_IRQHandler         [WEAK
]
  247 0000008C                 EXPORT           TIMER3_IRQHandler         [WEAK
]
  248 0000008C                 EXPORT           UART0_IRQHandler          [WEAK
]
  249 0000008C                 EXPORT           UART1_IRQHandler          [WEAK
]
  250 0000008C                 EXPORT           UART2_IRQHandler          [WEAK



ARM Macro Assembler    Page 7 


]
  251 0000008C                 EXPORT           UART3_IRQHandler          [WEAK
]
  252 0000008C                 EXPORT           PWM1_IRQHandler           [WEAK
]
  253 0000008C                 EXPORT           I2C0_IRQHandler           [WEAK
]
  254 0000008C                 EXPORT           I2C1_IRQHandler           [WEAK
]
  255 0000008C                 EXPORT           I2C2_IRQHandler           [WEAK
]
  256 0000008C                 EXPORT           SPI_IRQHandler            [WEAK
]
  257 0000008C                 EXPORT           SSP0_IRQHandler           [WEAK
]
  258 0000008C                 EXPORT           SSP1_IRQHandler           [WEAK
]
  259 0000008C                 EXPORT           PLL0_IRQHandler           [WEAK
]
  260 0000008C                 EXPORT           RTC_IRQHandler            [WEAK
]
  261 0000008C                 EXPORT           EINT0_IRQHandler          [WEAK
]
  262 0000008C                 EXPORT           EINT1_IRQHandler          [WEAK
]
  263 0000008C                 EXPORT           EINT2_IRQHandler          [WEAK
]
  264 0000008C                 EXPORT           EINT3_IRQHandler          [WEAK
]
  265 0000008C                 EXPORT           ADC_IRQHandler            [WEAK
]
  266 0000008C                 EXPORT           BOD_IRQHandler            [WEAK
]
  267 0000008C                 EXPORT           USB_IRQHandler            [WEAK
]
  268 0000008C                 EXPORT           CAN_IRQHandler            [WEAK
]
  269 0000008C                 EXPORT           DMA_IRQHandler            [WEAK
]
  270 0000008C                 EXPORT           I2S_IRQHandler            [WEAK
]
  271 0000008C                 EXPORT           ENET_IRQHandler           [WEAK
]
  272 0000008C                 EXPORT           RIT_IRQHandler            [WEAK
]
  273 0000008C                 EXPORT           MCPWM_IRQHandler          [WEAK
]
  274 0000008C                 EXPORT           QEI_IRQHandler            [WEAK
]
  275 0000008C                 EXPORT           PLL1_IRQHandler           [WEAK
]
  276 0000008C                 EXPORT           USBActivity_IRQHandler    [WEAK
]
  277 0000008C                 EXPORT           CANActivity_IRQHandler    [WEAK
]
  278 0000008C         
  279 0000008C         WDT_IRQHandler
  280 0000008C         TIMER0_IRQHandler
  281 0000008C         TIMER1_IRQHandler



ARM Macro Assembler    Page 8 


  282 0000008C         TIMER2_IRQHandler
  283 0000008C         TIMER3_IRQHandler
  284 0000008C         UART0_IRQHandler
  285 0000008C         UART1_IRQHandler
  286 0000008C         UART2_IRQHandler
  287 0000008C         UART3_IRQHandler
  288 0000008C         PWM1_IRQHandler
  289 0000008C         I2C0_IRQHandler
  290 0000008C         I2C1_IRQHandler
  291 0000008C         I2C2_IRQHandler
  292 0000008C         SPI_IRQHandler
  293 0000008C         SSP0_IRQHandler
  294 0000008C         SSP1_IRQHandler
  295 0000008C         PLL0_IRQHandler
  296 0000008C         RTC_IRQHandler
  297 0000008C         EINT0_IRQHandler
  298 0000008C         EINT1_IRQHandler
  299 0000008C         EINT2_IRQHandler
  300 0000008C         EINT3_IRQHandler
  301 0000008C         ADC_IRQHandler
  302 0000008C         BOD_IRQHandler
  303 0000008C         USB_IRQHandler
  304 0000008C         CAN_IRQHandler
  305 0000008C         DMA_IRQHandler
  306 0000008C         I2S_IRQHandler
  307 0000008C         ENET_IRQHandler
  308 0000008C         RIT_IRQHandler
  309 0000008C         MCPWM_IRQHandler
  310 0000008C         QEI_IRQHandler
  311 0000008C         PLL1_IRQHandler
  312 0000008C         USBActivity_IRQHandler
  313 0000008C         CANActivity_IRQHandler
  314 0000008C         
  315 0000008C E7FE            B                .
  316 0000008E         
  317 0000008E                 ENDP
  318 0000008E         
  319 0000008E         
  320 0000008E 00 00           ALIGN
  321 00000090         
  322 00000090         
  323 00000090         ; User Initial Stack & Heap
  324 00000090         
  325 00000090                 IF               :DEF:__MICROLIB
  332 00000090         
  333 00000090                 IMPORT           __use_two_region_memory
  334 00000090                 EXPORT           __user_initial_stackheap
  335 00000090         __user_initial_stackheap
  336 00000090         
  337 00000090 4805            LDR              R0, =  Heap_Mem
  338 00000092 4906            LDR              R1, =(Stack_Mem + Stack_Size)
  339 00000094 4A04            LDR              R2, = (Heap_Mem +  Heap_Size)
  340 00000096 4B06            LDR              R3, = Stack_Mem
  341 00000098 4770            BX               LR
  342 0000009A         
  343 0000009A 00 00           ALIGN
  344 0000009C         
  345 0000009C                 ENDIF
  346 0000009C         



ARM Macro Assembler    Page 9 


  347 0000009C         
  348 0000009C                 END
              7A30458D 
              C3159EAA 
              00000000 
              00000000 
              00000200 
              00000000 
Command Line: --debug --xref --diag_suppress=9931 --cpu=Cortex-M3 --apcs=interw
ork --depend=.\objects\startup_lpc17xx.d -o.\objects\startup_lpc17xx.o -I.\RTE\
Device\LPC1768 -I.\RTE\_Target_1 -ID:\apps\Keil_v5\Arm\Packs\ARM\CMSIS\5.5.1\CM
SIS\Core\Include -ID:\apps\Keil_v5\Arm\Packs\Keil\LPC1700_DFP\2.6.0\Device\Incl
ude --predefine="__EVAL SETA 1" --predefine="__UVISION_VERSION SETA 528" --pred
efine="_RTE_ SETA 1" --predefine="LPC175x_6x SETA 1" --list=.\listings\startup_
lpc17xx.lst RTE\Device\LPC1768\startup_LPC17xx.s



ARM Macro Assembler    Page 1 Alphabetic symbol ordering
Relocatable symbols

STACK 00000000

Symbol: STACK
   Definitions
      At line 33 in file RTE\Device\LPC1768\startup_LPC17xx.s
   Uses
      None
Comment: STACK unused
Stack_Mem 00000000

Symbol: Stack_Mem
   Definitions
      At line 34 in file RTE\Device\LPC1768\startup_LPC17xx.s
   Uses
      At line 338 in file RTE\Device\LPC1768\startup_LPC17xx.s
      At line 340 in file RTE\Device\LPC1768\startup_LPC17xx.s

__initial_sp 00000200

Symbol: __initial_sp
   Definitions
      At line 35 in file RTE\Device\LPC1768\startup_LPC17xx.s
   Uses
      At line 60 in file RTE\Device\LPC1768\startup_LPC17xx.s
Comment: __initial_sp used once
3 symbols



ARM Macro Assembler    Page 1 Alphabetic symbol ordering
Relocatable symbols

HEAP 00000000

Symbol: HEAP
   Definitions
      At line 44 in file RTE\Device\LPC1768\startup_LPC17xx.s
   Uses
      None
Comment: HEAP unused
Heap_Mem 00000000

Symbol: Heap_Mem
   Definitions
      At line 46 in file RTE\Device\LPC1768\startup_LPC17xx.s
   Uses
      At line 337 in file RTE\Device\LPC1768\startup_LPC17xx.s
      At line 339 in file RTE\Device\LPC1768\startup_LPC17xx.s

__heap_base 00000000

Symbol: __heap_base
   Definitions
      At line 45 in file RTE\Device\LPC1768\startup_LPC17xx.s
   Uses
      None
Comment: __heap_base unused
__heap_limit 00000000

Symbol: __heap_limit
   Definitions
      At line 47 in file RTE\Device\LPC1768\startup_LPC17xx.s
   Uses
      None
Comment: __heap_limit unused
4 symbols



ARM Macro Assembler    Page 1 Alphabetic symbol ordering
Relocatable symbols

mySpace 00000000

Symbol: mySpace
   Definitions
      At line 50 in file RTE\Device\LPC1768\startup_LPC17xx.s
   Uses
      At line 133 in file RTE\Device\LPC1768\startup_LPC17xx.s
Comment: mySpace used once
mySpace1 00000000

Symbol: mySpace1
   Definitions
      At line 49 in file RTE\Device\LPC1768\startup_LPC17xx.s
   Uses
      None
Comment: mySpace1 unused
2 symbols



ARM Macro Assembler    Page 1 Alphabetic symbol ordering
Relocatable symbols

RESET 00000000

Symbol: RESET
   Definitions
      At line 57 in file RTE\Device\LPC1768\startup_LPC17xx.s
   Uses
      None
Comment: RESET unused
__Vectors 00000000

Symbol: __Vectors
   Definitions
      At line 60 in file RTE\Device\LPC1768\startup_LPC17xx.s
   Uses
      At line 58 in file RTE\Device\LPC1768\startup_LPC17xx.s
Comment: __Vectors used once
2 symbols



ARM Macro Assembler    Page 1 Alphabetic symbol ordering
Relocatable symbols

.ARM.__at_0x02FC 00000000

Symbol: .ARM.__at_0x02FC
   Definitions
      At line 116 in file RTE\Device\LPC1768\startup_LPC17xx.s
   Uses
      None
Comment: .ARM.__at_0x02FC unused
CRP_Key 00000000

Symbol: CRP_Key
   Definitions
      At line 117 in file RTE\Device\LPC1768\startup_LPC17xx.s
   Uses
      None
Comment: CRP_Key unused
2 symbols



ARM Macro Assembler    Page 1 Alphabetic symbol ordering
Relocatable symbols

.text 00000000

Symbol: .text
   Definitions
      At line 121 in file RTE\Device\LPC1768\startup_LPC17xx.s
   Uses
      None
Comment: .text unused
ADC_IRQHandler 0000008C

Symbol: ADC_IRQHandler
   Definitions
      At line 301 in file RTE\Device\LPC1768\startup_LPC17xx.s
   Uses
      At line 100 in file RTE\Device\LPC1768\startup_LPC17xx.s
      At line 265 in file RTE\Device\LPC1768\startup_LPC17xx.s

BOD_IRQHandler 0000008C

Symbol: BOD_IRQHandler
   Definitions
      At line 302 in file RTE\Device\LPC1768\startup_LPC17xx.s
   Uses
      At line 101 in file RTE\Device\LPC1768\startup_LPC17xx.s
      At line 266 in file RTE\Device\LPC1768\startup_LPC17xx.s

BusFault_Handler 0000006C

Symbol: BusFault_Handler
   Definitions
      At line 203 in file RTE\Device\LPC1768\startup_LPC17xx.s
   Uses
      At line 65 in file RTE\Device\LPC1768\startup_LPC17xx.s
      At line 204 in file RTE\Device\LPC1768\startup_LPC17xx.s

CANActivity_IRQHandler 0000008C

Symbol: CANActivity_IRQHandler
   Definitions
      At line 313 in file RTE\Device\LPC1768\startup_LPC17xx.s
   Uses
      At line 112 in file RTE\Device\LPC1768\startup_LPC17xx.s
      At line 277 in file RTE\Device\LPC1768\startup_LPC17xx.s

CAN_IRQHandler 0000008C

Symbol: CAN_IRQHandler
   Definitions
      At line 304 in file RTE\Device\LPC1768\startup_LPC17xx.s
   Uses
      At line 103 in file RTE\Device\LPC1768\startup_LPC17xx.s
      At line 268 in file RTE\Device\LPC1768\startup_LPC17xx.s

DMA_IRQHandler 0000008C

Symbol: DMA_IRQHandler
   Definitions
      At line 305 in file RTE\Device\LPC1768\startup_LPC17xx.s
   Uses



ARM Macro Assembler    Page 2 Alphabetic symbol ordering
Relocatable symbols

      At line 104 in file RTE\Device\LPC1768\startup_LPC17xx.s
      At line 269 in file RTE\Device\LPC1768\startup_LPC17xx.s

DebugMon_Handler 00000086

Symbol: DebugMon_Handler
   Definitions
      At line 228 in file RTE\Device\LPC1768\startup_LPC17xx.s
   Uses
      At line 72 in file RTE\Device\LPC1768\startup_LPC17xx.s
      At line 229 in file RTE\Device\LPC1768\startup_LPC17xx.s

Default_Handler 0000008C

Symbol: Default_Handler
   Definitions
      At line 241 in file RTE\Device\LPC1768\startup_LPC17xx.s
   Uses
      None
Comment: Default_Handler unused
EINT0_IRQHandler 0000008C

Symbol: EINT0_IRQHandler
   Definitions
      At line 297 in file RTE\Device\LPC1768\startup_LPC17xx.s
   Uses
      At line 96 in file RTE\Device\LPC1768\startup_LPC17xx.s
      At line 261 in file RTE\Device\LPC1768\startup_LPC17xx.s

EINT1_IRQHandler 0000008C

Symbol: EINT1_IRQHandler
   Definitions
      At line 298 in file RTE\Device\LPC1768\startup_LPC17xx.s
   Uses
      At line 97 in file RTE\Device\LPC1768\startup_LPC17xx.s
      At line 262 in file RTE\Device\LPC1768\startup_LPC17xx.s

EINT2_IRQHandler 0000008C

Symbol: EINT2_IRQHandler
   Definitions
      At line 299 in file RTE\Device\LPC1768\startup_LPC17xx.s
   Uses
      At line 98 in file RTE\Device\LPC1768\startup_LPC17xx.s
      At line 263 in file RTE\Device\LPC1768\startup_LPC17xx.s

EINT3_IRQHandler 0000008C

Symbol: EINT3_IRQHandler
   Definitions
      At line 300 in file RTE\Device\LPC1768\startup_LPC17xx.s
   Uses
      At line 99 in file RTE\Device\LPC1768\startup_LPC17xx.s
      At line 264 in file RTE\Device\LPC1768\startup_LPC17xx.s

ENDP 0000001A

Symbol: ENDP



ARM Macro Assembler    Page 3 Alphabetic symbol ordering
Relocatable symbols

   Definitions
      At line 143 in file RTE\Device\LPC1768\startup_LPC17xx.s
   Uses
      None
Comment: ENDP unused
ENET_IRQHandler 0000008C

Symbol: ENET_IRQHandler
   Definitions
      At line 307 in file RTE\Device\LPC1768\startup_LPC17xx.s
   Uses
      At line 106 in file RTE\Device\LPC1768\startup_LPC17xx.s
      At line 271 in file RTE\Device\LPC1768\startup_LPC17xx.s

HardFault_Handler 00000068

Symbol: HardFault_Handler
   Definitions
      At line 193 in file RTE\Device\LPC1768\startup_LPC17xx.s
   Uses
      At line 63 in file RTE\Device\LPC1768\startup_LPC17xx.s
      At line 194 in file RTE\Device\LPC1768\startup_LPC17xx.s

I2C0_IRQHandler 0000008C

Symbol: I2C0_IRQHandler
   Definitions
      At line 289 in file RTE\Device\LPC1768\startup_LPC17xx.s
   Uses
      At line 88 in file RTE\Device\LPC1768\startup_LPC17xx.s
      At line 253 in file RTE\Device\LPC1768\startup_LPC17xx.s

I2C1_IRQHandler 0000008C

Symbol: I2C1_IRQHandler
   Definitions
      At line 290 in file RTE\Device\LPC1768\startup_LPC17xx.s
   Uses
      At line 89 in file RTE\Device\LPC1768\startup_LPC17xx.s
      At line 254 in file RTE\Device\LPC1768\startup_LPC17xx.s

I2C2_IRQHandler 0000008C

Symbol: I2C2_IRQHandler
   Definitions
      At line 291 in file RTE\Device\LPC1768\startup_LPC17xx.s
   Uses
      At line 90 in file RTE\Device\LPC1768\startup_LPC17xx.s
      At line 255 in file RTE\Device\LPC1768\startup_LPC17xx.s

I2S_IRQHandler 0000008C

Symbol: I2S_IRQHandler
   Definitions
      At line 306 in file RTE\Device\LPC1768\startup_LPC17xx.s
   Uses
      At line 105 in file RTE\Device\LPC1768\startup_LPC17xx.s
      At line 270 in file RTE\Device\LPC1768\startup_LPC17xx.s




ARM Macro Assembler    Page 4 Alphabetic symbol ordering
Relocatable symbols

MCPWM_IRQHandler 0000008C

Symbol: MCPWM_IRQHandler
   Definitions
      At line 309 in file RTE\Device\LPC1768\startup_LPC17xx.s
   Uses
      At line 108 in file RTE\Device\LPC1768\startup_LPC17xx.s
      At line 273 in file RTE\Device\LPC1768\startup_LPC17xx.s

MemManage_Handler 0000006A

Symbol: MemManage_Handler
   Definitions
      At line 198 in file RTE\Device\LPC1768\startup_LPC17xx.s
   Uses
      At line 64 in file RTE\Device\LPC1768\startup_LPC17xx.s
      At line 199 in file RTE\Device\LPC1768\startup_LPC17xx.s

NMI_Handler 00000066

Symbol: NMI_Handler
   Definitions
      At line 188 in file RTE\Device\LPC1768\startup_LPC17xx.s
   Uses
      At line 62 in file RTE\Device\LPC1768\startup_LPC17xx.s
      At line 189 in file RTE\Device\LPC1768\startup_LPC17xx.s

PLL0_IRQHandler 0000008C

Symbol: PLL0_IRQHandler
   Definitions
      At line 295 in file RTE\Device\LPC1768\startup_LPC17xx.s
   Uses
      At line 94 in file RTE\Device\LPC1768\startup_LPC17xx.s
      At line 259 in file RTE\Device\LPC1768\startup_LPC17xx.s

PLL1_IRQHandler 0000008C

Symbol: PLL1_IRQHandler
   Definitions
      At line 311 in file RTE\Device\LPC1768\startup_LPC17xx.s
   Uses
      At line 110 in file RTE\Device\LPC1768\startup_LPC17xx.s
      At line 275 in file RTE\Device\LPC1768\startup_LPC17xx.s

PWM1_IRQHandler 0000008C

Symbol: PWM1_IRQHandler
   Definitions
      At line 288 in file RTE\Device\LPC1768\startup_LPC17xx.s
   Uses
      At line 87 in file RTE\Device\LPC1768\startup_LPC17xx.s
      At line 252 in file RTE\Device\LPC1768\startup_LPC17xx.s

PendSV_Handler 00000088

Symbol: PendSV_Handler
   Definitions
      At line 232 in file RTE\Device\LPC1768\startup_LPC17xx.s



ARM Macro Assembler    Page 5 Alphabetic symbol ordering
Relocatable symbols

   Uses
      At line 74 in file RTE\Device\LPC1768\startup_LPC17xx.s
      At line 233 in file RTE\Device\LPC1768\startup_LPC17xx.s

QEI_IRQHandler 0000008C

Symbol: QEI_IRQHandler
   Definitions
      At line 310 in file RTE\Device\LPC1768\startup_LPC17xx.s
   Uses
      At line 109 in file RTE\Device\LPC1768\startup_LPC17xx.s
      At line 274 in file RTE\Device\LPC1768\startup_LPC17xx.s

RIT_IRQHandler 0000008C

Symbol: RIT_IRQHandler
   Definitions
      At line 308 in file RTE\Device\LPC1768\startup_LPC17xx.s
   Uses
      At line 107 in file RTE\Device\LPC1768\startup_LPC17xx.s
      At line 272 in file RTE\Device\LPC1768\startup_LPC17xx.s

RTC_IRQHandler 0000008C

Symbol: RTC_IRQHandler
   Definitions
      At line 296 in file RTE\Device\LPC1768\startup_LPC17xx.s
   Uses
      At line 95 in file RTE\Device\LPC1768\startup_LPC17xx.s
      At line 260 in file RTE\Device\LPC1768\startup_LPC17xx.s

Reset_Handler 00000000

Symbol: Reset_Handler
   Definitions
      At line 126 in file RTE\Device\LPC1768\startup_LPC17xx.s
   Uses
      At line 61 in file RTE\Device\LPC1768\startup_LPC17xx.s
      At line 127 in file RTE\Device\LPC1768\startup_LPC17xx.s

SPI_IRQHandler 0000008C

Symbol: SPI_IRQHandler
   Definitions
      At line 292 in file RTE\Device\LPC1768\startup_LPC17xx.s
   Uses
      At line 91 in file RTE\Device\LPC1768\startup_LPC17xx.s
      At line 256 in file RTE\Device\LPC1768\startup_LPC17xx.s

SSP0_IRQHandler 0000008C

Symbol: SSP0_IRQHandler
   Definitions
      At line 293 in file RTE\Device\LPC1768\startup_LPC17xx.s
   Uses
      At line 92 in file RTE\Device\LPC1768\startup_LPC17xx.s
      At line 257 in file RTE\Device\LPC1768\startup_LPC17xx.s

SSP1_IRQHandler 0000008C



ARM Macro Assembler    Page 6 Alphabetic symbol ordering
Relocatable symbols


Symbol: SSP1_IRQHandler
   Definitions
      At line 294 in file RTE\Device\LPC1768\startup_LPC17xx.s
   Uses
      At line 93 in file RTE\Device\LPC1768\startup_LPC17xx.s
      At line 258 in file RTE\Device\LPC1768\startup_LPC17xx.s

SVC_Handler 00000070

Symbol: SVC_Handler
   Definitions
      At line 212 in file RTE\Device\LPC1768\startup_LPC17xx.s
   Uses
      At line 71 in file RTE\Device\LPC1768\startup_LPC17xx.s
      At line 213 in file RTE\Device\LPC1768\startup_LPC17xx.s

SysTick_Handler 0000008A

Symbol: SysTick_Handler
   Definitions
      At line 236 in file RTE\Device\LPC1768\startup_LPC17xx.s
   Uses
      At line 75 in file RTE\Device\LPC1768\startup_LPC17xx.s
      At line 237 in file RTE\Device\LPC1768\startup_LPC17xx.s

TIMER0_IRQHandler 0000008C

Symbol: TIMER0_IRQHandler
   Definitions
      At line 280 in file RTE\Device\LPC1768\startup_LPC17xx.s
   Uses
      At line 79 in file RTE\Device\LPC1768\startup_LPC17xx.s
      At line 244 in file RTE\Device\LPC1768\startup_LPC17xx.s

TIMER1_IRQHandler 0000008C

Symbol: TIMER1_IRQHandler
   Definitions
      At line 281 in file RTE\Device\LPC1768\startup_LPC17xx.s
   Uses
      At line 80 in file RTE\Device\LPC1768\startup_LPC17xx.s
      At line 245 in file RTE\Device\LPC1768\startup_LPC17xx.s

TIMER2_IRQHandler 0000008C

Symbol: TIMER2_IRQHandler
   Definitions
      At line 282 in file RTE\Device\LPC1768\startup_LPC17xx.s
   Uses
      At line 81 in file RTE\Device\LPC1768\startup_LPC17xx.s
      At line 246 in file RTE\Device\LPC1768\startup_LPC17xx.s

TIMER3_IRQHandler 0000008C

Symbol: TIMER3_IRQHandler
   Definitions
      At line 283 in file RTE\Device\LPC1768\startup_LPC17xx.s
   Uses



ARM Macro Assembler    Page 7 Alphabetic symbol ordering
Relocatable symbols

      At line 82 in file RTE\Device\LPC1768\startup_LPC17xx.s
      At line 247 in file RTE\Device\LPC1768\startup_LPC17xx.s

UART0_IRQHandler 0000008C

Symbol: UART0_IRQHandler
   Definitions
      At line 284 in file RTE\Device\LPC1768\startup_LPC17xx.s
   Uses
      At line 83 in file RTE\Device\LPC1768\startup_LPC17xx.s
      At line 248 in file RTE\Device\LPC1768\startup_LPC17xx.s

UART1_IRQHandler 0000008C

Symbol: UART1_IRQHandler
   Definitions
      At line 285 in file RTE\Device\LPC1768\startup_LPC17xx.s
   Uses
      At line 84 in file RTE\Device\LPC1768\startup_LPC17xx.s
      At line 249 in file RTE\Device\LPC1768\startup_LPC17xx.s

UART2_IRQHandler 0000008C

Symbol: UART2_IRQHandler
   Definitions
      At line 286 in file RTE\Device\LPC1768\startup_LPC17xx.s
   Uses
      At line 85 in file RTE\Device\LPC1768\startup_LPC17xx.s
      At line 250 in file RTE\Device\LPC1768\startup_LPC17xx.s

UART3_IRQHandler 0000008C

Symbol: UART3_IRQHandler
   Definitions
      At line 287 in file RTE\Device\LPC1768\startup_LPC17xx.s
   Uses
      At line 86 in file RTE\Device\LPC1768\startup_LPC17xx.s
      At line 251 in file RTE\Device\LPC1768\startup_LPC17xx.s

USBActivity_IRQHandler 0000008C

Symbol: USBActivity_IRQHandler
   Definitions
      At line 312 in file RTE\Device\LPC1768\startup_LPC17xx.s
   Uses
      At line 111 in file RTE\Device\LPC1768\startup_LPC17xx.s
      At line 276 in file RTE\Device\LPC1768\startup_LPC17xx.s

USB_IRQHandler 0000008C

Symbol: USB_IRQHandler
   Definitions
      At line 303 in file RTE\Device\LPC1768\startup_LPC17xx.s
   Uses
      At line 102 in file RTE\Device\LPC1768\startup_LPC17xx.s
      At line 267 in file RTE\Device\LPC1768\startup_LPC17xx.s

UsageFault_Handler 0000006E




ARM Macro Assembler    Page 8 Alphabetic symbol ordering
Relocatable symbols

Symbol: UsageFault_Handler
   Definitions
      At line 208 in file RTE\Device\LPC1768\startup_LPC17xx.s
   Uses
      At line 66 in file RTE\Device\LPC1768\startup_LPC17xx.s
      At line 209 in file RTE\Device\LPC1768\startup_LPC17xx.s

WDT_IRQHandler 0000008C

Symbol: WDT_IRQHandler
   Definitions
      At line 279 in file RTE\Device\LPC1768\startup_LPC17xx.s
   Uses
      At line 78 in file RTE\Device\LPC1768\startup_LPC17xx.s
      At line 243 in file RTE\Device\LPC1768\startup_LPC17xx.s

__user_initial_stackheap 00000090

Symbol: __user_initial_stackheap
   Definitions
      At line 335 in file RTE\Device\LPC1768\startup_LPC17xx.s
   Uses
      At line 334 in file RTE\Device\LPC1768\startup_LPC17xx.s
Comment: __user_initial_stackheap used once
biggerfirst 00000048

Symbol: biggerfirst
   Definitions
      At line 166 in file RTE\Device\LPC1768\startup_LPC17xx.s
   Uses
      At line 163 in file RTE\Device\LPC1768\startup_LPC17xx.s
Comment: biggerfirst used once
continuesub 0000004C

Symbol: continuesub
   Definitions
      At line 167 in file RTE\Device\LPC1768\startup_LPC17xx.s
   Uses
      At line 165 in file RTE\Device\LPC1768\startup_LPC17xx.s
Comment: continuesub used once
loop 0000002E

Symbol: loop
   Definitions
      At line 155 in file RTE\Device\LPC1768\startup_LPC17xx.s
   Uses
      At line 174 in file RTE\Device\LPC1768\startup_LPC17xx.s
Comment: loop used once
myUSAD8R 0000001A

Symbol: myUSAD8R
   Definitions
      At line 146 in file RTE\Device\LPC1768\startup_LPC17xx.s
   Uses
      At line 137 in file RTE\Device\LPC1768\startup_LPC17xx.s
Comment: myUSAD8R used once
stop 00000018

Symbol: stop



ARM Macro Assembler    Page 9 Alphabetic symbol ordering
Relocatable symbols

   Definitions
      At line 141 in file RTE\Device\LPC1768\startup_LPC17xx.s
   Uses
      At line 141 in file RTE\Device\LPC1768\startup_LPC17xx.s
Comment: stop used once
54 symbols



ARM Macro Assembler    Page 1 Alphabetic symbol ordering
Absolute symbols

Heap_Size 00000000

Symbol: Heap_Size
   Definitions
      At line 42 in file RTE\Device\LPC1768\startup_LPC17xx.s
   Uses
      At line 46 in file RTE\Device\LPC1768\startup_LPC17xx.s
      At line 339 in file RTE\Device\LPC1768\startup_LPC17xx.s

Stack_Size 00000200

Symbol: Stack_Size
   Definitions
      At line 31 in file RTE\Device\LPC1768\startup_LPC17xx.s
   Uses
      At line 34 in file RTE\Device\LPC1768\startup_LPC17xx.s
      At line 338 in file RTE\Device\LPC1768\startup_LPC17xx.s

2 symbols



ARM Macro Assembler    Page 1 Alphabetic symbol ordering
External symbols

__use_two_region_memory 00000000

Symbol: __use_two_region_memory
   Definitions
      At line 333 in file RTE\Device\LPC1768\startup_LPC17xx.s
   Uses
      None
Comment: __use_two_region_memory unused
1 symbol
410 symbols in table
