


ARM Macro Assembler    Page 1 


    1 00000000         ;/******************************************************
                       ********************//**
    2 00000000         ; * @file     startup_LPC17xx.s
    3 00000000         ; * @brief    CMSIS Cortex-M3 Core Device Startup File f
                       or
    4 00000000         ; *           NXP LPC17xx Device Series
    5 00000000         ; * @version  V1.10
    6 00000000         ; * @date     06. April 2011
    7 00000000         ; *
    8 00000000         ; * @note
    9 00000000         ; * Copyright (C) 2009-2011 ARM Limited. All rights rese
                       rved.
   10 00000000         ; *
   11 00000000         ; * @par
   12 00000000         ; * ARM Limited (ARM) is supplying this software for use
                        with Cortex-M
   13 00000000         ; * processor based microcontrollers.  This file can be 
                       freely distributed
   14 00000000         ; * within development tools that are supporting such AR
                       M based processors.
   15 00000000         ; *
   16 00000000         ; * @par
   17 00000000         ; * THIS SOFTWARE IS PROVIDED "AS IS".  NO WARRANTIES, W
                       HETHER EXPRESS, IMPLIED
   18 00000000         ; * OR STATUTORY, INCLUDING, BUT NOT LIMITED TO, IMPLIED
                        WARRANTIES OF
   19 00000000         ; * MERCHANTABILITY AND FITNESS FOR A PARTICULAR PURPOSE
                        APPLY TO THIS SOFTWARE.
   20 00000000         ; * ARM SHALL NOT, IN ANY CIRCUMSTANCES, BE LIABLE FOR S
                       PECIAL, INCIDENTAL, OR
   21 00000000         ; * CONSEQUENTIAL DAMAGES, FOR ANY REASON WHATSOEVER.
   22 00000000         ; *
   23 00000000         ; ******************************************************
                       ************************/
   24 00000000         
   25 00000000         ; *------- <<< Use Configuration Wizard in Context Menu 
                       >>> ------------------
   26 00000000         
   27 00000000         ; <h> Stack Configuration
   28 00000000         ;   <o> Stack Size (in Bytes) <0x0-0xFFFFFFFF:8>
   29 00000000         ; </h>
   30 00000000         
   31 00000000 00000200 
                       Stack_Size
                               EQU              0x00000200
   32 00000000         
   33 00000000                 AREA             STACK, NOINIT, READWRITE, ALIGN
=3
   34 00000000         Stack_Mem
                               SPACE            Stack_Size
   35 00000200         __initial_sp
   36 00000200         
   37 00000200         
   38 00000200         ; <h> Heap Configuration
   39 00000200         ;   <o>  Heap Size (in Bytes) <0x0-0xFFFFFFFF:8>
   40 00000200         ; </h>
   41 00000200         
   42 00000200 00000000 
                       Heap_Size



ARM Macro Assembler    Page 2 


                               EQU              0x00000000
   43 00000200         
   44 00000200                 AREA             HEAP, NOINIT, READWRITE, ALIGN=
3
   45 00000000         __heap_base
   46 00000000         Heap_Mem
                               SPACE            Heap_Size
   47 00000000         __heap_limit
   48 00000000         
   49 00000000                 area             mySpace1 , DATA,READWRITE
   50 00000000 00000000 
                       mySpace dcd              0x00000000
   51 00000004                 PRESERVE8
   52 00000004                 THUMB
   53 00000004         
   54 00000004         
   55 00000004         ; Vector Table Mapped to Address 0 at Reset
   56 00000004         
   57 00000004                 AREA             RESET, DATA, READONLY
   58 00000000                 EXPORT           __Vectors
   59 00000000         
   60 00000000 00000000 
                       __Vectors
                               DCD              __initial_sp ; Top of Stack
   61 00000004 00000000        DCD              Reset_Handler ; Reset Handler
   62 00000008 00000000        DCD              NMI_Handler ; NMI Handler
   63 0000000C 00000000        DCD              HardFault_Handler ; Hard Fault 
                                                            Handler
   64 00000010 00000000        DCD              MemManage_Handler 
                                                            ; MPU Fault Handler
                                                            
   65 00000014 00000000        DCD              BusFault_Handler 
                                                            ; Bus Fault Handler
                                                            
   66 00000018 00000000        DCD              UsageFault_Handler ; Usage Faul
                                                            t Handler
   67 0000001C 00000000        DCD              0           ; Reserved
   68 00000020 00000000        DCD              0           ; Reserved
   69 00000024 00000000        DCD              0           ; Reserved
   70 00000028 00000000        DCD              0           ; Reserved
   71 0000002C 00000000        DCD              SVC_Handler ; SVCall Handler
   72 00000030 00000000        DCD              DebugMon_Handler ; Debug Monito
                                                            r Handler
   73 00000034 00000000        DCD              0           ; Reserved
   74 00000038 00000000        DCD              PendSV_Handler ; PendSV Handler
                                                            
   75 0000003C 00000000        DCD              SysTick_Handler 
                                                            ; SysTick Handler
   76 00000040         
   77 00000040         ; External Interrupts
   78 00000040 00000000        DCD              WDT_IRQHandler ; 16: Watchdog T
                                                            imer
   79 00000044 00000000        DCD              TIMER0_IRQHandler ; 17: Timer0
   80 00000048 00000000        DCD              TIMER1_IRQHandler ; 18: Timer1
   81 0000004C 00000000        DCD              TIMER2_IRQHandler ; 19: Timer2
   82 00000050 00000000        DCD              TIMER3_IRQHandler ; 20: Timer3
   83 00000054 00000000        DCD              UART0_IRQHandler ; 21: UART0
   84 00000058 00000000        DCD              UART1_IRQHandler ; 22: UART1
   85 0000005C 00000000        DCD              UART2_IRQHandler ; 23: UART2



ARM Macro Assembler    Page 3 


   86 00000060 00000000        DCD              UART3_IRQHandler ; 24: UART3
   87 00000064 00000000        DCD              PWM1_IRQHandler ; 25: PWM1
   88 00000068 00000000        DCD              I2C0_IRQHandler ; 26: I2C0
   89 0000006C 00000000        DCD              I2C1_IRQHandler ; 27: I2C1
   90 00000070 00000000        DCD              I2C2_IRQHandler ; 28: I2C2
   91 00000074 00000000        DCD              SPI_IRQHandler ; 29: SPI
   92 00000078 00000000        DCD              SSP0_IRQHandler ; 30: SSP0
   93 0000007C 00000000        DCD              SSP1_IRQHandler ; 31: SSP1
   94 00000080 00000000        DCD              PLL0_IRQHandler ; 32: PLL0 Lock
                                                             (Main PLL)
   95 00000084 00000000        DCD              RTC_IRQHandler ; 33: Real Time 
                                                            Clock
   96 00000088 00000000        DCD              EINT0_IRQHandler ; 34: External
                                                             Interrupt 0
   97 0000008C 00000000        DCD              EINT1_IRQHandler ; 35: External
                                                             Interrupt 1
   98 00000090 00000000        DCD              EINT2_IRQHandler ; 36: External
                                                             Interrupt 2
   99 00000094 00000000        DCD              EINT3_IRQHandler ; 37: External
                                                             Interrupt 3
  100 00000098 00000000        DCD              ADC_IRQHandler 
                                                            ; 38: A/D Converter
                                                            
  101 0000009C 00000000        DCD              BOD_IRQHandler ; 39: Brown-Out 
                                                            Detect
  102 000000A0 00000000        DCD              USB_IRQHandler ; 40: USB
  103 000000A4 00000000        DCD              CAN_IRQHandler ; 41: CAN
  104 000000A8 00000000        DCD              DMA_IRQHandler ; 42: General Pu
                                                            rpose DMA
  105 000000AC 00000000        DCD              I2S_IRQHandler ; 43: I2S
  106 000000B0 00000000        DCD              ENET_IRQHandler ; 44: Ethernet
  107 000000B4 00000000        DCD              RIT_IRQHandler ; 45: Repetitive
                                                             Interrupt Timer
  108 000000B8 00000000        DCD              MCPWM_IRQHandler ; 46: Motor Co
                                                            ntrol PWM
  109 000000BC 00000000        DCD              QEI_IRQHandler ; 47: Quadrature
                                                             Encoder Interface
  110 000000C0 00000000        DCD              PLL1_IRQHandler ; 48: PLL1 Lock
                                                             (USB PLL)
  111 000000C4 00000000        DCD              USBActivity_IRQHandler ; 49: US
                                                            B Activity interrup
                                                            t to wakeup
  112 000000C8 00000000        DCD              CANActivity_IRQHandler ; 50: CA
                                                            N Activity interrup
                                                            t to wakeup
  113 000000CC         
  114 000000CC         
  115 000000CC                 IF               :LNOT::DEF:NO_CRP
  116 000000CC                 AREA             |.ARM.__at_0x02FC|, CODE, READO
NLY
  117 00000000 FFFFFFFF 
                       CRP_Key DCD              0xFFFFFFFF
  118 00000004                 ENDIF
  119 00000004         
  120 00000004         
  121 00000004                 AREA             |.text|, CODE, READONLY
  122 00000000         
  123 00000000         
  124 00000000         ; Reset Handler



ARM Macro Assembler    Page 4 


  125 00000000         
  126 00000000         Reset_Handler
                               PROC
  127 00000000                 EXPORT           Reset_Handler             [WEAK
]
  128 00000000         
  129 00000000         
  130 00000000         ;Calling by stack
  131 00000000 4825            ldr              r0,=0x7A30458D
  132 00000002 4926            ldr              r1,=0xC3159EAA
  133 00000004 B40F            PUSH             {r0, r1, r2,r3}
  134 00000006 F04F 0000       ldr              r0,=0x00000000
  135 0000000A F04F 0100       ldr              r1,=0x00000000
  136 0000000E F7FF FFFE       BL               myUSAD8s
  137 00000012 BC0F            POP              {r0, r1, r2,r3}
  138 00000014         
  139 00000014         
  140 00000014 E7FE    stop    b                stop
  141 00000016         
  142 00000016         
  143 00000016         
  144 00000016         myUSAD8s
                               proc
  145 00000016 E92D 41A0       PUSH             {R5,r7,r8,LR}
  146 0000001A 9804            LDR              r0, [sp,#16]
  147 0000001C 9905            LDR              r1, [sp,#20]
  148 0000001E         
  149 0000001E F64F 78FF       MOV              R8,#0x0000FFFF
  150 00000022         
  151 00000022 EA00 0308       AND              R3,r0,R8
  152 00000026 EA01 0408       AND              R4,r1,R8
  153 0000002A B21B            sxth             R3,R3
  154 0000002C B224            sxth             R4,R4
  155 0000002E FB04 F503       MUL              R5,R4,R3
  156 00000032 F8DF 806C       ldr              R8,=0xFFFF0000
  157 00000036 EA00 0308       AND              R3,r0,R8
  158 0000003A EA01 0408       AND              R4,r1,R8
  159 0000003E EA4F 4313       lsr              R3,#16
  160 00000042 EA4F 4414       lsr              R4,#16
  161 00000046 B21B            sxth             R3,R3
  162 00000048 B224            sxth             R4,R4
  163 0000004A FB04 F203       MUL              R2,R4,R3
  164 0000004E EB05 0702       add              r7,r5,r2
  165 00000052 EBA5 0802       sub              r8,r5,r2
  166 00000056 9706            str              r7, [sp,#24]
  167 00000058 F8CD 801C       str              r8, [sp,#28]
  168 0000005C E8BD 81A0       pop              {R5,r7,r8,PC}
  169 00000060 4770            bx               lr
  170 00000062                 endp
  171 00000062         
  172 00000062         ; Dummy Exception Handlers (infinite loops which can be 
                       modified)
  173 00000062         
  174 00000062         NMI_Handler
                               PROC
  175 00000062                 EXPORT           NMI_Handler               [WEAK
]
  176 00000062 E7FE            B                .
  177 00000064                 ENDP



ARM Macro Assembler    Page 5 


  179 00000064         HardFault_Handler
                               PROC
  180 00000064                 EXPORT           HardFault_Handler         [WEAK
]
  181 00000064 E7FE            B                .
  182 00000066                 ENDP
  184 00000066         MemManage_Handler
                               PROC
  185 00000066                 EXPORT           MemManage_Handler         [WEAK
]
  186 00000066 E7FE            B                .
  187 00000068                 ENDP
  189 00000068         BusFault_Handler
                               PROC
  190 00000068                 EXPORT           BusFault_Handler          [WEAK
]
  191 00000068 E7FE            B                .
  192 0000006A                 ENDP
  194 0000006A         UsageFault_Handler
                               PROC
  195 0000006A                 EXPORT           UsageFault_Handler        [WEAK
]
  196 0000006A E7FE            B                .
  197 0000006C                 ENDP
  198 0000006C         SVC_Handler
                               PROC
  199 0000006C                 EXPORT           SVC_Handler               [WEAK
]
  200 0000006C         
  201 0000006C         ;Test bit 2 of EXC_RETURN in LR
  202 0000006C F01E 0F04       TST              LR, #0x4
  203 00000070 BF0C            ITE              EQ
  204 00000072 F3EF 8008       MRSEQ            r0, MSP
  205 00000076 F3EF 8009       MRSNE            r0, PSP
  206 0000007A         ;get stacked PC from stack
  207 0000007A 6981            LDR              r1, [r0, #24]
  208 0000007C         ;get immediate from instruction
  209 0000007C F811 0C02       LDRB             r0, [r1, #-2]
  210 00000080         
  211 00000080 E7FE            B                .
  212 00000082                 ENDP
  214 00000082         DebugMon_Handler
                               PROC
  215 00000082                 EXPORT           DebugMon_Handler          [WEAK
]
  216 00000082 E7FE            B                .
  217 00000084                 ENDP
  218 00000084         PendSV_Handler
                               PROC
  219 00000084                 EXPORT           PendSV_Handler            [WEAK
]
  220 00000084 E7FE            B                .
  221 00000086                 ENDP
  222 00000086         SysTick_Handler
                               PROC
  223 00000086                 EXPORT           SysTick_Handler           [WEAK
]
  224 00000086 E7FE            B                .
  225 00000088                 ENDP



ARM Macro Assembler    Page 6 


  226 00000088         
  227 00000088         Default_Handler
                               PROC
  228 00000088         
  229 00000088                 EXPORT           WDT_IRQHandler            [WEAK
]
  230 00000088                 EXPORT           TIMER0_IRQHandler         [WEAK
]
  231 00000088                 EXPORT           TIMER1_IRQHandler         [WEAK
]
  232 00000088                 EXPORT           TIMER2_IRQHandler         [WEAK
]
  233 00000088                 EXPORT           TIMER3_IRQHandler         [WEAK
]
  234 00000088                 EXPORT           UART0_IRQHandler          [WEAK
]
  235 00000088                 EXPORT           UART1_IRQHandler          [WEAK
]
  236 00000088                 EXPORT           UART2_IRQHandler          [WEAK
]
  237 00000088                 EXPORT           UART3_IRQHandler          [WEAK
]
  238 00000088                 EXPORT           PWM1_IRQHandler           [WEAK
]
  239 00000088                 EXPORT           I2C0_IRQHandler           [WEAK
]
  240 00000088                 EXPORT           I2C1_IRQHandler           [WEAK
]
  241 00000088                 EXPORT           I2C2_IRQHandler           [WEAK
]
  242 00000088                 EXPORT           SPI_IRQHandler            [WEAK
]
  243 00000088                 EXPORT           SSP0_IRQHandler           [WEAK
]
  244 00000088                 EXPORT           SSP1_IRQHandler           [WEAK
]
  245 00000088                 EXPORT           PLL0_IRQHandler           [WEAK
]
  246 00000088                 EXPORT           RTC_IRQHandler            [WEAK
]
  247 00000088                 EXPORT           EINT0_IRQHandler          [WEAK
]
  248 00000088                 EXPORT           EINT1_IRQHandler          [WEAK
]
  249 00000088                 EXPORT           EINT2_IRQHandler          [WEAK
]
  250 00000088                 EXPORT           EINT3_IRQHandler          [WEAK
]
  251 00000088                 EXPORT           ADC_IRQHandler            [WEAK
]
  252 00000088                 EXPORT           BOD_IRQHandler            [WEAK
]
  253 00000088                 EXPORT           USB_IRQHandler            [WEAK
]
  254 00000088                 EXPORT           CAN_IRQHandler            [WEAK
]
  255 00000088                 EXPORT           DMA_IRQHandler            [WEAK
]
  256 00000088                 EXPORT           I2S_IRQHandler            [WEAK



ARM Macro Assembler    Page 7 


]
  257 00000088                 EXPORT           ENET_IRQHandler           [WEAK
]
  258 00000088                 EXPORT           RIT_IRQHandler            [WEAK
]
  259 00000088                 EXPORT           MCPWM_IRQHandler          [WEAK
]
  260 00000088                 EXPORT           QEI_IRQHandler            [WEAK
]
  261 00000088                 EXPORT           PLL1_IRQHandler           [WEAK
]
  262 00000088                 EXPORT           USBActivity_IRQHandler    [WEAK
]
  263 00000088                 EXPORT           CANActivity_IRQHandler    [WEAK
]
  264 00000088         
  265 00000088         WDT_IRQHandler
  266 00000088         TIMER0_IRQHandler
  267 00000088         TIMER1_IRQHandler
  268 00000088         TIMER2_IRQHandler
  269 00000088         TIMER3_IRQHandler
  270 00000088         UART0_IRQHandler
  271 00000088         UART1_IRQHandler
  272 00000088         UART2_IRQHandler
  273 00000088         UART3_IRQHandler
  274 00000088         PWM1_IRQHandler
  275 00000088         I2C0_IRQHandler
  276 00000088         I2C1_IRQHandler
  277 00000088         I2C2_IRQHandler
  278 00000088         SPI_IRQHandler
  279 00000088         SSP0_IRQHandler
  280 00000088         SSP1_IRQHandler
  281 00000088         PLL0_IRQHandler
  282 00000088         RTC_IRQHandler
  283 00000088         EINT0_IRQHandler
  284 00000088         EINT1_IRQHandler
  285 00000088         EINT2_IRQHandler
  286 00000088         EINT3_IRQHandler
  287 00000088         ADC_IRQHandler
  288 00000088         BOD_IRQHandler
  289 00000088         USB_IRQHandler
  290 00000088         CAN_IRQHandler
  291 00000088         DMA_IRQHandler
  292 00000088         I2S_IRQHandler
  293 00000088         ENET_IRQHandler
  294 00000088         RIT_IRQHandler
  295 00000088         MCPWM_IRQHandler
  296 00000088         QEI_IRQHandler
  297 00000088         PLL1_IRQHandler
  298 00000088         USBActivity_IRQHandler
  299 00000088         CANActivity_IRQHandler
  300 00000088         
  301 00000088 E7FE            B                .
  302 0000008A         
  303 0000008A                 ENDP
  304 0000008A         
  305 0000008A         
  306 0000008A 00 00           ALIGN
  307 0000008C         



ARM Macro Assembler    Page 8 


  308 0000008C         
  309 0000008C         ; User Initial Stack & Heap
  310 0000008C         
  311 0000008C                 IF               :DEF:__MICROLIB
  318 0000008C         
  319 0000008C                 IMPORT           __use_two_region_memory
  320 0000008C                 EXPORT           __user_initial_stackheap
  321 0000008C         __user_initial_stackheap
  322 0000008C         
  323 0000008C 4805            LDR              R0, =  Heap_Mem
  324 0000008E 4906            LDR              R1, =(Stack_Mem + Stack_Size)
  325 00000090 4A04            LDR              R2, = (Heap_Mem +  Heap_Size)
  326 00000092 4B06            LDR              R3, = Stack_Mem
  327 00000094 4770            BX               LR
  328 00000096         
  329 00000096 00 00           ALIGN
  330 00000098         
  331 00000098                 ENDIF
  332 00000098         
  333 00000098         
  334 00000098                 END
              7A30458D 
              C3159EAA 
              FFFF0000 
              00000000 
              00000200 
              00000000 
Command Line: --debug --xref --diag_suppress=9931 --cpu=Cortex-M3 --apcs=interw
ork --depend=.\objects\startup_lpc17xx.d -o.\objects\startup_lpc17xx.o -I.\RTE\
Device\LPC1768 -I.\RTE\_Target_1 -ID:\apps\Keil_v5\Arm\Packs\ARM\CMSIS\5.5.1\CM
SIS\Core\Include -ID:\apps\Keil_v5\Arm\Packs\Keil\LPC1700_DFP\2.6.0\Device\Incl
ude --predefine="__EVAL SETA 1" --predefine="__UVISION_VERSION SETA 528" --pred
efine="_RTE_ SETA 1" --predefine="LPC175x_6x SETA 1" --list=.\listings\startup_
lpc17xx.lst RTE\Device\LPC1768\startup_LPC17xx.s



ARM Macro Assembler    Page 1 Alphabetic symbol ordering
Relocatable symbols

STACK 00000000

Symbol: STACK
   Definitions
      At line 33 in file RTE\Device\LPC1768\startup_LPC17xx.s
   Uses
      None
Comment: STACK unused
Stack_Mem 00000000

Symbol: Stack_Mem
   Definitions
      At line 34 in file RTE\Device\LPC1768\startup_LPC17xx.s
   Uses
      At line 324 in file RTE\Device\LPC1768\startup_LPC17xx.s
      At line 326 in file RTE\Device\LPC1768\startup_LPC17xx.s

__initial_sp 00000200

Symbol: __initial_sp
   Definitions
      At line 35 in file RTE\Device\LPC1768\startup_LPC17xx.s
   Uses
      At line 60 in file RTE\Device\LPC1768\startup_LPC17xx.s
Comment: __initial_sp used once
3 symbols



ARM Macro Assembler    Page 1 Alphabetic symbol ordering
Relocatable symbols

HEAP 00000000

Symbol: HEAP
   Definitions
      At line 44 in file RTE\Device\LPC1768\startup_LPC17xx.s
   Uses
      None
Comment: HEAP unused
Heap_Mem 00000000

Symbol: Heap_Mem
   Definitions
      At line 46 in file RTE\Device\LPC1768\startup_LPC17xx.s
   Uses
      At line 323 in file RTE\Device\LPC1768\startup_LPC17xx.s
      At line 325 in file RTE\Device\LPC1768\startup_LPC17xx.s

__heap_base 00000000

Symbol: __heap_base
   Definitions
      At line 45 in file RTE\Device\LPC1768\startup_LPC17xx.s
   Uses
      None
Comment: __heap_base unused
__heap_limit 00000000

Symbol: __heap_limit
   Definitions
      At line 47 in file RTE\Device\LPC1768\startup_LPC17xx.s
   Uses
      None
Comment: __heap_limit unused
4 symbols



ARM Macro Assembler    Page 1 Alphabetic symbol ordering
Relocatable symbols

mySpace 00000000

Symbol: mySpace
   Definitions
      At line 50 in file RTE\Device\LPC1768\startup_LPC17xx.s
   Uses
      None
Comment: mySpace unused
mySpace1 00000000

Symbol: mySpace1
   Definitions
      At line 49 in file RTE\Device\LPC1768\startup_LPC17xx.s
   Uses
      None
Comment: mySpace1 unused
2 symbols



ARM Macro Assembler    Page 1 Alphabetic symbol ordering
Relocatable symbols

RESET 00000000

Symbol: RESET
   Definitions
      At line 57 in file RTE\Device\LPC1768\startup_LPC17xx.s
   Uses
      None
Comment: RESET unused
__Vectors 00000000

Symbol: __Vectors
   Definitions
      At line 60 in file RTE\Device\LPC1768\startup_LPC17xx.s
   Uses
      At line 58 in file RTE\Device\LPC1768\startup_LPC17xx.s
Comment: __Vectors used once
2 symbols



ARM Macro Assembler    Page 1 Alphabetic symbol ordering
Relocatable symbols

.ARM.__at_0x02FC 00000000

Symbol: .ARM.__at_0x02FC
   Definitions
      At line 116 in file RTE\Device\LPC1768\startup_LPC17xx.s
   Uses
      None
Comment: .ARM.__at_0x02FC unused
CRP_Key 00000000

Symbol: CRP_Key
   Definitions
      At line 117 in file RTE\Device\LPC1768\startup_LPC17xx.s
   Uses
      None
Comment: CRP_Key unused
2 symbols



ARM Macro Assembler    Page 1 Alphabetic symbol ordering
Relocatable symbols

.text 00000000

Symbol: .text
   Definitions
      At line 121 in file RTE\Device\LPC1768\startup_LPC17xx.s
   Uses
      None
Comment: .text unused
ADC_IRQHandler 00000088

Symbol: ADC_IRQHandler
   Definitions
      At line 287 in file RTE\Device\LPC1768\startup_LPC17xx.s
   Uses
      At line 100 in file RTE\Device\LPC1768\startup_LPC17xx.s
      At line 251 in file RTE\Device\LPC1768\startup_LPC17xx.s

BOD_IRQHandler 00000088

Symbol: BOD_IRQHandler
   Definitions
      At line 288 in file RTE\Device\LPC1768\startup_LPC17xx.s
   Uses
      At line 101 in file RTE\Device\LPC1768\startup_LPC17xx.s
      At line 252 in file RTE\Device\LPC1768\startup_LPC17xx.s

BusFault_Handler 00000068

Symbol: BusFault_Handler
   Definitions
      At line 189 in file RTE\Device\LPC1768\startup_LPC17xx.s
   Uses
      At line 65 in file RTE\Device\LPC1768\startup_LPC17xx.s
      At line 190 in file RTE\Device\LPC1768\startup_LPC17xx.s

CANActivity_IRQHandler 00000088

Symbol: CANActivity_IRQHandler
   Definitions
      At line 299 in file RTE\Device\LPC1768\startup_LPC17xx.s
   Uses
      At line 112 in file RTE\Device\LPC1768\startup_LPC17xx.s
      At line 263 in file RTE\Device\LPC1768\startup_LPC17xx.s

CAN_IRQHandler 00000088

Symbol: CAN_IRQHandler
   Definitions
      At line 290 in file RTE\Device\LPC1768\startup_LPC17xx.s
   Uses
      At line 103 in file RTE\Device\LPC1768\startup_LPC17xx.s
      At line 254 in file RTE\Device\LPC1768\startup_LPC17xx.s

DMA_IRQHandler 00000088

Symbol: DMA_IRQHandler
   Definitions
      At line 291 in file RTE\Device\LPC1768\startup_LPC17xx.s
   Uses



ARM Macro Assembler    Page 2 Alphabetic symbol ordering
Relocatable symbols

      At line 104 in file RTE\Device\LPC1768\startup_LPC17xx.s
      At line 255 in file RTE\Device\LPC1768\startup_LPC17xx.s

DebugMon_Handler 00000082

Symbol: DebugMon_Handler
   Definitions
      At line 214 in file RTE\Device\LPC1768\startup_LPC17xx.s
   Uses
      At line 72 in file RTE\Device\LPC1768\startup_LPC17xx.s
      At line 215 in file RTE\Device\LPC1768\startup_LPC17xx.s

Default_Handler 00000088

Symbol: Default_Handler
   Definitions
      At line 227 in file RTE\Device\LPC1768\startup_LPC17xx.s
   Uses
      None
Comment: Default_Handler unused
EINT0_IRQHandler 00000088

Symbol: EINT0_IRQHandler
   Definitions
      At line 283 in file RTE\Device\LPC1768\startup_LPC17xx.s
   Uses
      At line 96 in file RTE\Device\LPC1768\startup_LPC17xx.s
      At line 247 in file RTE\Device\LPC1768\startup_LPC17xx.s

EINT1_IRQHandler 00000088

Symbol: EINT1_IRQHandler
   Definitions
      At line 284 in file RTE\Device\LPC1768\startup_LPC17xx.s
   Uses
      At line 97 in file RTE\Device\LPC1768\startup_LPC17xx.s
      At line 248 in file RTE\Device\LPC1768\startup_LPC17xx.s

EINT2_IRQHandler 00000088

Symbol: EINT2_IRQHandler
   Definitions
      At line 285 in file RTE\Device\LPC1768\startup_LPC17xx.s
   Uses
      At line 98 in file RTE\Device\LPC1768\startup_LPC17xx.s
      At line 249 in file RTE\Device\LPC1768\startup_LPC17xx.s

EINT3_IRQHandler 00000088

Symbol: EINT3_IRQHandler
   Definitions
      At line 286 in file RTE\Device\LPC1768\startup_LPC17xx.s
   Uses
      At line 99 in file RTE\Device\LPC1768\startup_LPC17xx.s
      At line 250 in file RTE\Device\LPC1768\startup_LPC17xx.s

ENET_IRQHandler 00000088

Symbol: ENET_IRQHandler



ARM Macro Assembler    Page 3 Alphabetic symbol ordering
Relocatable symbols

   Definitions
      At line 293 in file RTE\Device\LPC1768\startup_LPC17xx.s
   Uses
      At line 106 in file RTE\Device\LPC1768\startup_LPC17xx.s
      At line 257 in file RTE\Device\LPC1768\startup_LPC17xx.s

HardFault_Handler 00000064

Symbol: HardFault_Handler
   Definitions
      At line 179 in file RTE\Device\LPC1768\startup_LPC17xx.s
   Uses
      At line 63 in file RTE\Device\LPC1768\startup_LPC17xx.s
      At line 180 in file RTE\Device\LPC1768\startup_LPC17xx.s

I2C0_IRQHandler 00000088

Symbol: I2C0_IRQHandler
   Definitions
      At line 275 in file RTE\Device\LPC1768\startup_LPC17xx.s
   Uses
      At line 88 in file RTE\Device\LPC1768\startup_LPC17xx.s
      At line 239 in file RTE\Device\LPC1768\startup_LPC17xx.s

I2C1_IRQHandler 00000088

Symbol: I2C1_IRQHandler
   Definitions
      At line 276 in file RTE\Device\LPC1768\startup_LPC17xx.s
   Uses
      At line 89 in file RTE\Device\LPC1768\startup_LPC17xx.s
      At line 240 in file RTE\Device\LPC1768\startup_LPC17xx.s

I2C2_IRQHandler 00000088

Symbol: I2C2_IRQHandler
   Definitions
      At line 277 in file RTE\Device\LPC1768\startup_LPC17xx.s
   Uses
      At line 90 in file RTE\Device\LPC1768\startup_LPC17xx.s
      At line 241 in file RTE\Device\LPC1768\startup_LPC17xx.s

I2S_IRQHandler 00000088

Symbol: I2S_IRQHandler
   Definitions
      At line 292 in file RTE\Device\LPC1768\startup_LPC17xx.s
   Uses
      At line 105 in file RTE\Device\LPC1768\startup_LPC17xx.s
      At line 256 in file RTE\Device\LPC1768\startup_LPC17xx.s

MCPWM_IRQHandler 00000088

Symbol: MCPWM_IRQHandler
   Definitions
      At line 295 in file RTE\Device\LPC1768\startup_LPC17xx.s
   Uses
      At line 108 in file RTE\Device\LPC1768\startup_LPC17xx.s
      At line 259 in file RTE\Device\LPC1768\startup_LPC17xx.s



ARM Macro Assembler    Page 4 Alphabetic symbol ordering
Relocatable symbols


MemManage_Handler 00000066

Symbol: MemManage_Handler
   Definitions
      At line 184 in file RTE\Device\LPC1768\startup_LPC17xx.s
   Uses
      At line 64 in file RTE\Device\LPC1768\startup_LPC17xx.s
      At line 185 in file RTE\Device\LPC1768\startup_LPC17xx.s

NMI_Handler 00000062

Symbol: NMI_Handler
   Definitions
      At line 174 in file RTE\Device\LPC1768\startup_LPC17xx.s
   Uses
      At line 62 in file RTE\Device\LPC1768\startup_LPC17xx.s
      At line 175 in file RTE\Device\LPC1768\startup_LPC17xx.s

PLL0_IRQHandler 00000088

Symbol: PLL0_IRQHandler
   Definitions
      At line 281 in file RTE\Device\LPC1768\startup_LPC17xx.s
   Uses
      At line 94 in file RTE\Device\LPC1768\startup_LPC17xx.s
      At line 245 in file RTE\Device\LPC1768\startup_LPC17xx.s

PLL1_IRQHandler 00000088

Symbol: PLL1_IRQHandler
   Definitions
      At line 297 in file RTE\Device\LPC1768\startup_LPC17xx.s
   Uses
      At line 110 in file RTE\Device\LPC1768\startup_LPC17xx.s
      At line 261 in file RTE\Device\LPC1768\startup_LPC17xx.s

PWM1_IRQHandler 00000088

Symbol: PWM1_IRQHandler
   Definitions
      At line 274 in file RTE\Device\LPC1768\startup_LPC17xx.s
   Uses
      At line 87 in file RTE\Device\LPC1768\startup_LPC17xx.s
      At line 238 in file RTE\Device\LPC1768\startup_LPC17xx.s

PendSV_Handler 00000084

Symbol: PendSV_Handler
   Definitions
      At line 218 in file RTE\Device\LPC1768\startup_LPC17xx.s
   Uses
      At line 74 in file RTE\Device\LPC1768\startup_LPC17xx.s
      At line 219 in file RTE\Device\LPC1768\startup_LPC17xx.s

QEI_IRQHandler 00000088

Symbol: QEI_IRQHandler
   Definitions



ARM Macro Assembler    Page 5 Alphabetic symbol ordering
Relocatable symbols

      At line 296 in file RTE\Device\LPC1768\startup_LPC17xx.s
   Uses
      At line 109 in file RTE\Device\LPC1768\startup_LPC17xx.s
      At line 260 in file RTE\Device\LPC1768\startup_LPC17xx.s

RIT_IRQHandler 00000088

Symbol: RIT_IRQHandler
   Definitions
      At line 294 in file RTE\Device\LPC1768\startup_LPC17xx.s
   Uses
      At line 107 in file RTE\Device\LPC1768\startup_LPC17xx.s
      At line 258 in file RTE\Device\LPC1768\startup_LPC17xx.s

RTC_IRQHandler 00000088

Symbol: RTC_IRQHandler
   Definitions
      At line 282 in file RTE\Device\LPC1768\startup_LPC17xx.s
   Uses
      At line 95 in file RTE\Device\LPC1768\startup_LPC17xx.s
      At line 246 in file RTE\Device\LPC1768\startup_LPC17xx.s

Reset_Handler 00000000

Symbol: Reset_Handler
   Definitions
      At line 126 in file RTE\Device\LPC1768\startup_LPC17xx.s
   Uses
      At line 61 in file RTE\Device\LPC1768\startup_LPC17xx.s
      At line 127 in file RTE\Device\LPC1768\startup_LPC17xx.s

SPI_IRQHandler 00000088

Symbol: SPI_IRQHandler
   Definitions
      At line 278 in file RTE\Device\LPC1768\startup_LPC17xx.s
   Uses
      At line 91 in file RTE\Device\LPC1768\startup_LPC17xx.s
      At line 242 in file RTE\Device\LPC1768\startup_LPC17xx.s

SSP0_IRQHandler 00000088

Symbol: SSP0_IRQHandler
   Definitions
      At line 279 in file RTE\Device\LPC1768\startup_LPC17xx.s
   Uses
      At line 92 in file RTE\Device\LPC1768\startup_LPC17xx.s
      At line 243 in file RTE\Device\LPC1768\startup_LPC17xx.s

SSP1_IRQHandler 00000088

Symbol: SSP1_IRQHandler
   Definitions
      At line 280 in file RTE\Device\LPC1768\startup_LPC17xx.s
   Uses
      At line 93 in file RTE\Device\LPC1768\startup_LPC17xx.s
      At line 244 in file RTE\Device\LPC1768\startup_LPC17xx.s




ARM Macro Assembler    Page 6 Alphabetic symbol ordering
Relocatable symbols

SVC_Handler 0000006C

Symbol: SVC_Handler
   Definitions
      At line 198 in file RTE\Device\LPC1768\startup_LPC17xx.s
   Uses
      At line 71 in file RTE\Device\LPC1768\startup_LPC17xx.s
      At line 199 in file RTE\Device\LPC1768\startup_LPC17xx.s

SysTick_Handler 00000086

Symbol: SysTick_Handler
   Definitions
      At line 222 in file RTE\Device\LPC1768\startup_LPC17xx.s
   Uses
      At line 75 in file RTE\Device\LPC1768\startup_LPC17xx.s
      At line 223 in file RTE\Device\LPC1768\startup_LPC17xx.s

TIMER0_IRQHandler 00000088

Symbol: TIMER0_IRQHandler
   Definitions
      At line 266 in file RTE\Device\LPC1768\startup_LPC17xx.s
   Uses
      At line 79 in file RTE\Device\LPC1768\startup_LPC17xx.s
      At line 230 in file RTE\Device\LPC1768\startup_LPC17xx.s

TIMER1_IRQHandler 00000088

Symbol: TIMER1_IRQHandler
   Definitions
      At line 267 in file RTE\Device\LPC1768\startup_LPC17xx.s
   Uses
      At line 80 in file RTE\Device\LPC1768\startup_LPC17xx.s
      At line 231 in file RTE\Device\LPC1768\startup_LPC17xx.s

TIMER2_IRQHandler 00000088

Symbol: TIMER2_IRQHandler
   Definitions
      At line 268 in file RTE\Device\LPC1768\startup_LPC17xx.s
   Uses
      At line 81 in file RTE\Device\LPC1768\startup_LPC17xx.s
      At line 232 in file RTE\Device\LPC1768\startup_LPC17xx.s

TIMER3_IRQHandler 00000088

Symbol: TIMER3_IRQHandler
   Definitions
      At line 269 in file RTE\Device\LPC1768\startup_LPC17xx.s
   Uses
      At line 82 in file RTE\Device\LPC1768\startup_LPC17xx.s
      At line 233 in file RTE\Device\LPC1768\startup_LPC17xx.s

UART0_IRQHandler 00000088

Symbol: UART0_IRQHandler
   Definitions
      At line 270 in file RTE\Device\LPC1768\startup_LPC17xx.s



ARM Macro Assembler    Page 7 Alphabetic symbol ordering
Relocatable symbols

   Uses
      At line 83 in file RTE\Device\LPC1768\startup_LPC17xx.s
      At line 234 in file RTE\Device\LPC1768\startup_LPC17xx.s

UART1_IRQHandler 00000088

Symbol: UART1_IRQHandler
   Definitions
      At line 271 in file RTE\Device\LPC1768\startup_LPC17xx.s
   Uses
      At line 84 in file RTE\Device\LPC1768\startup_LPC17xx.s
      At line 235 in file RTE\Device\LPC1768\startup_LPC17xx.s

UART2_IRQHandler 00000088

Symbol: UART2_IRQHandler
   Definitions
      At line 272 in file RTE\Device\LPC1768\startup_LPC17xx.s
   Uses
      At line 85 in file RTE\Device\LPC1768\startup_LPC17xx.s
      At line 236 in file RTE\Device\LPC1768\startup_LPC17xx.s

UART3_IRQHandler 00000088

Symbol: UART3_IRQHandler
   Definitions
      At line 273 in file RTE\Device\LPC1768\startup_LPC17xx.s
   Uses
      At line 86 in file RTE\Device\LPC1768\startup_LPC17xx.s
      At line 237 in file RTE\Device\LPC1768\startup_LPC17xx.s

USBActivity_IRQHandler 00000088

Symbol: USBActivity_IRQHandler
   Definitions
      At line 298 in file RTE\Device\LPC1768\startup_LPC17xx.s
   Uses
      At line 111 in file RTE\Device\LPC1768\startup_LPC17xx.s
      At line 262 in file RTE\Device\LPC1768\startup_LPC17xx.s

USB_IRQHandler 00000088

Symbol: USB_IRQHandler
   Definitions
      At line 289 in file RTE\Device\LPC1768\startup_LPC17xx.s
   Uses
      At line 102 in file RTE\Device\LPC1768\startup_LPC17xx.s
      At line 253 in file RTE\Device\LPC1768\startup_LPC17xx.s

UsageFault_Handler 0000006A

Symbol: UsageFault_Handler
   Definitions
      At line 194 in file RTE\Device\LPC1768\startup_LPC17xx.s
   Uses
      At line 66 in file RTE\Device\LPC1768\startup_LPC17xx.s
      At line 195 in file RTE\Device\LPC1768\startup_LPC17xx.s

WDT_IRQHandler 00000088



ARM Macro Assembler    Page 8 Alphabetic symbol ordering
Relocatable symbols


Symbol: WDT_IRQHandler
   Definitions
      At line 265 in file RTE\Device\LPC1768\startup_LPC17xx.s
   Uses
      At line 78 in file RTE\Device\LPC1768\startup_LPC17xx.s
      At line 229 in file RTE\Device\LPC1768\startup_LPC17xx.s

__user_initial_stackheap 0000008C

Symbol: __user_initial_stackheap
   Definitions
      At line 321 in file RTE\Device\LPC1768\startup_LPC17xx.s
   Uses
      At line 320 in file RTE\Device\LPC1768\startup_LPC17xx.s
Comment: __user_initial_stackheap used once
myUSAD8s 00000016

Symbol: myUSAD8s
   Definitions
      At line 144 in file RTE\Device\LPC1768\startup_LPC17xx.s
   Uses
      At line 136 in file RTE\Device\LPC1768\startup_LPC17xx.s
Comment: myUSAD8s used once
stop 00000014

Symbol: stop
   Definitions
      At line 140 in file RTE\Device\LPC1768\startup_LPC17xx.s
   Uses
      At line 140 in file RTE\Device\LPC1768\startup_LPC17xx.s
Comment: stop used once
50 symbols



ARM Macro Assembler    Page 1 Alphabetic symbol ordering
Absolute symbols

Heap_Size 00000000

Symbol: Heap_Size
   Definitions
      At line 42 in file RTE\Device\LPC1768\startup_LPC17xx.s
   Uses
      At line 46 in file RTE\Device\LPC1768\startup_LPC17xx.s
      At line 325 in file RTE\Device\LPC1768\startup_LPC17xx.s

Stack_Size 00000200

Symbol: Stack_Size
   Definitions
      At line 31 in file RTE\Device\LPC1768\startup_LPC17xx.s
   Uses
      At line 34 in file RTE\Device\LPC1768\startup_LPC17xx.s
      At line 324 in file RTE\Device\LPC1768\startup_LPC17xx.s

2 symbols



ARM Macro Assembler    Page 1 Alphabetic symbol ordering
External symbols

__use_two_region_memory 00000000

Symbol: __use_two_region_memory
   Definitions
      At line 319 in file RTE\Device\LPC1768\startup_LPC17xx.s
   Uses
      None
Comment: __use_two_region_memory unused
1 symbol
406 symbols in table
