


ARM Macro Assembler    Page 1 


    1 00000000         ;/******************************************************
                       ********************//**
    2 00000000         ; * @file     startup_LPC17xx.s
    3 00000000         ; * @brief    CMSIS Cortex-M3 Core Device Startup File f
                       or
    4 00000000         ; *           NXP LPC17xx Device Series
    5 00000000         ; * @version  V1.10
    6 00000000         ; * @date     06. April 2011
    7 00000000         ; *
    8 00000000         ; * @note
    9 00000000         ; * Copyright (C) 2009-2011 ARM Limited. All rights rese
                       rved.
   10 00000000         ; *
   11 00000000         ; * @par
   12 00000000         ; * ARM Limited (ARM) is supplying this software for use
                        with Cortex-M
   13 00000000         ; * processor based microcontrollers.  This file can be 
                       freely distributed
   14 00000000         ; * within development tools that are supporting such AR
                       M based processors.
   15 00000000         ; *
   16 00000000         ; * @par
   17 00000000         ; * THIS SOFTWARE IS PROVIDED "AS IS".  NO WARRANTIES, W
                       HETHER EXPRESS, IMPLIED
   18 00000000         ; * OR STATUTORY, INCLUDING, BUT NOT LIMITED TO, IMPLIED
                        WARRANTIES OF
   19 00000000         ; * MERCHANTABILITY AND FITNESS FOR A PARTICULAR PURPOSE
                        APPLY TO THIS SOFTWARE.
   20 00000000         ; * ARM SHALL NOT, IN ANY CIRCUMSTANCES, BE LIABLE FOR S
                       PECIAL, INCIDENTAL, OR
   21 00000000         ; * CONSEQUENTIAL DAMAGES, FOR ANY REASON WHATSOEVER.
   22 00000000         ; *
   23 00000000         ; ******************************************************
                       ************************/
   24 00000000         
   25 00000000         ; *------- <<< Use Configuration Wizard in Context Menu 
                       >>> ------------------
   26 00000000         
   27 00000000         ; <h> Stack Configuration
   28 00000000         ;   <o> Stack Size (in Bytes) <0x0-0xFFFFFFFF:8>
   29 00000000         ; </h>
   30 00000000         
   31 00000000 00000200 
                       Stack_Size
                               EQU              0x00000200
   32 00000000         
   33 00000000                 AREA             STACK, NOINIT, READWRITE, ALIGN
=3
   34 00000000         Stack_Mem
                               SPACE            Stack_Size
   35 00000200         __initial_sp
   36 00000200         
   37 00000200         
   38 00000200         ; <h> Heap Configuration
   39 00000200         ;   <o>  Heap Size (in Bytes) <0x0-0xFFFFFFFF:8>
   40 00000200         ; </h>
   41 00000200         
   42 00000200 00000000 
                       Heap_Size



ARM Macro Assembler    Page 2 


                               EQU              0x00000000
   43 00000200         
   44 00000200                 AREA             HEAP, NOINIT, READWRITE, ALIGN=
3
   45 00000000         __heap_base
   46 00000000         Heap_Mem
                               SPACE            Heap_Size
   47 00000000         __heap_limit
   48 00000000         
   49 00000000         
   50 00000000                 PRESERVE8
   51 00000000                 THUMB
   52 00000000         
   53 00000000         
   54 00000000         ; Vector Table Mapped to Address 0 at Reset
   55 00000000         
   56 00000000                 AREA             RESET, DATA, READONLY
   57 00000000                 EXPORT           __Vectors
   58 00000000         
   59 00000000 00000000 
                       __Vectors
                               DCD              __initial_sp ; Top of Stack
   60 00000004 00000000        DCD              Reset_Handler ; Reset Handler
   61 00000008 00000000        DCD              NMI_Handler ; NMI Handler
   62 0000000C 00000000        DCD              HardFault_Handler ; Hard Fault 
                                                            Handler
   63 00000010 00000000        DCD              MemManage_Handler 
                                                            ; MPU Fault Handler
                                                            
   64 00000014 00000000        DCD              BusFault_Handler 
                                                            ; Bus Fault Handler
                                                            
   65 00000018 00000000        DCD              UsageFault_Handler ; Usage Faul
                                                            t Handler
   66 0000001C 00000000        DCD              0           ; Reserved
   67 00000020 00000000        DCD              0           ; Reserved
   68 00000024 00000000        DCD              0           ; Reserved
   69 00000028 00000000        DCD              0           ; Reserved
   70 0000002C 00000000        DCD              SVC_Handler ; SVCall Handler
   71 00000030 00000000        DCD              DebugMon_Handler ; Debug Monito
                                                            r Handler
   72 00000034 00000000        DCD              0           ; Reserved
   73 00000038 00000000        DCD              PendSV_Handler ; PendSV Handler
                                                            
   74 0000003C 00000000        DCD              SysTick_Handler 
                                                            ; SysTick Handler
   75 00000040         
   76 00000040         ; External Interrupts
   77 00000040 00000000        DCD              WDT_IRQHandler ; 16: Watchdog T
                                                            imer
   78 00000044 00000000        DCD              TIMER0_IRQHandler ; 17: Timer0
   79 00000048 00000000        DCD              TIMER1_IRQHandler ; 18: Timer1
   80 0000004C 00000000        DCD              TIMER2_IRQHandler ; 19: Timer2
   81 00000050 00000000        DCD              TIMER3_IRQHandler ; 20: Timer3
   82 00000054 00000000        DCD              UART0_IRQHandler ; 21: UART0
   83 00000058 00000000        DCD              UART1_IRQHandler ; 22: UART1
   84 0000005C 00000000        DCD              UART2_IRQHandler ; 23: UART2
   85 00000060 00000000        DCD              UART3_IRQHandler ; 24: UART3
   86 00000064 00000000        DCD              PWM1_IRQHandler ; 25: PWM1



ARM Macro Assembler    Page 3 


   87 00000068 00000000        DCD              I2C0_IRQHandler ; 26: I2C0
   88 0000006C 00000000        DCD              I2C1_IRQHandler ; 27: I2C1
   89 00000070 00000000        DCD              I2C2_IRQHandler ; 28: I2C2
   90 00000074 00000000        DCD              SPI_IRQHandler ; 29: SPI
   91 00000078 00000000        DCD              SSP0_IRQHandler ; 30: SSP0
   92 0000007C 00000000        DCD              SSP1_IRQHandler ; 31: SSP1
   93 00000080 00000000        DCD              PLL0_IRQHandler ; 32: PLL0 Lock
                                                             (Main PLL)
   94 00000084 00000000        DCD              RTC_IRQHandler ; 33: Real Time 
                                                            Clock
   95 00000088 00000000        DCD              EINT0_IRQHandler ; 34: External
                                                             Interrupt 0
   96 0000008C 00000000        DCD              EINT1_IRQHandler ; 35: External
                                                             Interrupt 1
   97 00000090 00000000        DCD              EINT2_IRQHandler ; 36: External
                                                             Interrupt 2
   98 00000094 00000000        DCD              EINT3_IRQHandler ; 37: External
                                                             Interrupt 3
   99 00000098 00000000        DCD              ADC_IRQHandler 
                                                            ; 38: A/D Converter
                                                            
  100 0000009C 00000000        DCD              BOD_IRQHandler ; 39: Brown-Out 
                                                            Detect
  101 000000A0 00000000        DCD              USB_IRQHandler ; 40: USB
  102 000000A4 00000000        DCD              CAN_IRQHandler ; 41: CAN
  103 000000A8 00000000        DCD              DMA_IRQHandler ; 42: General Pu
                                                            rpose DMA
  104 000000AC 00000000        DCD              I2S_IRQHandler ; 43: I2S
  105 000000B0 00000000        DCD              ENET_IRQHandler ; 44: Ethernet
  106 000000B4 00000000        DCD              RIT_IRQHandler ; 45: Repetitive
                                                             Interrupt Timer
  107 000000B8 00000000        DCD              MCPWM_IRQHandler ; 46: Motor Co
                                                            ntrol PWM
  108 000000BC 00000000        DCD              QEI_IRQHandler ; 47: Quadrature
                                                             Encoder Interface
  109 000000C0 00000000        DCD              PLL1_IRQHandler ; 48: PLL1 Lock
                                                             (USB PLL)
  110 000000C4 00000000        DCD              USBActivity_IRQHandler ; 49: US
                                                            B Activity interrup
                                                            t to wakeup
  111 000000C8 00000000        DCD              CANActivity_IRQHandler ; 50: CA
                                                            N Activity interrup
                                                            t to wakeup
  112 000000CC         
  113 000000CC         
  114 000000CC                 IF               :LNOT::DEF:NO_CRP
  115 000000CC                 AREA             |.ARM.__at_0x02FC|, CODE, READO
NLY
  116 00000000 FFFFFFFF 
                       CRP_Key DCD              0xFFFFFFFF
  117 00000004                 ENDIF
  118 00000004         
  119 00000004         
  120 00000004                 AREA             |.text|, CODE, READONLY
  121 00000000         
  122 00000000         
  123 00000000         ; Reset Handler
  124 00000000         
  125 00000000         Reset_Handler



ARM Macro Assembler    Page 4 


                               PROC
  126 00000000                 EXPORT           Reset_Handler             [WEAK
]
  127 00000000         
  128 00000000         ; Calling by Registers
  129 00000000 481C            ldr              r0,=0x7A30458D
  130 00000002 491D            ldr              r1,=0xC3159EAA
  131 00000004 F7FF FFFE       bl               myUSAD8
  132 00000008         ; Result is in R3
  133 00000008         
  134 00000008         
  135 00000008 E7FE    stop    b                stop
  136 0000000A         
  137 0000000A         
  138 0000000A         myUSAD8 proc
  139 0000000A B500            PUSH             {LR}
  140 0000000C E92D 01F0       push             {R4,R5,R6,r7,r8}
  141 00000010 F04F 0704       mov              r7,#4       ; number of loops t
                                                            o move mask
  142 00000014 F04F 08FF       ldr              r8,=0x000000ff ; initial mask
  143 00000018         loop
  144 00000018 EA01 0308       AND              R3,r1,r8    ; mask the right pa
                                                            rt of first number
  145 0000001C EA02 0408       AND              R4,r2,r8    ; mask the right pa
                                                            rt of second number
                                                            
  146 00000020 EB03 0504       add              R5,R3,R4    ; add masked parts
  147 00000024 EA05 0508       and              R5,R5,r8    ; to remove carry t
                                                            o prevent adding to
                                                             result
  148 00000028 442E            add              r6,r5,r6    ; add sumed parts t
                                                            o the result 
  149 0000002A         
  150 0000002A EA4F 2808       lsl              r8,#8       ; shift mask to get
                                                             the next part
  151 0000002E F1A7 0701       sub              r7,#1       ; count down to fin
                                                            ish the loop
  152 00000032 2F00            cmp              r7,#0       ; check for the loo
                                                            p counter
  153 00000034 D1F0            bne              loop
  154 00000036 4633            mov              r3,r6
  155 00000038 E8BD 01F0       pop              {R4,R5,R6,r7,r8}
  156 0000003C BD00            POP              {PC}
  157 0000003E 4770            bx               lr
  158 00000040                 endp
  159 00000040         
  160 00000040         
  161 00000040         
  162 00000040         
  163 00000040         ; Dummy Exception Handlers (infinite loops which can be 
                       modified)
  164 00000040         
  165 00000040         NMI_Handler
                               PROC
  166 00000040                 EXPORT           NMI_Handler               [WEAK
]
  167 00000040 E7FE            B                .
  168 00000042                 ENDP
  170 00000042         HardFault_Handler



ARM Macro Assembler    Page 5 


                               PROC
  171 00000042                 EXPORT           HardFault_Handler         [WEAK
]
  172 00000042 E7FE            B                .
  173 00000044                 ENDP
  175 00000044         MemManage_Handler
                               PROC
  176 00000044                 EXPORT           MemManage_Handler         [WEAK
]
  177 00000044 E7FE            B                .
  178 00000046                 ENDP
  180 00000046         BusFault_Handler
                               PROC
  181 00000046                 EXPORT           BusFault_Handler          [WEAK
]
  182 00000046 E7FE            B                .
  183 00000048                 ENDP
  185 00000048         UsageFault_Handler
                               PROC
  186 00000048                 EXPORT           UsageFault_Handler        [WEAK
]
  187 00000048 E7FE            B                .
  188 0000004A                 ENDP
  189 0000004A         SVC_Handler
                               PROC
  190 0000004A                 EXPORT           SVC_Handler               [WEAK
]
  191 0000004A         
  192 0000004A         ;Test bit 2 of EXC_RETURN in LR
  193 0000004A F01E 0F04       TST              LR, #0x4
  194 0000004E BF0C            ITE              EQ
  195 00000050 F3EF 8008       MRSEQ            r0, MSP
  196 00000054 F3EF 8009       MRSNE            r0, PSP
  197 00000058         ;get stacked PC from stack
  198 00000058 6981            LDR              r1, [r0, #24]
  199 0000005A         ;get immediate from instruction
  200 0000005A F811 0C02       LDRB             r0, [r1, #-2]
  201 0000005E         
  202 0000005E E7FE            B                .
  203 00000060                 ENDP
  205 00000060         DebugMon_Handler
                               PROC
  206 00000060                 EXPORT           DebugMon_Handler          [WEAK
]
  207 00000060 E7FE            B                .
  208 00000062                 ENDP
  209 00000062         PendSV_Handler
                               PROC
  210 00000062                 EXPORT           PendSV_Handler            [WEAK
]
  211 00000062 E7FE            B                .
  212 00000064                 ENDP
  213 00000064         SysTick_Handler
                               PROC
  214 00000064                 EXPORT           SysTick_Handler           [WEAK
]
  215 00000064 E7FE            B                .
  216 00000066                 ENDP
  217 00000066         



ARM Macro Assembler    Page 6 


  218 00000066         Default_Handler
                               PROC
  219 00000066         
  220 00000066                 EXPORT           WDT_IRQHandler            [WEAK
]
  221 00000066                 EXPORT           TIMER0_IRQHandler         [WEAK
]
  222 00000066                 EXPORT           TIMER1_IRQHandler         [WEAK
]
  223 00000066                 EXPORT           TIMER2_IRQHandler         [WEAK
]
  224 00000066                 EXPORT           TIMER3_IRQHandler         [WEAK
]
  225 00000066                 EXPORT           UART0_IRQHandler          [WEAK
]
  226 00000066                 EXPORT           UART1_IRQHandler          [WEAK
]
  227 00000066                 EXPORT           UART2_IRQHandler          [WEAK
]
  228 00000066                 EXPORT           UART3_IRQHandler          [WEAK
]
  229 00000066                 EXPORT           PWM1_IRQHandler           [WEAK
]
  230 00000066                 EXPORT           I2C0_IRQHandler           [WEAK
]
  231 00000066                 EXPORT           I2C1_IRQHandler           [WEAK
]
  232 00000066                 EXPORT           I2C2_IRQHandler           [WEAK
]
  233 00000066                 EXPORT           SPI_IRQHandler            [WEAK
]
  234 00000066                 EXPORT           SSP0_IRQHandler           [WEAK
]
  235 00000066                 EXPORT           SSP1_IRQHandler           [WEAK
]
  236 00000066                 EXPORT           PLL0_IRQHandler           [WEAK
]
  237 00000066                 EXPORT           RTC_IRQHandler            [WEAK
]
  238 00000066                 EXPORT           EINT0_IRQHandler          [WEAK
]
  239 00000066                 EXPORT           EINT1_IRQHandler          [WEAK
]
  240 00000066                 EXPORT           EINT2_IRQHandler          [WEAK
]
  241 00000066                 EXPORT           EINT3_IRQHandler          [WEAK
]
  242 00000066                 EXPORT           ADC_IRQHandler            [WEAK
]
  243 00000066                 EXPORT           BOD_IRQHandler            [WEAK
]
  244 00000066                 EXPORT           USB_IRQHandler            [WEAK
]
  245 00000066                 EXPORT           CAN_IRQHandler            [WEAK
]
  246 00000066                 EXPORT           DMA_IRQHandler            [WEAK
]
  247 00000066                 EXPORT           I2S_IRQHandler            [WEAK
]



ARM Macro Assembler    Page 7 


  248 00000066                 EXPORT           ENET_IRQHandler           [WEAK
]
  249 00000066                 EXPORT           RIT_IRQHandler            [WEAK
]
  250 00000066                 EXPORT           MCPWM_IRQHandler          [WEAK
]
  251 00000066                 EXPORT           QEI_IRQHandler            [WEAK
]
  252 00000066                 EXPORT           PLL1_IRQHandler           [WEAK
]
  253 00000066                 EXPORT           USBActivity_IRQHandler    [WEAK
]
  254 00000066                 EXPORT           CANActivity_IRQHandler    [WEAK
]
  255 00000066         
  256 00000066         WDT_IRQHandler
  257 00000066         TIMER0_IRQHandler
  258 00000066         TIMER1_IRQHandler
  259 00000066         TIMER2_IRQHandler
  260 00000066         TIMER3_IRQHandler
  261 00000066         UART0_IRQHandler
  262 00000066         UART1_IRQHandler
  263 00000066         UART2_IRQHandler
  264 00000066         UART3_IRQHandler
  265 00000066         PWM1_IRQHandler
  266 00000066         I2C0_IRQHandler
  267 00000066         I2C1_IRQHandler
  268 00000066         I2C2_IRQHandler
  269 00000066         SPI_IRQHandler
  270 00000066         SSP0_IRQHandler
  271 00000066         SSP1_IRQHandler
  272 00000066         PLL0_IRQHandler
  273 00000066         RTC_IRQHandler
  274 00000066         EINT0_IRQHandler
  275 00000066         EINT1_IRQHandler
  276 00000066         EINT2_IRQHandler
  277 00000066         EINT3_IRQHandler
  278 00000066         ADC_IRQHandler
  279 00000066         BOD_IRQHandler
  280 00000066         USB_IRQHandler
  281 00000066         CAN_IRQHandler
  282 00000066         DMA_IRQHandler
  283 00000066         I2S_IRQHandler
  284 00000066         ENET_IRQHandler
  285 00000066         RIT_IRQHandler
  286 00000066         MCPWM_IRQHandler
  287 00000066         QEI_IRQHandler
  288 00000066         PLL1_IRQHandler
  289 00000066         USBActivity_IRQHandler
  290 00000066         CANActivity_IRQHandler
  291 00000066         
  292 00000066 E7FE            B                .
  293 00000068         
  294 00000068                 ENDP
  295 00000068         
  296 00000068         
  297 00000068                 ALIGN
  298 00000068         
  299 00000068         



ARM Macro Assembler    Page 8 


  300 00000068         ; User Initial Stack & Heap
  301 00000068         
  302 00000068                 IF               :DEF:__MICROLIB
  309 00000068         
  310 00000068                 IMPORT           __use_two_region_memory
  311 00000068                 EXPORT           __user_initial_stackheap
  312 00000068         __user_initial_stackheap
  313 00000068         
  314 00000068 4804            LDR              R0, =  Heap_Mem
  315 0000006A 4905            LDR              R1, =(Stack_Mem + Stack_Size)
  316 0000006C 4A03            LDR              R2, = (Heap_Mem +  Heap_Size)
  317 0000006E 4B05            LDR              R3, = Stack_Mem
  318 00000070 4770            BX               LR
  319 00000072         
  320 00000072 00 00           ALIGN
  321 00000074         
  322 00000074                 ENDIF
  323 00000074         
  324 00000074         
  325 00000074                 END
              7A30458D 
              C3159EAA 
              00000000 
              00000200 
              00000000 
Command Line: --debug --xref --diag_suppress=9931 --cpu=Cortex-M3 --apcs=interw
ork --depend=.\objects\startup_lpc17xx.d -o.\objects\startup_lpc17xx.o -I.\RTE\
Device\LPC1768 -I.\RTE\_Target_1 -ID:\apps\Keil_v5\Arm\Packs\ARM\CMSIS\5.5.1\CM
SIS\Core\Include -ID:\apps\Keil_v5\Arm\Packs\Keil\LPC1700_DFP\2.6.0\Device\Incl
ude --predefine="__EVAL SETA 1" --predefine="__UVISION_VERSION SETA 528" --pred
efine="_RTE_ SETA 1" --predefine="LPC175x_6x SETA 1" --list=.\listings\startup_
lpc17xx.lst RTE\Device\LPC1768\startup_LPC17xx.s



ARM Macro Assembler    Page 1 Alphabetic symbol ordering
Relocatable symbols

STACK 00000000

Symbol: STACK
   Definitions
      At line 33 in file RTE\Device\LPC1768\startup_LPC17xx.s
   Uses
      None
Comment: STACK unused
Stack_Mem 00000000

Symbol: Stack_Mem
   Definitions
      At line 34 in file RTE\Device\LPC1768\startup_LPC17xx.s
   Uses
      At line 315 in file RTE\Device\LPC1768\startup_LPC17xx.s
      At line 317 in file RTE\Device\LPC1768\startup_LPC17xx.s

__initial_sp 00000200

Symbol: __initial_sp
   Definitions
      At line 35 in file RTE\Device\LPC1768\startup_LPC17xx.s
   Uses
      At line 59 in file RTE\Device\LPC1768\startup_LPC17xx.s
Comment: __initial_sp used once
3 symbols



ARM Macro Assembler    Page 1 Alphabetic symbol ordering
Relocatable symbols

HEAP 00000000

Symbol: HEAP
   Definitions
      At line 44 in file RTE\Device\LPC1768\startup_LPC17xx.s
   Uses
      None
Comment: HEAP unused
Heap_Mem 00000000

Symbol: Heap_Mem
   Definitions
      At line 46 in file RTE\Device\LPC1768\startup_LPC17xx.s
   Uses
      At line 314 in file RTE\Device\LPC1768\startup_LPC17xx.s
      At line 316 in file RTE\Device\LPC1768\startup_LPC17xx.s

__heap_base 00000000

Symbol: __heap_base
   Definitions
      At line 45 in file RTE\Device\LPC1768\startup_LPC17xx.s
   Uses
      None
Comment: __heap_base unused
__heap_limit 00000000

Symbol: __heap_limit
   Definitions
      At line 47 in file RTE\Device\LPC1768\startup_LPC17xx.s
   Uses
      None
Comment: __heap_limit unused
4 symbols



ARM Macro Assembler    Page 1 Alphabetic symbol ordering
Relocatable symbols

RESET 00000000

Symbol: RESET
   Definitions
      At line 56 in file RTE\Device\LPC1768\startup_LPC17xx.s
   Uses
      None
Comment: RESET unused
__Vectors 00000000

Symbol: __Vectors
   Definitions
      At line 59 in file RTE\Device\LPC1768\startup_LPC17xx.s
   Uses
      At line 57 in file RTE\Device\LPC1768\startup_LPC17xx.s
Comment: __Vectors used once
2 symbols



ARM Macro Assembler    Page 1 Alphabetic symbol ordering
Relocatable symbols

.ARM.__at_0x02FC 00000000

Symbol: .ARM.__at_0x02FC
   Definitions
      At line 115 in file RTE\Device\LPC1768\startup_LPC17xx.s
   Uses
      None
Comment: .ARM.__at_0x02FC unused
CRP_Key 00000000

Symbol: CRP_Key
   Definitions
      At line 116 in file RTE\Device\LPC1768\startup_LPC17xx.s
   Uses
      None
Comment: CRP_Key unused
2 symbols



ARM Macro Assembler    Page 1 Alphabetic symbol ordering
Relocatable symbols

.text 00000000

Symbol: .text
   Definitions
      At line 120 in file RTE\Device\LPC1768\startup_LPC17xx.s
   Uses
      None
Comment: .text unused
ADC_IRQHandler 00000066

Symbol: ADC_IRQHandler
   Definitions
      At line 278 in file RTE\Device\LPC1768\startup_LPC17xx.s
   Uses
      At line 99 in file RTE\Device\LPC1768\startup_LPC17xx.s
      At line 242 in file RTE\Device\LPC1768\startup_LPC17xx.s

BOD_IRQHandler 00000066

Symbol: BOD_IRQHandler
   Definitions
      At line 279 in file RTE\Device\LPC1768\startup_LPC17xx.s
   Uses
      At line 100 in file RTE\Device\LPC1768\startup_LPC17xx.s
      At line 243 in file RTE\Device\LPC1768\startup_LPC17xx.s

BusFault_Handler 00000046

Symbol: BusFault_Handler
   Definitions
      At line 180 in file RTE\Device\LPC1768\startup_LPC17xx.s
   Uses
      At line 64 in file RTE\Device\LPC1768\startup_LPC17xx.s
      At line 181 in file RTE\Device\LPC1768\startup_LPC17xx.s

CANActivity_IRQHandler 00000066

Symbol: CANActivity_IRQHandler
   Definitions
      At line 290 in file RTE\Device\LPC1768\startup_LPC17xx.s
   Uses
      At line 111 in file RTE\Device\LPC1768\startup_LPC17xx.s
      At line 254 in file RTE\Device\LPC1768\startup_LPC17xx.s

CAN_IRQHandler 00000066

Symbol: CAN_IRQHandler
   Definitions
      At line 281 in file RTE\Device\LPC1768\startup_LPC17xx.s
   Uses
      At line 102 in file RTE\Device\LPC1768\startup_LPC17xx.s
      At line 245 in file RTE\Device\LPC1768\startup_LPC17xx.s

DMA_IRQHandler 00000066

Symbol: DMA_IRQHandler
   Definitions
      At line 282 in file RTE\Device\LPC1768\startup_LPC17xx.s
   Uses



ARM Macro Assembler    Page 2 Alphabetic symbol ordering
Relocatable symbols

      At line 103 in file RTE\Device\LPC1768\startup_LPC17xx.s
      At line 246 in file RTE\Device\LPC1768\startup_LPC17xx.s

DebugMon_Handler 00000060

Symbol: DebugMon_Handler
   Definitions
      At line 205 in file RTE\Device\LPC1768\startup_LPC17xx.s
   Uses
      At line 71 in file RTE\Device\LPC1768\startup_LPC17xx.s
      At line 206 in file RTE\Device\LPC1768\startup_LPC17xx.s

Default_Handler 00000066

Symbol: Default_Handler
   Definitions
      At line 218 in file RTE\Device\LPC1768\startup_LPC17xx.s
   Uses
      None
Comment: Default_Handler unused
EINT0_IRQHandler 00000066

Symbol: EINT0_IRQHandler
   Definitions
      At line 274 in file RTE\Device\LPC1768\startup_LPC17xx.s
   Uses
      At line 95 in file RTE\Device\LPC1768\startup_LPC17xx.s
      At line 238 in file RTE\Device\LPC1768\startup_LPC17xx.s

EINT1_IRQHandler 00000066

Symbol: EINT1_IRQHandler
   Definitions
      At line 275 in file RTE\Device\LPC1768\startup_LPC17xx.s
   Uses
      At line 96 in file RTE\Device\LPC1768\startup_LPC17xx.s
      At line 239 in file RTE\Device\LPC1768\startup_LPC17xx.s

EINT2_IRQHandler 00000066

Symbol: EINT2_IRQHandler
   Definitions
      At line 276 in file RTE\Device\LPC1768\startup_LPC17xx.s
   Uses
      At line 97 in file RTE\Device\LPC1768\startup_LPC17xx.s
      At line 240 in file RTE\Device\LPC1768\startup_LPC17xx.s

EINT3_IRQHandler 00000066

Symbol: EINT3_IRQHandler
   Definitions
      At line 277 in file RTE\Device\LPC1768\startup_LPC17xx.s
   Uses
      At line 98 in file RTE\Device\LPC1768\startup_LPC17xx.s
      At line 241 in file RTE\Device\LPC1768\startup_LPC17xx.s

ENET_IRQHandler 00000066

Symbol: ENET_IRQHandler



ARM Macro Assembler    Page 3 Alphabetic symbol ordering
Relocatable symbols

   Definitions
      At line 284 in file RTE\Device\LPC1768\startup_LPC17xx.s
   Uses
      At line 105 in file RTE\Device\LPC1768\startup_LPC17xx.s
      At line 248 in file RTE\Device\LPC1768\startup_LPC17xx.s

HardFault_Handler 00000042

Symbol: HardFault_Handler
   Definitions
      At line 170 in file RTE\Device\LPC1768\startup_LPC17xx.s
   Uses
      At line 62 in file RTE\Device\LPC1768\startup_LPC17xx.s
      At line 171 in file RTE\Device\LPC1768\startup_LPC17xx.s

I2C0_IRQHandler 00000066

Symbol: I2C0_IRQHandler
   Definitions
      At line 266 in file RTE\Device\LPC1768\startup_LPC17xx.s
   Uses
      At line 87 in file RTE\Device\LPC1768\startup_LPC17xx.s
      At line 230 in file RTE\Device\LPC1768\startup_LPC17xx.s

I2C1_IRQHandler 00000066

Symbol: I2C1_IRQHandler
   Definitions
      At line 267 in file RTE\Device\LPC1768\startup_LPC17xx.s
   Uses
      At line 88 in file RTE\Device\LPC1768\startup_LPC17xx.s
      At line 231 in file RTE\Device\LPC1768\startup_LPC17xx.s

I2C2_IRQHandler 00000066

Symbol: I2C2_IRQHandler
   Definitions
      At line 268 in file RTE\Device\LPC1768\startup_LPC17xx.s
   Uses
      At line 89 in file RTE\Device\LPC1768\startup_LPC17xx.s
      At line 232 in file RTE\Device\LPC1768\startup_LPC17xx.s

I2S_IRQHandler 00000066

Symbol: I2S_IRQHandler
   Definitions
      At line 283 in file RTE\Device\LPC1768\startup_LPC17xx.s
   Uses
      At line 104 in file RTE\Device\LPC1768\startup_LPC17xx.s
      At line 247 in file RTE\Device\LPC1768\startup_LPC17xx.s

MCPWM_IRQHandler 00000066

Symbol: MCPWM_IRQHandler
   Definitions
      At line 286 in file RTE\Device\LPC1768\startup_LPC17xx.s
   Uses
      At line 107 in file RTE\Device\LPC1768\startup_LPC17xx.s
      At line 250 in file RTE\Device\LPC1768\startup_LPC17xx.s



ARM Macro Assembler    Page 4 Alphabetic symbol ordering
Relocatable symbols


MemManage_Handler 00000044

Symbol: MemManage_Handler
   Definitions
      At line 175 in file RTE\Device\LPC1768\startup_LPC17xx.s
   Uses
      At line 63 in file RTE\Device\LPC1768\startup_LPC17xx.s
      At line 176 in file RTE\Device\LPC1768\startup_LPC17xx.s

NMI_Handler 00000040

Symbol: NMI_Handler
   Definitions
      At line 165 in file RTE\Device\LPC1768\startup_LPC17xx.s
   Uses
      At line 61 in file RTE\Device\LPC1768\startup_LPC17xx.s
      At line 166 in file RTE\Device\LPC1768\startup_LPC17xx.s

PLL0_IRQHandler 00000066

Symbol: PLL0_IRQHandler
   Definitions
      At line 272 in file RTE\Device\LPC1768\startup_LPC17xx.s
   Uses
      At line 93 in file RTE\Device\LPC1768\startup_LPC17xx.s
      At line 236 in file RTE\Device\LPC1768\startup_LPC17xx.s

PLL1_IRQHandler 00000066

Symbol: PLL1_IRQHandler
   Definitions
      At line 288 in file RTE\Device\LPC1768\startup_LPC17xx.s
   Uses
      At line 109 in file RTE\Device\LPC1768\startup_LPC17xx.s
      At line 252 in file RTE\Device\LPC1768\startup_LPC17xx.s

PWM1_IRQHandler 00000066

Symbol: PWM1_IRQHandler
   Definitions
      At line 265 in file RTE\Device\LPC1768\startup_LPC17xx.s
   Uses
      At line 86 in file RTE\Device\LPC1768\startup_LPC17xx.s
      At line 229 in file RTE\Device\LPC1768\startup_LPC17xx.s

PendSV_Handler 00000062

Symbol: PendSV_Handler
   Definitions
      At line 209 in file RTE\Device\LPC1768\startup_LPC17xx.s
   Uses
      At line 73 in file RTE\Device\LPC1768\startup_LPC17xx.s
      At line 210 in file RTE\Device\LPC1768\startup_LPC17xx.s

QEI_IRQHandler 00000066

Symbol: QEI_IRQHandler
   Definitions



ARM Macro Assembler    Page 5 Alphabetic symbol ordering
Relocatable symbols

      At line 287 in file RTE\Device\LPC1768\startup_LPC17xx.s
   Uses
      At line 108 in file RTE\Device\LPC1768\startup_LPC17xx.s
      At line 251 in file RTE\Device\LPC1768\startup_LPC17xx.s

RIT_IRQHandler 00000066

Symbol: RIT_IRQHandler
   Definitions
      At line 285 in file RTE\Device\LPC1768\startup_LPC17xx.s
   Uses
      At line 106 in file RTE\Device\LPC1768\startup_LPC17xx.s
      At line 249 in file RTE\Device\LPC1768\startup_LPC17xx.s

RTC_IRQHandler 00000066

Symbol: RTC_IRQHandler
   Definitions
      At line 273 in file RTE\Device\LPC1768\startup_LPC17xx.s
   Uses
      At line 94 in file RTE\Device\LPC1768\startup_LPC17xx.s
      At line 237 in file RTE\Device\LPC1768\startup_LPC17xx.s

Reset_Handler 00000000

Symbol: Reset_Handler
   Definitions
      At line 125 in file RTE\Device\LPC1768\startup_LPC17xx.s
   Uses
      At line 60 in file RTE\Device\LPC1768\startup_LPC17xx.s
      At line 126 in file RTE\Device\LPC1768\startup_LPC17xx.s

SPI_IRQHandler 00000066

Symbol: SPI_IRQHandler
   Definitions
      At line 269 in file RTE\Device\LPC1768\startup_LPC17xx.s
   Uses
      At line 90 in file RTE\Device\LPC1768\startup_LPC17xx.s
      At line 233 in file RTE\Device\LPC1768\startup_LPC17xx.s

SSP0_IRQHandler 00000066

Symbol: SSP0_IRQHandler
   Definitions
      At line 270 in file RTE\Device\LPC1768\startup_LPC17xx.s
   Uses
      At line 91 in file RTE\Device\LPC1768\startup_LPC17xx.s
      At line 234 in file RTE\Device\LPC1768\startup_LPC17xx.s

SSP1_IRQHandler 00000066

Symbol: SSP1_IRQHandler
   Definitions
      At line 271 in file RTE\Device\LPC1768\startup_LPC17xx.s
   Uses
      At line 92 in file RTE\Device\LPC1768\startup_LPC17xx.s
      At line 235 in file RTE\Device\LPC1768\startup_LPC17xx.s




ARM Macro Assembler    Page 6 Alphabetic symbol ordering
Relocatable symbols

SVC_Handler 0000004A

Symbol: SVC_Handler
   Definitions
      At line 189 in file RTE\Device\LPC1768\startup_LPC17xx.s
   Uses
      At line 70 in file RTE\Device\LPC1768\startup_LPC17xx.s
      At line 190 in file RTE\Device\LPC1768\startup_LPC17xx.s

SysTick_Handler 00000064

Symbol: SysTick_Handler
   Definitions
      At line 213 in file RTE\Device\LPC1768\startup_LPC17xx.s
   Uses
      At line 74 in file RTE\Device\LPC1768\startup_LPC17xx.s
      At line 214 in file RTE\Device\LPC1768\startup_LPC17xx.s

TIMER0_IRQHandler 00000066

Symbol: TIMER0_IRQHandler
   Definitions
      At line 257 in file RTE\Device\LPC1768\startup_LPC17xx.s
   Uses
      At line 78 in file RTE\Device\LPC1768\startup_LPC17xx.s
      At line 221 in file RTE\Device\LPC1768\startup_LPC17xx.s

TIMER1_IRQHandler 00000066

Symbol: TIMER1_IRQHandler
   Definitions
      At line 258 in file RTE\Device\LPC1768\startup_LPC17xx.s
   Uses
      At line 79 in file RTE\Device\LPC1768\startup_LPC17xx.s
      At line 222 in file RTE\Device\LPC1768\startup_LPC17xx.s

TIMER2_IRQHandler 00000066

Symbol: TIMER2_IRQHandler
   Definitions
      At line 259 in file RTE\Device\LPC1768\startup_LPC17xx.s
   Uses
      At line 80 in file RTE\Device\LPC1768\startup_LPC17xx.s
      At line 223 in file RTE\Device\LPC1768\startup_LPC17xx.s

TIMER3_IRQHandler 00000066

Symbol: TIMER3_IRQHandler
   Definitions
      At line 260 in file RTE\Device\LPC1768\startup_LPC17xx.s
   Uses
      At line 81 in file RTE\Device\LPC1768\startup_LPC17xx.s
      At line 224 in file RTE\Device\LPC1768\startup_LPC17xx.s

UART0_IRQHandler 00000066

Symbol: UART0_IRQHandler
   Definitions
      At line 261 in file RTE\Device\LPC1768\startup_LPC17xx.s



ARM Macro Assembler    Page 7 Alphabetic symbol ordering
Relocatable symbols

   Uses
      At line 82 in file RTE\Device\LPC1768\startup_LPC17xx.s
      At line 225 in file RTE\Device\LPC1768\startup_LPC17xx.s

UART1_IRQHandler 00000066

Symbol: UART1_IRQHandler
   Definitions
      At line 262 in file RTE\Device\LPC1768\startup_LPC17xx.s
   Uses
      At line 83 in file RTE\Device\LPC1768\startup_LPC17xx.s
      At line 226 in file RTE\Device\LPC1768\startup_LPC17xx.s

UART2_IRQHandler 00000066

Symbol: UART2_IRQHandler
   Definitions
      At line 263 in file RTE\Device\LPC1768\startup_LPC17xx.s
   Uses
      At line 84 in file RTE\Device\LPC1768\startup_LPC17xx.s
      At line 227 in file RTE\Device\LPC1768\startup_LPC17xx.s

UART3_IRQHandler 00000066

Symbol: UART3_IRQHandler
   Definitions
      At line 264 in file RTE\Device\LPC1768\startup_LPC17xx.s
   Uses
      At line 85 in file RTE\Device\LPC1768\startup_LPC17xx.s
      At line 228 in file RTE\Device\LPC1768\startup_LPC17xx.s

USBActivity_IRQHandler 00000066

Symbol: USBActivity_IRQHandler
   Definitions
      At line 289 in file RTE\Device\LPC1768\startup_LPC17xx.s
   Uses
      At line 110 in file RTE\Device\LPC1768\startup_LPC17xx.s
      At line 253 in file RTE\Device\LPC1768\startup_LPC17xx.s

USB_IRQHandler 00000066

Symbol: USB_IRQHandler
   Definitions
      At line 280 in file RTE\Device\LPC1768\startup_LPC17xx.s
   Uses
      At line 101 in file RTE\Device\LPC1768\startup_LPC17xx.s
      At line 244 in file RTE\Device\LPC1768\startup_LPC17xx.s

UsageFault_Handler 00000048

Symbol: UsageFault_Handler
   Definitions
      At line 185 in file RTE\Device\LPC1768\startup_LPC17xx.s
   Uses
      At line 65 in file RTE\Device\LPC1768\startup_LPC17xx.s
      At line 186 in file RTE\Device\LPC1768\startup_LPC17xx.s

WDT_IRQHandler 00000066



ARM Macro Assembler    Page 8 Alphabetic symbol ordering
Relocatable symbols


Symbol: WDT_IRQHandler
   Definitions
      At line 256 in file RTE\Device\LPC1768\startup_LPC17xx.s
   Uses
      At line 77 in file RTE\Device\LPC1768\startup_LPC17xx.s
      At line 220 in file RTE\Device\LPC1768\startup_LPC17xx.s

__user_initial_stackheap 00000068

Symbol: __user_initial_stackheap
   Definitions
      At line 312 in file RTE\Device\LPC1768\startup_LPC17xx.s
   Uses
      At line 311 in file RTE\Device\LPC1768\startup_LPC17xx.s
Comment: __user_initial_stackheap used once
loop 00000018

Symbol: loop
   Definitions
      At line 143 in file RTE\Device\LPC1768\startup_LPC17xx.s
   Uses
      At line 153 in file RTE\Device\LPC1768\startup_LPC17xx.s
Comment: loop used once
myUSAD8 0000000A

Symbol: myUSAD8
   Definitions
      At line 138 in file RTE\Device\LPC1768\startup_LPC17xx.s
   Uses
      At line 131 in file RTE\Device\LPC1768\startup_LPC17xx.s
Comment: myUSAD8 used once
stop 00000008

Symbol: stop
   Definitions
      At line 135 in file RTE\Device\LPC1768\startup_LPC17xx.s
   Uses
      At line 135 in file RTE\Device\LPC1768\startup_LPC17xx.s
Comment: stop used once
51 symbols



ARM Macro Assembler    Page 1 Alphabetic symbol ordering
Absolute symbols

Heap_Size 00000000

Symbol: Heap_Size
   Definitions
      At line 42 in file RTE\Device\LPC1768\startup_LPC17xx.s
   Uses
      At line 46 in file RTE\Device\LPC1768\startup_LPC17xx.s
      At line 316 in file RTE\Device\LPC1768\startup_LPC17xx.s

Stack_Size 00000200

Symbol: Stack_Size
   Definitions
      At line 31 in file RTE\Device\LPC1768\startup_LPC17xx.s
   Uses
      At line 34 in file RTE\Device\LPC1768\startup_LPC17xx.s
      At line 315 in file RTE\Device\LPC1768\startup_LPC17xx.s

2 symbols



ARM Macro Assembler    Page 1 Alphabetic symbol ordering
External symbols

__use_two_region_memory 00000000

Symbol: __use_two_region_memory
   Definitions
      At line 310 in file RTE\Device\LPC1768\startup_LPC17xx.s
   Uses
      None
Comment: __use_two_region_memory unused
1 symbol
405 symbols in table
