


ARM Macro Assembler    Page 1 


    1 00000000         ;/******************************************************
                       ********************//**
    2 00000000         ; * @file     startup_LPC17xx.s
    3 00000000         ; * @brief    CMSIS Cortex-M3 Core Device Startup File f
                       or
    4 00000000         ; *           NXP LPC17xx Device Series
    5 00000000         ; * @version  V1.10
    6 00000000         ; * @date     06. April 2011
    7 00000000         ; *
    8 00000000         ; * @note
    9 00000000         ; * Copyright (C) 2009-2011 ARM Limited. All rights rese
                       rved.
   10 00000000         ; *
   11 00000000         ; * @par
   12 00000000         ; * ARM Limited (ARM) is supplying this software for use
                        with Cortex-M
   13 00000000         ; * processor based microcontrollers.  This file can be 
                       freely distributed
   14 00000000         ; * within development tools that are supporting such AR
                       M based processors.
   15 00000000         ; *
   16 00000000         ; * @par
   17 00000000         ; * THIS SOFTWARE IS PROVIDED "AS IS".  NO WARRANTIES, W
                       HETHER EXPRESS, IMPLIED
   18 00000000         ; * OR STATUTORY, INCLUDING, BUT NOT LIMITED TO, IMPLIED
                        WARRANTIES OF
   19 00000000         ; * MERCHANTABILITY AND FITNESS FOR A PARTICULAR PURPOSE
                        APPLY TO THIS SOFTWARE.
   20 00000000         ; * ARM SHALL NOT, IN ANY CIRCUMSTANCES, BE LIABLE FOR S
                       PECIAL, INCIDENTAL, OR
   21 00000000         ; * CONSEQUENTIAL DAMAGES, FOR ANY REASON WHATSOEVER.
   22 00000000         ; *
   23 00000000         ; ******************************************************
                       ************************/
   24 00000000         
   25 00000000         ; *------- <<< Use Configuration Wizard in Context Menu 
                       >>> ------------------
   26 00000000         
   27 00000000         ; <h> Stack Configuration
   28 00000000         ;   <o> Stack Size (in Bytes) <0x0-0xFFFFFFFF:8>
   29 00000000         ; </h>
   30 00000000         
   31 00000000 00000200 
                       Stack_Size
                               EQU              0x00000200
   32 00000000         
   33 00000000                 AREA             STACK, NOINIT, READWRITE, ALIGN
=3
   34 00000000         Stack_Mem
                               SPACE            Stack_Size
   35 00000200         __initial_sp
   36 00000200         
   37 00000200         
   38 00000200         ; <h> Heap Configuration
   39 00000200         ;   <o>  Heap Size (in Bytes) <0x0-0xFFFFFFFF:8>
   40 00000200         ; </h>
   41 00000200         
   42 00000200 00000000 
                       Heap_Size



ARM Macro Assembler    Page 2 


                               EQU              0x00000000
   43 00000200         
   44 00000200                 AREA             HEAP, NOINIT, READWRITE, ALIGN=
3
   45 00000000         __heap_base
   46 00000000         Heap_Mem
                               SPACE            Heap_Size
   47 00000000         __heap_limit
   48 00000000         
   49 00000000         
   50 00000000                 PRESERVE8
   51 00000000                 THUMB
   52 00000000         
   53 00000000         
   54 00000000         ; Vector Table Mapped to Address 0 at Reset
   55 00000000         
   56 00000000                 AREA             RESET, DATA, READONLY
   57 00000000                 EXPORT           __Vectors
   58 00000000         
   59 00000000 00000000 
                       __Vectors
                               DCD              __initial_sp ; Top of Stack
   60 00000004 00000000        DCD              Reset_Handler ; Reset Handler
   61 00000008 00000000        DCD              NMI_Handler ; NMI Handler
   62 0000000C 00000000        DCD              HardFault_Handler ; Hard Fault 
                                                            Handler
   63 00000010 00000000        DCD              MemManage_Handler 
                                                            ; MPU Fault Handler
                                                            
   64 00000014 00000000        DCD              BusFault_Handler 
                                                            ; Bus Fault Handler
                                                            
   65 00000018 00000000        DCD              UsageFault_Handler ; Usage Faul
                                                            t Handler
   66 0000001C 00000000        DCD              0           ; Reserved
   67 00000020 00000000        DCD              0           ; Reserved
   68 00000024 00000000        DCD              0           ; Reserved
   69 00000028 00000000        DCD              0           ; Reserved
   70 0000002C 00000000        DCD              SVC_Handler ; SVCall Handler
   71 00000030 00000000        DCD              DebugMon_Handler ; Debug Monito
                                                            r Handler
   72 00000034 00000000        DCD              0           ; Reserved
   73 00000038 00000000        DCD              PendSV_Handler ; PendSV Handler
                                                            
   74 0000003C 00000000        DCD              SysTick_Handler 
                                                            ; SysTick Handler
   75 00000040         
   76 00000040         ; External Interrupts
   77 00000040 00000000        DCD              WDT_IRQHandler ; 16: Watchdog T
                                                            imer
   78 00000044 00000000        DCD              TIMER0_IRQHandler ; 17: Timer0
   79 00000048 00000000        DCD              TIMER1_IRQHandler ; 18: Timer1
   80 0000004C 00000000        DCD              TIMER2_IRQHandler ; 19: Timer2
   81 00000050 00000000        DCD              TIMER3_IRQHandler ; 20: Timer3
   82 00000054 00000000        DCD              UART0_IRQHandler ; 21: UART0
   83 00000058 00000000        DCD              UART1_IRQHandler ; 22: UART1
   84 0000005C 00000000        DCD              UART2_IRQHandler ; 23: UART2
   85 00000060 00000000        DCD              UART3_IRQHandler ; 24: UART3
   86 00000064 00000000        DCD              PWM1_IRQHandler ; 25: PWM1



ARM Macro Assembler    Page 3 


   87 00000068 00000000        DCD              I2C0_IRQHandler ; 26: I2C0
   88 0000006C 00000000        DCD              I2C1_IRQHandler ; 27: I2C1
   89 00000070 00000000        DCD              I2C2_IRQHandler ; 28: I2C2
   90 00000074 00000000        DCD              SPI_IRQHandler ; 29: SPI
   91 00000078 00000000        DCD              SSP0_IRQHandler ; 30: SSP0
   92 0000007C 00000000        DCD              SSP1_IRQHandler ; 31: SSP1
   93 00000080 00000000        DCD              PLL0_IRQHandler ; 32: PLL0 Lock
                                                             (Main PLL)
   94 00000084 00000000        DCD              RTC_IRQHandler ; 33: Real Time 
                                                            Clock
   95 00000088 00000000        DCD              EINT0_IRQHandler ; 34: External
                                                             Interrupt 0
   96 0000008C 00000000        DCD              EINT1_IRQHandler ; 35: External
                                                             Interrupt 1
   97 00000090 00000000        DCD              EINT2_IRQHandler ; 36: External
                                                             Interrupt 2
   98 00000094 00000000        DCD              EINT3_IRQHandler ; 37: External
                                                             Interrupt 3
   99 00000098 00000000        DCD              ADC_IRQHandler 
                                                            ; 38: A/D Converter
                                                            
  100 0000009C 00000000        DCD              BOD_IRQHandler ; 39: Brown-Out 
                                                            Detect
  101 000000A0 00000000        DCD              USB_IRQHandler ; 40: USB
  102 000000A4 00000000        DCD              CAN_IRQHandler ; 41: CAN
  103 000000A8 00000000        DCD              DMA_IRQHandler ; 42: General Pu
                                                            rpose DMA
  104 000000AC 00000000        DCD              I2S_IRQHandler ; 43: I2S
  105 000000B0 00000000        DCD              ENET_IRQHandler ; 44: Ethernet
  106 000000B4 00000000        DCD              RIT_IRQHandler ; 45: Repetitive
                                                             Interrupt Timer
  107 000000B8 00000000        DCD              MCPWM_IRQHandler ; 46: Motor Co
                                                            ntrol PWM
  108 000000BC 00000000        DCD              QEI_IRQHandler ; 47: Quadrature
                                                             Encoder Interface
  109 000000C0 00000000        DCD              PLL1_IRQHandler ; 48: PLL1 Lock
                                                             (USB PLL)
  110 000000C4 00000000        DCD              USBActivity_IRQHandler ; 49: US
                                                            B Activity interrup
                                                            t to wakeup
  111 000000C8 00000000        DCD              CANActivity_IRQHandler ; 50: CA
                                                            N Activity interrup
                                                            t to wakeup
  112 000000CC         
  113 000000CC         
  114 000000CC                 IF               :LNOT::DEF:NO_CRP
  115 000000CC                 AREA             |.ARM.__at_0x02FC|, CODE, READO
NLY
  116 00000000 FFFFFFFF 
                       CRP_Key DCD              0xFFFFFFFF
  117 00000004                 ENDIF
  118 00000004         
  119 00000004 00000002 
                       P       equ              2
  120 00000004 00000004 
                       M       equ              4
  121 00000004 00000003 
                       N       equ              3
  122 00000004 00000004 



ARM Macro Assembler    Page 4 


                       wordsize
                               equ              4
  123 00000004                 AREA             A_arrayMEM , DATA, READONLY
  124 00000000         ;A_array DCD 4,-3,5,1,3,-5,0,11,-5,12,4,-5
  125 00000000 00000BB8 
              000036B0 
              FFFFC568 
              00002328 
              00006590 
              FFFF30F8 
              00001388 
              00015BA8 
              00013498 
              00000BB8 
              000059D8 
              00014820 
              FFFFE890 
              FFFF8AD0 
              0000A7F8 
              FFFFF448 
              00014438 
              00006978 
              FFFFDCD8 
              0000C350 
              00006D60 
              FFFEA840 
              0000A028 
              00017AE8 
              FFFE6DA8 
              00010D88 
              00009858 
              FFFFDCD8 A_array DCD              0x00000BB8,0x000036B0,0xFFFFC56
8,0x00002328,0x00006590,0xFFFF30F8,0x00001388,0x00015BA8,0x00013498,0x00000BB8,
0x000059D8,0x00014820,0xFFFFE890,0xFFFF8AD0,0x0000A7F8,0xFFFFF448,0x00014438,0x
00006978,0xFFFFDCD8,0x0000C350,0x00006D60,0xFFFEA840,0x0000A028,0x00017AE8,0xFF
FE6DA8,0x00010D88,0x00009858,0xFFFFDCD8
  126 00000070         
  127 00000070                 AREA             B_arrayMEM , DATA, READONLY
  128 00000000         ;B_array DCD -2,3,5,-1,4,3,9,-7
  129 00000000 00009088 
              FFFE7578 
              00000000 
              0000E290 
              FFFFB1E0 
              00002328 
              00012110 
              00016F30 
              FFFFF060 
              0000E678 
              FFFFA628 
              00015F90 
              FFFECF50 
              00003E80 
              FFFFF060 
              00000000 
              FFFF0DD0 
              00014FF0 
              00004E20 
              00015BA8 



ARM Macro Assembler    Page 5 


              00002328 
              00014FF0 
              00006D60 
              00000000 
              FFFF7B30 
              00014050 
              00001388 
              000084D0 
              FFFFADF8 
              000003E8 
              00011170 
              FFFEFA48 
              00002328 
              00014050 
              000036B0 B_array DCD              0x00009088,0xFFFE7578 ,0x000000
00 ,0x0000E290 ,0xFFFFB1E0,0x00002328,0x00012110 ,0x00016F30 ,0xFFFFF060 ,0x000
0E678,0xFFFFA628,0x00015F90 ,0xFFFECF50 ,0x00003E80 ,0xFFFFF060,0x00000000,0xFF
FF0DD0 ,0x00014FF0 ,0x00004E20 ,0x00015BA8,0x00002328,0x00014FF0 ,0x00006D60 ,0
x00000000 ,0xFFFF7B30,0x00014050,0x00001388 ,0x000084D0 ,0xFFFFADF8 ,0x000003E8
,0x00011170,0xFFFEFA48 ,0x00002328 ,0x00014050 ,0x000036B0
  130 0000008C         
  131 0000008C         
  132 0000008C                 AREA             C_arrayMEM , DATA, READWRITE
  133 00000000 00 00 00 
              00 00 00 
              00 00 00 
              00 00 00 
              00 00 00 
              00 00 00 
              00 00 00 
              00 00 00 C_array SPACE            P*N*wordsize
  134 00000018                 AREA             |.text|, CODE, READONLY
  135 00000000         
  136 00000000         
  137 00000000         ; Reset Handler
  138 00000000        0 
                       A_address
                               RN               R0
  139 00000000        1 
                       B_address
                               RN               R1
  140 00000000        2 
                       C_address
                               RN               R2
  141 00000000         
  142 00000000        3 
                       ATemp   RN               r3
  143 00000000        4 
                       BTemp   RN               r4
  144 00000000        5 
                       ResTempL
                               RN               r5
  145 00000000        6 
                       ResTempH
                               RN               r6
  146 00000000         
  147 00000000        7 
                       GeneralTemp
                               RN               r7



ARM Macro Assembler    Page 6 


  148 00000000        8 
                       GeneralTemp2
                               RN               r8
  149 00000000         
  150 00000000        9 
                       CounterP
                               RN               R9
  151 00000000        A 
                       CounterM
                               RN               R10
  152 00000000        B 
                       CounterN
                               RN               R11
  153 00000000         
  154 00000000         Reset_Handler
                               PROC
  155 00000000                 EXPORT           Reset_Handler             [WEAK
]
  156 00000000 482B            ldr              A_address,=A_array
  157 00000002 492C            ldr              B_address,=B_array
  158 00000004 4A2C            ldr              C_address,=C_array
  159 00000006         
  160 00000006         
  161 00000006         loop
  162 00000006 F04F 0804       mov              GeneralTemp2,#M ; M=4 to get th
                                                            e result of i+j*4
  163 0000000A FB0B F708       mul              GeneralTemp,CounterN,GeneralTem
p2 
                                                            ; j*4
  164 0000000E 4457            add              GeneralTemp,GeneralTemp,Counter
M 
                                                            ;  = i+j*4
  165 00000010 F04F 0804       mov              GeneralTemp2,#wordsize ; Multip
                                                            ly 4 to move to the
                                                             next cell of by co
                                                            nsidering bytes nee
                                                            ded
  166 00000014 FB07 F708       mul              GeneralTemp,GeneralTemp,General
Temp2 
                                                            ; Get the result of
                                                             =(i+j*4)*4 because
                                                             of size of registe
                                                            rs in memory
  167 00000018 59C3            ldr              ATemp,[A_address,GeneralTemp] ;
                                                             Read memory cell o
                                                            f Array A
  168 0000001A         
  169 0000001A F04F 0802       mov              GeneralTemp2,#P ; M=2 to get th
                                                            e result of j+i*2
  170 0000001E FB0A F708       mul              GeneralTemp,CounterM,GeneralTem
p2 
                                                            ; i*2
  171 00000022 444F            add              GeneralTemp,GeneralTemp,Counter
P 
                                                            ;  = j+i*2
  172 00000024 F04F 0804       mov              GeneralTemp2,#wordsize ; Multip
                                                            ly 4 to move to the
                                                             next cell of by co
                                                            nsidering bytes nee



ARM Macro Assembler    Page 7 


                                                            ded
  173 00000028 FB07 F708       mul              GeneralTemp,GeneralTemp,General
Temp2 
                                                            ; Get the result of
                                                             =(j+i*2)*4 because
                                                             of size of registe
                                                            rs in memory
  174 0000002C 59CC            ldr              BTemp,[B_address,GeneralTemp] ;
                                                             Read memory cell o
                                                            f Array B 
  175 0000002E         
  176 0000002E FBC3 5604       smlal            ResTempL,ResTempH,ATemp,BTemp ;
                                                             Calculate multiply
                                                             and sum it with pr
                                                            eviouse values
  177 00000032 D600            bvs              overflow
  178 00000034 E007            b                notoverflow
  179 00000036         overflow
  180 00000036 F096 4F00       teq              ResTempH,#0x80000000
  181 0000003A D000            beq              minusInfinity
  182 0000003C E001            b                plusInfinity
  183 0000003E         minusInfinity
  184 0000003E F04F 36FF       ldr              ResTempH,=0xFFFFFFFF
  185 00000042         plusInfinity
  186 00000042 F04F 0600       ldr              ResTempH,=0x00000000
  187 00000046         notoverflow
  188 00000046 F04F 0802       mov              GeneralTemp2,#P ; M=2 to get th
                                                            e result of j+k*2
  189 0000004A FB09 F708       mul              GeneralTemp,CounterP,GeneralTem
p2 
                                                            ; k*2
  190 0000004E 445F            add              GeneralTemp,GeneralTemp,Counter
N 
                                                            ;  = j+k*2
  191 00000050 F04F 0804       mov              GeneralTemp2,#wordsize ; Multip
                                                            ly 4 to move to the
                                                             next cell of by co
                                                            nsidering bytes nee
                                                            ded
  192 00000054 FB07 F708       mul              GeneralTemp,GeneralTemp,General
Temp2 
                                                            ; Get the result of
                                                             =(j+k*4)*4 because
                                                             of size of registe
                                                            rs in memory
  193 00000058         
  194 00000058 51D5            str              ResTempL,[C_address,GeneralTemp
] 
                                                            ; Save the first pa
                                                            rt register in memo
                                                            ry 
  195 0000005A F107 0704       add              GeneralTemp,#wordsize ; Move to
                                                             the second part re
                                                            gister in memory
  196 0000005E 51D6            str              ResTempH,[C_address,GeneralTemp
] 
                                                            ; Save the second p
                                                            art register in mem
                                                            ory



ARM Macro Assembler    Page 8 


  197 00000060         
  198 00000060 F10A 0A01       add              CounterM,#1 ; go to next column
                                                             in A and next row 
                                                            in B
  199 00000064 F1BA 0F04       cmp              CounterM,#M ; check for the M c
                                                            ounter
  200 00000068 D1CD            bne              loop        ; go back to contin
                                                            ue loop
  201 0000006A F04F 0A00       mov              CounterM,#0 ; make M counter ze
                                                            ro for the next
  202 0000006E F04F 0500       mov              ResTempL,#0 ; make ResTempL zer
                                                            o because we need t
                                                            o compute comultive
                                                             sum
  203 00000072 F04F 0600       mov              ResTempH,#0 ; make ResTempH zer
                                                            o because we need t
                                                            o compute comultive
                                                             sum
  204 00000076 F109 0901       add              CounterP,#1 ; go to next Column
                                                             in B and in C
  205 0000007A F1B9 0F02       cmp              CounterP,#P ; check for the P c
                                                            ounter
  206 0000007E D1C2            bne              loop        ; go back to contin
                                                            ue loop
  207 00000080 F04F 0900       mov              CounterP,#0 ; make P counter ze
                                                            ro for the next
  208 00000084         
  209 00000084 F10B 0B01       add              CounterN,#1 ; go to next Row in
                                                             A and in C
  210 00000088 F1BB 0F03       cmp              CounterN,#N ; check for the N c
                                                            ounter
  211 0000008C D1BB            bne              loop        ; go back to contin
                                                            ue loop
  212 0000008E         
  213 0000008E E7FE    stop    b                stop
  214 00000090                 ENDP
  215 00000090         
  216 00000090         
  217 00000090         ; Dummy Exception Handlers (infinite loops which can be 
                       modified)
  218 00000090         
  219 00000090         NMI_Handler
                               PROC
  220 00000090                 EXPORT           NMI_Handler               [WEAK
]
  221 00000090 E7FE            B                .
  222 00000092                 ENDP
  224 00000092         HardFault_Handler
                               PROC
  225 00000092                 EXPORT           HardFault_Handler         [WEAK
]
  226 00000092 E7FE            B                .
  227 00000094                 ENDP
  229 00000094         MemManage_Handler
                               PROC
  230 00000094                 EXPORT           MemManage_Handler         [WEAK
]
  231 00000094 E7FE            B                .
  232 00000096                 ENDP



ARM Macro Assembler    Page 9 


  234 00000096         BusFault_Handler
                               PROC
  235 00000096                 EXPORT           BusFault_Handler          [WEAK
]
  236 00000096 E7FE            B                .
  237 00000098                 ENDP
  239 00000098         UsageFault_Handler
                               PROC
  240 00000098                 EXPORT           UsageFault_Handler        [WEAK
]
  241 00000098 E7FE            B                .
  242 0000009A                 ENDP
  243 0000009A         SVC_Handler
                               PROC
  244 0000009A                 EXPORT           SVC_Handler               [WEAK
]
  245 0000009A E7FE            B                .
  246 0000009C                 ENDP
  248 0000009C         DebugMon_Handler
                               PROC
  249 0000009C                 EXPORT           DebugMon_Handler          [WEAK
]
  250 0000009C E7FE            B                .
  251 0000009E                 ENDP
  252 0000009E         PendSV_Handler
                               PROC
  253 0000009E                 EXPORT           PendSV_Handler            [WEAK
]
  254 0000009E E7FE            B                .
  255 000000A0                 ENDP
  256 000000A0         SysTick_Handler
                               PROC
  257 000000A0                 EXPORT           SysTick_Handler           [WEAK
]
  258 000000A0 E7FE            B                .
  259 000000A2                 ENDP
  260 000000A2         
  261 000000A2         Default_Handler
                               PROC
  262 000000A2         
  263 000000A2                 EXPORT           WDT_IRQHandler            [WEAK
]
  264 000000A2                 EXPORT           TIMER0_IRQHandler         [WEAK
]
  265 000000A2                 EXPORT           TIMER1_IRQHandler         [WEAK
]
  266 000000A2                 EXPORT           TIMER2_IRQHandler         [WEAK
]
  267 000000A2                 EXPORT           TIMER3_IRQHandler         [WEAK
]
  268 000000A2                 EXPORT           UART0_IRQHandler          [WEAK
]
  269 000000A2                 EXPORT           UART1_IRQHandler          [WEAK
]
  270 000000A2                 EXPORT           UART2_IRQHandler          [WEAK
]
  271 000000A2                 EXPORT           UART3_IRQHandler          [WEAK
]
  272 000000A2                 EXPORT           PWM1_IRQHandler           [WEAK



ARM Macro Assembler    Page 10 


]
  273 000000A2                 EXPORT           I2C0_IRQHandler           [WEAK
]
  274 000000A2                 EXPORT           I2C1_IRQHandler           [WEAK
]
  275 000000A2                 EXPORT           I2C2_IRQHandler           [WEAK
]
  276 000000A2                 EXPORT           SPI_IRQHandler            [WEAK
]
  277 000000A2                 EXPORT           SSP0_IRQHandler           [WEAK
]
  278 000000A2                 EXPORT           SSP1_IRQHandler           [WEAK
]
  279 000000A2                 EXPORT           PLL0_IRQHandler           [WEAK
]
  280 000000A2                 EXPORT           RTC_IRQHandler            [WEAK
]
  281 000000A2                 EXPORT           EINT0_IRQHandler          [WEAK
]
  282 000000A2                 EXPORT           EINT1_IRQHandler          [WEAK
]
  283 000000A2                 EXPORT           EINT2_IRQHandler          [WEAK
]
  284 000000A2                 EXPORT           EINT3_IRQHandler          [WEAK
]
  285 000000A2                 EXPORT           ADC_IRQHandler            [WEAK
]
  286 000000A2                 EXPORT           BOD_IRQHandler            [WEAK
]
  287 000000A2                 EXPORT           USB_IRQHandler            [WEAK
]
  288 000000A2                 EXPORT           CAN_IRQHandler            [WEAK
]
  289 000000A2                 EXPORT           DMA_IRQHandler            [WEAK
]
  290 000000A2                 EXPORT           I2S_IRQHandler            [WEAK
]
  291 000000A2                 EXPORT           ENET_IRQHandler           [WEAK
]
  292 000000A2                 EXPORT           RIT_IRQHandler            [WEAK
]
  293 000000A2                 EXPORT           MCPWM_IRQHandler          [WEAK
]
  294 000000A2                 EXPORT           QEI_IRQHandler            [WEAK
]
  295 000000A2                 EXPORT           PLL1_IRQHandler           [WEAK
]
  296 000000A2                 EXPORT           USBActivity_IRQHandler    [WEAK
]
  297 000000A2                 EXPORT           CANActivity_IRQHandler    [WEAK
]
  298 000000A2         
  299 000000A2         WDT_IRQHandler
  300 000000A2         TIMER0_IRQHandler
  301 000000A2         TIMER1_IRQHandler
  302 000000A2         TIMER2_IRQHandler
  303 000000A2         TIMER3_IRQHandler
  304 000000A2         UART0_IRQHandler
  305 000000A2         UART1_IRQHandler



ARM Macro Assembler    Page 11 


  306 000000A2         UART2_IRQHandler
  307 000000A2         UART3_IRQHandler
  308 000000A2         PWM1_IRQHandler
  309 000000A2         I2C0_IRQHandler
  310 000000A2         I2C1_IRQHandler
  311 000000A2         I2C2_IRQHandler
  312 000000A2         SPI_IRQHandler
  313 000000A2         SSP0_IRQHandler
  314 000000A2         SSP1_IRQHandler
  315 000000A2         PLL0_IRQHandler
  316 000000A2         RTC_IRQHandler
  317 000000A2         EINT0_IRQHandler
  318 000000A2         EINT1_IRQHandler
  319 000000A2         EINT2_IRQHandler
  320 000000A2         EINT3_IRQHandler
  321 000000A2         ADC_IRQHandler
  322 000000A2         BOD_IRQHandler
  323 000000A2         USB_IRQHandler
  324 000000A2         CAN_IRQHandler
  325 000000A2         DMA_IRQHandler
  326 000000A2         I2S_IRQHandler
  327 000000A2         ENET_IRQHandler
  328 000000A2         RIT_IRQHandler
  329 000000A2         MCPWM_IRQHandler
  330 000000A2         QEI_IRQHandler
  331 000000A2         PLL1_IRQHandler
  332 000000A2         USBActivity_IRQHandler
  333 000000A2         CANActivity_IRQHandler
  334 000000A2         
  335 000000A2 E7FE            B                .
  336 000000A4         
  337 000000A4                 ENDP
  338 000000A4         
  339 000000A4         
  340 000000A4                 ALIGN
  341 000000A4         
  342 000000A4         
  343 000000A4         ; User Initial Stack & Heap
  344 000000A4         
  345 000000A4                 IF               :DEF:__MICROLIB
  352 000000A4         
  353 000000A4                 IMPORT           __use_two_region_memory
  354 000000A4                 EXPORT           __user_initial_stackheap
  355 000000A4         __user_initial_stackheap
  356 000000A4         
  357 000000A4 4805            LDR              R0, =  Heap_Mem
  358 000000A6 4906            LDR              R1, =(Stack_Mem + Stack_Size)
  359 000000A8 4A04            LDR              R2, = (Heap_Mem +  Heap_Size)
  360 000000AA 4B06            LDR              R3, = Stack_Mem
  361 000000AC 4770            BX               LR
  362 000000AE         
  363 000000AE 00 00           ALIGN
  364 000000B0         
  365 000000B0                 ENDIF
  366 000000B0         
  367 000000B0         
  368 000000B0                 END
              00000000 
              00000000 



ARM Macro Assembler    Page 12 


              00000000 
              00000000 
              00000200 
              00000000 
Command Line: --debug --xref --diag_suppress=9931 --cpu=Cortex-M3 --apcs=interw
ork --depend=.\objects\startup_lpc17xx.d -o.\objects\startup_lpc17xx.o -I.\RTE\
Device\LPC1768 -I.\RTE\_Target_1 -IC:\Users\Behi\AppData\Local\Arm\Packs\ARM\CM
SIS\5.6.0\CMSIS\Core\Include -IC:\Users\Behi\AppData\Local\Arm\Packs\Keil\LPC17
00_DFP\2.6.0\Device\Include --predefine="__EVAL SETA 1" --predefine="__UVISION_
VERSION SETA 529" --predefine="_RTE_ SETA 1" --predefine="LPC175x_6x SETA 1" --
list=.\listings\startup_lpc17xx.lst RTE\Device\LPC1768\startup_LPC17xx.s



ARM Macro Assembler    Page 1 Alphabetic symbol ordering
Relocatable symbols

STACK 00000000

Symbol: STACK
   Definitions
      At line 33 in file RTE\Device\LPC1768\startup_LPC17xx.s
   Uses
      None
Comment: STACK unused
Stack_Mem 00000000

Symbol: Stack_Mem
   Definitions
      At line 34 in file RTE\Device\LPC1768\startup_LPC17xx.s
   Uses
      At line 358 in file RTE\Device\LPC1768\startup_LPC17xx.s
      At line 360 in file RTE\Device\LPC1768\startup_LPC17xx.s

__initial_sp 00000200

Symbol: __initial_sp
   Definitions
      At line 35 in file RTE\Device\LPC1768\startup_LPC17xx.s
   Uses
      At line 59 in file RTE\Device\LPC1768\startup_LPC17xx.s
Comment: __initial_sp used once
3 symbols



ARM Macro Assembler    Page 1 Alphabetic symbol ordering
Relocatable symbols

HEAP 00000000

Symbol: HEAP
   Definitions
      At line 44 in file RTE\Device\LPC1768\startup_LPC17xx.s
   Uses
      None
Comment: HEAP unused
Heap_Mem 00000000

Symbol: Heap_Mem
   Definitions
      At line 46 in file RTE\Device\LPC1768\startup_LPC17xx.s
   Uses
      At line 357 in file RTE\Device\LPC1768\startup_LPC17xx.s
      At line 359 in file RTE\Device\LPC1768\startup_LPC17xx.s

__heap_base 00000000

Symbol: __heap_base
   Definitions
      At line 45 in file RTE\Device\LPC1768\startup_LPC17xx.s
   Uses
      None
Comment: __heap_base unused
__heap_limit 00000000

Symbol: __heap_limit
   Definitions
      At line 47 in file RTE\Device\LPC1768\startup_LPC17xx.s
   Uses
      None
Comment: __heap_limit unused
4 symbols



ARM Macro Assembler    Page 1 Alphabetic symbol ordering
Relocatable symbols

RESET 00000000

Symbol: RESET
   Definitions
      At line 56 in file RTE\Device\LPC1768\startup_LPC17xx.s
   Uses
      None
Comment: RESET unused
__Vectors 00000000

Symbol: __Vectors
   Definitions
      At line 59 in file RTE\Device\LPC1768\startup_LPC17xx.s
   Uses
      At line 57 in file RTE\Device\LPC1768\startup_LPC17xx.s
Comment: __Vectors used once
2 symbols



ARM Macro Assembler    Page 1 Alphabetic symbol ordering
Relocatable symbols

.ARM.__at_0x02FC 00000000

Symbol: .ARM.__at_0x02FC
   Definitions
      At line 115 in file RTE\Device\LPC1768\startup_LPC17xx.s
   Uses
      None
Comment: .ARM.__at_0x02FC unused
CRP_Key 00000000

Symbol: CRP_Key
   Definitions
      At line 116 in file RTE\Device\LPC1768\startup_LPC17xx.s
   Uses
      None
Comment: CRP_Key unused
2 symbols



ARM Macro Assembler    Page 1 Alphabetic symbol ordering
Relocatable symbols

A_array 00000000

Symbol: A_array
   Definitions
      At line 125 in file RTE\Device\LPC1768\startup_LPC17xx.s
   Uses
      At line 156 in file RTE\Device\LPC1768\startup_LPC17xx.s
Comment: A_array used once
A_arrayMEM 00000000

Symbol: A_arrayMEM
   Definitions
      At line 123 in file RTE\Device\LPC1768\startup_LPC17xx.s
   Uses
      None
Comment: A_arrayMEM unused
2 symbols



ARM Macro Assembler    Page 1 Alphabetic symbol ordering
Relocatable symbols

B_array 00000000

Symbol: B_array
   Definitions
      At line 129 in file RTE\Device\LPC1768\startup_LPC17xx.s
   Uses
      At line 157 in file RTE\Device\LPC1768\startup_LPC17xx.s
Comment: B_array used once
B_arrayMEM 00000000

Symbol: B_arrayMEM
   Definitions
      At line 127 in file RTE\Device\LPC1768\startup_LPC17xx.s
   Uses
      None
Comment: B_arrayMEM unused
2 symbols



ARM Macro Assembler    Page 1 Alphabetic symbol ordering
Relocatable symbols

C_array 00000000

Symbol: C_array
   Definitions
      At line 133 in file RTE\Device\LPC1768\startup_LPC17xx.s
   Uses
      At line 158 in file RTE\Device\LPC1768\startup_LPC17xx.s
Comment: C_array used once
C_arrayMEM 00000000

Symbol: C_arrayMEM
   Definitions
      At line 132 in file RTE\Device\LPC1768\startup_LPC17xx.s
   Uses
      None
Comment: C_arrayMEM unused
2 symbols



ARM Macro Assembler    Page 1 Alphabetic symbol ordering
Relocatable symbols

.text 00000000

Symbol: .text
   Definitions
      At line 134 in file RTE\Device\LPC1768\startup_LPC17xx.s
   Uses
      None
Comment: .text unused
ADC_IRQHandler 000000A2

Symbol: ADC_IRQHandler
   Definitions
      At line 321 in file RTE\Device\LPC1768\startup_LPC17xx.s
   Uses
      At line 99 in file RTE\Device\LPC1768\startup_LPC17xx.s
      At line 285 in file RTE\Device\LPC1768\startup_LPC17xx.s

BOD_IRQHandler 000000A2

Symbol: BOD_IRQHandler
   Definitions
      At line 322 in file RTE\Device\LPC1768\startup_LPC17xx.s
   Uses
      At line 100 in file RTE\Device\LPC1768\startup_LPC17xx.s
      At line 286 in file RTE\Device\LPC1768\startup_LPC17xx.s

BusFault_Handler 00000096

Symbol: BusFault_Handler
   Definitions
      At line 234 in file RTE\Device\LPC1768\startup_LPC17xx.s
   Uses
      At line 64 in file RTE\Device\LPC1768\startup_LPC17xx.s
      At line 235 in file RTE\Device\LPC1768\startup_LPC17xx.s

CANActivity_IRQHandler 000000A2

Symbol: CANActivity_IRQHandler
   Definitions
      At line 333 in file RTE\Device\LPC1768\startup_LPC17xx.s
   Uses
      At line 111 in file RTE\Device\LPC1768\startup_LPC17xx.s
      At line 297 in file RTE\Device\LPC1768\startup_LPC17xx.s

CAN_IRQHandler 000000A2

Symbol: CAN_IRQHandler
   Definitions
      At line 324 in file RTE\Device\LPC1768\startup_LPC17xx.s
   Uses
      At line 102 in file RTE\Device\LPC1768\startup_LPC17xx.s
      At line 288 in file RTE\Device\LPC1768\startup_LPC17xx.s

DMA_IRQHandler 000000A2

Symbol: DMA_IRQHandler
   Definitions
      At line 325 in file RTE\Device\LPC1768\startup_LPC17xx.s
   Uses



ARM Macro Assembler    Page 2 Alphabetic symbol ordering
Relocatable symbols

      At line 103 in file RTE\Device\LPC1768\startup_LPC17xx.s
      At line 289 in file RTE\Device\LPC1768\startup_LPC17xx.s

DebugMon_Handler 0000009C

Symbol: DebugMon_Handler
   Definitions
      At line 248 in file RTE\Device\LPC1768\startup_LPC17xx.s
   Uses
      At line 71 in file RTE\Device\LPC1768\startup_LPC17xx.s
      At line 249 in file RTE\Device\LPC1768\startup_LPC17xx.s

Default_Handler 000000A2

Symbol: Default_Handler
   Definitions
      At line 261 in file RTE\Device\LPC1768\startup_LPC17xx.s
   Uses
      None
Comment: Default_Handler unused
EINT0_IRQHandler 000000A2

Symbol: EINT0_IRQHandler
   Definitions
      At line 317 in file RTE\Device\LPC1768\startup_LPC17xx.s
   Uses
      At line 95 in file RTE\Device\LPC1768\startup_LPC17xx.s
      At line 281 in file RTE\Device\LPC1768\startup_LPC17xx.s

EINT1_IRQHandler 000000A2

Symbol: EINT1_IRQHandler
   Definitions
      At line 318 in file RTE\Device\LPC1768\startup_LPC17xx.s
   Uses
      At line 96 in file RTE\Device\LPC1768\startup_LPC17xx.s
      At line 282 in file RTE\Device\LPC1768\startup_LPC17xx.s

EINT2_IRQHandler 000000A2

Symbol: EINT2_IRQHandler
   Definitions
      At line 319 in file RTE\Device\LPC1768\startup_LPC17xx.s
   Uses
      At line 97 in file RTE\Device\LPC1768\startup_LPC17xx.s
      At line 283 in file RTE\Device\LPC1768\startup_LPC17xx.s

EINT3_IRQHandler 000000A2

Symbol: EINT3_IRQHandler
   Definitions
      At line 320 in file RTE\Device\LPC1768\startup_LPC17xx.s
   Uses
      At line 98 in file RTE\Device\LPC1768\startup_LPC17xx.s
      At line 284 in file RTE\Device\LPC1768\startup_LPC17xx.s

ENET_IRQHandler 000000A2

Symbol: ENET_IRQHandler



ARM Macro Assembler    Page 3 Alphabetic symbol ordering
Relocatable symbols

   Definitions
      At line 327 in file RTE\Device\LPC1768\startup_LPC17xx.s
   Uses
      At line 105 in file RTE\Device\LPC1768\startup_LPC17xx.s
      At line 291 in file RTE\Device\LPC1768\startup_LPC17xx.s

HardFault_Handler 00000092

Symbol: HardFault_Handler
   Definitions
      At line 224 in file RTE\Device\LPC1768\startup_LPC17xx.s
   Uses
      At line 62 in file RTE\Device\LPC1768\startup_LPC17xx.s
      At line 225 in file RTE\Device\LPC1768\startup_LPC17xx.s

I2C0_IRQHandler 000000A2

Symbol: I2C0_IRQHandler
   Definitions
      At line 309 in file RTE\Device\LPC1768\startup_LPC17xx.s
   Uses
      At line 87 in file RTE\Device\LPC1768\startup_LPC17xx.s
      At line 273 in file RTE\Device\LPC1768\startup_LPC17xx.s

I2C1_IRQHandler 000000A2

Symbol: I2C1_IRQHandler
   Definitions
      At line 310 in file RTE\Device\LPC1768\startup_LPC17xx.s
   Uses
      At line 88 in file RTE\Device\LPC1768\startup_LPC17xx.s
      At line 274 in file RTE\Device\LPC1768\startup_LPC17xx.s

I2C2_IRQHandler 000000A2

Symbol: I2C2_IRQHandler
   Definitions
      At line 311 in file RTE\Device\LPC1768\startup_LPC17xx.s
   Uses
      At line 89 in file RTE\Device\LPC1768\startup_LPC17xx.s
      At line 275 in file RTE\Device\LPC1768\startup_LPC17xx.s

I2S_IRQHandler 000000A2

Symbol: I2S_IRQHandler
   Definitions
      At line 326 in file RTE\Device\LPC1768\startup_LPC17xx.s
   Uses
      At line 104 in file RTE\Device\LPC1768\startup_LPC17xx.s
      At line 290 in file RTE\Device\LPC1768\startup_LPC17xx.s

MCPWM_IRQHandler 000000A2

Symbol: MCPWM_IRQHandler
   Definitions
      At line 329 in file RTE\Device\LPC1768\startup_LPC17xx.s
   Uses
      At line 107 in file RTE\Device\LPC1768\startup_LPC17xx.s
      At line 293 in file RTE\Device\LPC1768\startup_LPC17xx.s



ARM Macro Assembler    Page 4 Alphabetic symbol ordering
Relocatable symbols


MemManage_Handler 00000094

Symbol: MemManage_Handler
   Definitions
      At line 229 in file RTE\Device\LPC1768\startup_LPC17xx.s
   Uses
      At line 63 in file RTE\Device\LPC1768\startup_LPC17xx.s
      At line 230 in file RTE\Device\LPC1768\startup_LPC17xx.s

NMI_Handler 00000090

Symbol: NMI_Handler
   Definitions
      At line 219 in file RTE\Device\LPC1768\startup_LPC17xx.s
   Uses
      At line 61 in file RTE\Device\LPC1768\startup_LPC17xx.s
      At line 220 in file RTE\Device\LPC1768\startup_LPC17xx.s

PLL0_IRQHandler 000000A2

Symbol: PLL0_IRQHandler
   Definitions
      At line 315 in file RTE\Device\LPC1768\startup_LPC17xx.s
   Uses
      At line 93 in file RTE\Device\LPC1768\startup_LPC17xx.s
      At line 279 in file RTE\Device\LPC1768\startup_LPC17xx.s

PLL1_IRQHandler 000000A2

Symbol: PLL1_IRQHandler
   Definitions
      At line 331 in file RTE\Device\LPC1768\startup_LPC17xx.s
   Uses
      At line 109 in file RTE\Device\LPC1768\startup_LPC17xx.s
      At line 295 in file RTE\Device\LPC1768\startup_LPC17xx.s

PWM1_IRQHandler 000000A2

Symbol: PWM1_IRQHandler
   Definitions
      At line 308 in file RTE\Device\LPC1768\startup_LPC17xx.s
   Uses
      At line 86 in file RTE\Device\LPC1768\startup_LPC17xx.s
      At line 272 in file RTE\Device\LPC1768\startup_LPC17xx.s

PendSV_Handler 0000009E

Symbol: PendSV_Handler
   Definitions
      At line 252 in file RTE\Device\LPC1768\startup_LPC17xx.s
   Uses
      At line 73 in file RTE\Device\LPC1768\startup_LPC17xx.s
      At line 253 in file RTE\Device\LPC1768\startup_LPC17xx.s

QEI_IRQHandler 000000A2

Symbol: QEI_IRQHandler
   Definitions



ARM Macro Assembler    Page 5 Alphabetic symbol ordering
Relocatable symbols

      At line 330 in file RTE\Device\LPC1768\startup_LPC17xx.s
   Uses
      At line 108 in file RTE\Device\LPC1768\startup_LPC17xx.s
      At line 294 in file RTE\Device\LPC1768\startup_LPC17xx.s

RIT_IRQHandler 000000A2

Symbol: RIT_IRQHandler
   Definitions
      At line 328 in file RTE\Device\LPC1768\startup_LPC17xx.s
   Uses
      At line 106 in file RTE\Device\LPC1768\startup_LPC17xx.s
      At line 292 in file RTE\Device\LPC1768\startup_LPC17xx.s

RTC_IRQHandler 000000A2

Symbol: RTC_IRQHandler
   Definitions
      At line 316 in file RTE\Device\LPC1768\startup_LPC17xx.s
   Uses
      At line 94 in file RTE\Device\LPC1768\startup_LPC17xx.s
      At line 280 in file RTE\Device\LPC1768\startup_LPC17xx.s

Reset_Handler 00000000

Symbol: Reset_Handler
   Definitions
      At line 154 in file RTE\Device\LPC1768\startup_LPC17xx.s
   Uses
      At line 60 in file RTE\Device\LPC1768\startup_LPC17xx.s
      At line 155 in file RTE\Device\LPC1768\startup_LPC17xx.s

SPI_IRQHandler 000000A2

Symbol: SPI_IRQHandler
   Definitions
      At line 312 in file RTE\Device\LPC1768\startup_LPC17xx.s
   Uses
      At line 90 in file RTE\Device\LPC1768\startup_LPC17xx.s
      At line 276 in file RTE\Device\LPC1768\startup_LPC17xx.s

SSP0_IRQHandler 000000A2

Symbol: SSP0_IRQHandler
   Definitions
      At line 313 in file RTE\Device\LPC1768\startup_LPC17xx.s
   Uses
      At line 91 in file RTE\Device\LPC1768\startup_LPC17xx.s
      At line 277 in file RTE\Device\LPC1768\startup_LPC17xx.s

SSP1_IRQHandler 000000A2

Symbol: SSP1_IRQHandler
   Definitions
      At line 314 in file RTE\Device\LPC1768\startup_LPC17xx.s
   Uses
      At line 92 in file RTE\Device\LPC1768\startup_LPC17xx.s
      At line 278 in file RTE\Device\LPC1768\startup_LPC17xx.s




ARM Macro Assembler    Page 6 Alphabetic symbol ordering
Relocatable symbols

SVC_Handler 0000009A

Symbol: SVC_Handler
   Definitions
      At line 243 in file RTE\Device\LPC1768\startup_LPC17xx.s
   Uses
      At line 70 in file RTE\Device\LPC1768\startup_LPC17xx.s
      At line 244 in file RTE\Device\LPC1768\startup_LPC17xx.s

SysTick_Handler 000000A0

Symbol: SysTick_Handler
   Definitions
      At line 256 in file RTE\Device\LPC1768\startup_LPC17xx.s
   Uses
      At line 74 in file RTE\Device\LPC1768\startup_LPC17xx.s
      At line 257 in file RTE\Device\LPC1768\startup_LPC17xx.s

TIMER0_IRQHandler 000000A2

Symbol: TIMER0_IRQHandler
   Definitions
      At line 300 in file RTE\Device\LPC1768\startup_LPC17xx.s
   Uses
      At line 78 in file RTE\Device\LPC1768\startup_LPC17xx.s
      At line 264 in file RTE\Device\LPC1768\startup_LPC17xx.s

TIMER1_IRQHandler 000000A2

Symbol: TIMER1_IRQHandler
   Definitions
      At line 301 in file RTE\Device\LPC1768\startup_LPC17xx.s
   Uses
      At line 79 in file RTE\Device\LPC1768\startup_LPC17xx.s
      At line 265 in file RTE\Device\LPC1768\startup_LPC17xx.s

TIMER2_IRQHandler 000000A2

Symbol: TIMER2_IRQHandler
   Definitions
      At line 302 in file RTE\Device\LPC1768\startup_LPC17xx.s
   Uses
      At line 80 in file RTE\Device\LPC1768\startup_LPC17xx.s
      At line 266 in file RTE\Device\LPC1768\startup_LPC17xx.s

TIMER3_IRQHandler 000000A2

Symbol: TIMER3_IRQHandler
   Definitions
      At line 303 in file RTE\Device\LPC1768\startup_LPC17xx.s
   Uses
      At line 81 in file RTE\Device\LPC1768\startup_LPC17xx.s
      At line 267 in file RTE\Device\LPC1768\startup_LPC17xx.s

UART0_IRQHandler 000000A2

Symbol: UART0_IRQHandler
   Definitions
      At line 304 in file RTE\Device\LPC1768\startup_LPC17xx.s



ARM Macro Assembler    Page 7 Alphabetic symbol ordering
Relocatable symbols

   Uses
      At line 82 in file RTE\Device\LPC1768\startup_LPC17xx.s
      At line 268 in file RTE\Device\LPC1768\startup_LPC17xx.s

UART1_IRQHandler 000000A2

Symbol: UART1_IRQHandler
   Definitions
      At line 305 in file RTE\Device\LPC1768\startup_LPC17xx.s
   Uses
      At line 83 in file RTE\Device\LPC1768\startup_LPC17xx.s
      At line 269 in file RTE\Device\LPC1768\startup_LPC17xx.s

UART2_IRQHandler 000000A2

Symbol: UART2_IRQHandler
   Definitions
      At line 306 in file RTE\Device\LPC1768\startup_LPC17xx.s
   Uses
      At line 84 in file RTE\Device\LPC1768\startup_LPC17xx.s
      At line 270 in file RTE\Device\LPC1768\startup_LPC17xx.s

UART3_IRQHandler 000000A2

Symbol: UART3_IRQHandler
   Definitions
      At line 307 in file RTE\Device\LPC1768\startup_LPC17xx.s
   Uses
      At line 85 in file RTE\Device\LPC1768\startup_LPC17xx.s
      At line 271 in file RTE\Device\LPC1768\startup_LPC17xx.s

USBActivity_IRQHandler 000000A2

Symbol: USBActivity_IRQHandler
   Definitions
      At line 332 in file RTE\Device\LPC1768\startup_LPC17xx.s
   Uses
      At line 110 in file RTE\Device\LPC1768\startup_LPC17xx.s
      At line 296 in file RTE\Device\LPC1768\startup_LPC17xx.s

USB_IRQHandler 000000A2

Symbol: USB_IRQHandler
   Definitions
      At line 323 in file RTE\Device\LPC1768\startup_LPC17xx.s
   Uses
      At line 101 in file RTE\Device\LPC1768\startup_LPC17xx.s
      At line 287 in file RTE\Device\LPC1768\startup_LPC17xx.s

UsageFault_Handler 00000098

Symbol: UsageFault_Handler
   Definitions
      At line 239 in file RTE\Device\LPC1768\startup_LPC17xx.s
   Uses
      At line 65 in file RTE\Device\LPC1768\startup_LPC17xx.s
      At line 240 in file RTE\Device\LPC1768\startup_LPC17xx.s

WDT_IRQHandler 000000A2



ARM Macro Assembler    Page 8 Alphabetic symbol ordering
Relocatable symbols


Symbol: WDT_IRQHandler
   Definitions
      At line 299 in file RTE\Device\LPC1768\startup_LPC17xx.s
   Uses
      At line 77 in file RTE\Device\LPC1768\startup_LPC17xx.s
      At line 263 in file RTE\Device\LPC1768\startup_LPC17xx.s

__user_initial_stackheap 000000A4

Symbol: __user_initial_stackheap
   Definitions
      At line 355 in file RTE\Device\LPC1768\startup_LPC17xx.s
   Uses
      At line 354 in file RTE\Device\LPC1768\startup_LPC17xx.s
Comment: __user_initial_stackheap used once
loop 00000006

Symbol: loop
   Definitions
      At line 161 in file RTE\Device\LPC1768\startup_LPC17xx.s
   Uses
      At line 200 in file RTE\Device\LPC1768\startup_LPC17xx.s
      At line 206 in file RTE\Device\LPC1768\startup_LPC17xx.s
      At line 211 in file RTE\Device\LPC1768\startup_LPC17xx.s

minusInfinity 0000003E

Symbol: minusInfinity
   Definitions
      At line 183 in file RTE\Device\LPC1768\startup_LPC17xx.s
   Uses
      At line 181 in file RTE\Device\LPC1768\startup_LPC17xx.s
Comment: minusInfinity used once
notoverflow 00000046

Symbol: notoverflow
   Definitions
      At line 187 in file RTE\Device\LPC1768\startup_LPC17xx.s
   Uses
      At line 178 in file RTE\Device\LPC1768\startup_LPC17xx.s
Comment: notoverflow used once
overflow 00000036

Symbol: overflow
   Definitions
      At line 179 in file RTE\Device\LPC1768\startup_LPC17xx.s
   Uses
      At line 177 in file RTE\Device\LPC1768\startup_LPC17xx.s
Comment: overflow used once
plusInfinity 00000042

Symbol: plusInfinity
   Definitions
      At line 185 in file RTE\Device\LPC1768\startup_LPC17xx.s
   Uses
      At line 182 in file RTE\Device\LPC1768\startup_LPC17xx.s
Comment: plusInfinity used once
stop 0000008E



ARM Macro Assembler    Page 9 Alphabetic symbol ordering
Relocatable symbols


Symbol: stop
   Definitions
      At line 213 in file RTE\Device\LPC1768\startup_LPC17xx.s
   Uses
      At line 213 in file RTE\Device\LPC1768\startup_LPC17xx.s
Comment: stop used once
54 symbols



ARM Macro Assembler    Page 1 Alphabetic symbol ordering
Absolute symbols

Heap_Size 00000000

Symbol: Heap_Size
   Definitions
      At line 42 in file RTE\Device\LPC1768\startup_LPC17xx.s
   Uses
      At line 46 in file RTE\Device\LPC1768\startup_LPC17xx.s
      At line 359 in file RTE\Device\LPC1768\startup_LPC17xx.s

M 00000004

Symbol: M
   Definitions
      At line 120 in file RTE\Device\LPC1768\startup_LPC17xx.s
   Uses
      At line 162 in file RTE\Device\LPC1768\startup_LPC17xx.s
      At line 199 in file RTE\Device\LPC1768\startup_LPC17xx.s

N 00000003

Symbol: N
   Definitions
      At line 121 in file RTE\Device\LPC1768\startup_LPC17xx.s
   Uses
      At line 133 in file RTE\Device\LPC1768\startup_LPC17xx.s
      At line 210 in file RTE\Device\LPC1768\startup_LPC17xx.s

P 00000002

Symbol: P
   Definitions
      At line 119 in file RTE\Device\LPC1768\startup_LPC17xx.s
   Uses
      At line 133 in file RTE\Device\LPC1768\startup_LPC17xx.s
      At line 169 in file RTE\Device\LPC1768\startup_LPC17xx.s
      At line 188 in file RTE\Device\LPC1768\startup_LPC17xx.s
      At line 205 in file RTE\Device\LPC1768\startup_LPC17xx.s

Stack_Size 00000200

Symbol: Stack_Size
   Definitions
      At line 31 in file RTE\Device\LPC1768\startup_LPC17xx.s
   Uses
      At line 34 in file RTE\Device\LPC1768\startup_LPC17xx.s
      At line 358 in file RTE\Device\LPC1768\startup_LPC17xx.s

wordsize 00000004

Symbol: wordsize
   Definitions
      At line 122 in file RTE\Device\LPC1768\startup_LPC17xx.s
   Uses
      At line 133 in file RTE\Device\LPC1768\startup_LPC17xx.s
      At line 165 in file RTE\Device\LPC1768\startup_LPC17xx.s
      At line 172 in file RTE\Device\LPC1768\startup_LPC17xx.s
      At line 191 in file RTE\Device\LPC1768\startup_LPC17xx.s
      At line 195 in file RTE\Device\LPC1768\startup_LPC17xx.s




ARM Macro Assembler    Page 2 Alphabetic symbol ordering
Absolute symbols

6 symbols



ARM Macro Assembler    Page 1 Alphabetic symbol ordering
External symbols

__use_two_region_memory 00000000

Symbol: __use_two_region_memory
   Definitions
      At line 353 in file RTE\Device\LPC1768\startup_LPC17xx.s
   Uses
      None
Comment: __use_two_region_memory unused
1 symbol
430 symbols in table
