


ARM Macro Assembler    Page 1 


    1 00000000         ;/******************************************************
                       ********************//**
    2 00000000         ; * @file     startup_LPC17xx.s
    3 00000000         ; * @brief    CMSIS Cortex-M3 Core Device Startup File f
                       or
    4 00000000         ; *           NXP LPC17xx Device Series
    5 00000000         ; * @version  V1.10
    6 00000000         ; * @date     06. April 2011
    7 00000000         ; *
    8 00000000         ; * @note
    9 00000000         ; * Copyright (C) 2009-2011 ARM Limited. All rights rese
                       rved.
   10 00000000         ; *
   11 00000000         ; * @par
   12 00000000         ; * ARM Limited (ARM) is supplying this software for use
                        with Cortex-M
   13 00000000         ; * processor based microcontrollers.  This file can be 
                       freely distributed
   14 00000000         ; * within development tools that are supporting such AR
                       M based processors.
   15 00000000         ; *
   16 00000000         ; * @par
   17 00000000         ; * THIS SOFTWARE IS PROVIDED "AS IS".  NO WARRANTIES, W
                       HETHER EXPRESS, IMPLIED
   18 00000000         ; * OR STATUTORY, INCLUDING, BUT NOT LIMITED TO, IMPLIED
                        WARRANTIES OF
   19 00000000         ; * MERCHANTABILITY AND FITNESS FOR A PARTICULAR PURPOSE
                        APPLY TO THIS SOFTWARE.
   20 00000000         ; * ARM SHALL NOT, IN ANY CIRCUMSTANCES, BE LIABLE FOR S
                       PECIAL, INCIDENTAL, OR
   21 00000000         ; * CONSEQUENTIAL DAMAGES, FOR ANY REASON WHATSOEVER.
   22 00000000         ; *
   23 00000000         ; ******************************************************
                       ************************/
   24 00000000         
   25 00000000         ; *------- <<< Use Configuration Wizard in Context Menu 
                       >>> ------------------
   26 00000000         
   27 00000000         ; <h> Stack Configuration
   28 00000000         ;   <o> Stack Size (in Bytes) <0x0-0xFFFFFFFF:8>
   29 00000000         ; </h>
   30 00000000         
   31 00000000 00000200 
                       Stack_Size
                               EQU              0x00000200
   32 00000000         
   33 00000000                 AREA             STACK, NOINIT, READWRITE, ALIGN
=3
   34 00000000         Stack_Mem
                               SPACE            Stack_Size
   35 00000200         __initial_sp
   36 00000200         
   37 00000200         
   38 00000200         ; <h> Heap Configuration
   39 00000200         ;   <o>  Heap Size (in Bytes) <0x0-0xFFFFFFFF:8>
   40 00000200         ; </h>
   41 00000200         
   42 00000200 00000000 
                       Heap_Size



ARM Macro Assembler    Page 2 


                               EQU              0x00000000
   43 00000200         
   44 00000200                 AREA             HEAP, NOINIT, READWRITE, ALIGN=
3
   45 00000000         __heap_base
   46 00000000         Heap_Mem
                               SPACE            Heap_Size
   47 00000000         __heap_limit
   48 00000000                 area             mydata,DATA,READWRITE
   49 00000000 00 00 00 
              00 00 00 
              00 00 00 
              00 00 00 
              00 00 00 
              00 00 00 
              00 00 00 
              00 00 00 
              00 00    Fibonacci
                               SPACE            26
   50 0000001A         
   51 0000001A         
   52 0000001A                 PRESERVE8
   53 0000001A                 THUMB
   54 0000001A         
   55 0000001A         
   56 0000001A         ; Vector Table Mapped to Address 0 at Reset
   57 0000001A         
   58 0000001A                 AREA             RESET, DATA, READONLY
   59 00000000                 EXPORT           __Vectors
   60 00000000         
   61 00000000 00000000 
                       __Vectors
                               DCD              __initial_sp ; Top of Stack
   62 00000004 00000000        DCD              Reset_Handler ; Reset Handler
   63 00000008 00000000        DCD              NMI_Handler ; NMI Handler
   64 0000000C 00000000        DCD              HardFault_Handler ; Hard Fault 
                                                            Handler
   65 00000010 00000000        DCD              MemManage_Handler 
                                                            ; MPU Fault Handler
                                                            
   66 00000014 00000000        DCD              BusFault_Handler 
                                                            ; Bus Fault Handler
                                                            
   67 00000018 00000000        DCD              UsageFault_Handler ; Usage Faul
                                                            t Handler
   68 0000001C 00000000        DCD              0           ; Reserved
   69 00000020 00000000        DCD              0           ; Reserved
   70 00000024 00000000        DCD              0           ; Reserved
   71 00000028 00000000        DCD              0           ; Reserved
   72 0000002C 00000000        DCD              SVC_Handler ; SVCall Handler
   73 00000030 00000000        DCD              DebugMon_Handler ; Debug Monito
                                                            r Handler
   74 00000034 00000000        DCD              0           ; Reserved
   75 00000038 00000000        DCD              PendSV_Handler ; PendSV Handler
                                                            
   76 0000003C 00000000        DCD              SysTick_Handler 
                                                            ; SysTick Handler
   77 00000040         
   78 00000040         ; External Interrupts



ARM Macro Assembler    Page 3 


   79 00000040 00000000        DCD              WDT_IRQHandler ; 16: Watchdog T
                                                            imer
   80 00000044 00000000        DCD              TIMER0_IRQHandler ; 17: Timer0
   81 00000048 00000000        DCD              TIMER1_IRQHandler ; 18: Timer1
   82 0000004C 00000000        DCD              TIMER2_IRQHandler ; 19: Timer2
   83 00000050 00000000        DCD              TIMER3_IRQHandler ; 20: Timer3
   84 00000054 00000000        DCD              UART0_IRQHandler ; 21: UART0
   85 00000058 00000000        DCD              UART1_IRQHandler ; 22: UART1
   86 0000005C 00000000        DCD              UART2_IRQHandler ; 23: UART2
   87 00000060 00000000        DCD              UART3_IRQHandler ; 24: UART3
   88 00000064 00000000        DCD              PWM1_IRQHandler ; 25: PWM1
   89 00000068 00000000        DCD              I2C0_IRQHandler ; 26: I2C0
   90 0000006C 00000000        DCD              I2C1_IRQHandler ; 27: I2C1
   91 00000070 00000000        DCD              I2C2_IRQHandler ; 28: I2C2
   92 00000074 00000000        DCD              SPI_IRQHandler ; 29: SPI
   93 00000078 00000000        DCD              SSP0_IRQHandler ; 30: SSP0
   94 0000007C 00000000        DCD              SSP1_IRQHandler ; 31: SSP1
   95 00000080 00000000        DCD              PLL0_IRQHandler ; 32: PLL0 Lock
                                                             (Main PLL)
   96 00000084 00000000        DCD              RTC_IRQHandler ; 33: Real Time 
                                                            Clock
   97 00000088 00000000        DCD              EINT0_IRQHandler ; 34: External
                                                             Interrupt 0
   98 0000008C 00000000        DCD              EINT1_IRQHandler ; 35: External
                                                             Interrupt 1
   99 00000090 00000000        DCD              EINT2_IRQHandler ; 36: External
                                                             Interrupt 2
  100 00000094 00000000        DCD              EINT3_IRQHandler ; 37: External
                                                             Interrupt 3
  101 00000098 00000000        DCD              ADC_IRQHandler 
                                                            ; 38: A/D Converter
                                                            
  102 0000009C 00000000        DCD              BOD_IRQHandler ; 39: Brown-Out 
                                                            Detect
  103 000000A0 00000000        DCD              USB_IRQHandler ; 40: USB
  104 000000A4 00000000        DCD              CAN_IRQHandler ; 41: CAN
  105 000000A8 00000000        DCD              DMA_IRQHandler ; 42: General Pu
                                                            rpose DMA
  106 000000AC 00000000        DCD              I2S_IRQHandler ; 43: I2S
  107 000000B0 00000000        DCD              ENET_IRQHandler ; 44: Ethernet
  108 000000B4 00000000        DCD              RIT_IRQHandler ; 45: Repetitive
                                                             Interrupt Timer
  109 000000B8 00000000        DCD              MCPWM_IRQHandler ; 46: Motor Co
                                                            ntrol PWM
  110 000000BC 00000000        DCD              QEI_IRQHandler ; 47: Quadrature
                                                             Encoder Interface
  111 000000C0 00000000        DCD              PLL1_IRQHandler ; 48: PLL1 Lock
                                                             (USB PLL)
  112 000000C4 00000000        DCD              USBActivity_IRQHandler ; 49: US
                                                            B Activity interrup
                                                            t to wakeup
  113 000000C8 00000000        DCD              CANActivity_IRQHandler ; 50: CA
                                                            N Activity interrup
                                                            t to wakeup
  114 000000CC         
  115 000000CC         
  116 000000CC                 IF               :LNOT::DEF:NO_CRP
  117 000000CC                 AREA             |.ARM.__at_0x02FC|, CODE, READO
NLY



ARM Macro Assembler    Page 4 


  118 00000000 FFFFFFFF 
                       CRP_Key DCD              0xFFFFFFFF
  119 00000004                 ENDIF
  120 00000004         
  121 00000004         
  122 00000004                 AREA             |.text|, CODE, READONLY
  123 00000000 00 00 00 
              00 00 00 
              00 00 00 
              00 00 00 
              00 00 00 
              00 00 00 
              00 00 00 
              00 00 00 myConstants
                               DCW              0,0,0,0,0,0,0,0,0,0,0,0
  124 00000018         
  125 00000018         ; Reset Handler
  126 00000018         
  127 00000018         Reset_Handler
                               PROC
  128 00000018                 EXPORT           Reset_Handler             [WEAK
]
  129 00000018         
  130 00000018        1 
                       val1    RN               R1
  131 00000018        2 
                       val2    RN               R2
  132 00000018         
  133 00000018 F85F 101B       LDR              val1, myConstants+1
  134 0000001C F85F 201E       LDR              val2, myConstants+2
  135 00000020 EB01 0002       add              r0,val1,val2
  136 00000024         
  137 00000024         
  138 00000024         
  139 00000024 E7FE    stop    B                stop
  140 00000026                 ENDP
  141 00000026         
  142 00000026         
  143 00000026         ; Dummy Exception Handlers (infinite loops which can be 
                       modified)
  144 00000026         
  145 00000026         NMI_Handler
                               PROC
  146 00000026                 EXPORT           NMI_Handler               [WEAK
]
  147 00000026 E7FE            B                .
  148 00000028                 ENDP
  150 00000028         HardFault_Handler
                               PROC
  151 00000028                 EXPORT           HardFault_Handler         [WEAK
]
  152 00000028 E7FE            B                .
  153 0000002A                 ENDP
  155 0000002A         MemManage_Handler
                               PROC
  156 0000002A                 EXPORT           MemManage_Handler         [WEAK
]
  157 0000002A E7FE            B                .
  158 0000002C                 ENDP



ARM Macro Assembler    Page 5 


  160 0000002C         BusFault_Handler
                               PROC
  161 0000002C                 EXPORT           BusFault_Handler          [WEAK
]
  162 0000002C E7FE            B                .
  163 0000002E                 ENDP
  165 0000002E         UsageFault_Handler
                               PROC
  166 0000002E                 EXPORT           UsageFault_Handler        [WEAK
]
  167 0000002E E7FE            B                .
  168 00000030                 ENDP
  169 00000030         SVC_Handler
                               PROC
  170 00000030                 EXPORT           SVC_Handler               [WEAK
]
  171 00000030 E7FE            B                .
  172 00000032                 ENDP
  174 00000032         DebugMon_Handler
                               PROC
  175 00000032                 EXPORT           DebugMon_Handler          [WEAK
]
  176 00000032 E7FE            B                .
  177 00000034                 ENDP
  178 00000034         PendSV_Handler
                               PROC
  179 00000034                 EXPORT           PendSV_Handler            [WEAK
]
  180 00000034 E7FE            B                .
  181 00000036                 ENDP
  182 00000036         SysTick_Handler
                               PROC
  183 00000036                 EXPORT           SysTick_Handler           [WEAK
]
  184 00000036 E7FE            B                .
  185 00000038                 ENDP
  186 00000038         
  187 00000038         Default_Handler
                               PROC
  188 00000038         
  189 00000038                 EXPORT           WDT_IRQHandler            [WEAK
]
  190 00000038                 EXPORT           TIMER0_IRQHandler         [WEAK
]
  191 00000038                 EXPORT           TIMER1_IRQHandler         [WEAK
]
  192 00000038                 EXPORT           TIMER2_IRQHandler         [WEAK
]
  193 00000038                 EXPORT           TIMER3_IRQHandler         [WEAK
]
  194 00000038                 EXPORT           UART0_IRQHandler          [WEAK
]
  195 00000038                 EXPORT           UART1_IRQHandler          [WEAK
]
  196 00000038                 EXPORT           UART2_IRQHandler          [WEAK
]
  197 00000038                 EXPORT           UART3_IRQHandler          [WEAK
]
  198 00000038                 EXPORT           PWM1_IRQHandler           [WEAK



ARM Macro Assembler    Page 6 


]
  199 00000038                 EXPORT           I2C0_IRQHandler           [WEAK
]
  200 00000038                 EXPORT           I2C1_IRQHandler           [WEAK
]
  201 00000038                 EXPORT           I2C2_IRQHandler           [WEAK
]
  202 00000038                 EXPORT           SPI_IRQHandler            [WEAK
]
  203 00000038                 EXPORT           SSP0_IRQHandler           [WEAK
]
  204 00000038                 EXPORT           SSP1_IRQHandler           [WEAK
]
  205 00000038                 EXPORT           PLL0_IRQHandler           [WEAK
]
  206 00000038                 EXPORT           RTC_IRQHandler            [WEAK
]
  207 00000038                 EXPORT           EINT0_IRQHandler          [WEAK
]
  208 00000038                 EXPORT           EINT1_IRQHandler          [WEAK
]
  209 00000038                 EXPORT           EINT2_IRQHandler          [WEAK
]
  210 00000038                 EXPORT           EINT3_IRQHandler          [WEAK
]
  211 00000038                 EXPORT           ADC_IRQHandler            [WEAK
]
  212 00000038                 EXPORT           BOD_IRQHandler            [WEAK
]
  213 00000038                 EXPORT           USB_IRQHandler            [WEAK
]
  214 00000038                 EXPORT           CAN_IRQHandler            [WEAK
]
  215 00000038                 EXPORT           DMA_IRQHandler            [WEAK
]
  216 00000038                 EXPORT           I2S_IRQHandler            [WEAK
]
  217 00000038                 EXPORT           ENET_IRQHandler           [WEAK
]
  218 00000038                 EXPORT           RIT_IRQHandler            [WEAK
]
  219 00000038                 EXPORT           MCPWM_IRQHandler          [WEAK
]
  220 00000038                 EXPORT           QEI_IRQHandler            [WEAK
]
  221 00000038                 EXPORT           PLL1_IRQHandler           [WEAK
]
  222 00000038                 EXPORT           USBActivity_IRQHandler    [WEAK
]
  223 00000038                 EXPORT           CANActivity_IRQHandler    [WEAK
]
  224 00000038         
  225 00000038         WDT_IRQHandler
  226 00000038         TIMER0_IRQHandler
  227 00000038         TIMER1_IRQHandler
  228 00000038         TIMER2_IRQHandler
  229 00000038         TIMER3_IRQHandler
  230 00000038         UART0_IRQHandler
  231 00000038         UART1_IRQHandler



ARM Macro Assembler    Page 7 


  232 00000038         UART2_IRQHandler
  233 00000038         UART3_IRQHandler
  234 00000038         PWM1_IRQHandler
  235 00000038         I2C0_IRQHandler
  236 00000038         I2C1_IRQHandler
  237 00000038         I2C2_IRQHandler
  238 00000038         SPI_IRQHandler
  239 00000038         SSP0_IRQHandler
  240 00000038         SSP1_IRQHandler
  241 00000038         PLL0_IRQHandler
  242 00000038         RTC_IRQHandler
  243 00000038         EINT0_IRQHandler
  244 00000038         EINT1_IRQHandler
  245 00000038         EINT2_IRQHandler
  246 00000038         EINT3_IRQHandler
  247 00000038         ADC_IRQHandler
  248 00000038         BOD_IRQHandler
  249 00000038         USB_IRQHandler
  250 00000038         CAN_IRQHandler
  251 00000038         DMA_IRQHandler
  252 00000038         I2S_IRQHandler
  253 00000038         ENET_IRQHandler
  254 00000038         RIT_IRQHandler
  255 00000038         MCPWM_IRQHandler
  256 00000038         QEI_IRQHandler
  257 00000038         PLL1_IRQHandler
  258 00000038         USBActivity_IRQHandler
  259 00000038         CANActivity_IRQHandler
  260 00000038         
  261 00000038 E7FE            B                .
  262 0000003A         
  263 0000003A                 ENDP
  264 0000003A         
  265 0000003A         
  266 0000003A 00 00           ALIGN
  267 0000003C         
  268 0000003C         
  269 0000003C         ; User Initial Stack & Heap
  270 0000003C         
  271 0000003C                 IF               :DEF:__MICROLIB
  278 0000003C         
  279 0000003C                 IMPORT           __use_two_region_memory
  280 0000003C                 EXPORT           __user_initial_stackheap
  281 0000003C         __user_initial_stackheap
  282 0000003C         
  283 0000003C 4802            LDR              R0, =  Heap_Mem
  284 0000003E 4903            LDR              R1, =(Stack_Mem + Stack_Size)
  285 00000040 4A01            LDR              R2, = (Heap_Mem +  Heap_Size)
  286 00000042 4B03            LDR              R3, = Stack_Mem
  287 00000044 4770            BX               LR
  288 00000046         
  289 00000046 00 00           ALIGN
  290 00000048         
  291 00000048                 ENDIF
  292 00000048         
  293 00000048         
  294 00000048                 END
              00000000 
              00000200 



ARM Macro Assembler    Page 8 


              00000000 
Command Line: --debug --xref --diag_suppress=9931 --cpu=Cortex-M3 --apcs=interw
ork --depend=.\objects\startup_lpc17xx.d -o.\objects\startup_lpc17xx.o -I.\RTE\
Device\LPC1768 -I.\RTE\_Target_1 -ID:\apps\Keil_v5\Arm\Packs\ARM\CMSIS\5.5.1\CM
SIS\Core\Include -ID:\apps\Keil_v5\Arm\Packs\Keil\LPC1700_DFP\2.6.0\Device\Incl
ude --predefine="__EVAL SETA 1" --predefine="__UVISION_VERSION SETA 528" --pred
efine="_RTE_ SETA 1" --predefine="LPC175x_6x SETA 1" --list=.\listings\startup_
lpc17xx.lst RTE\Device\LPC1768\startup_LPC17xx.s



ARM Macro Assembler    Page 1 Alphabetic symbol ordering
Relocatable symbols

STACK 00000000

Symbol: STACK
   Definitions
      At line 33 in file RTE\Device\LPC1768\startup_LPC17xx.s
   Uses
      None
Comment: STACK unused
Stack_Mem 00000000

Symbol: Stack_Mem
   Definitions
      At line 34 in file RTE\Device\LPC1768\startup_LPC17xx.s
   Uses
      At line 284 in file RTE\Device\LPC1768\startup_LPC17xx.s
      At line 286 in file RTE\Device\LPC1768\startup_LPC17xx.s

__initial_sp 00000200

Symbol: __initial_sp
   Definitions
      At line 35 in file RTE\Device\LPC1768\startup_LPC17xx.s
   Uses
      At line 61 in file RTE\Device\LPC1768\startup_LPC17xx.s
Comment: __initial_sp used once
3 symbols



ARM Macro Assembler    Page 1 Alphabetic symbol ordering
Relocatable symbols

HEAP 00000000

Symbol: HEAP
   Definitions
      At line 44 in file RTE\Device\LPC1768\startup_LPC17xx.s
   Uses
      None
Comment: HEAP unused
Heap_Mem 00000000

Symbol: Heap_Mem
   Definitions
      At line 46 in file RTE\Device\LPC1768\startup_LPC17xx.s
   Uses
      At line 283 in file RTE\Device\LPC1768\startup_LPC17xx.s
      At line 285 in file RTE\Device\LPC1768\startup_LPC17xx.s

__heap_base 00000000

Symbol: __heap_base
   Definitions
      At line 45 in file RTE\Device\LPC1768\startup_LPC17xx.s
   Uses
      None
Comment: __heap_base unused
__heap_limit 00000000

Symbol: __heap_limit
   Definitions
      At line 47 in file RTE\Device\LPC1768\startup_LPC17xx.s
   Uses
      None
Comment: __heap_limit unused
4 symbols



ARM Macro Assembler    Page 1 Alphabetic symbol ordering
Relocatable symbols

Fibonacci 00000000

Symbol: Fibonacci
   Definitions
      At line 49 in file RTE\Device\LPC1768\startup_LPC17xx.s
   Uses
      None
Comment: Fibonacci unused
mydata 00000000

Symbol: mydata
   Definitions
      At line 48 in file RTE\Device\LPC1768\startup_LPC17xx.s
   Uses
      None
Comment: mydata unused
2 symbols



ARM Macro Assembler    Page 1 Alphabetic symbol ordering
Relocatable symbols

RESET 00000000

Symbol: RESET
   Definitions
      At line 58 in file RTE\Device\LPC1768\startup_LPC17xx.s
   Uses
      None
Comment: RESET unused
__Vectors 00000000

Symbol: __Vectors
   Definitions
      At line 61 in file RTE\Device\LPC1768\startup_LPC17xx.s
   Uses
      At line 59 in file RTE\Device\LPC1768\startup_LPC17xx.s
Comment: __Vectors used once
2 symbols



ARM Macro Assembler    Page 1 Alphabetic symbol ordering
Relocatable symbols

.ARM.__at_0x02FC 00000000

Symbol: .ARM.__at_0x02FC
   Definitions
      At line 117 in file RTE\Device\LPC1768\startup_LPC17xx.s
   Uses
      None
Comment: .ARM.__at_0x02FC unused
CRP_Key 00000000

Symbol: CRP_Key
   Definitions
      At line 118 in file RTE\Device\LPC1768\startup_LPC17xx.s
   Uses
      None
Comment: CRP_Key unused
2 symbols



ARM Macro Assembler    Page 1 Alphabetic symbol ordering
Relocatable symbols

.text 00000000

Symbol: .text
   Definitions
      At line 122 in file RTE\Device\LPC1768\startup_LPC17xx.s
   Uses
      None
Comment: .text unused
ADC_IRQHandler 00000038

Symbol: ADC_IRQHandler
   Definitions
      At line 247 in file RTE\Device\LPC1768\startup_LPC17xx.s
   Uses
      At line 101 in file RTE\Device\LPC1768\startup_LPC17xx.s
      At line 211 in file RTE\Device\LPC1768\startup_LPC17xx.s

BOD_IRQHandler 00000038

Symbol: BOD_IRQHandler
   Definitions
      At line 248 in file RTE\Device\LPC1768\startup_LPC17xx.s
   Uses
      At line 102 in file RTE\Device\LPC1768\startup_LPC17xx.s
      At line 212 in file RTE\Device\LPC1768\startup_LPC17xx.s

BusFault_Handler 0000002C

Symbol: BusFault_Handler
   Definitions
      At line 160 in file RTE\Device\LPC1768\startup_LPC17xx.s
   Uses
      At line 66 in file RTE\Device\LPC1768\startup_LPC17xx.s
      At line 161 in file RTE\Device\LPC1768\startup_LPC17xx.s

CANActivity_IRQHandler 00000038

Symbol: CANActivity_IRQHandler
   Definitions
      At line 259 in file RTE\Device\LPC1768\startup_LPC17xx.s
   Uses
      At line 113 in file RTE\Device\LPC1768\startup_LPC17xx.s
      At line 223 in file RTE\Device\LPC1768\startup_LPC17xx.s

CAN_IRQHandler 00000038

Symbol: CAN_IRQHandler
   Definitions
      At line 250 in file RTE\Device\LPC1768\startup_LPC17xx.s
   Uses
      At line 104 in file RTE\Device\LPC1768\startup_LPC17xx.s
      At line 214 in file RTE\Device\LPC1768\startup_LPC17xx.s

DMA_IRQHandler 00000038

Symbol: DMA_IRQHandler
   Definitions
      At line 251 in file RTE\Device\LPC1768\startup_LPC17xx.s
   Uses



ARM Macro Assembler    Page 2 Alphabetic symbol ordering
Relocatable symbols

      At line 105 in file RTE\Device\LPC1768\startup_LPC17xx.s
      At line 215 in file RTE\Device\LPC1768\startup_LPC17xx.s

DebugMon_Handler 00000032

Symbol: DebugMon_Handler
   Definitions
      At line 174 in file RTE\Device\LPC1768\startup_LPC17xx.s
   Uses
      At line 73 in file RTE\Device\LPC1768\startup_LPC17xx.s
      At line 175 in file RTE\Device\LPC1768\startup_LPC17xx.s

Default_Handler 00000038

Symbol: Default_Handler
   Definitions
      At line 187 in file RTE\Device\LPC1768\startup_LPC17xx.s
   Uses
      None
Comment: Default_Handler unused
EINT0_IRQHandler 00000038

Symbol: EINT0_IRQHandler
   Definitions
      At line 243 in file RTE\Device\LPC1768\startup_LPC17xx.s
   Uses
      At line 97 in file RTE\Device\LPC1768\startup_LPC17xx.s
      At line 207 in file RTE\Device\LPC1768\startup_LPC17xx.s

EINT1_IRQHandler 00000038

Symbol: EINT1_IRQHandler
   Definitions
      At line 244 in file RTE\Device\LPC1768\startup_LPC17xx.s
   Uses
      At line 98 in file RTE\Device\LPC1768\startup_LPC17xx.s
      At line 208 in file RTE\Device\LPC1768\startup_LPC17xx.s

EINT2_IRQHandler 00000038

Symbol: EINT2_IRQHandler
   Definitions
      At line 245 in file RTE\Device\LPC1768\startup_LPC17xx.s
   Uses
      At line 99 in file RTE\Device\LPC1768\startup_LPC17xx.s
      At line 209 in file RTE\Device\LPC1768\startup_LPC17xx.s

EINT3_IRQHandler 00000038

Symbol: EINT3_IRQHandler
   Definitions
      At line 246 in file RTE\Device\LPC1768\startup_LPC17xx.s
   Uses
      At line 100 in file RTE\Device\LPC1768\startup_LPC17xx.s
      At line 210 in file RTE\Device\LPC1768\startup_LPC17xx.s

ENET_IRQHandler 00000038

Symbol: ENET_IRQHandler



ARM Macro Assembler    Page 3 Alphabetic symbol ordering
Relocatable symbols

   Definitions
      At line 253 in file RTE\Device\LPC1768\startup_LPC17xx.s
   Uses
      At line 107 in file RTE\Device\LPC1768\startup_LPC17xx.s
      At line 217 in file RTE\Device\LPC1768\startup_LPC17xx.s

HardFault_Handler 00000028

Symbol: HardFault_Handler
   Definitions
      At line 150 in file RTE\Device\LPC1768\startup_LPC17xx.s
   Uses
      At line 64 in file RTE\Device\LPC1768\startup_LPC17xx.s
      At line 151 in file RTE\Device\LPC1768\startup_LPC17xx.s

I2C0_IRQHandler 00000038

Symbol: I2C0_IRQHandler
   Definitions
      At line 235 in file RTE\Device\LPC1768\startup_LPC17xx.s
   Uses
      At line 89 in file RTE\Device\LPC1768\startup_LPC17xx.s
      At line 199 in file RTE\Device\LPC1768\startup_LPC17xx.s

I2C1_IRQHandler 00000038

Symbol: I2C1_IRQHandler
   Definitions
      At line 236 in file RTE\Device\LPC1768\startup_LPC17xx.s
   Uses
      At line 90 in file RTE\Device\LPC1768\startup_LPC17xx.s
      At line 200 in file RTE\Device\LPC1768\startup_LPC17xx.s

I2C2_IRQHandler 00000038

Symbol: I2C2_IRQHandler
   Definitions
      At line 237 in file RTE\Device\LPC1768\startup_LPC17xx.s
   Uses
      At line 91 in file RTE\Device\LPC1768\startup_LPC17xx.s
      At line 201 in file RTE\Device\LPC1768\startup_LPC17xx.s

I2S_IRQHandler 00000038

Symbol: I2S_IRQHandler
   Definitions
      At line 252 in file RTE\Device\LPC1768\startup_LPC17xx.s
   Uses
      At line 106 in file RTE\Device\LPC1768\startup_LPC17xx.s
      At line 216 in file RTE\Device\LPC1768\startup_LPC17xx.s

MCPWM_IRQHandler 00000038

Symbol: MCPWM_IRQHandler
   Definitions
      At line 255 in file RTE\Device\LPC1768\startup_LPC17xx.s
   Uses
      At line 109 in file RTE\Device\LPC1768\startup_LPC17xx.s
      At line 219 in file RTE\Device\LPC1768\startup_LPC17xx.s



ARM Macro Assembler    Page 4 Alphabetic symbol ordering
Relocatable symbols


MemManage_Handler 0000002A

Symbol: MemManage_Handler
   Definitions
      At line 155 in file RTE\Device\LPC1768\startup_LPC17xx.s
   Uses
      At line 65 in file RTE\Device\LPC1768\startup_LPC17xx.s
      At line 156 in file RTE\Device\LPC1768\startup_LPC17xx.s

NMI_Handler 00000026

Symbol: NMI_Handler
   Definitions
      At line 145 in file RTE\Device\LPC1768\startup_LPC17xx.s
   Uses
      At line 63 in file RTE\Device\LPC1768\startup_LPC17xx.s
      At line 146 in file RTE\Device\LPC1768\startup_LPC17xx.s

PLL0_IRQHandler 00000038

Symbol: PLL0_IRQHandler
   Definitions
      At line 241 in file RTE\Device\LPC1768\startup_LPC17xx.s
   Uses
      At line 95 in file RTE\Device\LPC1768\startup_LPC17xx.s
      At line 205 in file RTE\Device\LPC1768\startup_LPC17xx.s

PLL1_IRQHandler 00000038

Symbol: PLL1_IRQHandler
   Definitions
      At line 257 in file RTE\Device\LPC1768\startup_LPC17xx.s
   Uses
      At line 111 in file RTE\Device\LPC1768\startup_LPC17xx.s
      At line 221 in file RTE\Device\LPC1768\startup_LPC17xx.s

PWM1_IRQHandler 00000038

Symbol: PWM1_IRQHandler
   Definitions
      At line 234 in file RTE\Device\LPC1768\startup_LPC17xx.s
   Uses
      At line 88 in file RTE\Device\LPC1768\startup_LPC17xx.s
      At line 198 in file RTE\Device\LPC1768\startup_LPC17xx.s

PendSV_Handler 00000034

Symbol: PendSV_Handler
   Definitions
      At line 178 in file RTE\Device\LPC1768\startup_LPC17xx.s
   Uses
      At line 75 in file RTE\Device\LPC1768\startup_LPC17xx.s
      At line 179 in file RTE\Device\LPC1768\startup_LPC17xx.s

QEI_IRQHandler 00000038

Symbol: QEI_IRQHandler
   Definitions



ARM Macro Assembler    Page 5 Alphabetic symbol ordering
Relocatable symbols

      At line 256 in file RTE\Device\LPC1768\startup_LPC17xx.s
   Uses
      At line 110 in file RTE\Device\LPC1768\startup_LPC17xx.s
      At line 220 in file RTE\Device\LPC1768\startup_LPC17xx.s

RIT_IRQHandler 00000038

Symbol: RIT_IRQHandler
   Definitions
      At line 254 in file RTE\Device\LPC1768\startup_LPC17xx.s
   Uses
      At line 108 in file RTE\Device\LPC1768\startup_LPC17xx.s
      At line 218 in file RTE\Device\LPC1768\startup_LPC17xx.s

RTC_IRQHandler 00000038

Symbol: RTC_IRQHandler
   Definitions
      At line 242 in file RTE\Device\LPC1768\startup_LPC17xx.s
   Uses
      At line 96 in file RTE\Device\LPC1768\startup_LPC17xx.s
      At line 206 in file RTE\Device\LPC1768\startup_LPC17xx.s

Reset_Handler 00000018

Symbol: Reset_Handler
   Definitions
      At line 127 in file RTE\Device\LPC1768\startup_LPC17xx.s
   Uses
      At line 62 in file RTE\Device\LPC1768\startup_LPC17xx.s
      At line 128 in file RTE\Device\LPC1768\startup_LPC17xx.s

SPI_IRQHandler 00000038

Symbol: SPI_IRQHandler
   Definitions
      At line 238 in file RTE\Device\LPC1768\startup_LPC17xx.s
   Uses
      At line 92 in file RTE\Device\LPC1768\startup_LPC17xx.s
      At line 202 in file RTE\Device\LPC1768\startup_LPC17xx.s

SSP0_IRQHandler 00000038

Symbol: SSP0_IRQHandler
   Definitions
      At line 239 in file RTE\Device\LPC1768\startup_LPC17xx.s
   Uses
      At line 93 in file RTE\Device\LPC1768\startup_LPC17xx.s
      At line 203 in file RTE\Device\LPC1768\startup_LPC17xx.s

SSP1_IRQHandler 00000038

Symbol: SSP1_IRQHandler
   Definitions
      At line 240 in file RTE\Device\LPC1768\startup_LPC17xx.s
   Uses
      At line 94 in file RTE\Device\LPC1768\startup_LPC17xx.s
      At line 204 in file RTE\Device\LPC1768\startup_LPC17xx.s




ARM Macro Assembler    Page 6 Alphabetic symbol ordering
Relocatable symbols

SVC_Handler 00000030

Symbol: SVC_Handler
   Definitions
      At line 169 in file RTE\Device\LPC1768\startup_LPC17xx.s
   Uses
      At line 72 in file RTE\Device\LPC1768\startup_LPC17xx.s
      At line 170 in file RTE\Device\LPC1768\startup_LPC17xx.s

SysTick_Handler 00000036

Symbol: SysTick_Handler
   Definitions
      At line 182 in file RTE\Device\LPC1768\startup_LPC17xx.s
   Uses
      At line 76 in file RTE\Device\LPC1768\startup_LPC17xx.s
      At line 183 in file RTE\Device\LPC1768\startup_LPC17xx.s

TIMER0_IRQHandler 00000038

Symbol: TIMER0_IRQHandler
   Definitions
      At line 226 in file RTE\Device\LPC1768\startup_LPC17xx.s
   Uses
      At line 80 in file RTE\Device\LPC1768\startup_LPC17xx.s
      At line 190 in file RTE\Device\LPC1768\startup_LPC17xx.s

TIMER1_IRQHandler 00000038

Symbol: TIMER1_IRQHandler
   Definitions
      At line 227 in file RTE\Device\LPC1768\startup_LPC17xx.s
   Uses
      At line 81 in file RTE\Device\LPC1768\startup_LPC17xx.s
      At line 191 in file RTE\Device\LPC1768\startup_LPC17xx.s

TIMER2_IRQHandler 00000038

Symbol: TIMER2_IRQHandler
   Definitions
      At line 228 in file RTE\Device\LPC1768\startup_LPC17xx.s
   Uses
      At line 82 in file RTE\Device\LPC1768\startup_LPC17xx.s
      At line 192 in file RTE\Device\LPC1768\startup_LPC17xx.s

TIMER3_IRQHandler 00000038

Symbol: TIMER3_IRQHandler
   Definitions
      At line 229 in file RTE\Device\LPC1768\startup_LPC17xx.s
   Uses
      At line 83 in file RTE\Device\LPC1768\startup_LPC17xx.s
      At line 193 in file RTE\Device\LPC1768\startup_LPC17xx.s

UART0_IRQHandler 00000038

Symbol: UART0_IRQHandler
   Definitions
      At line 230 in file RTE\Device\LPC1768\startup_LPC17xx.s



ARM Macro Assembler    Page 7 Alphabetic symbol ordering
Relocatable symbols

   Uses
      At line 84 in file RTE\Device\LPC1768\startup_LPC17xx.s
      At line 194 in file RTE\Device\LPC1768\startup_LPC17xx.s

UART1_IRQHandler 00000038

Symbol: UART1_IRQHandler
   Definitions
      At line 231 in file RTE\Device\LPC1768\startup_LPC17xx.s
   Uses
      At line 85 in file RTE\Device\LPC1768\startup_LPC17xx.s
      At line 195 in file RTE\Device\LPC1768\startup_LPC17xx.s

UART2_IRQHandler 00000038

Symbol: UART2_IRQHandler
   Definitions
      At line 232 in file RTE\Device\LPC1768\startup_LPC17xx.s
   Uses
      At line 86 in file RTE\Device\LPC1768\startup_LPC17xx.s
      At line 196 in file RTE\Device\LPC1768\startup_LPC17xx.s

UART3_IRQHandler 00000038

Symbol: UART3_IRQHandler
   Definitions
      At line 233 in file RTE\Device\LPC1768\startup_LPC17xx.s
   Uses
      At line 87 in file RTE\Device\LPC1768\startup_LPC17xx.s
      At line 197 in file RTE\Device\LPC1768\startup_LPC17xx.s

USBActivity_IRQHandler 00000038

Symbol: USBActivity_IRQHandler
   Definitions
      At line 258 in file RTE\Device\LPC1768\startup_LPC17xx.s
   Uses
      At line 112 in file RTE\Device\LPC1768\startup_LPC17xx.s
      At line 222 in file RTE\Device\LPC1768\startup_LPC17xx.s

USB_IRQHandler 00000038

Symbol: USB_IRQHandler
   Definitions
      At line 249 in file RTE\Device\LPC1768\startup_LPC17xx.s
   Uses
      At line 103 in file RTE\Device\LPC1768\startup_LPC17xx.s
      At line 213 in file RTE\Device\LPC1768\startup_LPC17xx.s

UsageFault_Handler 0000002E

Symbol: UsageFault_Handler
   Definitions
      At line 165 in file RTE\Device\LPC1768\startup_LPC17xx.s
   Uses
      At line 67 in file RTE\Device\LPC1768\startup_LPC17xx.s
      At line 166 in file RTE\Device\LPC1768\startup_LPC17xx.s

WDT_IRQHandler 00000038



ARM Macro Assembler    Page 8 Alphabetic symbol ordering
Relocatable symbols


Symbol: WDT_IRQHandler
   Definitions
      At line 225 in file RTE\Device\LPC1768\startup_LPC17xx.s
   Uses
      At line 79 in file RTE\Device\LPC1768\startup_LPC17xx.s
      At line 189 in file RTE\Device\LPC1768\startup_LPC17xx.s

__user_initial_stackheap 0000003C

Symbol: __user_initial_stackheap
   Definitions
      At line 281 in file RTE\Device\LPC1768\startup_LPC17xx.s
   Uses
      At line 280 in file RTE\Device\LPC1768\startup_LPC17xx.s
Comment: __user_initial_stackheap used once
myConstants 00000000

Symbol: myConstants
   Definitions
      At line 123 in file RTE\Device\LPC1768\startup_LPC17xx.s
   Uses
      At line 133 in file RTE\Device\LPC1768\startup_LPC17xx.s
      At line 134 in file RTE\Device\LPC1768\startup_LPC17xx.s

stop 00000024

Symbol: stop
   Definitions
      At line 139 in file RTE\Device\LPC1768\startup_LPC17xx.s
   Uses
      At line 139 in file RTE\Device\LPC1768\startup_LPC17xx.s
Comment: stop used once
50 symbols



ARM Macro Assembler    Page 1 Alphabetic symbol ordering
Absolute symbols

Heap_Size 00000000

Symbol: Heap_Size
   Definitions
      At line 42 in file RTE\Device\LPC1768\startup_LPC17xx.s
   Uses
      At line 46 in file RTE\Device\LPC1768\startup_LPC17xx.s
      At line 285 in file RTE\Device\LPC1768\startup_LPC17xx.s

Stack_Size 00000200

Symbol: Stack_Size
   Definitions
      At line 31 in file RTE\Device\LPC1768\startup_LPC17xx.s
   Uses
      At line 34 in file RTE\Device\LPC1768\startup_LPC17xx.s
      At line 284 in file RTE\Device\LPC1768\startup_LPC17xx.s

2 symbols



ARM Macro Assembler    Page 1 Alphabetic symbol ordering
External symbols

__use_two_region_memory 00000000

Symbol: __use_two_region_memory
   Definitions
      At line 279 in file RTE\Device\LPC1768\startup_LPC17xx.s
   Uses
      None
Comment: __use_two_region_memory unused
1 symbol
408 symbols in table
