


ARM Macro Assembler    Page 1 


    1 00000000         ;/******************************************************
                       ********************//**
    2 00000000         ; * @file     startup_LPC17xx.s
    3 00000000         ; * @brief    CMSIS Cortex-M3 Core Device Startup File f
                       or
    4 00000000         ; *           NXP LPC17xx Device Series
    5 00000000         ; * @version  V1.10
    6 00000000         ; * @date     06. April 2011
    7 00000000         ; *
    8 00000000         ; * @note
    9 00000000         ; * Copyright (C) 2009-2011 ARM Limited. All rights rese
                       rved.
   10 00000000         ; *
   11 00000000         ; * @par
   12 00000000         ; * ARM Limited (ARM) is supplying this software for use
                        with Cortex-M
   13 00000000         ; * processor based microcontrollers.  This file can be 
                       freely distributed
   14 00000000         ; * within development tools that are supporting such AR
                       M based processors.
   15 00000000         ; *
   16 00000000         ; * @par
   17 00000000         ; * THIS SOFTWARE IS PROVIDED "AS IS".  NO WARRANTIES, W
                       HETHER EXPRESS, IMPLIED
   18 00000000         ; * OR STATUTORY, INCLUDING, BUT NOT LIMITED TO, IMPLIED
                        WARRANTIES OF
   19 00000000         ; * MERCHANTABILITY AND FITNESS FOR A PARTICULAR PURPOSE
                        APPLY TO THIS SOFTWARE.
   20 00000000         ; * ARM SHALL NOT, IN ANY CIRCUMSTANCES, BE LIABLE FOR S
                       PECIAL, INCIDENTAL, OR
   21 00000000         ; * CONSEQUENTIAL DAMAGES, FOR ANY REASON WHATSOEVER.
   22 00000000         ; *
   23 00000000         ; ******************************************************
                       ************************/
   24 00000000         
   25 00000000         ; *------- <<< Use Configuration Wizard in Context Menu 
                       >>> ------------------
   26 00000000         
   27 00000000         ; <h> Stack Configuration
   28 00000000         ;   <o> Stack Size (in Bytes) <0x0-0xFFFFFFFF:8>
   29 00000000         ; </h>
   30 00000000         
   31 00000000 00000200 
                       Stack_Size
                               EQU              0x00000200
   32 00000000         
   33 00000000                 AREA             STACK, NOINIT, READWRITE, ALIGN
=3
   34 00000000         Stack_Mem
                               SPACE            Stack_Size
   35 00000200         __initial_sp
   36 00000200         
   37 00000200         
   38 00000200         ; <h> Heap Configuration
   39 00000200         ;   <o>  Heap Size (in Bytes) <0x0-0xFFFFFFFF:8>
   40 00000200         ; </h>
   41 00000200         
   42 00000200 00000000 
                       Heap_Size



ARM Macro Assembler    Page 2 


                               EQU              0x00000000
   43 00000200         
   44 00000200                 AREA             HEAP, NOINIT, READWRITE, ALIGN=
3
   45 00000000         __heap_base
   46 00000000         Heap_Mem
                               SPACE            Heap_Size
   47 00000000         __heap_limit
   48 00000000         
   49 00000000         
   50 00000000                 PRESERVE8
   51 00000000                 THUMB
   52 00000000         
   53 00000000         
   54 00000000         ; Vector Table Mapped to Address 0 at Reset
   55 00000000         
   56 00000000                 AREA             RESET, DATA, READONLY
   57 00000000                 EXPORT           __Vectors
   58 00000000         
   59 00000000 00000000 
                       __Vectors
                               DCD              __initial_sp ; Top of Stack
   60 00000004 00000000        DCD              Reset_Handler ; Reset Handler
   61 00000008 00000000        DCD              NMI_Handler ; NMI Handler
   62 0000000C 00000000        DCD              HardFault_Handler ; Hard Fault 
                                                            Handler
   63 00000010 00000000        DCD              MemManage_Handler 
                                                            ; MPU Fault Handler
                                                            
   64 00000014 00000000        DCD              BusFault_Handler 
                                                            ; Bus Fault Handler
                                                            
   65 00000018 00000000        DCD              UsageFault_Handler ; Usage Faul
                                                            t Handler
   66 0000001C 00000000        DCD              0           ; Reserved
   67 00000020 00000000        DCD              0           ; Reserved
   68 00000024 00000000        DCD              0           ; Reserved
   69 00000028 00000000        DCD              0           ; Reserved
   70 0000002C 00000000        DCD              SVC_Handler ; SVCall Handler
   71 00000030 00000000        DCD              DebugMon_Handler ; Debug Monito
                                                            r Handler
   72 00000034 00000000        DCD              0           ; Reserved
   73 00000038 00000000        DCD              PendSV_Handler ; PendSV Handler
                                                            
   74 0000003C 00000000        DCD              SysTick_Handler 
                                                            ; SysTick Handler
   75 00000040         
   76 00000040         ; External Interrupts
   77 00000040 00000000        DCD              WDT_IRQHandler ; 16: Watchdog T
                                                            imer
   78 00000044 00000000        DCD              TIMER0_IRQHandler ; 17: Timer0
   79 00000048 00000000        DCD              TIMER1_IRQHandler ; 18: Timer1
   80 0000004C 00000000        DCD              TIMER2_IRQHandler ; 19: Timer2
   81 00000050 00000000        DCD              TIMER3_IRQHandler ; 20: Timer3
   82 00000054 00000000        DCD              UART0_IRQHandler ; 21: UART0
   83 00000058 00000000        DCD              UART1_IRQHandler ; 22: UART1
   84 0000005C 00000000        DCD              UART2_IRQHandler ; 23: UART2
   85 00000060 00000000        DCD              UART3_IRQHandler ; 24: UART3
   86 00000064 00000000        DCD              PWM1_IRQHandler ; 25: PWM1



ARM Macro Assembler    Page 3 


   87 00000068 00000000        DCD              I2C0_IRQHandler ; 26: I2C0
   88 0000006C 00000000        DCD              I2C1_IRQHandler ; 27: I2C1
   89 00000070 00000000        DCD              I2C2_IRQHandler ; 28: I2C2
   90 00000074 00000000        DCD              SPI_IRQHandler ; 29: SPI
   91 00000078 00000000        DCD              SSP0_IRQHandler ; 30: SSP0
   92 0000007C 00000000        DCD              SSP1_IRQHandler ; 31: SSP1
   93 00000080 00000000        DCD              PLL0_IRQHandler ; 32: PLL0 Lock
                                                             (Main PLL)
   94 00000084 00000000        DCD              RTC_IRQHandler ; 33: Real Time 
                                                            Clock
   95 00000088 00000000        DCD              EINT0_IRQHandler ; 34: External
                                                             Interrupt 0
   96 0000008C 00000000        DCD              EINT1_IRQHandler ; 35: External
                                                             Interrupt 1
   97 00000090 00000000        DCD              EINT2_IRQHandler ; 36: External
                                                             Interrupt 2
   98 00000094 00000000        DCD              EINT3_IRQHandler ; 37: External
                                                             Interrupt 3
   99 00000098 00000000        DCD              ADC_IRQHandler 
                                                            ; 38: A/D Converter
                                                            
  100 0000009C 00000000        DCD              BOD_IRQHandler ; 39: Brown-Out 
                                                            Detect
  101 000000A0 00000000        DCD              USB_IRQHandler ; 40: USB
  102 000000A4 00000000        DCD              CAN_IRQHandler ; 41: CAN
  103 000000A8 00000000        DCD              DMA_IRQHandler ; 42: General Pu
                                                            rpose DMA
  104 000000AC 00000000        DCD              I2S_IRQHandler ; 43: I2S
  105 000000B0 00000000        DCD              ENET_IRQHandler ; 44: Ethernet
  106 000000B4 00000000        DCD              RIT_IRQHandler ; 45: Repetitive
                                                             Interrupt Timer
  107 000000B8 00000000        DCD              MCPWM_IRQHandler ; 46: Motor Co
                                                            ntrol PWM
  108 000000BC 00000000        DCD              QEI_IRQHandler ; 47: Quadrature
                                                             Encoder Interface
  109 000000C0 00000000        DCD              PLL1_IRQHandler ; 48: PLL1 Lock
                                                             (USB PLL)
  110 000000C4 00000000        DCD              USBActivity_IRQHandler ; 49: US
                                                            B Activity interrup
                                                            t to wakeup
  111 000000C8 00000000        DCD              CANActivity_IRQHandler ; 50: CA
                                                            N Activity interrup
                                                            t to wakeup
  112 000000CC         
  113 000000CC         
  114 000000CC                 IF               :LNOT::DEF:NO_CRP
  115 000000CC                 AREA             |.ARM.__at_0x02FC|, CODE, READO
NLY
  116 00000000 FFFFFFFF 
                       CRP_Key DCD              0xFFFFFFFF
  117 00000004                 ENDIF
  118 00000004         
  119 00000004         
  120 00000004                 AREA             |.text|, CODE, READONLY
  121 00000000         
  122 00000000         
  123 00000000         ; Reset Handler
  124 00000000         
  125 00000000         Reset_Handler



ARM Macro Assembler    Page 4 


                               PROC
  126 00000000                 EXPORT           Reset_Handler             [WEAK
]
  127 00000000 482B            ldr              r0,=0x7A30458D
  128 00000002 492C            ldr              r1,=0xC3159EAA
  129 00000004         
  130 00000004 DF08            SVC              #8
  131 00000006         ;result is in r0
  132 00000006         
  133 00000006                 ENDP
  134 00000006         
  135 00000006         
  136 00000006         ; Dummy Exception Handlers (infinite loops which can be 
                       modified)
  137 00000006         
  138 00000006         NMI_Handler
                               PROC
  139 00000006                 EXPORT           NMI_Handler               [WEAK
]
  140 00000006 E7FE            B                .
  141 00000008                 ENDP
  143 00000008         HardFault_Handler
                               PROC
  144 00000008                 EXPORT           HardFault_Handler         [WEAK
]
  145 00000008 E7FE            B                .
  146 0000000A                 ENDP
  148 0000000A         MemManage_Handler
                               PROC
  149 0000000A                 EXPORT           MemManage_Handler         [WEAK
]
  150 0000000A E7FE            B                .
  151 0000000C                 ENDP
  153 0000000C         BusFault_Handler
                               PROC
  154 0000000C                 EXPORT           BusFault_Handler          [WEAK
]
  155 0000000C E7FE            B                .
  156 0000000E                 ENDP
  158 0000000E         UsageFault_Handler
                               PROC
  159 0000000E                 EXPORT           UsageFault_Handler        [WEAK
]
  160 0000000E E7FE            B                .
  161 00000010                 ENDP
  162 00000010         SVC_Handler
                               PROC
  163 00000010                 EXPORT           SVC_Handler               [WEAK
]
  164 00000010         ;Test bit 2 of EXC_RETURN in LR
  165 00000010         SVC_dispatcher
  166 00000010 F8DD E018       LDR              lr,[sp,#24]
  167 00000014 F85E 0C04       LDR              r0,[lr,#-4]
  168 00000018 F020 407F       bic              r0,#0xff000000 
                                                            ; unset the opcode
  169 0000001C EA4F 4010       lsr              r0,#16      ; get the immidiate
                                                             value
  170 00000020         
  171 00000020 9900            LDR              r1,[sp]



ARM Macro Assembler    Page 5 


  172 00000022 9A01            LDR              r2,[sp,#4]
  173 00000024 2803            cmp              r0,#3
  174 00000026 D002            beq              SMUADlabel
  175 00000028         
  176 00000028 2808            cmp              r0,#8
  177 0000002A D01A            beq              SMUSDlabel
  178 0000002C E033            B                programend
  179 0000002E         SMUADlabel
  180 0000002E F64F 78FF       MOV              R8,#0x0000FFFF
  181 00000032 EA01 0308       AND              R3,r1,R8
  182 00000036 EA02 0408       AND              R4,r2,R8
  183 0000003A B21B            sxth             R3,R3
  184 0000003C B224            sxth             R4,R4
  185 0000003E FB04 F503       MUL              R5,R4,R3
  186 00000042         
  187 00000042 F8DF 8074       ldr              R8,=0xFFFF0000
  188 00000046 EA00 0308       AND              R3,r0,R8
  189 0000004A EA01 0408       AND              R4,r1,R8
  190 0000004E EA4F 4313       lsr              R3,#16
  191 00000052 EA4F 4414       lsr              R4,#16
  192 00000056 B21B            sxth             R3,R3
  193 00000058 B224            sxth             R4,R4
  194 0000005A FB04 F603       MUL              R6,R4,R3
  195 0000005E EB05 0006       add              r0,r5,r6
  196 00000062         
  197 00000062         
  198 00000062         SMUSDlabel
  199 00000062 F64F 78FF       MOV              R8,#0x0000FFFF
  200 00000066 EA01 0308       AND              R3,r1,R8
  201 0000006A EA02 0408       AND              R4,r2,R8
  202 0000006E B21B            sxth             R3,R3
  203 00000070 B224            sxth             R4,R4
  204 00000072 FB04 F503       MUL              R5,R4,R3
  205 00000076         
  206 00000076 F8DF 8040       ldr              R8,=0xFFFF0000
  207 0000007A EA00 0308       AND              R3,r0,R8
  208 0000007E EA01 0408       AND              R4,r1,R8
  209 00000082 EA4F 4313       lsr              R3,#16
  210 00000086 EA4F 4414       lsr              R4,#16
  211 0000008A B21B            sxth             R3,R3
  212 0000008C B224            sxth             R4,R4
  213 0000008E FB04 F603       MUL              R6,R4,R3
  214 00000092 EBA5 0006       sub              r0,r5,r6
  215 00000096         
  216 00000096         programend
  217 00000096 4770            bx               lr
  218 00000098         ;pop {pc}
  219 00000098 E7FE            B                .
  220 0000009A                 ENDP
  222 0000009A         DebugMon_Handler
                               PROC
  223 0000009A                 EXPORT           DebugMon_Handler          [WEAK
]
  224 0000009A E7FE            B                .
  225 0000009C                 ENDP
  226 0000009C         PendSV_Handler
                               PROC
  227 0000009C                 EXPORT           PendSV_Handler            [WEAK
]



ARM Macro Assembler    Page 6 


  228 0000009C E7FE            B                .
  229 0000009E                 ENDP
  230 0000009E         SysTick_Handler
                               PROC
  231 0000009E                 EXPORT           SysTick_Handler           [WEAK
]
  232 0000009E E7FE            B                .
  233 000000A0                 ENDP
  234 000000A0         
  235 000000A0         Default_Handler
                               PROC
  236 000000A0         
  237 000000A0                 EXPORT           WDT_IRQHandler            [WEAK
]
  238 000000A0                 EXPORT           TIMER0_IRQHandler         [WEAK
]
  239 000000A0                 EXPORT           TIMER1_IRQHandler         [WEAK
]
  240 000000A0                 EXPORT           TIMER2_IRQHandler         [WEAK
]
  241 000000A0                 EXPORT           TIMER3_IRQHandler         [WEAK
]
  242 000000A0                 EXPORT           UART0_IRQHandler          [WEAK
]
  243 000000A0                 EXPORT           UART1_IRQHandler          [WEAK
]
  244 000000A0                 EXPORT           UART2_IRQHandler          [WEAK
]
  245 000000A0                 EXPORT           UART3_IRQHandler          [WEAK
]
  246 000000A0                 EXPORT           PWM1_IRQHandler           [WEAK
]
  247 000000A0                 EXPORT           I2C0_IRQHandler           [WEAK
]
  248 000000A0                 EXPORT           I2C1_IRQHandler           [WEAK
]
  249 000000A0                 EXPORT           I2C2_IRQHandler           [WEAK
]
  250 000000A0                 EXPORT           SPI_IRQHandler            [WEAK
]
  251 000000A0                 EXPORT           SSP0_IRQHandler           [WEAK
]
  252 000000A0                 EXPORT           SSP1_IRQHandler           [WEAK
]
  253 000000A0                 EXPORT           PLL0_IRQHandler           [WEAK
]
  254 000000A0                 EXPORT           RTC_IRQHandler            [WEAK
]
  255 000000A0                 EXPORT           EINT0_IRQHandler          [WEAK
]
  256 000000A0                 EXPORT           EINT1_IRQHandler          [WEAK
]
  257 000000A0                 EXPORT           EINT2_IRQHandler          [WEAK
]
  258 000000A0                 EXPORT           EINT3_IRQHandler          [WEAK
]
  259 000000A0                 EXPORT           ADC_IRQHandler            [WEAK
]
  260 000000A0                 EXPORT           BOD_IRQHandler            [WEAK



ARM Macro Assembler    Page 7 


]
  261 000000A0                 EXPORT           USB_IRQHandler            [WEAK
]
  262 000000A0                 EXPORT           CAN_IRQHandler            [WEAK
]
  263 000000A0                 EXPORT           DMA_IRQHandler            [WEAK
]
  264 000000A0                 EXPORT           I2S_IRQHandler            [WEAK
]
  265 000000A0                 EXPORT           ENET_IRQHandler           [WEAK
]
  266 000000A0                 EXPORT           RIT_IRQHandler            [WEAK
]
  267 000000A0                 EXPORT           MCPWM_IRQHandler          [WEAK
]
  268 000000A0                 EXPORT           QEI_IRQHandler            [WEAK
]
  269 000000A0                 EXPORT           PLL1_IRQHandler           [WEAK
]
  270 000000A0                 EXPORT           USBActivity_IRQHandler    [WEAK
]
  271 000000A0                 EXPORT           CANActivity_IRQHandler    [WEAK
]
  272 000000A0         
  273 000000A0         WDT_IRQHandler
  274 000000A0         TIMER0_IRQHandler
  275 000000A0         TIMER1_IRQHandler
  276 000000A0         TIMER2_IRQHandler
  277 000000A0         TIMER3_IRQHandler
  278 000000A0         UART0_IRQHandler
  279 000000A0         UART1_IRQHandler
  280 000000A0         UART2_IRQHandler
  281 000000A0         UART3_IRQHandler
  282 000000A0         PWM1_IRQHandler
  283 000000A0         I2C0_IRQHandler
  284 000000A0         I2C1_IRQHandler
  285 000000A0         I2C2_IRQHandler
  286 000000A0         SPI_IRQHandler
  287 000000A0         SSP0_IRQHandler
  288 000000A0         SSP1_IRQHandler
  289 000000A0         PLL0_IRQHandler
  290 000000A0         RTC_IRQHandler
  291 000000A0         EINT0_IRQHandler
  292 000000A0         EINT1_IRQHandler
  293 000000A0         EINT2_IRQHandler
  294 000000A0         EINT3_IRQHandler
  295 000000A0         ADC_IRQHandler
  296 000000A0         BOD_IRQHandler
  297 000000A0         USB_IRQHandler
  298 000000A0         CAN_IRQHandler
  299 000000A0         DMA_IRQHandler
  300 000000A0         I2S_IRQHandler
  301 000000A0         ENET_IRQHandler
  302 000000A0         RIT_IRQHandler
  303 000000A0         MCPWM_IRQHandler
  304 000000A0         QEI_IRQHandler
  305 000000A0         PLL1_IRQHandler
  306 000000A0         USBActivity_IRQHandler
  307 000000A0         CANActivity_IRQHandler



ARM Macro Assembler    Page 8 


  308 000000A0         
  309 000000A0 E7FE            B                .
  310 000000A2         
  311 000000A2                 ENDP
  312 000000A2         
  313 000000A2         
  314 000000A2 00 00           ALIGN
  315 000000A4         
  316 000000A4         
  317 000000A4         ; User Initial Stack & Heap
  318 000000A4         
  319 000000A4                 IF               :DEF:__MICROLIB
  326 000000A4         
  327 000000A4                 IMPORT           __use_two_region_memory
  328 000000A4                 EXPORT           __user_initial_stackheap
  329 000000A4         __user_initial_stackheap
  330 000000A4         
  331 000000A4 4805            LDR              R0, =  Heap_Mem
  332 000000A6 4906            LDR              R1, =(Stack_Mem + Stack_Size)
  333 000000A8 4A04            LDR              R2, = (Heap_Mem +  Heap_Size)
  334 000000AA 4B06            LDR              R3, = Stack_Mem
  335 000000AC 4770            BX               LR
  336 000000AE         
  337 000000AE 00 00           ALIGN
  338 000000B0         
  339 000000B0                 ENDIF
  340 000000B0         
  341 000000B0         
  342 000000B0                 END
              7A30458D 
              C3159EAA 
              FFFF0000 
              00000000 
              00000200 
              00000000 
Command Line: --debug --xref --diag_suppress=9931 --cpu=Cortex-M3 --apcs=interw
ork --depend=.\objects\startup_lpc17xx.d -o.\objects\startup_lpc17xx.o -I.\RTE\
Device\LPC1768 -I.\RTE\_Target_1 -ID:\apps\Keil_v5\Arm\Packs\ARM\CMSIS\5.5.1\CM
SIS\Core\Include -ID:\apps\Keil_v5\Arm\Packs\Keil\LPC1700_DFP\2.6.0\Device\Incl
ude --predefine="__EVAL SETA 1" --predefine="__UVISION_VERSION SETA 528" --pred
efine="_RTE_ SETA 1" --predefine="LPC175x_6x SETA 1" --list=.\listings\startup_
lpc17xx.lst RTE\Device\LPC1768\startup_LPC17xx.s



ARM Macro Assembler    Page 1 Alphabetic symbol ordering
Relocatable symbols

STACK 00000000

Symbol: STACK
   Definitions
      At line 33 in file RTE\Device\LPC1768\startup_LPC17xx.s
   Uses
      None
Comment: STACK unused
Stack_Mem 00000000

Symbol: Stack_Mem
   Definitions
      At line 34 in file RTE\Device\LPC1768\startup_LPC17xx.s
   Uses
      At line 332 in file RTE\Device\LPC1768\startup_LPC17xx.s
      At line 334 in file RTE\Device\LPC1768\startup_LPC17xx.s

__initial_sp 00000200

Symbol: __initial_sp
   Definitions
      At line 35 in file RTE\Device\LPC1768\startup_LPC17xx.s
   Uses
      At line 59 in file RTE\Device\LPC1768\startup_LPC17xx.s
Comment: __initial_sp used once
3 symbols



ARM Macro Assembler    Page 1 Alphabetic symbol ordering
Relocatable symbols

HEAP 00000000

Symbol: HEAP
   Definitions
      At line 44 in file RTE\Device\LPC1768\startup_LPC17xx.s
   Uses
      None
Comment: HEAP unused
Heap_Mem 00000000

Symbol: Heap_Mem
   Definitions
      At line 46 in file RTE\Device\LPC1768\startup_LPC17xx.s
   Uses
      At line 331 in file RTE\Device\LPC1768\startup_LPC17xx.s
      At line 333 in file RTE\Device\LPC1768\startup_LPC17xx.s

__heap_base 00000000

Symbol: __heap_base
   Definitions
      At line 45 in file RTE\Device\LPC1768\startup_LPC17xx.s
   Uses
      None
Comment: __heap_base unused
__heap_limit 00000000

Symbol: __heap_limit
   Definitions
      At line 47 in file RTE\Device\LPC1768\startup_LPC17xx.s
   Uses
      None
Comment: __heap_limit unused
4 symbols



ARM Macro Assembler    Page 1 Alphabetic symbol ordering
Relocatable symbols

RESET 00000000

Symbol: RESET
   Definitions
      At line 56 in file RTE\Device\LPC1768\startup_LPC17xx.s
   Uses
      None
Comment: RESET unused
__Vectors 00000000

Symbol: __Vectors
   Definitions
      At line 59 in file RTE\Device\LPC1768\startup_LPC17xx.s
   Uses
      At line 57 in file RTE\Device\LPC1768\startup_LPC17xx.s
Comment: __Vectors used once
2 symbols



ARM Macro Assembler    Page 1 Alphabetic symbol ordering
Relocatable symbols

.ARM.__at_0x02FC 00000000

Symbol: .ARM.__at_0x02FC
   Definitions
      At line 115 in file RTE\Device\LPC1768\startup_LPC17xx.s
   Uses
      None
Comment: .ARM.__at_0x02FC unused
CRP_Key 00000000

Symbol: CRP_Key
   Definitions
      At line 116 in file RTE\Device\LPC1768\startup_LPC17xx.s
   Uses
      None
Comment: CRP_Key unused
2 symbols



ARM Macro Assembler    Page 1 Alphabetic symbol ordering
Relocatable symbols

.text 00000000

Symbol: .text
   Definitions
      At line 120 in file RTE\Device\LPC1768\startup_LPC17xx.s
   Uses
      None
Comment: .text unused
ADC_IRQHandler 000000A0

Symbol: ADC_IRQHandler
   Definitions
      At line 295 in file RTE\Device\LPC1768\startup_LPC17xx.s
   Uses
      At line 99 in file RTE\Device\LPC1768\startup_LPC17xx.s
      At line 259 in file RTE\Device\LPC1768\startup_LPC17xx.s

BOD_IRQHandler 000000A0

Symbol: BOD_IRQHandler
   Definitions
      At line 296 in file RTE\Device\LPC1768\startup_LPC17xx.s
   Uses
      At line 100 in file RTE\Device\LPC1768\startup_LPC17xx.s
      At line 260 in file RTE\Device\LPC1768\startup_LPC17xx.s

BusFault_Handler 0000000C

Symbol: BusFault_Handler
   Definitions
      At line 153 in file RTE\Device\LPC1768\startup_LPC17xx.s
   Uses
      At line 64 in file RTE\Device\LPC1768\startup_LPC17xx.s
      At line 154 in file RTE\Device\LPC1768\startup_LPC17xx.s

CANActivity_IRQHandler 000000A0

Symbol: CANActivity_IRQHandler
   Definitions
      At line 307 in file RTE\Device\LPC1768\startup_LPC17xx.s
   Uses
      At line 111 in file RTE\Device\LPC1768\startup_LPC17xx.s
      At line 271 in file RTE\Device\LPC1768\startup_LPC17xx.s

CAN_IRQHandler 000000A0

Symbol: CAN_IRQHandler
   Definitions
      At line 298 in file RTE\Device\LPC1768\startup_LPC17xx.s
   Uses
      At line 102 in file RTE\Device\LPC1768\startup_LPC17xx.s
      At line 262 in file RTE\Device\LPC1768\startup_LPC17xx.s

DMA_IRQHandler 000000A0

Symbol: DMA_IRQHandler
   Definitions
      At line 299 in file RTE\Device\LPC1768\startup_LPC17xx.s
   Uses



ARM Macro Assembler    Page 2 Alphabetic symbol ordering
Relocatable symbols

      At line 103 in file RTE\Device\LPC1768\startup_LPC17xx.s
      At line 263 in file RTE\Device\LPC1768\startup_LPC17xx.s

DebugMon_Handler 0000009A

Symbol: DebugMon_Handler
   Definitions
      At line 222 in file RTE\Device\LPC1768\startup_LPC17xx.s
   Uses
      At line 71 in file RTE\Device\LPC1768\startup_LPC17xx.s
      At line 223 in file RTE\Device\LPC1768\startup_LPC17xx.s

Default_Handler 000000A0

Symbol: Default_Handler
   Definitions
      At line 235 in file RTE\Device\LPC1768\startup_LPC17xx.s
   Uses
      None
Comment: Default_Handler unused
EINT0_IRQHandler 000000A0

Symbol: EINT0_IRQHandler
   Definitions
      At line 291 in file RTE\Device\LPC1768\startup_LPC17xx.s
   Uses
      At line 95 in file RTE\Device\LPC1768\startup_LPC17xx.s
      At line 255 in file RTE\Device\LPC1768\startup_LPC17xx.s

EINT1_IRQHandler 000000A0

Symbol: EINT1_IRQHandler
   Definitions
      At line 292 in file RTE\Device\LPC1768\startup_LPC17xx.s
   Uses
      At line 96 in file RTE\Device\LPC1768\startup_LPC17xx.s
      At line 256 in file RTE\Device\LPC1768\startup_LPC17xx.s

EINT2_IRQHandler 000000A0

Symbol: EINT2_IRQHandler
   Definitions
      At line 293 in file RTE\Device\LPC1768\startup_LPC17xx.s
   Uses
      At line 97 in file RTE\Device\LPC1768\startup_LPC17xx.s
      At line 257 in file RTE\Device\LPC1768\startup_LPC17xx.s

EINT3_IRQHandler 000000A0

Symbol: EINT3_IRQHandler
   Definitions
      At line 294 in file RTE\Device\LPC1768\startup_LPC17xx.s
   Uses
      At line 98 in file RTE\Device\LPC1768\startup_LPC17xx.s
      At line 258 in file RTE\Device\LPC1768\startup_LPC17xx.s

ENET_IRQHandler 000000A0

Symbol: ENET_IRQHandler



ARM Macro Assembler    Page 3 Alphabetic symbol ordering
Relocatable symbols

   Definitions
      At line 301 in file RTE\Device\LPC1768\startup_LPC17xx.s
   Uses
      At line 105 in file RTE\Device\LPC1768\startup_LPC17xx.s
      At line 265 in file RTE\Device\LPC1768\startup_LPC17xx.s

HardFault_Handler 00000008

Symbol: HardFault_Handler
   Definitions
      At line 143 in file RTE\Device\LPC1768\startup_LPC17xx.s
   Uses
      At line 62 in file RTE\Device\LPC1768\startup_LPC17xx.s
      At line 144 in file RTE\Device\LPC1768\startup_LPC17xx.s

I2C0_IRQHandler 000000A0

Symbol: I2C0_IRQHandler
   Definitions
      At line 283 in file RTE\Device\LPC1768\startup_LPC17xx.s
   Uses
      At line 87 in file RTE\Device\LPC1768\startup_LPC17xx.s
      At line 247 in file RTE\Device\LPC1768\startup_LPC17xx.s

I2C1_IRQHandler 000000A0

Symbol: I2C1_IRQHandler
   Definitions
      At line 284 in file RTE\Device\LPC1768\startup_LPC17xx.s
   Uses
      At line 88 in file RTE\Device\LPC1768\startup_LPC17xx.s
      At line 248 in file RTE\Device\LPC1768\startup_LPC17xx.s

I2C2_IRQHandler 000000A0

Symbol: I2C2_IRQHandler
   Definitions
      At line 285 in file RTE\Device\LPC1768\startup_LPC17xx.s
   Uses
      At line 89 in file RTE\Device\LPC1768\startup_LPC17xx.s
      At line 249 in file RTE\Device\LPC1768\startup_LPC17xx.s

I2S_IRQHandler 000000A0

Symbol: I2S_IRQHandler
   Definitions
      At line 300 in file RTE\Device\LPC1768\startup_LPC17xx.s
   Uses
      At line 104 in file RTE\Device\LPC1768\startup_LPC17xx.s
      At line 264 in file RTE\Device\LPC1768\startup_LPC17xx.s

MCPWM_IRQHandler 000000A0

Symbol: MCPWM_IRQHandler
   Definitions
      At line 303 in file RTE\Device\LPC1768\startup_LPC17xx.s
   Uses
      At line 107 in file RTE\Device\LPC1768\startup_LPC17xx.s
      At line 267 in file RTE\Device\LPC1768\startup_LPC17xx.s



ARM Macro Assembler    Page 4 Alphabetic symbol ordering
Relocatable symbols


MemManage_Handler 0000000A

Symbol: MemManage_Handler
   Definitions
      At line 148 in file RTE\Device\LPC1768\startup_LPC17xx.s
   Uses
      At line 63 in file RTE\Device\LPC1768\startup_LPC17xx.s
      At line 149 in file RTE\Device\LPC1768\startup_LPC17xx.s

NMI_Handler 00000006

Symbol: NMI_Handler
   Definitions
      At line 138 in file RTE\Device\LPC1768\startup_LPC17xx.s
   Uses
      At line 61 in file RTE\Device\LPC1768\startup_LPC17xx.s
      At line 139 in file RTE\Device\LPC1768\startup_LPC17xx.s

PLL0_IRQHandler 000000A0

Symbol: PLL0_IRQHandler
   Definitions
      At line 289 in file RTE\Device\LPC1768\startup_LPC17xx.s
   Uses
      At line 93 in file RTE\Device\LPC1768\startup_LPC17xx.s
      At line 253 in file RTE\Device\LPC1768\startup_LPC17xx.s

PLL1_IRQHandler 000000A0

Symbol: PLL1_IRQHandler
   Definitions
      At line 305 in file RTE\Device\LPC1768\startup_LPC17xx.s
   Uses
      At line 109 in file RTE\Device\LPC1768\startup_LPC17xx.s
      At line 269 in file RTE\Device\LPC1768\startup_LPC17xx.s

PWM1_IRQHandler 000000A0

Symbol: PWM1_IRQHandler
   Definitions
      At line 282 in file RTE\Device\LPC1768\startup_LPC17xx.s
   Uses
      At line 86 in file RTE\Device\LPC1768\startup_LPC17xx.s
      At line 246 in file RTE\Device\LPC1768\startup_LPC17xx.s

PendSV_Handler 0000009C

Symbol: PendSV_Handler
   Definitions
      At line 226 in file RTE\Device\LPC1768\startup_LPC17xx.s
   Uses
      At line 73 in file RTE\Device\LPC1768\startup_LPC17xx.s
      At line 227 in file RTE\Device\LPC1768\startup_LPC17xx.s

QEI_IRQHandler 000000A0

Symbol: QEI_IRQHandler
   Definitions



ARM Macro Assembler    Page 5 Alphabetic symbol ordering
Relocatable symbols

      At line 304 in file RTE\Device\LPC1768\startup_LPC17xx.s
   Uses
      At line 108 in file RTE\Device\LPC1768\startup_LPC17xx.s
      At line 268 in file RTE\Device\LPC1768\startup_LPC17xx.s

RIT_IRQHandler 000000A0

Symbol: RIT_IRQHandler
   Definitions
      At line 302 in file RTE\Device\LPC1768\startup_LPC17xx.s
   Uses
      At line 106 in file RTE\Device\LPC1768\startup_LPC17xx.s
      At line 266 in file RTE\Device\LPC1768\startup_LPC17xx.s

RTC_IRQHandler 000000A0

Symbol: RTC_IRQHandler
   Definitions
      At line 290 in file RTE\Device\LPC1768\startup_LPC17xx.s
   Uses
      At line 94 in file RTE\Device\LPC1768\startup_LPC17xx.s
      At line 254 in file RTE\Device\LPC1768\startup_LPC17xx.s

Reset_Handler 00000000

Symbol: Reset_Handler
   Definitions
      At line 125 in file RTE\Device\LPC1768\startup_LPC17xx.s
   Uses
      At line 60 in file RTE\Device\LPC1768\startup_LPC17xx.s
      At line 126 in file RTE\Device\LPC1768\startup_LPC17xx.s

SMUADlabel 0000002E

Symbol: SMUADlabel
   Definitions
      At line 179 in file RTE\Device\LPC1768\startup_LPC17xx.s
   Uses
      At line 174 in file RTE\Device\LPC1768\startup_LPC17xx.s
Comment: SMUADlabel used once
SMUSDlabel 00000062

Symbol: SMUSDlabel
   Definitions
      At line 198 in file RTE\Device\LPC1768\startup_LPC17xx.s
   Uses
      At line 177 in file RTE\Device\LPC1768\startup_LPC17xx.s
Comment: SMUSDlabel used once
SPI_IRQHandler 000000A0

Symbol: SPI_IRQHandler
   Definitions
      At line 286 in file RTE\Device\LPC1768\startup_LPC17xx.s
   Uses
      At line 90 in file RTE\Device\LPC1768\startup_LPC17xx.s
      At line 250 in file RTE\Device\LPC1768\startup_LPC17xx.s

SSP0_IRQHandler 000000A0




ARM Macro Assembler    Page 6 Alphabetic symbol ordering
Relocatable symbols

Symbol: SSP0_IRQHandler
   Definitions
      At line 287 in file RTE\Device\LPC1768\startup_LPC17xx.s
   Uses
      At line 91 in file RTE\Device\LPC1768\startup_LPC17xx.s
      At line 251 in file RTE\Device\LPC1768\startup_LPC17xx.s

SSP1_IRQHandler 000000A0

Symbol: SSP1_IRQHandler
   Definitions
      At line 288 in file RTE\Device\LPC1768\startup_LPC17xx.s
   Uses
      At line 92 in file RTE\Device\LPC1768\startup_LPC17xx.s
      At line 252 in file RTE\Device\LPC1768\startup_LPC17xx.s

SVC_Handler 00000010

Symbol: SVC_Handler
   Definitions
      At line 162 in file RTE\Device\LPC1768\startup_LPC17xx.s
   Uses
      At line 70 in file RTE\Device\LPC1768\startup_LPC17xx.s
      At line 163 in file RTE\Device\LPC1768\startup_LPC17xx.s

SVC_dispatcher 00000010

Symbol: SVC_dispatcher
   Definitions
      At line 165 in file RTE\Device\LPC1768\startup_LPC17xx.s
   Uses
      None
Comment: SVC_dispatcher unused
SysTick_Handler 0000009E

Symbol: SysTick_Handler
   Definitions
      At line 230 in file RTE\Device\LPC1768\startup_LPC17xx.s
   Uses
      At line 74 in file RTE\Device\LPC1768\startup_LPC17xx.s
      At line 231 in file RTE\Device\LPC1768\startup_LPC17xx.s

TIMER0_IRQHandler 000000A0

Symbol: TIMER0_IRQHandler
   Definitions
      At line 274 in file RTE\Device\LPC1768\startup_LPC17xx.s
   Uses
      At line 78 in file RTE\Device\LPC1768\startup_LPC17xx.s
      At line 238 in file RTE\Device\LPC1768\startup_LPC17xx.s

TIMER1_IRQHandler 000000A0

Symbol: TIMER1_IRQHandler
   Definitions
      At line 275 in file RTE\Device\LPC1768\startup_LPC17xx.s
   Uses
      At line 79 in file RTE\Device\LPC1768\startup_LPC17xx.s
      At line 239 in file RTE\Device\LPC1768\startup_LPC17xx.s



ARM Macro Assembler    Page 7 Alphabetic symbol ordering
Relocatable symbols


TIMER2_IRQHandler 000000A0

Symbol: TIMER2_IRQHandler
   Definitions
      At line 276 in file RTE\Device\LPC1768\startup_LPC17xx.s
   Uses
      At line 80 in file RTE\Device\LPC1768\startup_LPC17xx.s
      At line 240 in file RTE\Device\LPC1768\startup_LPC17xx.s

TIMER3_IRQHandler 000000A0

Symbol: TIMER3_IRQHandler
   Definitions
      At line 277 in file RTE\Device\LPC1768\startup_LPC17xx.s
   Uses
      At line 81 in file RTE\Device\LPC1768\startup_LPC17xx.s
      At line 241 in file RTE\Device\LPC1768\startup_LPC17xx.s

UART0_IRQHandler 000000A0

Symbol: UART0_IRQHandler
   Definitions
      At line 278 in file RTE\Device\LPC1768\startup_LPC17xx.s
   Uses
      At line 82 in file RTE\Device\LPC1768\startup_LPC17xx.s
      At line 242 in file RTE\Device\LPC1768\startup_LPC17xx.s

UART1_IRQHandler 000000A0

Symbol: UART1_IRQHandler
   Definitions
      At line 279 in file RTE\Device\LPC1768\startup_LPC17xx.s
   Uses
      At line 83 in file RTE\Device\LPC1768\startup_LPC17xx.s
      At line 243 in file RTE\Device\LPC1768\startup_LPC17xx.s

UART2_IRQHandler 000000A0

Symbol: UART2_IRQHandler
   Definitions
      At line 280 in file RTE\Device\LPC1768\startup_LPC17xx.s
   Uses
      At line 84 in file RTE\Device\LPC1768\startup_LPC17xx.s
      At line 244 in file RTE\Device\LPC1768\startup_LPC17xx.s

UART3_IRQHandler 000000A0

Symbol: UART3_IRQHandler
   Definitions
      At line 281 in file RTE\Device\LPC1768\startup_LPC17xx.s
   Uses
      At line 85 in file RTE\Device\LPC1768\startup_LPC17xx.s
      At line 245 in file RTE\Device\LPC1768\startup_LPC17xx.s

USBActivity_IRQHandler 000000A0

Symbol: USBActivity_IRQHandler
   Definitions



ARM Macro Assembler    Page 8 Alphabetic symbol ordering
Relocatable symbols

      At line 306 in file RTE\Device\LPC1768\startup_LPC17xx.s
   Uses
      At line 110 in file RTE\Device\LPC1768\startup_LPC17xx.s
      At line 270 in file RTE\Device\LPC1768\startup_LPC17xx.s

USB_IRQHandler 000000A0

Symbol: USB_IRQHandler
   Definitions
      At line 297 in file RTE\Device\LPC1768\startup_LPC17xx.s
   Uses
      At line 101 in file RTE\Device\LPC1768\startup_LPC17xx.s
      At line 261 in file RTE\Device\LPC1768\startup_LPC17xx.s

UsageFault_Handler 0000000E

Symbol: UsageFault_Handler
   Definitions
      At line 158 in file RTE\Device\LPC1768\startup_LPC17xx.s
   Uses
      At line 65 in file RTE\Device\LPC1768\startup_LPC17xx.s
      At line 159 in file RTE\Device\LPC1768\startup_LPC17xx.s

WDT_IRQHandler 000000A0

Symbol: WDT_IRQHandler
   Definitions
      At line 273 in file RTE\Device\LPC1768\startup_LPC17xx.s
   Uses
      At line 77 in file RTE\Device\LPC1768\startup_LPC17xx.s
      At line 237 in file RTE\Device\LPC1768\startup_LPC17xx.s

__user_initial_stackheap 000000A4

Symbol: __user_initial_stackheap
   Definitions
      At line 329 in file RTE\Device\LPC1768\startup_LPC17xx.s
   Uses
      At line 328 in file RTE\Device\LPC1768\startup_LPC17xx.s
Comment: __user_initial_stackheap used once
programend 00000096

Symbol: programend
   Definitions
      At line 216 in file RTE\Device\LPC1768\startup_LPC17xx.s
   Uses
      At line 178 in file RTE\Device\LPC1768\startup_LPC17xx.s
Comment: programend used once
52 symbols



ARM Macro Assembler    Page 1 Alphabetic symbol ordering
Absolute symbols

Heap_Size 00000000

Symbol: Heap_Size
   Definitions
      At line 42 in file RTE\Device\LPC1768\startup_LPC17xx.s
   Uses
      At line 46 in file RTE\Device\LPC1768\startup_LPC17xx.s
      At line 333 in file RTE\Device\LPC1768\startup_LPC17xx.s

Stack_Size 00000200

Symbol: Stack_Size
   Definitions
      At line 31 in file RTE\Device\LPC1768\startup_LPC17xx.s
   Uses
      At line 34 in file RTE\Device\LPC1768\startup_LPC17xx.s
      At line 332 in file RTE\Device\LPC1768\startup_LPC17xx.s

2 symbols



ARM Macro Assembler    Page 1 Alphabetic symbol ordering
External symbols

__use_two_region_memory 00000000

Symbol: __use_two_region_memory
   Definitions
      At line 327 in file RTE\Device\LPC1768\startup_LPC17xx.s
   Uses
      None
Comment: __use_two_region_memory unused
1 symbol
406 symbols in table
